<?xml version="1.0" encoding="UTF-8"?>
<testsuite xmlns:xsi="http://www.w3.org/2001/XMLSchema-instance" xsi:noNamespaceSchemaLocation="https://maven.apache.org/surefire/maven-surefire-plugin/xsd/surefire-test-report.xsd" name="TestSuite" time="8.465" tests="29" errors="0" skipped="25" failures="4">
  <properties>
    <property name="gopherProxySet" value="false"/>
    <property name="awt.toolkit" value="sun.lwawt.macosx.LWCToolkit"/>
    <property name="java.specification.version" value="11"/>
    <property name="sun.cpu.isalist" value=""/>
    <property name="sun.jnu.encoding" value="UTF-8"/>
    <property name="java.class.path" value="/Users/prabhu/eclipse-workspace/W31-Onboarding-BOBA/target/test-classes:/Users/prabhu/eclipse-workspace/W31-Onboarding-BOBA/target/classes:/Users/prabhu/.m2/repository/io/appium/java-client/7.3.0/java-client-7.3.0.jar:/Users/prabhu/.m2/repository/org/seleniumhq/selenium/selenium-java/3.141.59/selenium-java-3.141.59.jar:/Users/prabhu/.m2/repository/org/seleniumhq/selenium/selenium-chrome-driver/3.141.59/selenium-chrome-driver-3.141.59.jar:/Users/prabhu/.m2/repository/org/seleniumhq/selenium/selenium-edge-driver/3.141.59/selenium-edge-driver-3.141.59.jar:/Users/prabhu/.m2/repository/org/seleniumhq/selenium/selenium-firefox-driver/3.141.59/selenium-firefox-driver-3.141.59.jar:/Users/prabhu/.m2/repository/org/seleniumhq/selenium/selenium-ie-driver/3.141.59/selenium-ie-driver-3.141.59.jar:/Users/prabhu/.m2/repository/org/seleniumhq/selenium/selenium-opera-driver/3.141.59/selenium-opera-driver-3.141.59.jar:/Users/prabhu/.m2/repository/org/seleniumhq/selenium/selenium-remote-driver/3.141.59/selenium-remote-driver-3.141.59.jar:/Users/prabhu/.m2/repository/org/seleniumhq/selenium/selenium-safari-driver/3.141.59/selenium-safari-driver-3.141.59.jar:/Users/prabhu/.m2/repository/net/bytebuddy/byte-buddy/1.8.15/byte-buddy-1.8.15.jar:/Users/prabhu/.m2/repository/org/apache/commons/commons-exec/1.3/commons-exec-1.3.jar:/Users/prabhu/.m2/repository/com/squareup/okhttp3/okhttp/3.11.0/okhttp-3.11.0.jar:/Users/prabhu/.m2/repository/com/squareup/okio/okio/1.14.0/okio-1.14.0.jar:/Users/prabhu/.m2/repository/org/seleniumhq/selenium/selenium-support/3.141.59/selenium-support-3.141.59.jar:/Users/prabhu/.m2/repository/org/seleniumhq/selenium/selenium-api/3.141.59/selenium-api-3.141.59.jar:/Users/prabhu/.m2/repository/com/google/code/gson/gson/2.8.5/gson-2.8.5.jar:/Users/prabhu/.m2/repository/org/apache/httpcomponents/httpclient/4.5.9/httpclient-4.5.9.jar:/Users/prabhu/.m2/repository/org/apache/httpcomponents/httpcore/4.4.11/httpcore-4.4.11.jar:/Users/prabhu/.m2/repository/commons-logging/commons-logging/1.2/commons-logging-1.2.jar:/Users/prabhu/.m2/repository/commons-codec/commons-codec/1.11/commons-codec-1.11.jar:/Users/prabhu/.m2/repository/cglib/cglib/3.2.12/cglib-3.2.12.jar:/Users/prabhu/.m2/repository/org/ow2/asm/asm/7.1/asm-7.1.jar:/Users/prabhu/.m2/repository/commons-validator/commons-validator/1.6/commons-validator-1.6.jar:/Users/prabhu/.m2/repository/commons-beanutils/commons-beanutils/1.9.2/commons-beanutils-1.9.2.jar:/Users/prabhu/.m2/repository/commons-digester/commons-digester/1.8.1/commons-digester-1.8.1.jar:/Users/prabhu/.m2/repository/commons-collections/commons-collections/3.2.2/commons-collections-3.2.2.jar:/Users/prabhu/.m2/repository/org/apache/commons/commons-lang3/3.9/commons-lang3-3.9.jar:/Users/prabhu/.m2/repository/commons-io/commons-io/2.6/commons-io-2.6.jar:/Users/prabhu/.m2/repository/org/springframework/spring-context/5.1.8.RELEASE/spring-context-5.1.8.RELEASE.jar:/Users/prabhu/.m2/repository/org/springframework/spring-aop/5.1.8.RELEASE/spring-aop-5.1.8.RELEASE.jar:/Users/prabhu/.m2/repository/org/springframework/spring-beans/5.1.8.RELEASE/spring-beans-5.1.8.RELEASE.jar:/Users/prabhu/.m2/repository/org/springframework/spring-core/5.1.8.RELEASE/spring-core-5.1.8.RELEASE.jar:/Users/prabhu/.m2/repository/org/springframework/spring-jcl/5.1.8.RELEASE/spring-jcl-5.1.8.RELEASE.jar:/Users/prabhu/.m2/repository/org/springframework/spring-expression/5.1.8.RELEASE/spring-expression-5.1.8.RELEASE.jar:/Users/prabhu/.m2/repository/org/aspectj/aspectjweaver/1.9.4/aspectjweaver-1.9.4.jar:/Users/prabhu/.m2/repository/org/slf4j/slf4j-api/1.7.26/slf4j-api-1.7.26.jar:/Users/prabhu/.m2/repository/org/testng/testng/7.4.0/testng-7.4.0.jar:/Users/prabhu/.m2/repository/com/beust/jcommander/1.78/jcommander-1.78.jar:/Users/prabhu/.m2/repository/org/webjars/jquery/3.5.1/jquery-3.5.1.jar:/Users/prabhu/.m2/repository/com/googlecode/json-simple/json-simple/1.1.1/json-simple-1.1.1.jar:/Users/prabhu/.m2/repository/junit/junit/4.10/junit-4.10.jar:/Users/prabhu/.m2/repository/org/hamcrest/hamcrest-core/1.1/hamcrest-core-1.1.jar:/Users/prabhu/.m2/repository/org/apache/logging/log4j/log4j-core/2.14.1/log4j-core-2.14.1.jar:/Users/prabhu/.m2/repository/org/apache/logging/log4j/log4j-api/2.14.1/log4j-api-2.14.1.jar:/Users/prabhu/.m2/repository/com/aventstack/extentreports/4.1.2/extentreports-4.1.2.jar:/Users/prabhu/.m2/repository/org/freemarker/freemarker/2.3.29/freemarker-2.3.29.jar:/Users/prabhu/.m2/repository/org/apache/httpcomponents/httpmime/4.5.2/httpmime-4.5.2.jar:/Users/prabhu/.m2/repository/org/mongodb/mongodb-driver/3.12.0/mongodb-driver-3.12.0.jar:/Users/prabhu/.m2/repository/org/mongodb/mongodb-driver-core/3.12.0/mongodb-driver-core-3.12.0.jar:/Users/prabhu/.m2/repository/org/mongodb/bson/3.12.0/bson-3.12.0.jar:/Users/prabhu/.m2/repository/io/github/bonigarcia/webdrivermanager/3.8.1/webdrivermanager-3.8.1.jar:/Users/prabhu/.m2/repository/org/rauschig/jarchivelib/1.0.0/jarchivelib-1.0.0.jar:/Users/prabhu/.m2/repository/org/apache/commons/commons-compress/1.18/commons-compress-1.18.jar:/Users/prabhu/.m2/repository/org/jsoup/jsoup/1.11.3/jsoup-1.11.3.jar:/Users/prabhu/.m2/repository/org/uncommons/reportng/1.1.4/reportng-1.1.4.jar:/Users/prabhu/.m2/repository/velocity/velocity/1.4/velocity-1.4.jar:/Users/prabhu/.m2/repository/velocity/velocity-dep/1.4/velocity-dep-1.4.jar:/Users/prabhu/.m2/repository/com/google/inject/guice/5.0.1/guice-5.0.1.jar:/Users/prabhu/.m2/repository/javax/inject/javax.inject/1/javax.inject-1.jar:/Users/prabhu/.m2/repository/aopalliance/aopalliance/1.0/aopalliance-1.0.jar:/Users/prabhu/.m2/repository/com/google/guava/guava/30.1-jre/guava-30.1-jre.jar:/Users/prabhu/.m2/repository/com/google/guava/failureaccess/1.0.1/failureaccess-1.0.1.jar:/Users/prabhu/.m2/repository/com/google/guava/listenablefuture/9999.0-empty-to-avoid-conflict-with-guava/listenablefuture-9999.0-empty-to-avoid-conflict-with-guava.jar:/Users/prabhu/.m2/repository/com/google/code/findbugs/jsr305/3.0.2/jsr305-3.0.2.jar:/Users/prabhu/.m2/repository/org/checkerframework/checker-qual/3.5.0/checker-qual-3.5.0.jar:/Users/prabhu/.m2/repository/com/google/errorprone/error_prone_annotations/2.3.4/error_prone_annotations-2.3.4.jar:/Users/prabhu/.m2/repository/com/google/j2objc/j2objc-annotations/1.3/j2objc-annotations-1.3.jar:/Users/prabhu/.m2/repository/com/sun/mail/javax.mail/1.6.2/javax.mail-1.6.2.jar:/Users/prabhu/.m2/repository/javax/activation/activation/1.1/activation-1.1.jar:/Users/prabhu/.m2/repository/com/fasterxml/jackson/core/jackson-databind/2.13.0/jackson-databind-2.13.0.jar:/Users/prabhu/.m2/repository/com/fasterxml/jackson/core/jackson-annotations/2.13.0/jackson-annotations-2.13.0.jar:/Users/prabhu/.m2/repository/com/fasterxml/jackson/core/jackson-core/2.13.0/jackson-core-2.13.0.jar:"/>
    <property name="java.vm.vendor" value="Oracle Corporation"/>
    <property name="sun.arch.data.model" value="64"/>
    <property name="java.vendor.url" value="http://java.oracle.com/"/>
    <property name="user.timezone" value=""/>
    <property name="java.vm.specification.version" value="11"/>
    <property name="os.name" value="Mac OS X"/>
    <property name="sun.java.launcher" value="SUN_STANDARD"/>
    <property name="user.country" value="IN"/>
    <property name="sun.boot.library.path" value="/Library/Java/JavaVirtualMachines/jdk-11.0.2.jdk/Contents/Home/lib"/>
    <property name="sun.java.command" value="/Users/prabhu/eclipse-workspace/W31-Onboarding-BOBA/target/surefire/surefirebooter583263442057842722.jar /Users/prabhu/eclipse-workspace/W31-Onboarding-BOBA/target/surefire 2021-10-21T11-10-59_167-jvmRun1 surefire26244680503595416tmp surefire_014311253734712659653tmp"/>
    <property name="http.nonProxyHosts" value="local|*.local|169.254/16|*.169.254/16"/>
    <property name="jdk.debug" value="release"/>
    <property name="surefire.test.class.path" value="/Users/prabhu/eclipse-workspace/W31-Onboarding-BOBA/target/test-classes:/Users/prabhu/eclipse-workspace/W31-Onboarding-BOBA/target/classes:/Users/prabhu/.m2/repository/io/appium/java-client/7.3.0/java-client-7.3.0.jar:/Users/prabhu/.m2/repository/org/seleniumhq/selenium/selenium-java/3.141.59/selenium-java-3.141.59.jar:/Users/prabhu/.m2/repository/org/seleniumhq/selenium/selenium-chrome-driver/3.141.59/selenium-chrome-driver-3.141.59.jar:/Users/prabhu/.m2/repository/org/seleniumhq/selenium/selenium-edge-driver/3.141.59/selenium-edge-driver-3.141.59.jar:/Users/prabhu/.m2/repository/org/seleniumhq/selenium/selenium-firefox-driver/3.141.59/selenium-firefox-driver-3.141.59.jar:/Users/prabhu/.m2/repository/org/seleniumhq/selenium/selenium-ie-driver/3.141.59/selenium-ie-driver-3.141.59.jar:/Users/prabhu/.m2/repository/org/seleniumhq/selenium/selenium-opera-driver/3.141.59/selenium-opera-driver-3.141.59.jar:/Users/prabhu/.m2/repository/org/seleniumhq/selenium/selenium-remote-driver/3.141.59/selenium-remote-driver-3.141.59.jar:/Users/prabhu/.m2/repository/org/seleniumhq/selenium/selenium-safari-driver/3.141.59/selenium-safari-driver-3.141.59.jar:/Users/prabhu/.m2/repository/net/bytebuddy/byte-buddy/1.8.15/byte-buddy-1.8.15.jar:/Users/prabhu/.m2/repository/org/apache/commons/commons-exec/1.3/commons-exec-1.3.jar:/Users/prabhu/.m2/repository/com/squareup/okhttp3/okhttp/3.11.0/okhttp-3.11.0.jar:/Users/prabhu/.m2/repository/com/squareup/okio/okio/1.14.0/okio-1.14.0.jar:/Users/prabhu/.m2/repository/org/seleniumhq/selenium/selenium-support/3.141.59/selenium-support-3.141.59.jar:/Users/prabhu/.m2/repository/org/seleniumhq/selenium/selenium-api/3.141.59/selenium-api-3.141.59.jar:/Users/prabhu/.m2/repository/com/google/code/gson/gson/2.8.5/gson-2.8.5.jar:/Users/prabhu/.m2/repository/org/apache/httpcomponents/httpclient/4.5.9/httpclient-4.5.9.jar:/Users/prabhu/.m2/repository/org/apache/httpcomponents/httpcore/4.4.11/httpcore-4.4.11.jar:/Users/prabhu/.m2/repository/commons-logging/commons-logging/1.2/commons-logging-1.2.jar:/Users/prabhu/.m2/repository/commons-codec/commons-codec/1.11/commons-codec-1.11.jar:/Users/prabhu/.m2/repository/cglib/cglib/3.2.12/cglib-3.2.12.jar:/Users/prabhu/.m2/repository/org/ow2/asm/asm/7.1/asm-7.1.jar:/Users/prabhu/.m2/repository/commons-validator/commons-validator/1.6/commons-validator-1.6.jar:/Users/prabhu/.m2/repository/commons-beanutils/commons-beanutils/1.9.2/commons-beanutils-1.9.2.jar:/Users/prabhu/.m2/repository/commons-digester/commons-digester/1.8.1/commons-digester-1.8.1.jar:/Users/prabhu/.m2/repository/commons-collections/commons-collections/3.2.2/commons-collections-3.2.2.jar:/Users/prabhu/.m2/repository/org/apache/commons/commons-lang3/3.9/commons-lang3-3.9.jar:/Users/prabhu/.m2/repository/commons-io/commons-io/2.6/commons-io-2.6.jar:/Users/prabhu/.m2/repository/org/springframework/spring-context/5.1.8.RELEASE/spring-context-5.1.8.RELEASE.jar:/Users/prabhu/.m2/repository/org/springframework/spring-aop/5.1.8.RELEASE/spring-aop-5.1.8.RELEASE.jar:/Users/prabhu/.m2/repository/org/springframework/spring-beans/5.1.8.RELEASE/spring-beans-5.1.8.RELEASE.jar:/Users/prabhu/.m2/repository/org/springframework/spring-core/5.1.8.RELEASE/spring-core-5.1.8.RELEASE.jar:/Users/prabhu/.m2/repository/org/springframework/spring-jcl/5.1.8.RELEASE/spring-jcl-5.1.8.RELEASE.jar:/Users/prabhu/.m2/repository/org/springframework/spring-expression/5.1.8.RELEASE/spring-expression-5.1.8.RELEASE.jar:/Users/prabhu/.m2/repository/org/aspectj/aspectjweaver/1.9.4/aspectjweaver-1.9.4.jar:/Users/prabhu/.m2/repository/org/slf4j/slf4j-api/1.7.26/slf4j-api-1.7.26.jar:/Users/prabhu/.m2/repository/org/testng/testng/7.4.0/testng-7.4.0.jar:/Users/prabhu/.m2/repository/com/beust/jcommander/1.78/jcommander-1.78.jar:/Users/prabhu/.m2/repository/org/webjars/jquery/3.5.1/jquery-3.5.1.jar:/Users/prabhu/.m2/repository/com/googlecode/json-simple/json-simple/1.1.1/json-simple-1.1.1.jar:/Users/prabhu/.m2/repository/junit/junit/4.10/junit-4.10.jar:/Users/prabhu/.m2/repository/org/hamcrest/hamcrest-core/1.1/hamcrest-core-1.1.jar:/Users/prabhu/.m2/repository/org/apache/logging/log4j/log4j-core/2.14.1/log4j-core-2.14.1.jar:/Users/prabhu/.m2/repository/org/apache/logging/log4j/log4j-api/2.14.1/log4j-api-2.14.1.jar:/Users/prabhu/.m2/repository/com/aventstack/extentreports/4.1.2/extentreports-4.1.2.jar:/Users/prabhu/.m2/repository/org/freemarker/freemarker/2.3.29/freemarker-2.3.29.jar:/Users/prabhu/.m2/repository/org/apache/httpcomponents/httpmime/4.5.2/httpmime-4.5.2.jar:/Users/prabhu/.m2/repository/org/mongodb/mongodb-driver/3.12.0/mongodb-driver-3.12.0.jar:/Users/prabhu/.m2/repository/org/mongodb/mongodb-driver-core/3.12.0/mongodb-driver-core-3.12.0.jar:/Users/prabhu/.m2/repository/org/mongodb/bson/3.12.0/bson-3.12.0.jar:/Users/prabhu/.m2/repository/io/github/bonigarcia/webdrivermanager/3.8.1/webdrivermanager-3.8.1.jar:/Users/prabhu/.m2/repository/org/rauschig/jarchivelib/1.0.0/jarchivelib-1.0.0.jar:/Users/prabhu/.m2/repository/org/apache/commons/commons-compress/1.18/commons-compress-1.18.jar:/Users/prabhu/.m2/repository/org/jsoup/jsoup/1.11.3/jsoup-1.11.3.jar:/Users/prabhu/.m2/repository/org/uncommons/reportng/1.1.4/reportng-1.1.4.jar:/Users/prabhu/.m2/repository/velocity/velocity/1.4/velocity-1.4.jar:/Users/prabhu/.m2/repository/velocity/velocity-dep/1.4/velocity-dep-1.4.jar:/Users/prabhu/.m2/repository/com/google/inject/guice/5.0.1/guice-5.0.1.jar:/Users/prabhu/.m2/repository/javax/inject/javax.inject/1/javax.inject-1.jar:/Users/prabhu/.m2/repository/aopalliance/aopalliance/1.0/aopalliance-1.0.jar:/Users/prabhu/.m2/repository/com/google/guava/guava/30.1-jre/guava-30.1-jre.jar:/Users/prabhu/.m2/repository/com/google/guava/failureaccess/1.0.1/failureaccess-1.0.1.jar:/Users/prabhu/.m2/repository/com/google/guava/listenablefuture/9999.0-empty-to-avoid-conflict-with-guava/listenablefuture-9999.0-empty-to-avoid-conflict-with-guava.jar:/Users/prabhu/.m2/repository/com/google/code/findbugs/jsr305/3.0.2/jsr305-3.0.2.jar:/Users/prabhu/.m2/repository/org/checkerframework/checker-qual/3.5.0/checker-qual-3.5.0.jar:/Users/prabhu/.m2/repository/com/google/errorprone/error_prone_annotations/2.3.4/error_prone_annotations-2.3.4.jar:/Users/prabhu/.m2/repository/com/google/j2objc/j2objc-annotations/1.3/j2objc-annotations-1.3.jar:/Users/prabhu/.m2/repository/com/sun/mail/javax.mail/1.6.2/javax.mail-1.6.2.jar:/Users/prabhu/.m2/repository/javax/activation/activation/1.1/activation-1.1.jar:/Users/prabhu/.m2/repository/com/fasterxml/jackson/core/jackson-databind/2.13.0/jackson-databind-2.13.0.jar:/Users/prabhu/.m2/repository/com/fasterxml/jackson/core/jackson-annotations/2.13.0/jackson-annotations-2.13.0.jar:/Users/prabhu/.m2/repository/com/fasterxml/jackson/core/jackson-core/2.13.0/jackson-core-2.13.0.jar:"/>
    <property name="sun.cpu.endian" value="little"/>
    <property name="user.home" value="/Users/prabhu"/>
    <property name="user.language" value="en"/>
    <property name="java.specification.vendor" value="Oracle Corporation"/>
    <property name="java.version.date" value="2019-01-15"/>
    <property name="java.home" value="/Library/Java/JavaVirtualMachines/jdk-11.0.2.jdk/Contents/Home"/>
    <property name="file.separator" value="/"/>
    <property name="basedir" value="/Users/prabhu/eclipse-workspace/W31-Onboarding-BOBA"/>
    <property name="java.vm.compressedOopsMode" value="Zero based"/>
    <property name="line.separator" value="&#10;"/>
    <property name="java.specification.name" value="Java Platform API Specification"/>
    <property name="java.vm.specification.vendor" value="Oracle Corporation"/>
    <property name="java.awt.graphicsenv" value="sun.awt.CGraphicsEnvironment"/>
    <property name="surefire.real.class.path" value="/Users/prabhu/eclipse-workspace/W31-Onboarding-BOBA/target/surefire/surefirebooter583263442057842722.jar"/>
    <property name="sun.management.compiler" value="HotSpot 64-Bit Tiered Compilers"/>
    <property name="ftp.nonProxyHosts" value="local|*.local|169.254/16|*.169.254/16"/>
    <property name="java.runtime.version" value="11.0.2+9"/>
    <property name="user.name" value="prabhu"/>
    <property name="path.separator" value=":"/>
    <property name="os.version" value="10.16"/>
    <property name="java.runtime.name" value="OpenJDK Runtime Environment"/>
    <property name="file.encoding" value="UTF-8"/>
    <property name="java.vm.name" value="OpenJDK 64-Bit Server VM"/>
    <property name="java.vendor.version" value="18.9"/>
    <property name="localRepository" value="/Users/prabhu/.m2/repository"/>
    <property name="java.vendor.url.bug" value="http://bugreport.java.com/bugreport/"/>
    <property name="java.io.tmpdir" value="/var/folders/0n/gztfs3315sqflgmf8691xcwr0000gp/T/"/>
    <property name="java.version" value="11.0.2"/>
    <property name="user.dir" value="/Users/prabhu/eclipse-workspace/W31-Onboarding-BOBA"/>
    <property name="os.arch" value="x86_64"/>
    <property name="java.vm.specification.name" value="Java Virtual Machine Specification"/>
    <property name="java.awt.printerjob" value="sun.lwawt.macosx.CPrinterJob"/>
    <property name="sun.os.patch.level" value="unknown"/>
    <property name="java.library.path" value="/Users/prabhu/Library/Java/Extensions:/Library/Java/Extensions:/Network/Library/Java/Extensions:/System/Library/Java/Extensions:/usr/lib/java:."/>
    <property name="java.vendor" value="Oracle Corporation"/>
    <property name="java.vm.info" value="mixed mode"/>
    <property name="java.vm.version" value="11.0.2+9"/>
    <property name="sun.io.unicode.encoding" value="UnicodeBig"/>
    <property name="java.class.version" value="55.0"/>
    <property name="socksNonProxyHosts" value="local|*.local|169.254/16|*.169.254/16"/>
  </properties>
  <testcase name="beforeTest" classname="com.cs.arris.Tests.TC03_Verify_Invalid_OTP_Test" time="7.115">
    <failure type="java.lang.NullPointerException">java.lang.NullPointerException
</failure>
    <system-out><![CDATA[[INFO ] 2021-10-21 11:11:06.648 com.cs.arris.Base.ParentClass:268 - loading... config.properties
[INFO ] 2021-10-21 11:11:06.676 com.cs.arris.Base.ParentClass:276 - Config.properties object is set to Thread Local
[INFO ] 2021-10-21 11:11:06.677 com.cs.arris.Base.ParentClass:299 - loading... strings/strings.xml
[INFO ] 2021-10-21 11:11:06.682 com.cs.arris.Base.ParentClass:313 - loading... error_codes/error_codes.xml
[INFO ] 2021-10-21 11:11:06.725 com.cs.arris.Base.ParentClass:261 - log path: logs/Android_RZ8M3002DGL/2021-10-21
[INFO ] 2021-10-21 11:11:06.737 com.cs.arris.Base.ParentClass:210 - Setting Android driver capabilities
[FATAL] 2021-10-21 11:11:07.216 com.cs.arris.Base.ParentClass:236 - Unable to initialize Android driver...... ABORTING !!!
org.openqa.selenium.WebDriverException: Connection refused (Connection refused)
Build info: version: '3.141.59', revision: 'e82be7d358', time: '2018-11-14T08:17:03'
System info: host: 'techleads-Mac-mini.local', ip: '192.168.0.131', os.name: 'Mac OS X', os.arch: 'x86_64', os.version: '10.16', java.version: '11.0.2'
Driver info: driver.version: AndroidDriver
]]></system-out>
  </testcase>
  <testcase name="beforeClass" classname="com.cs.arris.Tests.TC03_Verify_Invalid_OTP_Test" time="0">
    <skipped/>
  </testcase>
  <testcase name="beforeMethod" classname="com.cs.arris.Tests.TC03_Verify_Invalid_OTP_Test" time="0">
    <skipped/>
  </testcase>
  <testcase name="beforeMethod" classname="com.cs.arris.Tests.TC03_Verify_Invalid_OTP_Test" time="0">
    <skipped/>
  </testcase>
  <testcase name="Verify_Invalid_PassCode" classname="com.cs.arris.Tests.TC03_Verify_Invalid_OTP_Test" time="0">
    <skipped/>
  </testcase>
  <testcase name="afterMethod" classname="com.cs.arris.Tests.TC03_Verify_Invalid_OTP_Test" time="0">
    <skipped/>
  </testcase>
  <testcase name="afterTest" classname="com.cs.arris.Tests.TC03_Verify_Invalid_OTP_Test" time="0">
    <skipped/>
  </testcase>
  <testcase name="beforeTest" classname="com.cs.arris.Tests.TC02_EC_0002_1002_Disconnect_Wifi_On_Mobile_Test" time="0.638">
    <failure type="java.lang.NullPointerException">java.lang.NullPointerException
</failure>
    <system-out><![CDATA[DEBUG   16347   [freemark] (): Couldn't find template in cache for "v3html/v3-html-index.ftl"("en_IN", UTF-8, parsed); will try to load it.
DEBUG   16347   [freemark] (): TemplateLoader.findTemplateSource("v3html/v3-html-index_en_IN.ftl"): Not found
DEBUG   16347   [freemark] (): TemplateLoader.findTemplateSource("v3html/v3-html-index_en.ftl"): Not found
DEBUG   16347   [freemark] (): TemplateLoader.findTemplateSource("v3html/v3-html-index.ftl"): Found
DEBUG   16347   [freemark] (): Loading template for "v3html/v3-html-index.ftl"("en_IN", UTF-8, parsed) from "jar:file:/Users/prabhu/.m2/repository/com/aventstack/extentreports/4.1.2/extentreports-4.1.2.jar!/com/aventstack/extentreports/view/v3html/v3-html-index.ftl"
DEBUG   16347   [freemark] (): Couldn't find template in cache for "commons/commons-variables.ftl"("en_IN", UTF-8, parsed); will try to load it.
DEBUG   16347   [freemark] (): TemplateLoader.findTemplateSource("commons/commons-variables_en_IN.ftl"): Not found
DEBUG   16347   [freemark] (): TemplateLoader.findTemplateSource("commons/commons-variables_en.ftl"): Not found
DEBUG   16347   [freemark] (): TemplateLoader.findTemplateSource("commons/commons-variables.ftl"): Found
DEBUG   16347   [freemark] (): Loading template for "commons/commons-variables.ftl"("en_IN", UTF-8, parsed) from "jar:file:/Users/prabhu/.m2/repository/com/aventstack/extentreports/4.1.2/extentreports-4.1.2.jar!/com/aventstack/extentreports/view/commons/commons-variables.ftl"
DEBUG   16347   [freemark] (): "commons/commons-variables.ftl"("en_IN", UTF-8, parsed) cached copy not yet stale; using cached.
DEBUG   16347   [freemark] (): Couldn't find template in cache for "v3html/v3-html-head.ftl"("en_IN", UTF-8, parsed); will try to load it.
DEBUG   16347   [freemark] (): TemplateLoader.findTemplateSource("v3html/v3-html-head_en_IN.ftl"): Not found
DEBUG   16347   [freemark] (): TemplateLoader.findTemplateSource("v3html/v3-html-head_en.ftl"): Not found
DEBUG   16347   [freemark] (): TemplateLoader.findTemplateSource("v3html/v3-html-head.ftl"): Found
DEBUG   16347   [freemark] (): Loading template for "v3html/v3-html-head.ftl"("en_IN", UTF-8, parsed) from "jar:file:/Users/prabhu/.m2/repository/com/aventstack/extentreports/4.1.2/extentreports-4.1.2.jar!/com/aventstack/extentreports/view/v3html/v3-html-head.ftl"
DEBUG   16347   [freemark] (): Couldn't find template in cache for "v3html/v3-html-nav.ftl"("en_IN", UTF-8, parsed); will try to load it.
DEBUG   16347   [freemark] (): TemplateLoader.findTemplateSource("v3html/v3-html-nav_en_IN.ftl"): Not found
DEBUG   16347   [freemark] (): TemplateLoader.findTemplateSource("v3html/v3-html-nav_en.ftl"): Not found
DEBUG   16347   [freemark] (): TemplateLoader.findTemplateSource("v3html/v3-html-nav.ftl"): Found
DEBUG   16347   [freemark] (): Loading template for "v3html/v3-html-nav.ftl"("en_IN", UTF-8, parsed) from "jar:file:/Users/prabhu/.m2/repository/com/aventstack/extentreports/4.1.2/extentreports-4.1.2.jar!/com/aventstack/extentreports/view/v3html/v3-html-nav.ftl"
DEBUG   16347   [freemark] (): Couldn't find template in cache for "v3html/test-view/v3-html-test-view.ftl"("en_IN", UTF-8, parsed); will try to load it.
DEBUG   16347   [freemark] (): TemplateLoader.findTemplateSource("v3html/test-view/v3-html-test-view_en_IN.ftl"): Not found
DEBUG   16347   [freemark] (): TemplateLoader.findTemplateSource("v3html/test-view/v3-html-test-view_en.ftl"): Not found
DEBUG   16347   [freemark] (): TemplateLoader.findTemplateSource("v3html/test-view/v3-html-test-view.ftl"): Found
DEBUG   16347   [freemark] (): Loading template for "v3html/test-view/v3-html-test-view.ftl"("en_IN", UTF-8, parsed) from "jar:file:/Users/prabhu/.m2/repository/com/aventstack/extentreports/4.1.2/extentreports-4.1.2.jar!/com/aventstack/extentreports/view/v3html/test-view/v3-html-test-view.ftl"
DEBUG   16347   [freemark] (): Couldn't find template in cache for "v3html/test-view/v3-html-test-view-charts.ftl"("en_IN", UTF-8, parsed); will try to load it.
DEBUG   16347   [freemark] (): TemplateLoader.findTemplateSource("v3html/test-view/v3-html-test-view-charts_en_IN.ftl"): Not found
DEBUG   16347   [freemark] (): TemplateLoader.findTemplateSource("v3html/test-view/v3-html-test-view-charts_en.ftl"): Not found
DEBUG   16347   [freemark] (): TemplateLoader.findTemplateSource("v3html/test-view/v3-html-test-view-charts.ftl"): Found
DEBUG   16347   [freemark] (): Loading template for "v3html/test-view/v3-html-test-view-charts.ftl"("en_IN", UTF-8, parsed) from "jar:file:/Users/prabhu/.m2/repository/com/aventstack/extentreports/4.1.2/extentreports-4.1.2.jar!/com/aventstack/extentreports/view/v3html/test-view/v3-html-test-view-charts.ftl"
DEBUG   16347   [freemark] (): Couldn't find template in cache for "v3html/test-view/v3-html-standard.ftl"("en_IN", UTF-8, parsed); will try to load it.
DEBUG   16347   [freemark] (): TemplateLoader.findTemplateSource("v3html/test-view/v3-html-standard_en_IN.ftl"): Not found
DEBUG   16347   [freemark] (): TemplateLoader.findTemplateSource("v3html/test-view/v3-html-standard_en.ftl"): Not found
DEBUG   16347   [freemark] (): TemplateLoader.findTemplateSource("v3html/test-view/v3-html-standard.ftl"): Found
DEBUG   16347   [freemark] (): Loading template for "v3html/test-view/v3-html-standard.ftl"("en_IN", UTF-8, parsed) from "jar:file:/Users/prabhu/.m2/repository/com/aventstack/extentreports/4.1.2/extentreports-4.1.2.jar!/com/aventstack/extentreports/view/v3html/test-view/v3-html-standard.ftl"
DEBUG   16347   [freemark] (): Key "stepName" was not found on instance of com.aventstack.extentreports.model.Log. Introspection information for the class is: {setSequence=public void com.aventstack.extentreports.model.Log.setSequence(int), setExceptionInfo=public void com.aventstack.extentreports.model.Log.setExceptionInfo(com.aventstack.extentreports.model.ExceptionInfo), getClass=public final native java.lang.Class java.lang.Object.getClass(), java.lang.Object@2e1af49b=freemarker.ext.beans.SimpleMethod@4047d2d9, setTest=public void com.aventstack.extentreports.model.Log.setTest(com.aventstack.extentreports.model.Test), getScreenCaptureContext=public com.aventstack.extentreports.model.AbstractStructure com.aventstack.extentreports.model.Log.getScreenCaptureContext(), setObjectId=public void com.aventstack.extentreports.model.Log.setObjectId(org.bson.types.ObjectId), getStatus=public com.aventstack.extentreports.Status com.aventstack.extentreports.model.Log.getStatus(), getTest=public com.aventstack.extentreports.model.Test com.aventstack.extentreports.model.Log.getTest(), getObjectId=public org.bson.types.ObjectId com.aventstack.extentreports.model.Log.getObjectId(), screenCaptureContext=freemarker.ext.beans.FastPropertyDescriptor@48d293ee, getTimestamp=public java.util.Date com.aventstack.extentreports.model.Log.getTimestamp(), hashCode=public native int java.lang.Object.hashCode(), setDetails=public void com.aventstack.extentreports.model.Log.setDetails(java.lang.String), details=freemarker.ext.beans.FastPropertyDescriptor@146dcfe6, class=freemarker.ext.beans.FastPropertyDescriptor@22587507, objectId=freemarker.ext.beans.FastPropertyDescriptor@5c77ba8f, setTimestamp=public void com.aventstack.extentreports.model.Log.setTimestamp(java.util.Date), timestamp=freemarker.ext.beans.FastPropertyDescriptor@660f0c, test=freemarker.ext.beans.FastPropertyDescriptor@7a0ef219, getExceptionInfo=public com.aventstack.extentreports.model.ExceptionInfo com.aventstack.extentreports.model.Log.getExceptionInfo(), getDetails=public java.lang.String com.aventstack.extentreports.model.Log.getDetails(), setStatus=public void com.aventstack.extentreports.model.Log.setStatus(com.aventstack.extentreports.Status), sequence=freemarker.ext.beans.FastPropertyDescriptor@1b1f5012, java.lang.Object@692fd26={public java.lang.String java.lang.Object.toString()=[Ljava.lang.Class;@7add323c, public void com.aventstack.extentreports.model.Log.setScreenCaptureContext(com.aventstack.extentreports.model.AbstractStructure)=[Ljava.lang.Class;@4a734c04, public void com.aventstack.extentreports.model.Log.setDetails(java.lang.String)=[Ljava.lang.Class;@4760f169, public java.util.Date com.aventstack.extentreports.model.Log.getTimestamp()=[Ljava.lang.Class;@261ea657, public int com.aventstack.extentreports.model.Log.getSequence()=[Ljava.lang.Class;@35c12c7a, public void com.aventstack.extentreports.model.Log.setTimestamp(java.util.Date)=[Ljava.lang.Class;@658255aa, public native int java.lang.Object.hashCode()=[Ljava.lang.Class;@25290bca, public boolean java.lang.Object.equals(java.lang.Object)=[Ljava.lang.Class;@76563d26, public void com.aventstack.extentreports.model.Log.setTest(com.aventstack.extentreports.model.Test)=[Ljava.lang.Class;@4ac86d6a, public com.aventstack.extentreports.model.ExceptionInfo com.aventstack.extentreports.model.Log.getExceptionInfo()=[Ljava.lang.Class;@3d904e9c, public com.aventstack.extentreports.model.AbstractStructure com.aventstack.extentreports.model.Log.getScreenCaptureContext()=[Ljava.lang.Class;@508a65bf, public void com.aventstack.extentreports.model.Log.setExceptionInfo(com.aventstack.extentreports.model.ExceptionInfo)=[Ljava.lang.Class;@17f2dd85, public void com.aventstack.extentreports.model.Log.setSequence(int)=[Ljava.lang.Class;@1e58512c, public com.aventstack.extentreports.model.Test com.aventstack.extentreports.model.Log.getTest()=[Ljava.lang.Class;@210308d5, public com.aventstack.extentreports.Status com.aventstack.extentreports.model.Log.getStatus()=[Ljava.lang.Class;@22a736d7, public org.bson.types.ObjectId com.aventstack.extentreports.model.Log.getObjectId()=[Ljava.lang.Class;@23b8d9f3, public void com.aventstack.extentreports.model.Log.setStatus(com.aventstack.extentreports.Status)=[Ljava.lang.Class;@7f353d99, public final native java.lang.Class java.lang.Object.getClass()=[Ljava.lang.Class;@4649d70a, public void com.aventstack.extentreports.model.Log.setObjectId(org.bson.types.ObjectId)=[Ljava.lang.Class;@5d43409a, public java.lang.String com.aventstack.extentreports.model.Log.getDetails()=[Ljava.lang.Class;@38d17d80}, setScreenCaptureContext=public void com.aventstack.extentreports.model.Log.setScreenCaptureContext(com.aventstack.extentreports.model.AbstractStructure), equals=public boolean java.lang.Object.equals(java.lang.Object), toString=public java.lang.String java.lang.Object.toString(), getSequence=public int com.aventstack.extentreports.model.Log.getSequence(), exceptionInfo=freemarker.ext.beans.FastPropertyDescriptor@6ede46f6, status=freemarker.ext.beans.FastPropertyDescriptor@66273da0}
DEBUG   16347   [freemark] (): Key "stepName" was not found on instance of com.aventstack.extentreports.model.Log. Introspection information for the class is: {setSequence=public void com.aventstack.extentreports.model.Log.setSequence(int), setExceptionInfo=public void com.aventstack.extentreports.model.Log.setExceptionInfo(com.aventstack.extentreports.model.ExceptionInfo), getClass=public final native java.lang.Class java.lang.Object.getClass(), java.lang.Object@2e1af49b=freemarker.ext.beans.SimpleMethod@4047d2d9, setTest=public void com.aventstack.extentreports.model.Log.setTest(com.aventstack.extentreports.model.Test), getScreenCaptureContext=public com.aventstack.extentreports.model.AbstractStructure com.aventstack.extentreports.model.Log.getScreenCaptureContext(), setObjectId=public void com.aventstack.extentreports.model.Log.setObjectId(org.bson.types.ObjectId), getStatus=public com.aventstack.extentreports.Status com.aventstack.extentreports.model.Log.getStatus(), getTest=public com.aventstack.extentreports.model.Test com.aventstack.extentreports.model.Log.getTest(), getObjectId=public org.bson.types.ObjectId com.aventstack.extentreports.model.Log.getObjectId(), screenCaptureContext=freemarker.ext.beans.FastPropertyDescriptor@48d293ee, getTimestamp=public java.util.Date com.aventstack.extentreports.model.Log.getTimestamp(), hashCode=public native int java.lang.Object.hashCode(), setDetails=public void com.aventstack.extentreports.model.Log.setDetails(java.lang.String), details=freemarker.ext.beans.FastPropertyDescriptor@146dcfe6, class=freemarker.ext.beans.FastPropertyDescriptor@22587507, objectId=freemarker.ext.beans.FastPropertyDescriptor@5c77ba8f, setTimestamp=public void com.aventstack.extentreports.model.Log.setTimestamp(java.util.Date), timestamp=freemarker.ext.beans.FastPropertyDescriptor@660f0c, test=freemarker.ext.beans.FastPropertyDescriptor@7a0ef219, getExceptionInfo=public com.aventstack.extentreports.model.ExceptionInfo com.aventstack.extentreports.model.Log.getExceptionInfo(), getDetails=public java.lang.String com.aventstack.extentreports.model.Log.getDetails(), setStatus=public void com.aventstack.extentreports.model.Log.setStatus(com.aventstack.extentreports.Status), sequence=freemarker.ext.beans.FastPropertyDescriptor@1b1f5012, java.lang.Object@692fd26={public java.lang.String java.lang.Object.toString()=[Ljava.lang.Class;@7add323c, public void com.aventstack.extentreports.model.Log.setScreenCaptureContext(com.aventstack.extentreports.model.AbstractStructure)=[Ljava.lang.Class;@4a734c04, public void com.aventstack.extentreports.model.Log.setDetails(java.lang.String)=[Ljava.lang.Class;@4760f169, public java.util.Date com.aventstack.extentreports.model.Log.getTimestamp()=[Ljava.lang.Class;@261ea657, public int com.aventstack.extentreports.model.Log.getSequence()=[Ljava.lang.Class;@35c12c7a, public void com.aventstack.extentreports.model.Log.setTimestamp(java.util.Date)=[Ljava.lang.Class;@658255aa, public native int java.lang.Object.hashCode()=[Ljava.lang.Class;@25290bca, public boolean java.lang.Object.equals(java.lang.Object)=[Ljava.lang.Class;@76563d26, public void com.aventstack.extentreports.model.Log.setTest(com.aventstack.extentreports.model.Test)=[Ljava.lang.Class;@4ac86d6a, public com.aventstack.extentreports.model.ExceptionInfo com.aventstack.extentreports.model.Log.getExceptionInfo()=[Ljava.lang.Class;@3d904e9c, public com.aventstack.extentreports.model.AbstractStructure com.aventstack.extentreports.model.Log.getScreenCaptureContext()=[Ljava.lang.Class;@508a65bf, public void com.aventstack.extentreports.model.Log.setExceptionInfo(com.aventstack.extentreports.model.ExceptionInfo)=[Ljava.lang.Class;@17f2dd85, public void com.aventstack.extentreports.model.Log.setSequence(int)=[Ljava.lang.Class;@1e58512c, public com.aventstack.extentreports.model.Test com.aventstack.extentreports.model.Log.getTest()=[Ljava.lang.Class;@210308d5, public com.aventstack.extentreports.Status com.aventstack.extentreports.model.Log.getStatus()=[Ljava.lang.Class;@22a736d7, public org.bson.types.ObjectId com.aventstack.extentreports.model.Log.getObjectId()=[Ljava.lang.Class;@23b8d9f3, public void com.aventstack.extentreports.model.Log.setStatus(com.aventstack.extentreports.Status)=[Ljava.lang.Class;@7f353d99, public final native java.lang.Class java.lang.Object.getClass()=[Ljava.lang.Class;@4649d70a, public void com.aventstack.extentreports.model.Log.setObjectId(org.bson.types.ObjectId)=[Ljava.lang.Class;@5d43409a, public java.lang.String com.aventstack.extentreports.model.Log.getDetails()=[Ljava.lang.Class;@38d17d80}, setScreenCaptureContext=public void com.aventstack.extentreports.model.Log.setScreenCaptureContext(com.aventstack.extentreports.model.AbstractStructure), equals=public boolean java.lang.Object.equals(java.lang.Object), toString=public java.lang.String java.lang.Object.toString(), getSequence=public int com.aventstack.extentreports.model.Log.getSequence(), exceptionInfo=freemarker.ext.beans.FastPropertyDescriptor@6ede46f6, status=freemarker.ext.beans.FastPropertyDescriptor@66273da0}
DEBUG   16347   [freemark] (): Key "screenCaptureList" was not found on instance of com.aventstack.extentreports.model.Test. Introspection information for the class is: {extent=freemarker.ext.beans.FastPropertyDescriptor@e5cbff2, parent=freemarker.ext.beans.FastPropertyDescriptor@51c959a4, getClass=public final native java.lang.Class java.lang.Object.getClass(), java.lang.Object@2e1af49b=freemarker.ext.beans.SimpleMethod@4fc3c165, getName=public java.lang.String com.aventstack.extentreports.model.Test.getName(), getScreenCaptureContext=public com.aventstack.extentreports.model.AbstractStructure com.aventstack.extentreports.model.Test.getScreenCaptureContext(), setAuthorContext=public void com.aventstack.extentreports.model.Test.setAuthorContext(com.aventstack.extentreports.model.AbstractStructure), authorContext=freemarker.ext.beans.FastPropertyDescriptor@65bdd558, getStatus=public com.aventstack.extentreports.Status com.aventstack.extentreports.model.Test.getStatus(), setUsesManualConfiguration=public void com.aventstack.extentreports.model.Test.setUsesManualConfiguration(boolean), setLevel=public void com.aventstack.extentreports.model.Test.setLevel(int), getObjectId=public org.bson.types.ObjectId com.aventstack.extentreports.model.Test.getObjectId(), getEndTime=public java.util.Date com.aventstack.extentreports.model.Test.getEndTime(), isUsesManualConfiguration=public boolean com.aventstack.extentreports.model.Test.isUsesManualConfiguration(), setId=public void com.aventstack.extentreports.model.Test.setId(int), usesManualConfiguration=freemarker.ext.beans.FastPropertyDescriptor@10a0fe30, id=freemarker.ext.beans.FastPropertyDescriptor@7b6860f9, getStartTime=public java.util.Date com.aventstack.extentreports.model.Test.getStartTime(), getExceptionInfoContext=public com.aventstack.extentreports.model.AbstractStructure com.aventstack.extentreports.model.Test.getExceptionInfoContext(), level=freemarker.ext.beans.FastPropertyDescriptor@60f70249, getDeviceContext=public com.aventstack.extentreports.model.AbstractStructure com.aventstack.extentreports.model.Test.getDeviceContext(), getLogContext=public com.aventstack.extentreports.model.AbstractStructure com.aventstack.extentreports.model.Test.getLogContext(), behaviorDrivenTypeName=freemarker.ext.beans.FastPropertyDescriptor@31ee2fdb, java.lang.Object@692fd26={public java.lang.String java.lang.Object.toString()=[Ljava.lang.Class;@262816a8, public int com.aventstack.extentreports.model.Test.getLevel()=[Ljava.lang.Class;@1effd53c, public com.aventstack.extentreports.model.AbstractStructure com.aventstack.extentreports.model.Test.getLogContext()=[Ljava.lang.Class;@46c269e0, public void com.aventstack.extentreports.model.Test.setScreenCaptureContext(com.aventstack.extentreports.model.AbstractStructure)=[Ljava.lang.Class;@6920614, public void com.aventstack.extentreports.model.Test.setEndTime(java.util.Date)=[Ljava.lang.Class;@6069dd38, public java.lang.Boolean com.aventstack.extentreports.model.Test.isBehaviorDrivenType()=[Ljava.lang.Class;@5fa23c, public com.aventstack.extentreports.model.AbstractStructure com.aventstack.extentreports.model.Test.getCategoryContext()=[Ljava.lang.Class;@558756be, public void com.aventstack.extentreports.model.Test.setDeviceContext(com.aventstack.extentreports.model.AbstractStructure)=[Ljava.lang.Class;@433348bc, public java.lang.Class com.aventstack.extentreports.model.Test.getBddType()=[Ljava.lang.Class;@6d1dcdff, public boolean java.lang.Object.equals(java.lang.Object)=[Ljava.lang.Class;@102ecc22, public com.aventstack.extentreports.model.Test com.aventstack.extentreports.model.Test.getParent()=[Ljava.lang.Class;@7ff35a3f, public com.aventstack.extentreports.model.AbstractStructure com.aventstack.extentreports.model.Test.getNodeContext()=[Ljava.lang.Class;@26dc9bd5, public com.aventstack.extentreports.ExtentReports com.aventstack.extentreports.model.Test.getExtent()=[Ljava.lang.Class;@252dc8c4, public com.aventstack.extentreports.model.AbstractStructure com.aventstack.extentreports.model.Test.getAuthorContext()=[Ljava.lang.Class;@43045f9f, public com.aventstack.extentreports.model.AbstractStructure com.aventstack.extentreports.model.Test.getExceptionInfoContext()=[Ljava.lang.Class;@2643d762, public java.lang.String com.aventstack.extentreports.model.Test.getBehaviorDrivenTypeName()=[Ljava.lang.Class;@6403e24c, public com.aventstack.extentreports.model.AbstractStructure com.aventstack.extentreports.model.Test.getDeviceContext()=[Ljava.lang.Class;@2f236de0, public void com.aventstack.extentreports.model.Test.setExceptionInfoContext(com.aventstack.extentreports.model.AbstractStructure)=[Ljava.lang.Class;@4eba373c, public void com.aventstack.extentreports.model.Test.setStatus(com.aventstack.extentreports.Status)=[Ljava.lang.Class;@767a014e, public java.util.Date com.aventstack.extentreports.model.Test.getEndTime()=[Ljava.lang.Class;@d109c4f, public void com.aventstack.extentreports.model.Test.setNodeContext(com.aventstack.extentreports.model.AbstractStructure)=[Ljava.lang.Class;@3968bc60, public void com.aventstack.extentreports.model.Test.setBddType(java.lang.Class)=[Ljava.lang.Class;@26f46fa6, public boolean com.aventstack.extentreports.model.Test.isUsesManualConfiguration()=[Ljava.lang.Class;@227a47, public void com.aventstack.extentreports.model.Test.setStartTime(java.util.Date)=[Ljava.lang.Class;@9596ce8, public void com.aventstack.extentreports.model.Test.setParent(com.aventstack.extentreports.model.Test)=[Ljava.lang.Class;@75ae4a1f, public void com.aventstack.extentreports.model.Test.setExtent(com.aventstack.extentreports.ExtentReports)=[Ljava.lang.Class;@70228253, public java.util.Date com.aventstack.extentreports.model.Test.getStartTime()=[Ljava.lang.Class;@63c12e52, public void com.aventstack.extentreports.model.Test.end()=[Ljava.lang.Class;@21bd20ee, public void com.aventstack.extentreports.model.Test.setId(int)=[Ljava.lang.Class;@26c47874, public void com.aventstack.extentreports.model.Test.setLogContext(com.aventstack.extentreports.model.AbstractStructure)=[Ljava.lang.Class;@421056e5, public native int java.lang.Object.hashCode()=[Ljava.lang.Class;@2849434b, public java.lang.String com.aventstack.extentreports.model.Test.getName()=[Ljava.lang.Class;@60bbacfc, public void com.aventstack.extentreports.model.Test.setName(java.lang.String)=[Ljava.lang.Class;@65b97f47, public void com.aventstack.extentreports.model.Test.computeEndTimeFromChildren()=[Ljava.lang.Class;@255eaa6b, public void com.aventstack.extentreports.model.Test.setAuthorContext(com.aventstack.extentreports.model.AbstractStructure)=[Ljava.lang.Class;@476fe690, public com.aventstack.extentreports.model.AbstractStructure com.aventstack.extentreports.model.Test.getScreenCaptureContext()=[Ljava.lang.Class;@7a0e7ecd, public void com.aventstack.extentreports.model.Test.setObjectId(org.bson.types.ObjectId)=[Ljava.lang.Class;@54e3658c, public void com.aventstack.extentreports.model.Test.setDescription(java.lang.String)=[Ljava.lang.Class;@43e9089, public void com.aventstack.extentreports.model.Test.setCategoryContext(com.aventstack.extentreports.model.AbstractStructure)=[Ljava.lang.Class;@3c5dbdf8, public int com.aventstack.extentreports.model.Test.getId()=[Ljava.lang.Class;@352c44a8, public final native java.lang.Class java.lang.Object.getClass()=[Ljava.lang.Class;@7aac8884, public void com.aventstack.extentreports.model.Test.setLevel(int)=[Ljava.lang.Class;@a66e580, public org.bson.types.ObjectId com.aventstack.extentreports.model.Test.getObjectId()=[Ljava.lang.Class;@5b852b49, public java.lang.String com.aventstack.extentreports.model.Test.getDescription()=[Ljava.lang.Class;@cdb2d95, public void com.aventstack.extentreports.model.Test.setUsesManualConfiguration(boolean)=[Ljava.lang.Class;@122d6c22, public com.aventstack.extentreports.Status com.aventstack.extentreports.model.Test.getStatus()=[Ljava.lang.Class;@2f5ac102}, name=freemarker.ext.beans.FastPropertyDescriptor@73c9e8e8, getBddType=public java.lang.Class com.aventstack.extentreports.model.Test.getBddType(), status=freemarker.ext.beans.FastPropertyDescriptor@1deceb67, setName=public void com.aventstack.extentreports.model.Test.setName(java.lang.String), computeEndTimeFromChildren=public void com.aventstack.extentreports.model.Test.computeEndTimeFromChildren(), description=freemarker.ext.beans.FastPropertyDescriptor@277bf091, getId=public int com.aventstack.extentreports.model.Test.getId(), setObjectId=public void com.aventstack.extentreports.model.Test.setObjectId(org.bson.types.ObjectId), setDescription=public void com.aventstack.extentreports.model.Test.setDescription(java.lang.String), setCategoryContext=public void com.aventstack.extentreports.model.Test.setCategoryContext(com.aventstack.extentreports.model.AbstractStructure), bddType=freemarker.ext.beans.FastPropertyDescriptor@5df778c3, getDescription=public java.lang.String com.aventstack.extentreports.model.Test.getDescription(), exceptionInfoContext=freemarker.ext.beans.FastPropertyDescriptor@895416d, setNodeContext=public void com.aventstack.extentreports.model.Test.setNodeContext(com.aventstack.extentreports.model.AbstractStructure), nodeContext=freemarker.ext.beans.FastPropertyDescriptor@71a06021, screenCaptureContext=freemarker.ext.beans.FastPropertyDescriptor@80bfdc6, setBddType=public void com.aventstack.extentreports.model.Test.setBddType(java.lang.Class), hashCode=public native int java.lang.Object.hashCode(), setLogContext=public void com.aventstack.extentreports.model.Test.setLogContext(com.aventstack.extentreports.model.AbstractStructure), startTime=freemarker.ext.beans.FastPropertyDescriptor@de8039f, end=public void com.aventstack.extentreports.model.Test.end(), setStartTime=public void com.aventstack.extentreports.model.Test.setStartTime(java.util.Date), setParent=public void com.aventstack.extentreports.model.Test.setParent(com.aventstack.extentreports.model.Test), setExtent=public void com.aventstack.extentreports.model.Test.setExtent(com.aventstack.extentreports.ExtentReports), class=freemarker.ext.beans.FastPropertyDescriptor@6edcad64, categoryContext=freemarker.ext.beans.FastPropertyDescriptor@fab35b1, objectId=freemarker.ext.beans.FastPropertyDescriptor@4c6007fb, getAuthorContext=public com.aventstack.extentreports.model.AbstractStructure com.aventstack.extentreports.model.Test.getAuthorContext(), getExtent=public com.aventstack.extentreports.ExtentReports com.aventstack.extentreports.model.Test.getExtent(), getParent=public com.aventstack.extentreports.model.Test com.aventstack.extentreports.model.Test.getParent(), getNodeContext=public com.aventstack.extentreports.model.AbstractStructure com.aventstack.extentreports.model.Test.getNodeContext(), getBehaviorDrivenTypeName=public java.lang.String com.aventstack.extentreports.model.Test.getBehaviorDrivenTypeName(), setStatus=public void com.aventstack.extentreports.model.Test.setStatus(com.aventstack.extentreports.Status), setExceptionInfoContext=public void com.aventstack.extentreports.model.Test.setExceptionInfoContext(com.aventstack.extentreports.model.AbstractStructure), getLevel=public int com.aventstack.extentreports.model.Test.getLevel(), deviceContext=freemarker.ext.beans.FastPropertyDescriptor@3e33d73e, setDeviceContext=public void com.aventstack.extentreports.model.Test.setDeviceContext(com.aventstack.extentreports.model.AbstractStructure), getCategoryContext=public com.aventstack.extentreports.model.AbstractStructure com.aventstack.extentreports.model.Test.getCategoryContext(), setScreenCaptureContext=public void com.aventstack.extentreports.model.Test.setScreenCaptureContext(com.aventstack.extentreports.model.AbstractStructure), setEndTime=public void com.aventstack.extentreports.model.Test.setEndTime(java.util.Date), isBehaviorDrivenType=public java.lang.Boolean com.aventstack.extentreports.model.Test.isBehaviorDrivenType(), equals=public boolean java.lang.Object.equals(java.lang.Object), toString=public java.lang.String java.lang.Object.toString(), logContext=freemarker.ext.beans.FastPropertyDescriptor@6981f8f3, endTime=freemarker.ext.beans.FastPropertyDescriptor@5d5c04f9}
DEBUG   16347   [freemark] (): Couldn't find template in cache for "v3html/category-view/v3-html-category-view.ftl"("en_IN", UTF-8, parsed); will try to load it.
DEBUG   16347   [freemark] (): TemplateLoader.findTemplateSource("v3html/category-view/v3-html-category-view_en_IN.ftl"): Not found
DEBUG   16347   [freemark] (): TemplateLoader.findTemplateSource("v3html/category-view/v3-html-category-view_en.ftl"): Not found
DEBUG   16347   [freemark] (): TemplateLoader.findTemplateSource("v3html/category-view/v3-html-category-view.ftl"): Found
DEBUG   16347   [freemark] (): Loading template for "v3html/category-view/v3-html-category-view.ftl"("en_IN", UTF-8, parsed) from "jar:file:/Users/prabhu/.m2/repository/com/aventstack/extentreports/4.1.2/extentreports-4.1.2.jar!/com/aventstack/extentreports/view/v3html/category-view/v3-html-category-view.ftl"
DEBUG   16347   [freemark] (): Couldn't find template in cache for "v3html/exception-view/v3-html-exception-view.ftl"("en_IN", UTF-8, parsed); will try to load it.
DEBUG   16347   [freemark] (): TemplateLoader.findTemplateSource("v3html/exception-view/v3-html-exception-view_en_IN.ftl"): Not found
DEBUG   16347   [freemark] (): TemplateLoader.findTemplateSource("v3html/exception-view/v3-html-exception-view_en.ftl"): Not found
DEBUG   16347   [freemark] (): TemplateLoader.findTemplateSource("v3html/exception-view/v3-html-exception-view.ftl"): Found
DEBUG   16347   [freemark] (): Loading template for "v3html/exception-view/v3-html-exception-view.ftl"("en_IN", UTF-8, parsed) from "jar:file:/Users/prabhu/.m2/repository/com/aventstack/extentreports/4.1.2/extentreports-4.1.2.jar!/com/aventstack/extentreports/view/v3html/exception-view/v3-html-exception-view.ftl"
DEBUG   16347   [freemark] (): Couldn't find template in cache for "v3html/author-view/v3-html-author-view.ftl"("en_IN", UTF-8, parsed); will try to load it.
DEBUG   16347   [freemark] (): TemplateLoader.findTemplateSource("v3html/author-view/v3-html-author-view_en_IN.ftl"): Not found
DEBUG   16347   [freemark] (): TemplateLoader.findTemplateSource("v3html/author-view/v3-html-author-view_en.ftl"): Not found
DEBUG   16347   [freemark] (): TemplateLoader.findTemplateSource("v3html/author-view/v3-html-author-view.ftl"): Found
DEBUG   16347   [freemark] (): Loading template for "v3html/author-view/v3-html-author-view.ftl"("en_IN", UTF-8, parsed) from "jar:file:/Users/prabhu/.m2/repository/com/aventstack/extentreports/4.1.2/extentreports-4.1.2.jar!/com/aventstack/extentreports/view/v3html/author-view/v3-html-author-view.ftl"
DEBUG   16347   [freemark] (): Couldn't find template in cache for "v3html/dashboard-view/v3-html-dashboard-view.ftl"("en_IN", UTF-8, parsed); will try to load it.
DEBUG   16347   [freemark] (): TemplateLoader.findTemplateSource("v3html/dashboard-view/v3-html-dashboard-view_en_IN.ftl"): Not found
DEBUG   16347   [freemark] (): TemplateLoader.findTemplateSource("v3html/dashboard-view/v3-html-dashboard-view_en.ftl"): Not found
DEBUG   16347   [freemark] (): TemplateLoader.findTemplateSource("v3html/dashboard-view/v3-html-dashboard-view.ftl"): Found
DEBUG   16347   [freemark] (): Loading template for "v3html/dashboard-view/v3-html-dashboard-view.ftl"("en_IN", UTF-8, parsed) from "jar:file:/Users/prabhu/.m2/repository/com/aventstack/extentreports/4.1.2/extentreports-4.1.2.jar!/com/aventstack/extentreports/view/v3html/dashboard-view/v3-html-dashboard-view.ftl"
DEBUG   16347   [freemark] (): Couldn't find template in cache for "v3html/logs-view/v3-html-testrunner-logs-view.ftl"("en_IN", UTF-8, parsed); will try to load it.
DEBUG   16347   [freemark] (): TemplateLoader.findTemplateSource("v3html/logs-view/v3-html-testrunner-logs-view_en_IN.ftl"): Not found
DEBUG   16347   [freemark] (): TemplateLoader.findTemplateSource("v3html/logs-view/v3-html-testrunner-logs-view_en.ftl"): Not found
DEBUG   16347   [freemark] (): TemplateLoader.findTemplateSource("v3html/logs-view/v3-html-testrunner-logs-view.ftl"): Found
DEBUG   16347   [freemark] (): Loading template for "v3html/logs-view/v3-html-testrunner-logs-view.ftl"("en_IN", UTF-8, parsed) from "jar:file:/Users/prabhu/.m2/repository/com/aventstack/extentreports/4.1.2/extentreports-4.1.2.jar!/com/aventstack/extentreports/view/v3html/logs-view/v3-html-testrunner-logs-view.ftl"
]]></system-out>
  </testcase>
  <testcase name="beforeClass" classname="com.cs.arris.Tests.TC02_EC_0002_1002_Disconnect_Wifi_On_Mobile_Test" time="0">
    <skipped/>
  </testcase>
  <testcase name="beforeMethod" classname="com.cs.arris.Tests.TC02_EC_0002_1002_Disconnect_Wifi_On_Mobile_Test" time="0">
    <skipped/>
  </testcase>
  <testcase name="beforeMethod" classname="com.cs.arris.Tests.TC02_EC_0002_1002_Disconnect_Wifi_On_Mobile_Test" time="0">
    <skipped/>
  </testcase>
  <testcase name="EC_0002_1002_Disconnect_Wifi_On_Mobile_Test" classname="com.cs.arris.Tests.TC02_EC_0002_1002_Disconnect_Wifi_On_Mobile_Test" time="0">
    <skipped/>
  </testcase>
  <testcase name="afterMethod" classname="com.cs.arris.Tests.TC02_EC_0002_1002_Disconnect_Wifi_On_Mobile_Test" time="0">
    <skipped/>
  </testcase>
  <testcase name="afterTest" classname="com.cs.arris.Tests.TC02_EC_0002_1002_Disconnect_Wifi_On_Mobile_Test" time="0">
    <skipped/>
  </testcase>
  <testcase name="beforeTest" classname="com.cs.arris.Tests.TC01_EC_0001_1201_Disconnect_Bluetooth_On_Mobile_Test" time="0.049">
    <failure type="java.lang.NullPointerException">java.lang.NullPointerException
</failure>
    <system-out><![CDATA[DEBUG   16347   [freemark] (): "v3html/v3-html-index.ftl"("en_IN", UTF-8, parsed) cached copy not yet stale; using cached.
DEBUG   16347   [freemark] (): "commons/commons-variables.ftl"("en_IN", UTF-8, parsed) cached copy not yet stale; using cached.
DEBUG   16347   [freemark] (): "commons/commons-variables.ftl"("en_IN", UTF-8, parsed) cached copy not yet stale; using cached.
DEBUG   16347   [freemark] (): "v3html/v3-html-head.ftl"("en_IN", UTF-8, parsed) cached copy not yet stale; using cached.
DEBUG   16347   [freemark] (): "v3html/v3-html-nav.ftl"("en_IN", UTF-8, parsed) cached copy not yet stale; using cached.
DEBUG   16347   [freemark] (): "v3html/test-view/v3-html-test-view.ftl"("en_IN", UTF-8, parsed) cached copy not yet stale; using cached.
DEBUG   16347   [freemark] (): "v3html/test-view/v3-html-test-view-charts.ftl"("en_IN", UTF-8, parsed) cached copy not yet stale; using cached.
DEBUG   16347   [freemark] (): "v3html/test-view/v3-html-standard.ftl"("en_IN", UTF-8, parsed) cached copy not yet stale; using cached.
DEBUG   16347   [freemark] (): Key "stepName" was not found on instance of com.aventstack.extentreports.model.Log. Introspection information for the class is: {setSequence=public void com.aventstack.extentreports.model.Log.setSequence(int), setExceptionInfo=public void com.aventstack.extentreports.model.Log.setExceptionInfo(com.aventstack.extentreports.model.ExceptionInfo), getClass=public final native java.lang.Class java.lang.Object.getClass(), java.lang.Object@2e1af49b=freemarker.ext.beans.SimpleMethod@4047d2d9, setTest=public void com.aventstack.extentreports.model.Log.setTest(com.aventstack.extentreports.model.Test), getScreenCaptureContext=public com.aventstack.extentreports.model.AbstractStructure com.aventstack.extentreports.model.Log.getScreenCaptureContext(), setObjectId=public void com.aventstack.extentreports.model.Log.setObjectId(org.bson.types.ObjectId), getStatus=public com.aventstack.extentreports.Status com.aventstack.extentreports.model.Log.getStatus(), getTest=public com.aventstack.extentreports.model.Test com.aventstack.extentreports.model.Log.getTest(), getObjectId=public org.bson.types.ObjectId com.aventstack.extentreports.model.Log.getObjectId(), screenCaptureContext=freemarker.ext.beans.FastPropertyDescriptor@48d293ee, getTimestamp=public java.util.Date com.aventstack.extentreports.model.Log.getTimestamp(), hashCode=public native int java.lang.Object.hashCode(), setDetails=public void com.aventstack.extentreports.model.Log.setDetails(java.lang.String), details=freemarker.ext.beans.FastPropertyDescriptor@146dcfe6, class=freemarker.ext.beans.FastPropertyDescriptor@22587507, objectId=freemarker.ext.beans.FastPropertyDescriptor@5c77ba8f, setTimestamp=public void com.aventstack.extentreports.model.Log.setTimestamp(java.util.Date), timestamp=freemarker.ext.beans.FastPropertyDescriptor@660f0c, test=freemarker.ext.beans.FastPropertyDescriptor@7a0ef219, getExceptionInfo=public com.aventstack.extentreports.model.ExceptionInfo com.aventstack.extentreports.model.Log.getExceptionInfo(), getDetails=public java.lang.String com.aventstack.extentreports.model.Log.getDetails(), setStatus=public void com.aventstack.extentreports.model.Log.setStatus(com.aventstack.extentreports.Status), sequence=freemarker.ext.beans.FastPropertyDescriptor@1b1f5012, java.lang.Object@692fd26={public java.lang.String java.lang.Object.toString()=[Ljava.lang.Class;@7add323c, public void com.aventstack.extentreports.model.Log.setScreenCaptureContext(com.aventstack.extentreports.model.AbstractStructure)=[Ljava.lang.Class;@4a734c04, public void com.aventstack.extentreports.model.Log.setDetails(java.lang.String)=[Ljava.lang.Class;@4760f169, public java.util.Date com.aventstack.extentreports.model.Log.getTimestamp()=[Ljava.lang.Class;@261ea657, public int com.aventstack.extentreports.model.Log.getSequence()=[Ljava.lang.Class;@35c12c7a, public void com.aventstack.extentreports.model.Log.setTimestamp(java.util.Date)=[Ljava.lang.Class;@658255aa, public native int java.lang.Object.hashCode()=[Ljava.lang.Class;@25290bca, public boolean java.lang.Object.equals(java.lang.Object)=[Ljava.lang.Class;@76563d26, public void com.aventstack.extentreports.model.Log.setTest(com.aventstack.extentreports.model.Test)=[Ljava.lang.Class;@4ac86d6a, public com.aventstack.extentreports.model.ExceptionInfo com.aventstack.extentreports.model.Log.getExceptionInfo()=[Ljava.lang.Class;@3d904e9c, public com.aventstack.extentreports.model.AbstractStructure com.aventstack.extentreports.model.Log.getScreenCaptureContext()=[Ljava.lang.Class;@508a65bf, public void com.aventstack.extentreports.model.Log.setExceptionInfo(com.aventstack.extentreports.model.ExceptionInfo)=[Ljava.lang.Class;@17f2dd85, public void com.aventstack.extentreports.model.Log.setSequence(int)=[Ljava.lang.Class;@1e58512c, public com.aventstack.extentreports.model.Test com.aventstack.extentreports.model.Log.getTest()=[Ljava.lang.Class;@210308d5, public com.aventstack.extentreports.Status com.aventstack.extentreports.model.Log.getStatus()=[Ljava.lang.Class;@22a736d7, public org.bson.types.ObjectId com.aventstack.extentreports.model.Log.getObjectId()=[Ljava.lang.Class;@23b8d9f3, public void com.aventstack.extentreports.model.Log.setStatus(com.aventstack.extentreports.Status)=[Ljava.lang.Class;@7f353d99, public final native java.lang.Class java.lang.Object.getClass()=[Ljava.lang.Class;@4649d70a, public void com.aventstack.extentreports.model.Log.setObjectId(org.bson.types.ObjectId)=[Ljava.lang.Class;@5d43409a, public java.lang.String com.aventstack.extentreports.model.Log.getDetails()=[Ljava.lang.Class;@38d17d80}, setScreenCaptureContext=public void com.aventstack.extentreports.model.Log.setScreenCaptureContext(com.aventstack.extentreports.model.AbstractStructure), equals=public boolean java.lang.Object.equals(java.lang.Object), toString=public java.lang.String java.lang.Object.toString(), getSequence=public int com.aventstack.extentreports.model.Log.getSequence(), exceptionInfo=freemarker.ext.beans.FastPropertyDescriptor@6ede46f6, status=freemarker.ext.beans.FastPropertyDescriptor@66273da0}
DEBUG   16347   [freemark] (): Key "stepName" was not found on instance of com.aventstack.extentreports.model.Log. Introspection information for the class is: {setSequence=public void com.aventstack.extentreports.model.Log.setSequence(int), setExceptionInfo=public void com.aventstack.extentreports.model.Log.setExceptionInfo(com.aventstack.extentreports.model.ExceptionInfo), getClass=public final native java.lang.Class java.lang.Object.getClass(), java.lang.Object@2e1af49b=freemarker.ext.beans.SimpleMethod@4047d2d9, setTest=public void com.aventstack.extentreports.model.Log.setTest(com.aventstack.extentreports.model.Test), getScreenCaptureContext=public com.aventstack.extentreports.model.AbstractStructure com.aventstack.extentreports.model.Log.getScreenCaptureContext(), setObjectId=public void com.aventstack.extentreports.model.Log.setObjectId(org.bson.types.ObjectId), getStatus=public com.aventstack.extentreports.Status com.aventstack.extentreports.model.Log.getStatus(), getTest=public com.aventstack.extentreports.model.Test com.aventstack.extentreports.model.Log.getTest(), getObjectId=public org.bson.types.ObjectId com.aventstack.extentreports.model.Log.getObjectId(), screenCaptureContext=freemarker.ext.beans.FastPropertyDescriptor@48d293ee, getTimestamp=public java.util.Date com.aventstack.extentreports.model.Log.getTimestamp(), hashCode=public native int java.lang.Object.hashCode(), setDetails=public void com.aventstack.extentreports.model.Log.setDetails(java.lang.String), details=freemarker.ext.beans.FastPropertyDescriptor@146dcfe6, class=freemarker.ext.beans.FastPropertyDescriptor@22587507, objectId=freemarker.ext.beans.FastPropertyDescriptor@5c77ba8f, setTimestamp=public void com.aventstack.extentreports.model.Log.setTimestamp(java.util.Date), timestamp=freemarker.ext.beans.FastPropertyDescriptor@660f0c, test=freemarker.ext.beans.FastPropertyDescriptor@7a0ef219, getExceptionInfo=public com.aventstack.extentreports.model.ExceptionInfo com.aventstack.extentreports.model.Log.getExceptionInfo(), getDetails=public java.lang.String com.aventstack.extentreports.model.Log.getDetails(), setStatus=public void com.aventstack.extentreports.model.Log.setStatus(com.aventstack.extentreports.Status), sequence=freemarker.ext.beans.FastPropertyDescriptor@1b1f5012, java.lang.Object@692fd26={public java.lang.String java.lang.Object.toString()=[Ljava.lang.Class;@7add323c, public void com.aventstack.extentreports.model.Log.setScreenCaptureContext(com.aventstack.extentreports.model.AbstractStructure)=[Ljava.lang.Class;@4a734c04, public void com.aventstack.extentreports.model.Log.setDetails(java.lang.String)=[Ljava.lang.Class;@4760f169, public java.util.Date com.aventstack.extentreports.model.Log.getTimestamp()=[Ljava.lang.Class;@261ea657, public int com.aventstack.extentreports.model.Log.getSequence()=[Ljava.lang.Class;@35c12c7a, public void com.aventstack.extentreports.model.Log.setTimestamp(java.util.Date)=[Ljava.lang.Class;@658255aa, public native int java.lang.Object.hashCode()=[Ljava.lang.Class;@25290bca, public boolean java.lang.Object.equals(java.lang.Object)=[Ljava.lang.Class;@76563d26, public void com.aventstack.extentreports.model.Log.setTest(com.aventstack.extentreports.model.Test)=[Ljava.lang.Class;@4ac86d6a, public com.aventstack.extentreports.model.ExceptionInfo com.aventstack.extentreports.model.Log.getExceptionInfo()=[Ljava.lang.Class;@3d904e9c, public com.aventstack.extentreports.model.AbstractStructure com.aventstack.extentreports.model.Log.getScreenCaptureContext()=[Ljava.lang.Class;@508a65bf, public void com.aventstack.extentreports.model.Log.setExceptionInfo(com.aventstack.extentreports.model.ExceptionInfo)=[Ljava.lang.Class;@17f2dd85, public void com.aventstack.extentreports.model.Log.setSequence(int)=[Ljava.lang.Class;@1e58512c, public com.aventstack.extentreports.model.Test com.aventstack.extentreports.model.Log.getTest()=[Ljava.lang.Class;@210308d5, public com.aventstack.extentreports.Status com.aventstack.extentreports.model.Log.getStatus()=[Ljava.lang.Class;@22a736d7, public org.bson.types.ObjectId com.aventstack.extentreports.model.Log.getObjectId()=[Ljava.lang.Class;@23b8d9f3, public void com.aventstack.extentreports.model.Log.setStatus(com.aventstack.extentreports.Status)=[Ljava.lang.Class;@7f353d99, public final native java.lang.Class java.lang.Object.getClass()=[Ljava.lang.Class;@4649d70a, public void com.aventstack.extentreports.model.Log.setObjectId(org.bson.types.ObjectId)=[Ljava.lang.Class;@5d43409a, public java.lang.String com.aventstack.extentreports.model.Log.getDetails()=[Ljava.lang.Class;@38d17d80}, setScreenCaptureContext=public void com.aventstack.extentreports.model.Log.setScreenCaptureContext(com.aventstack.extentreports.model.AbstractStructure), equals=public boolean java.lang.Object.equals(java.lang.Object), toString=public java.lang.String java.lang.Object.toString(), getSequence=public int com.aventstack.extentreports.model.Log.getSequence(), exceptionInfo=freemarker.ext.beans.FastPropertyDescriptor@6ede46f6, status=freemarker.ext.beans.FastPropertyDescriptor@66273da0}
DEBUG   16347   [freemark] (): Key "screenCaptureList" was not found on instance of com.aventstack.extentreports.model.Test. Introspection information for the class is: {extent=freemarker.ext.beans.FastPropertyDescriptor@e5cbff2, parent=freemarker.ext.beans.FastPropertyDescriptor@51c959a4, getClass=public final native java.lang.Class java.lang.Object.getClass(), java.lang.Object@2e1af49b=freemarker.ext.beans.SimpleMethod@4fc3c165, getName=public java.lang.String com.aventstack.extentreports.model.Test.getName(), getScreenCaptureContext=public com.aventstack.extentreports.model.AbstractStructure com.aventstack.extentreports.model.Test.getScreenCaptureContext(), setAuthorContext=public void com.aventstack.extentreports.model.Test.setAuthorContext(com.aventstack.extentreports.model.AbstractStructure), authorContext=freemarker.ext.beans.FastPropertyDescriptor@65bdd558, getStatus=public com.aventstack.extentreports.Status com.aventstack.extentreports.model.Test.getStatus(), setUsesManualConfiguration=public void com.aventstack.extentreports.model.Test.setUsesManualConfiguration(boolean), setLevel=public void com.aventstack.extentreports.model.Test.setLevel(int), getObjectId=public org.bson.types.ObjectId com.aventstack.extentreports.model.Test.getObjectId(), getEndTime=public java.util.Date com.aventstack.extentreports.model.Test.getEndTime(), isUsesManualConfiguration=public boolean com.aventstack.extentreports.model.Test.isUsesManualConfiguration(), setId=public void com.aventstack.extentreports.model.Test.setId(int), usesManualConfiguration=freemarker.ext.beans.FastPropertyDescriptor@10a0fe30, id=freemarker.ext.beans.FastPropertyDescriptor@7b6860f9, getStartTime=public java.util.Date com.aventstack.extentreports.model.Test.getStartTime(), getExceptionInfoContext=public com.aventstack.extentreports.model.AbstractStructure com.aventstack.extentreports.model.Test.getExceptionInfoContext(), level=freemarker.ext.beans.FastPropertyDescriptor@60f70249, getDeviceContext=public com.aventstack.extentreports.model.AbstractStructure com.aventstack.extentreports.model.Test.getDeviceContext(), getLogContext=public com.aventstack.extentreports.model.AbstractStructure com.aventstack.extentreports.model.Test.getLogContext(), behaviorDrivenTypeName=freemarker.ext.beans.FastPropertyDescriptor@31ee2fdb, java.lang.Object@692fd26={public java.lang.String java.lang.Object.toString()=[Ljava.lang.Class;@262816a8, public int com.aventstack.extentreports.model.Test.getLevel()=[Ljava.lang.Class;@1effd53c, public com.aventstack.extentreports.model.AbstractStructure com.aventstack.extentreports.model.Test.getLogContext()=[Ljava.lang.Class;@46c269e0, public void com.aventstack.extentreports.model.Test.setScreenCaptureContext(com.aventstack.extentreports.model.AbstractStructure)=[Ljava.lang.Class;@6920614, public void com.aventstack.extentreports.model.Test.setEndTime(java.util.Date)=[Ljava.lang.Class;@6069dd38, public java.lang.Boolean com.aventstack.extentreports.model.Test.isBehaviorDrivenType()=[Ljava.lang.Class;@5fa23c, public com.aventstack.extentreports.model.AbstractStructure com.aventstack.extentreports.model.Test.getCategoryContext()=[Ljava.lang.Class;@558756be, public void com.aventstack.extentreports.model.Test.setDeviceContext(com.aventstack.extentreports.model.AbstractStructure)=[Ljava.lang.Class;@433348bc, public java.lang.Class com.aventstack.extentreports.model.Test.getBddType()=[Ljava.lang.Class;@6d1dcdff, public boolean java.lang.Object.equals(java.lang.Object)=[Ljava.lang.Class;@102ecc22, public com.aventstack.extentreports.model.Test com.aventstack.extentreports.model.Test.getParent()=[Ljava.lang.Class;@7ff35a3f, public com.aventstack.extentreports.model.AbstractStructure com.aventstack.extentreports.model.Test.getNodeContext()=[Ljava.lang.Class;@26dc9bd5, public com.aventstack.extentreports.ExtentReports com.aventstack.extentreports.model.Test.getExtent()=[Ljava.lang.Class;@252dc8c4, public com.aventstack.extentreports.model.AbstractStructure com.aventstack.extentreports.model.Test.getAuthorContext()=[Ljava.lang.Class;@43045f9f, public com.aventstack.extentreports.model.AbstractStructure com.aventstack.extentreports.model.Test.getExceptionInfoContext()=[Ljava.lang.Class;@2643d762, public java.lang.String com.aventstack.extentreports.model.Test.getBehaviorDrivenTypeName()=[Ljava.lang.Class;@6403e24c, public com.aventstack.extentreports.model.AbstractStructure com.aventstack.extentreports.model.Test.getDeviceContext()=[Ljava.lang.Class;@2f236de0, public void com.aventstack.extentreports.model.Test.setExceptionInfoContext(com.aventstack.extentreports.model.AbstractStructure)=[Ljava.lang.Class;@4eba373c, public void com.aventstack.extentreports.model.Test.setStatus(com.aventstack.extentreports.Status)=[Ljava.lang.Class;@767a014e, public java.util.Date com.aventstack.extentreports.model.Test.getEndTime()=[Ljava.lang.Class;@d109c4f, public void com.aventstack.extentreports.model.Test.setNodeContext(com.aventstack.extentreports.model.AbstractStructure)=[Ljava.lang.Class;@3968bc60, public void com.aventstack.extentreports.model.Test.setBddType(java.lang.Class)=[Ljava.lang.Class;@26f46fa6, public boolean com.aventstack.extentreports.model.Test.isUsesManualConfiguration()=[Ljava.lang.Class;@227a47, public void com.aventstack.extentreports.model.Test.setStartTime(java.util.Date)=[Ljava.lang.Class;@9596ce8, public void com.aventstack.extentreports.model.Test.setParent(com.aventstack.extentreports.model.Test)=[Ljava.lang.Class;@75ae4a1f, public void com.aventstack.extentreports.model.Test.setExtent(com.aventstack.extentreports.ExtentReports)=[Ljava.lang.Class;@70228253, public java.util.Date com.aventstack.extentreports.model.Test.getStartTime()=[Ljava.lang.Class;@63c12e52, public void com.aventstack.extentreports.model.Test.end()=[Ljava.lang.Class;@21bd20ee, public void com.aventstack.extentreports.model.Test.setId(int)=[Ljava.lang.Class;@26c47874, public void com.aventstack.extentreports.model.Test.setLogContext(com.aventstack.extentreports.model.AbstractStructure)=[Ljava.lang.Class;@421056e5, public native int java.lang.Object.hashCode()=[Ljava.lang.Class;@2849434b, public java.lang.String com.aventstack.extentreports.model.Test.getName()=[Ljava.lang.Class;@60bbacfc, public void com.aventstack.extentreports.model.Test.setName(java.lang.String)=[Ljava.lang.Class;@65b97f47, public void com.aventstack.extentreports.model.Test.computeEndTimeFromChildren()=[Ljava.lang.Class;@255eaa6b, public void com.aventstack.extentreports.model.Test.setAuthorContext(com.aventstack.extentreports.model.AbstractStructure)=[Ljava.lang.Class;@476fe690, public com.aventstack.extentreports.model.AbstractStructure com.aventstack.extentreports.model.Test.getScreenCaptureContext()=[Ljava.lang.Class;@7a0e7ecd, public void com.aventstack.extentreports.model.Test.setObjectId(org.bson.types.ObjectId)=[Ljava.lang.Class;@54e3658c, public void com.aventstack.extentreports.model.Test.setDescription(java.lang.String)=[Ljava.lang.Class;@43e9089, public void com.aventstack.extentreports.model.Test.setCategoryContext(com.aventstack.extentreports.model.AbstractStructure)=[Ljava.lang.Class;@3c5dbdf8, public int com.aventstack.extentreports.model.Test.getId()=[Ljava.lang.Class;@352c44a8, public final native java.lang.Class java.lang.Object.getClass()=[Ljava.lang.Class;@7aac8884, public void com.aventstack.extentreports.model.Test.setLevel(int)=[Ljava.lang.Class;@a66e580, public org.bson.types.ObjectId com.aventstack.extentreports.model.Test.getObjectId()=[Ljava.lang.Class;@5b852b49, public java.lang.String com.aventstack.extentreports.model.Test.getDescription()=[Ljava.lang.Class;@cdb2d95, public void com.aventstack.extentreports.model.Test.setUsesManualConfiguration(boolean)=[Ljava.lang.Class;@122d6c22, public com.aventstack.extentreports.Status com.aventstack.extentreports.model.Test.getStatus()=[Ljava.lang.Class;@2f5ac102}, name=freemarker.ext.beans.FastPropertyDescriptor@73c9e8e8, getBddType=public java.lang.Class com.aventstack.extentreports.model.Test.getBddType(), status=freemarker.ext.beans.FastPropertyDescriptor@1deceb67, setName=public void com.aventstack.extentreports.model.Test.setName(java.lang.String), computeEndTimeFromChildren=public void com.aventstack.extentreports.model.Test.computeEndTimeFromChildren(), description=freemarker.ext.beans.FastPropertyDescriptor@277bf091, getId=public int com.aventstack.extentreports.model.Test.getId(), setObjectId=public void com.aventstack.extentreports.model.Test.setObjectId(org.bson.types.ObjectId), setDescription=public void com.aventstack.extentreports.model.Test.setDescription(java.lang.String), setCategoryContext=public void com.aventstack.extentreports.model.Test.setCategoryContext(com.aventstack.extentreports.model.AbstractStructure), bddType=freemarker.ext.beans.FastPropertyDescriptor@5df778c3, getDescription=public java.lang.String com.aventstack.extentreports.model.Test.getDescription(), exceptionInfoContext=freemarker.ext.beans.FastPropertyDescriptor@895416d, setNodeContext=public void com.aventstack.extentreports.model.Test.setNodeContext(com.aventstack.extentreports.model.AbstractStructure), nodeContext=freemarker.ext.beans.FastPropertyDescriptor@71a06021, screenCaptureContext=freemarker.ext.beans.FastPropertyDescriptor@80bfdc6, setBddType=public void com.aventstack.extentreports.model.Test.setBddType(java.lang.Class), hashCode=public native int java.lang.Object.hashCode(), setLogContext=public void com.aventstack.extentreports.model.Test.setLogContext(com.aventstack.extentreports.model.AbstractStructure), startTime=freemarker.ext.beans.FastPropertyDescriptor@de8039f, end=public void com.aventstack.extentreports.model.Test.end(), setStartTime=public void com.aventstack.extentreports.model.Test.setStartTime(java.util.Date), setParent=public void com.aventstack.extentreports.model.Test.setParent(com.aventstack.extentreports.model.Test), setExtent=public void com.aventstack.extentreports.model.Test.setExtent(com.aventstack.extentreports.ExtentReports), class=freemarker.ext.beans.FastPropertyDescriptor@6edcad64, categoryContext=freemarker.ext.beans.FastPropertyDescriptor@fab35b1, objectId=freemarker.ext.beans.FastPropertyDescriptor@4c6007fb, getAuthorContext=public com.aventstack.extentreports.model.AbstractStructure com.aventstack.extentreports.model.Test.getAuthorContext(), getExtent=public com.aventstack.extentreports.ExtentReports com.aventstack.extentreports.model.Test.getExtent(), getParent=public com.aventstack.extentreports.model.Test com.aventstack.extentreports.model.Test.getParent(), getNodeContext=public com.aventstack.extentreports.model.AbstractStructure com.aventstack.extentreports.model.Test.getNodeContext(), getBehaviorDrivenTypeName=public java.lang.String com.aventstack.extentreports.model.Test.getBehaviorDrivenTypeName(), setStatus=public void com.aventstack.extentreports.model.Test.setStatus(com.aventstack.extentreports.Status), setExceptionInfoContext=public void com.aventstack.extentreports.model.Test.setExceptionInfoContext(com.aventstack.extentreports.model.AbstractStructure), getLevel=public int com.aventstack.extentreports.model.Test.getLevel(), deviceContext=freemarker.ext.beans.FastPropertyDescriptor@3e33d73e, setDeviceContext=public void com.aventstack.extentreports.model.Test.setDeviceContext(com.aventstack.extentreports.model.AbstractStructure), getCategoryContext=public com.aventstack.extentreports.model.AbstractStructure com.aventstack.extentreports.model.Test.getCategoryContext(), setScreenCaptureContext=public void com.aventstack.extentreports.model.Test.setScreenCaptureContext(com.aventstack.extentreports.model.AbstractStructure), setEndTime=public void com.aventstack.extentreports.model.Test.setEndTime(java.util.Date), isBehaviorDrivenType=public java.lang.Boolean com.aventstack.extentreports.model.Test.isBehaviorDrivenType(), equals=public boolean java.lang.Object.equals(java.lang.Object), toString=public java.lang.String java.lang.Object.toString(), logContext=freemarker.ext.beans.FastPropertyDescriptor@6981f8f3, endTime=freemarker.ext.beans.FastPropertyDescriptor@5d5c04f9}
DEBUG   16347   [freemark] (): "v3html/test-view/v3-html-standard.ftl"("en_IN", UTF-8, parsed) cached copy not yet stale; using cached.
DEBUG   16347   [freemark] (): Key "stepName" was not found on instance of com.aventstack.extentreports.model.Log. Introspection information for the class is: {setSequence=public void com.aventstack.extentreports.model.Log.setSequence(int), setExceptionInfo=public void com.aventstack.extentreports.model.Log.setExceptionInfo(com.aventstack.extentreports.model.ExceptionInfo), getClass=public final native java.lang.Class java.lang.Object.getClass(), java.lang.Object@2e1af49b=freemarker.ext.beans.SimpleMethod@4047d2d9, setTest=public void com.aventstack.extentreports.model.Log.setTest(com.aventstack.extentreports.model.Test), getScreenCaptureContext=public com.aventstack.extentreports.model.AbstractStructure com.aventstack.extentreports.model.Log.getScreenCaptureContext(), setObjectId=public void com.aventstack.extentreports.model.Log.setObjectId(org.bson.types.ObjectId), getStatus=public com.aventstack.extentreports.Status com.aventstack.extentreports.model.Log.getStatus(), getTest=public com.aventstack.extentreports.model.Test com.aventstack.extentreports.model.Log.getTest(), getObjectId=public org.bson.types.ObjectId com.aventstack.extentreports.model.Log.getObjectId(), screenCaptureContext=freemarker.ext.beans.FastPropertyDescriptor@48d293ee, getTimestamp=public java.util.Date com.aventstack.extentreports.model.Log.getTimestamp(), hashCode=public native int java.lang.Object.hashCode(), setDetails=public void com.aventstack.extentreports.model.Log.setDetails(java.lang.String), details=freemarker.ext.beans.FastPropertyDescriptor@146dcfe6, class=freemarker.ext.beans.FastPropertyDescriptor@22587507, objectId=freemarker.ext.beans.FastPropertyDescriptor@5c77ba8f, setTimestamp=public void com.aventstack.extentreports.model.Log.setTimestamp(java.util.Date), timestamp=freemarker.ext.beans.FastPropertyDescriptor@660f0c, test=freemarker.ext.beans.FastPropertyDescriptor@7a0ef219, getExceptionInfo=public com.aventstack.extentreports.model.ExceptionInfo com.aventstack.extentreports.model.Log.getExceptionInfo(), getDetails=public java.lang.String com.aventstack.extentreports.model.Log.getDetails(), setStatus=public void com.aventstack.extentreports.model.Log.setStatus(com.aventstack.extentreports.Status), sequence=freemarker.ext.beans.FastPropertyDescriptor@1b1f5012, java.lang.Object@692fd26={public java.lang.String java.lang.Object.toString()=[Ljava.lang.Class;@7add323c, public void com.aventstack.extentreports.model.Log.setScreenCaptureContext(com.aventstack.extentreports.model.AbstractStructure)=[Ljava.lang.Class;@4a734c04, public void com.aventstack.extentreports.model.Log.setDetails(java.lang.String)=[Ljava.lang.Class;@4760f169, public java.util.Date com.aventstack.extentreports.model.Log.getTimestamp()=[Ljava.lang.Class;@261ea657, public int com.aventstack.extentreports.model.Log.getSequence()=[Ljava.lang.Class;@35c12c7a, public void com.aventstack.extentreports.model.Log.setTimestamp(java.util.Date)=[Ljava.lang.Class;@658255aa, public native int java.lang.Object.hashCode()=[Ljava.lang.Class;@25290bca, public boolean java.lang.Object.equals(java.lang.Object)=[Ljava.lang.Class;@76563d26, public void com.aventstack.extentreports.model.Log.setTest(com.aventstack.extentreports.model.Test)=[Ljava.lang.Class;@4ac86d6a, public com.aventstack.extentreports.model.ExceptionInfo com.aventstack.extentreports.model.Log.getExceptionInfo()=[Ljava.lang.Class;@3d904e9c, public com.aventstack.extentreports.model.AbstractStructure com.aventstack.extentreports.model.Log.getScreenCaptureContext()=[Ljava.lang.Class;@508a65bf, public void com.aventstack.extentreports.model.Log.setExceptionInfo(com.aventstack.extentreports.model.ExceptionInfo)=[Ljava.lang.Class;@17f2dd85, public void com.aventstack.extentreports.model.Log.setSequence(int)=[Ljava.lang.Class;@1e58512c, public com.aventstack.extentreports.model.Test com.aventstack.extentreports.model.Log.getTest()=[Ljava.lang.Class;@210308d5, public com.aventstack.extentreports.Status com.aventstack.extentreports.model.Log.getStatus()=[Ljava.lang.Class;@22a736d7, public org.bson.types.ObjectId com.aventstack.extentreports.model.Log.getObjectId()=[Ljava.lang.Class;@23b8d9f3, public void com.aventstack.extentreports.model.Log.setStatus(com.aventstack.extentreports.Status)=[Ljava.lang.Class;@7f353d99, public final native java.lang.Class java.lang.Object.getClass()=[Ljava.lang.Class;@4649d70a, public void com.aventstack.extentreports.model.Log.setObjectId(org.bson.types.ObjectId)=[Ljava.lang.Class;@5d43409a, public java.lang.String com.aventstack.extentreports.model.Log.getDetails()=[Ljava.lang.Class;@38d17d80}, setScreenCaptureContext=public void com.aventstack.extentreports.model.Log.setScreenCaptureContext(com.aventstack.extentreports.model.AbstractStructure), equals=public boolean java.lang.Object.equals(java.lang.Object), toString=public java.lang.String java.lang.Object.toString(), getSequence=public int com.aventstack.extentreports.model.Log.getSequence(), exceptionInfo=freemarker.ext.beans.FastPropertyDescriptor@6ede46f6, status=freemarker.ext.beans.FastPropertyDescriptor@66273da0}
DEBUG   16347   [freemark] (): Key "stepName" was not found on instance of com.aventstack.extentreports.model.Log. Introspection information for the class is: {setSequence=public void com.aventstack.extentreports.model.Log.setSequence(int), setExceptionInfo=public void com.aventstack.extentreports.model.Log.setExceptionInfo(com.aventstack.extentreports.model.ExceptionInfo), getClass=public final native java.lang.Class java.lang.Object.getClass(), java.lang.Object@2e1af49b=freemarker.ext.beans.SimpleMethod@4047d2d9, setTest=public void com.aventstack.extentreports.model.Log.setTest(com.aventstack.extentreports.model.Test), getScreenCaptureContext=public com.aventstack.extentreports.model.AbstractStructure com.aventstack.extentreports.model.Log.getScreenCaptureContext(), setObjectId=public void com.aventstack.extentreports.model.Log.setObjectId(org.bson.types.ObjectId), getStatus=public com.aventstack.extentreports.Status com.aventstack.extentreports.model.Log.getStatus(), getTest=public com.aventstack.extentreports.model.Test com.aventstack.extentreports.model.Log.getTest(), getObjectId=public org.bson.types.ObjectId com.aventstack.extentreports.model.Log.getObjectId(), screenCaptureContext=freemarker.ext.beans.FastPropertyDescriptor@48d293ee, getTimestamp=public java.util.Date com.aventstack.extentreports.model.Log.getTimestamp(), hashCode=public native int java.lang.Object.hashCode(), setDetails=public void com.aventstack.extentreports.model.Log.setDetails(java.lang.String), details=freemarker.ext.beans.FastPropertyDescriptor@146dcfe6, class=freemarker.ext.beans.FastPropertyDescriptor@22587507, objectId=freemarker.ext.beans.FastPropertyDescriptor@5c77ba8f, setTimestamp=public void com.aventstack.extentreports.model.Log.setTimestamp(java.util.Date), timestamp=freemarker.ext.beans.FastPropertyDescriptor@660f0c, test=freemarker.ext.beans.FastPropertyDescriptor@7a0ef219, getExceptionInfo=public com.aventstack.extentreports.model.ExceptionInfo com.aventstack.extentreports.model.Log.getExceptionInfo(), getDetails=public java.lang.String com.aventstack.extentreports.model.Log.getDetails(), setStatus=public void com.aventstack.extentreports.model.Log.setStatus(com.aventstack.extentreports.Status), sequence=freemarker.ext.beans.FastPropertyDescriptor@1b1f5012, java.lang.Object@692fd26={public java.lang.String java.lang.Object.toString()=[Ljava.lang.Class;@7add323c, public void com.aventstack.extentreports.model.Log.setScreenCaptureContext(com.aventstack.extentreports.model.AbstractStructure)=[Ljava.lang.Class;@4a734c04, public void com.aventstack.extentreports.model.Log.setDetails(java.lang.String)=[Ljava.lang.Class;@4760f169, public java.util.Date com.aventstack.extentreports.model.Log.getTimestamp()=[Ljava.lang.Class;@261ea657, public int com.aventstack.extentreports.model.Log.getSequence()=[Ljava.lang.Class;@35c12c7a, public void com.aventstack.extentreports.model.Log.setTimestamp(java.util.Date)=[Ljava.lang.Class;@658255aa, public native int java.lang.Object.hashCode()=[Ljava.lang.Class;@25290bca, public boolean java.lang.Object.equals(java.lang.Object)=[Ljava.lang.Class;@76563d26, public void com.aventstack.extentreports.model.Log.setTest(com.aventstack.extentreports.model.Test)=[Ljava.lang.Class;@4ac86d6a, public com.aventstack.extentreports.model.ExceptionInfo com.aventstack.extentreports.model.Log.getExceptionInfo()=[Ljava.lang.Class;@3d904e9c, public com.aventstack.extentreports.model.AbstractStructure com.aventstack.extentreports.model.Log.getScreenCaptureContext()=[Ljava.lang.Class;@508a65bf, public void com.aventstack.extentreports.model.Log.setExceptionInfo(com.aventstack.extentreports.model.ExceptionInfo)=[Ljava.lang.Class;@17f2dd85, public void com.aventstack.extentreports.model.Log.setSequence(int)=[Ljava.lang.Class;@1e58512c, public com.aventstack.extentreports.model.Test com.aventstack.extentreports.model.Log.getTest()=[Ljava.lang.Class;@210308d5, public com.aventstack.extentreports.Status com.aventstack.extentreports.model.Log.getStatus()=[Ljava.lang.Class;@22a736d7, public org.bson.types.ObjectId com.aventstack.extentreports.model.Log.getObjectId()=[Ljava.lang.Class;@23b8d9f3, public void com.aventstack.extentreports.model.Log.setStatus(com.aventstack.extentreports.Status)=[Ljava.lang.Class;@7f353d99, public final native java.lang.Class java.lang.Object.getClass()=[Ljava.lang.Class;@4649d70a, public void com.aventstack.extentreports.model.Log.setObjectId(org.bson.types.ObjectId)=[Ljava.lang.Class;@5d43409a, public java.lang.String com.aventstack.extentreports.model.Log.getDetails()=[Ljava.lang.Class;@38d17d80}, setScreenCaptureContext=public void com.aventstack.extentreports.model.Log.setScreenCaptureContext(com.aventstack.extentreports.model.AbstractStructure), equals=public boolean java.lang.Object.equals(java.lang.Object), toString=public java.lang.String java.lang.Object.toString(), getSequence=public int com.aventstack.extentreports.model.Log.getSequence(), exceptionInfo=freemarker.ext.beans.FastPropertyDescriptor@6ede46f6, status=freemarker.ext.beans.FastPropertyDescriptor@66273da0}
DEBUG   16347   [freemark] (): Key "screenCaptureList" was not found on instance of com.aventstack.extentreports.model.Test. Introspection information for the class is: {extent=freemarker.ext.beans.FastPropertyDescriptor@e5cbff2, parent=freemarker.ext.beans.FastPropertyDescriptor@51c959a4, getClass=public final native java.lang.Class java.lang.Object.getClass(), java.lang.Object@2e1af49b=freemarker.ext.beans.SimpleMethod@4fc3c165, getName=public java.lang.String com.aventstack.extentreports.model.Test.getName(), getScreenCaptureContext=public com.aventstack.extentreports.model.AbstractStructure com.aventstack.extentreports.model.Test.getScreenCaptureContext(), setAuthorContext=public void com.aventstack.extentreports.model.Test.setAuthorContext(com.aventstack.extentreports.model.AbstractStructure), authorContext=freemarker.ext.beans.FastPropertyDescriptor@65bdd558, getStatus=public com.aventstack.extentreports.Status com.aventstack.extentreports.model.Test.getStatus(), setUsesManualConfiguration=public void com.aventstack.extentreports.model.Test.setUsesManualConfiguration(boolean), setLevel=public void com.aventstack.extentreports.model.Test.setLevel(int), getObjectId=public org.bson.types.ObjectId com.aventstack.extentreports.model.Test.getObjectId(), getEndTime=public java.util.Date com.aventstack.extentreports.model.Test.getEndTime(), isUsesManualConfiguration=public boolean com.aventstack.extentreports.model.Test.isUsesManualConfiguration(), setId=public void com.aventstack.extentreports.model.Test.setId(int), usesManualConfiguration=freemarker.ext.beans.FastPropertyDescriptor@10a0fe30, id=freemarker.ext.beans.FastPropertyDescriptor@7b6860f9, getStartTime=public java.util.Date com.aventstack.extentreports.model.Test.getStartTime(), getExceptionInfoContext=public com.aventstack.extentreports.model.AbstractStructure com.aventstack.extentreports.model.Test.getExceptionInfoContext(), level=freemarker.ext.beans.FastPropertyDescriptor@60f70249, getDeviceContext=public com.aventstack.extentreports.model.AbstractStructure com.aventstack.extentreports.model.Test.getDeviceContext(), getLogContext=public com.aventstack.extentreports.model.AbstractStructure com.aventstack.extentreports.model.Test.getLogContext(), behaviorDrivenTypeName=freemarker.ext.beans.FastPropertyDescriptor@31ee2fdb, java.lang.Object@692fd26={public java.lang.String java.lang.Object.toString()=[Ljava.lang.Class;@262816a8, public int com.aventstack.extentreports.model.Test.getLevel()=[Ljava.lang.Class;@1effd53c, public com.aventstack.extentreports.model.AbstractStructure com.aventstack.extentreports.model.Test.getLogContext()=[Ljava.lang.Class;@46c269e0, public void com.aventstack.extentreports.model.Test.setScreenCaptureContext(com.aventstack.extentreports.model.AbstractStructure)=[Ljava.lang.Class;@6920614, public void com.aventstack.extentreports.model.Test.setEndTime(java.util.Date)=[Ljava.lang.Class;@6069dd38, public java.lang.Boolean com.aventstack.extentreports.model.Test.isBehaviorDrivenType()=[Ljava.lang.Class;@5fa23c, public com.aventstack.extentreports.model.AbstractStructure com.aventstack.extentreports.model.Test.getCategoryContext()=[Ljava.lang.Class;@558756be, public void com.aventstack.extentreports.model.Test.setDeviceContext(com.aventstack.extentreports.model.AbstractStructure)=[Ljava.lang.Class;@433348bc, public java.lang.Class com.aventstack.extentreports.model.Test.getBddType()=[Ljava.lang.Class;@6d1dcdff, public boolean java.lang.Object.equals(java.lang.Object)=[Ljava.lang.Class;@102ecc22, public com.aventstack.extentreports.model.Test com.aventstack.extentreports.model.Test.getParent()=[Ljava.lang.Class;@7ff35a3f, public com.aventstack.extentreports.model.AbstractStructure com.aventstack.extentreports.model.Test.getNodeContext()=[Ljava.lang.Class;@26dc9bd5, public com.aventstack.extentreports.ExtentReports com.aventstack.extentreports.model.Test.getExtent()=[Ljava.lang.Class;@252dc8c4, public com.aventstack.extentreports.model.AbstractStructure com.aventstack.extentreports.model.Test.getAuthorContext()=[Ljava.lang.Class;@43045f9f, public com.aventstack.extentreports.model.AbstractStructure com.aventstack.extentreports.model.Test.getExceptionInfoContext()=[Ljava.lang.Class;@2643d762, public java.lang.String com.aventstack.extentreports.model.Test.getBehaviorDrivenTypeName()=[Ljava.lang.Class;@6403e24c, public com.aventstack.extentreports.model.AbstractStructure com.aventstack.extentreports.model.Test.getDeviceContext()=[Ljava.lang.Class;@2f236de0, public void com.aventstack.extentreports.model.Test.setExceptionInfoContext(com.aventstack.extentreports.model.AbstractStructure)=[Ljava.lang.Class;@4eba373c, public void com.aventstack.extentreports.model.Test.setStatus(com.aventstack.extentreports.Status)=[Ljava.lang.Class;@767a014e, public java.util.Date com.aventstack.extentreports.model.Test.getEndTime()=[Ljava.lang.Class;@d109c4f, public void com.aventstack.extentreports.model.Test.setNodeContext(com.aventstack.extentreports.model.AbstractStructure)=[Ljava.lang.Class;@3968bc60, public void com.aventstack.extentreports.model.Test.setBddType(java.lang.Class)=[Ljava.lang.Class;@26f46fa6, public boolean com.aventstack.extentreports.model.Test.isUsesManualConfiguration()=[Ljava.lang.Class;@227a47, public void com.aventstack.extentreports.model.Test.setStartTime(java.util.Date)=[Ljava.lang.Class;@9596ce8, public void com.aventstack.extentreports.model.Test.setParent(com.aventstack.extentreports.model.Test)=[Ljava.lang.Class;@75ae4a1f, public void com.aventstack.extentreports.model.Test.setExtent(com.aventstack.extentreports.ExtentReports)=[Ljava.lang.Class;@70228253, public java.util.Date com.aventstack.extentreports.model.Test.getStartTime()=[Ljava.lang.Class;@63c12e52, public void com.aventstack.extentreports.model.Test.end()=[Ljava.lang.Class;@21bd20ee, public void com.aventstack.extentreports.model.Test.setId(int)=[Ljava.lang.Class;@26c47874, public void com.aventstack.extentreports.model.Test.setLogContext(com.aventstack.extentreports.model.AbstractStructure)=[Ljava.lang.Class;@421056e5, public native int java.lang.Object.hashCode()=[Ljava.lang.Class;@2849434b, public java.lang.String com.aventstack.extentreports.model.Test.getName()=[Ljava.lang.Class;@60bbacfc, public void com.aventstack.extentreports.model.Test.setName(java.lang.String)=[Ljava.lang.Class;@65b97f47, public void com.aventstack.extentreports.model.Test.computeEndTimeFromChildren()=[Ljava.lang.Class;@255eaa6b, public void com.aventstack.extentreports.model.Test.setAuthorContext(com.aventstack.extentreports.model.AbstractStructure)=[Ljava.lang.Class;@476fe690, public com.aventstack.extentreports.model.AbstractStructure com.aventstack.extentreports.model.Test.getScreenCaptureContext()=[Ljava.lang.Class;@7a0e7ecd, public void com.aventstack.extentreports.model.Test.setObjectId(org.bson.types.ObjectId)=[Ljava.lang.Class;@54e3658c, public void com.aventstack.extentreports.model.Test.setDescription(java.lang.String)=[Ljava.lang.Class;@43e9089, public void com.aventstack.extentreports.model.Test.setCategoryContext(com.aventstack.extentreports.model.AbstractStructure)=[Ljava.lang.Class;@3c5dbdf8, public int com.aventstack.extentreports.model.Test.getId()=[Ljava.lang.Class;@352c44a8, public final native java.lang.Class java.lang.Object.getClass()=[Ljava.lang.Class;@7aac8884, public void com.aventstack.extentreports.model.Test.setLevel(int)=[Ljava.lang.Class;@a66e580, public org.bson.types.ObjectId com.aventstack.extentreports.model.Test.getObjectId()=[Ljava.lang.Class;@5b852b49, public java.lang.String com.aventstack.extentreports.model.Test.getDescription()=[Ljava.lang.Class;@cdb2d95, public void com.aventstack.extentreports.model.Test.setUsesManualConfiguration(boolean)=[Ljava.lang.Class;@122d6c22, public com.aventstack.extentreports.Status com.aventstack.extentreports.model.Test.getStatus()=[Ljava.lang.Class;@2f5ac102}, name=freemarker.ext.beans.FastPropertyDescriptor@73c9e8e8, getBddType=public java.lang.Class com.aventstack.extentreports.model.Test.getBddType(), status=freemarker.ext.beans.FastPropertyDescriptor@1deceb67, setName=public void com.aventstack.extentreports.model.Test.setName(java.lang.String), computeEndTimeFromChildren=public void com.aventstack.extentreports.model.Test.computeEndTimeFromChildren(), description=freemarker.ext.beans.FastPropertyDescriptor@277bf091, getId=public int com.aventstack.extentreports.model.Test.getId(), setObjectId=public void com.aventstack.extentreports.model.Test.setObjectId(org.bson.types.ObjectId), setDescription=public void com.aventstack.extentreports.model.Test.setDescription(java.lang.String), setCategoryContext=public void com.aventstack.extentreports.model.Test.setCategoryContext(com.aventstack.extentreports.model.AbstractStructure), bddType=freemarker.ext.beans.FastPropertyDescriptor@5df778c3, getDescription=public java.lang.String com.aventstack.extentreports.model.Test.getDescription(), exceptionInfoContext=freemarker.ext.beans.FastPropertyDescriptor@895416d, setNodeContext=public void com.aventstack.extentreports.model.Test.setNodeContext(com.aventstack.extentreports.model.AbstractStructure), nodeContext=freemarker.ext.beans.FastPropertyDescriptor@71a06021, screenCaptureContext=freemarker.ext.beans.FastPropertyDescriptor@80bfdc6, setBddType=public void com.aventstack.extentreports.model.Test.setBddType(java.lang.Class), hashCode=public native int java.lang.Object.hashCode(), setLogContext=public void com.aventstack.extentreports.model.Test.setLogContext(com.aventstack.extentreports.model.AbstractStructure), startTime=freemarker.ext.beans.FastPropertyDescriptor@de8039f, end=public void com.aventstack.extentreports.model.Test.end(), setStartTime=public void com.aventstack.extentreports.model.Test.setStartTime(java.util.Date), setParent=public void com.aventstack.extentreports.model.Test.setParent(com.aventstack.extentreports.model.Test), setExtent=public void com.aventstack.extentreports.model.Test.setExtent(com.aventstack.extentreports.ExtentReports), class=freemarker.ext.beans.FastPropertyDescriptor@6edcad64, categoryContext=freemarker.ext.beans.FastPropertyDescriptor@fab35b1, objectId=freemarker.ext.beans.FastPropertyDescriptor@4c6007fb, getAuthorContext=public com.aventstack.extentreports.model.AbstractStructure com.aventstack.extentreports.model.Test.getAuthorContext(), getExtent=public com.aventstack.extentreports.ExtentReports com.aventstack.extentreports.model.Test.getExtent(), getParent=public com.aventstack.extentreports.model.Test com.aventstack.extentreports.model.Test.getParent(), getNodeContext=public com.aventstack.extentreports.model.AbstractStructure com.aventstack.extentreports.model.Test.getNodeContext(), getBehaviorDrivenTypeName=public java.lang.String com.aventstack.extentreports.model.Test.getBehaviorDrivenTypeName(), setStatus=public void com.aventstack.extentreports.model.Test.setStatus(com.aventstack.extentreports.Status), setExceptionInfoContext=public void com.aventstack.extentreports.model.Test.setExceptionInfoContext(com.aventstack.extentreports.model.AbstractStructure), getLevel=public int com.aventstack.extentreports.model.Test.getLevel(), deviceContext=freemarker.ext.beans.FastPropertyDescriptor@3e33d73e, setDeviceContext=public void com.aventstack.extentreports.model.Test.setDeviceContext(com.aventstack.extentreports.model.AbstractStructure), getCategoryContext=public com.aventstack.extentreports.model.AbstractStructure com.aventstack.extentreports.model.Test.getCategoryContext(), setScreenCaptureContext=public void com.aventstack.extentreports.model.Test.setScreenCaptureContext(com.aventstack.extentreports.model.AbstractStructure), setEndTime=public void com.aventstack.extentreports.model.Test.setEndTime(java.util.Date), isBehaviorDrivenType=public java.lang.Boolean com.aventstack.extentreports.model.Test.isBehaviorDrivenType(), equals=public boolean java.lang.Object.equals(java.lang.Object), toString=public java.lang.String java.lang.Object.toString(), logContext=freemarker.ext.beans.FastPropertyDescriptor@6981f8f3, endTime=freemarker.ext.beans.FastPropertyDescriptor@5d5c04f9}
DEBUG   16347   [freemark] (): "v3html/category-view/v3-html-category-view.ftl"("en_IN", UTF-8, parsed) cached copy not yet stale; using cached.
DEBUG   16347   [freemark] (): "v3html/exception-view/v3-html-exception-view.ftl"("en_IN", UTF-8, parsed) cached copy not yet stale; using cached.
DEBUG   16347   [freemark] (): "v3html/author-view/v3-html-author-view.ftl"("en_IN", UTF-8, parsed) cached copy not yet stale; using cached.
DEBUG   16347   [freemark] (): "v3html/dashboard-view/v3-html-dashboard-view.ftl"("en_IN", UTF-8, parsed) cached copy not yet stale; using cached.
DEBUG   16347   [freemark] (): "v3html/logs-view/v3-html-testrunner-logs-view.ftl"("en_IN", UTF-8, parsed) cached copy not yet stale; using cached.
]]></system-out>
  </testcase>
  <testcase name="beforeClass" classname="com.cs.arris.Tests.TC01_EC_0001_1201_Disconnect_Bluetooth_On_Mobile_Test" time="0">
    <skipped/>
  </testcase>
  <testcase name="beforeMethod" classname="com.cs.arris.Tests.TC01_EC_0001_1201_Disconnect_Bluetooth_On_Mobile_Test" time="0">
    <skipped/>
  </testcase>
  <testcase name="beforeMethod" classname="com.cs.arris.Tests.TC01_EC_0001_1201_Disconnect_Bluetooth_On_Mobile_Test" time="0">
    <skipped/>
  </testcase>
  <testcase name="EC_0001_1201_Disconnect_Bluetooth_On_Mobile_Test" classname="com.cs.arris.Tests.TC01_EC_0001_1201_Disconnect_Bluetooth_On_Mobile_Test" time="0">
    <skipped/>
  </testcase>
  <testcase name="afterMethod" classname="com.cs.arris.Tests.TC01_EC_0001_1201_Disconnect_Bluetooth_On_Mobile_Test" time="0">
    <skipped/>
  </testcase>
  <testcase name="afterTest" classname="com.cs.arris.Tests.TC01_EC_0001_1201_Disconnect_Bluetooth_On_Mobile_Test" time="0">
    <skipped/>
  </testcase>
  <testcase name="beforeTest" classname="com.cs.arris.Tests.TC51_Signin_And_Onboard_Test" time="0.044">
    <failure type="java.lang.NullPointerException">java.lang.NullPointerException
</failure>
    <system-out><![CDATA[DEBUG   16347   [freemark] (): "v3html/v3-html-index.ftl"("en_IN", UTF-8, parsed) cached copy not yet stale; using cached.
DEBUG   16347   [freemark] (): "commons/commons-variables.ftl"("en_IN", UTF-8, parsed) cached copy not yet stale; using cached.
DEBUG   16347   [freemark] (): "commons/commons-variables.ftl"("en_IN", UTF-8, parsed) cached copy not yet stale; using cached.
DEBUG   16347   [freemark] (): "v3html/v3-html-head.ftl"("en_IN", UTF-8, parsed) cached copy not yet stale; using cached.
DEBUG   16347   [freemark] (): "v3html/v3-html-nav.ftl"("en_IN", UTF-8, parsed) cached copy not yet stale; using cached.
DEBUG   16347   [freemark] (): "v3html/test-view/v3-html-test-view.ftl"("en_IN", UTF-8, parsed) cached copy not yet stale; using cached.
DEBUG   16347   [freemark] (): "v3html/test-view/v3-html-test-view-charts.ftl"("en_IN", UTF-8, parsed) cached copy not yet stale; using cached.
DEBUG   16347   [freemark] (): "v3html/test-view/v3-html-standard.ftl"("en_IN", UTF-8, parsed) cached copy not yet stale; using cached.
DEBUG   16347   [freemark] (): Key "stepName" was not found on instance of com.aventstack.extentreports.model.Log. Introspection information for the class is: {setSequence=public void com.aventstack.extentreports.model.Log.setSequence(int), setExceptionInfo=public void com.aventstack.extentreports.model.Log.setExceptionInfo(com.aventstack.extentreports.model.ExceptionInfo), getClass=public final native java.lang.Class java.lang.Object.getClass(), java.lang.Object@2e1af49b=freemarker.ext.beans.SimpleMethod@4047d2d9, setTest=public void com.aventstack.extentreports.model.Log.setTest(com.aventstack.extentreports.model.Test), getScreenCaptureContext=public com.aventstack.extentreports.model.AbstractStructure com.aventstack.extentreports.model.Log.getScreenCaptureContext(), setObjectId=public void com.aventstack.extentreports.model.Log.setObjectId(org.bson.types.ObjectId), getStatus=public com.aventstack.extentreports.Status com.aventstack.extentreports.model.Log.getStatus(), getTest=public com.aventstack.extentreports.model.Test com.aventstack.extentreports.model.Log.getTest(), getObjectId=public org.bson.types.ObjectId com.aventstack.extentreports.model.Log.getObjectId(), screenCaptureContext=freemarker.ext.beans.FastPropertyDescriptor@48d293ee, getTimestamp=public java.util.Date com.aventstack.extentreports.model.Log.getTimestamp(), hashCode=public native int java.lang.Object.hashCode(), setDetails=public void com.aventstack.extentreports.model.Log.setDetails(java.lang.String), details=freemarker.ext.beans.FastPropertyDescriptor@146dcfe6, class=freemarker.ext.beans.FastPropertyDescriptor@22587507, objectId=freemarker.ext.beans.FastPropertyDescriptor@5c77ba8f, setTimestamp=public void com.aventstack.extentreports.model.Log.setTimestamp(java.util.Date), timestamp=freemarker.ext.beans.FastPropertyDescriptor@660f0c, test=freemarker.ext.beans.FastPropertyDescriptor@7a0ef219, getExceptionInfo=public com.aventstack.extentreports.model.ExceptionInfo com.aventstack.extentreports.model.Log.getExceptionInfo(), getDetails=public java.lang.String com.aventstack.extentreports.model.Log.getDetails(), setStatus=public void com.aventstack.extentreports.model.Log.setStatus(com.aventstack.extentreports.Status), sequence=freemarker.ext.beans.FastPropertyDescriptor@1b1f5012, java.lang.Object@692fd26={public java.lang.String java.lang.Object.toString()=[Ljava.lang.Class;@7add323c, public void com.aventstack.extentreports.model.Log.setScreenCaptureContext(com.aventstack.extentreports.model.AbstractStructure)=[Ljava.lang.Class;@4a734c04, public void com.aventstack.extentreports.model.Log.setDetails(java.lang.String)=[Ljava.lang.Class;@4760f169, public java.util.Date com.aventstack.extentreports.model.Log.getTimestamp()=[Ljava.lang.Class;@261ea657, public int com.aventstack.extentreports.model.Log.getSequence()=[Ljava.lang.Class;@35c12c7a, public void com.aventstack.extentreports.model.Log.setTimestamp(java.util.Date)=[Ljava.lang.Class;@658255aa, public native int java.lang.Object.hashCode()=[Ljava.lang.Class;@25290bca, public boolean java.lang.Object.equals(java.lang.Object)=[Ljava.lang.Class;@76563d26, public void com.aventstack.extentreports.model.Log.setTest(com.aventstack.extentreports.model.Test)=[Ljava.lang.Class;@4ac86d6a, public com.aventstack.extentreports.model.ExceptionInfo com.aventstack.extentreports.model.Log.getExceptionInfo()=[Ljava.lang.Class;@3d904e9c, public com.aventstack.extentreports.model.AbstractStructure com.aventstack.extentreports.model.Log.getScreenCaptureContext()=[Ljava.lang.Class;@508a65bf, public void com.aventstack.extentreports.model.Log.setExceptionInfo(com.aventstack.extentreports.model.ExceptionInfo)=[Ljava.lang.Class;@17f2dd85, public void com.aventstack.extentreports.model.Log.setSequence(int)=[Ljava.lang.Class;@1e58512c, public com.aventstack.extentreports.model.Test com.aventstack.extentreports.model.Log.getTest()=[Ljava.lang.Class;@210308d5, public com.aventstack.extentreports.Status com.aventstack.extentreports.model.Log.getStatus()=[Ljava.lang.Class;@22a736d7, public org.bson.types.ObjectId com.aventstack.extentreports.model.Log.getObjectId()=[Ljava.lang.Class;@23b8d9f3, public void com.aventstack.extentreports.model.Log.setStatus(com.aventstack.extentreports.Status)=[Ljava.lang.Class;@7f353d99, public final native java.lang.Class java.lang.Object.getClass()=[Ljava.lang.Class;@4649d70a, public void com.aventstack.extentreports.model.Log.setObjectId(org.bson.types.ObjectId)=[Ljava.lang.Class;@5d43409a, public java.lang.String com.aventstack.extentreports.model.Log.getDetails()=[Ljava.lang.Class;@38d17d80}, setScreenCaptureContext=public void com.aventstack.extentreports.model.Log.setScreenCaptureContext(com.aventstack.extentreports.model.AbstractStructure), equals=public boolean java.lang.Object.equals(java.lang.Object), toString=public java.lang.String java.lang.Object.toString(), getSequence=public int com.aventstack.extentreports.model.Log.getSequence(), exceptionInfo=freemarker.ext.beans.FastPropertyDescriptor@6ede46f6, status=freemarker.ext.beans.FastPropertyDescriptor@66273da0}
DEBUG   16347   [freemark] (): Key "stepName" was not found on instance of com.aventstack.extentreports.model.Log. Introspection information for the class is: {setSequence=public void com.aventstack.extentreports.model.Log.setSequence(int), setExceptionInfo=public void com.aventstack.extentreports.model.Log.setExceptionInfo(com.aventstack.extentreports.model.ExceptionInfo), getClass=public final native java.lang.Class java.lang.Object.getClass(), java.lang.Object@2e1af49b=freemarker.ext.beans.SimpleMethod@4047d2d9, setTest=public void com.aventstack.extentreports.model.Log.setTest(com.aventstack.extentreports.model.Test), getScreenCaptureContext=public com.aventstack.extentreports.model.AbstractStructure com.aventstack.extentreports.model.Log.getScreenCaptureContext(), setObjectId=public void com.aventstack.extentreports.model.Log.setObjectId(org.bson.types.ObjectId), getStatus=public com.aventstack.extentreports.Status com.aventstack.extentreports.model.Log.getStatus(), getTest=public com.aventstack.extentreports.model.Test com.aventstack.extentreports.model.Log.getTest(), getObjectId=public org.bson.types.ObjectId com.aventstack.extentreports.model.Log.getObjectId(), screenCaptureContext=freemarker.ext.beans.FastPropertyDescriptor@48d293ee, getTimestamp=public java.util.Date com.aventstack.extentreports.model.Log.getTimestamp(), hashCode=public native int java.lang.Object.hashCode(), setDetails=public void com.aventstack.extentreports.model.Log.setDetails(java.lang.String), details=freemarker.ext.beans.FastPropertyDescriptor@146dcfe6, class=freemarker.ext.beans.FastPropertyDescriptor@22587507, objectId=freemarker.ext.beans.FastPropertyDescriptor@5c77ba8f, setTimestamp=public void com.aventstack.extentreports.model.Log.setTimestamp(java.util.Date), timestamp=freemarker.ext.beans.FastPropertyDescriptor@660f0c, test=freemarker.ext.beans.FastPropertyDescriptor@7a0ef219, getExceptionInfo=public com.aventstack.extentreports.model.ExceptionInfo com.aventstack.extentreports.model.Log.getExceptionInfo(), getDetails=public java.lang.String com.aventstack.extentreports.model.Log.getDetails(), setStatus=public void com.aventstack.extentreports.model.Log.setStatus(com.aventstack.extentreports.Status), sequence=freemarker.ext.beans.FastPropertyDescriptor@1b1f5012, java.lang.Object@692fd26={public java.lang.String java.lang.Object.toString()=[Ljava.lang.Class;@7add323c, public void com.aventstack.extentreports.model.Log.setScreenCaptureContext(com.aventstack.extentreports.model.AbstractStructure)=[Ljava.lang.Class;@4a734c04, public void com.aventstack.extentreports.model.Log.setDetails(java.lang.String)=[Ljava.lang.Class;@4760f169, public java.util.Date com.aventstack.extentreports.model.Log.getTimestamp()=[Ljava.lang.Class;@261ea657, public int com.aventstack.extentreports.model.Log.getSequence()=[Ljava.lang.Class;@35c12c7a, public void com.aventstack.extentreports.model.Log.setTimestamp(java.util.Date)=[Ljava.lang.Class;@658255aa, public native int java.lang.Object.hashCode()=[Ljava.lang.Class;@25290bca, public boolean java.lang.Object.equals(java.lang.Object)=[Ljava.lang.Class;@76563d26, public void com.aventstack.extentreports.model.Log.setTest(com.aventstack.extentreports.model.Test)=[Ljava.lang.Class;@4ac86d6a, public com.aventstack.extentreports.model.ExceptionInfo com.aventstack.extentreports.model.Log.getExceptionInfo()=[Ljava.lang.Class;@3d904e9c, public com.aventstack.extentreports.model.AbstractStructure com.aventstack.extentreports.model.Log.getScreenCaptureContext()=[Ljava.lang.Class;@508a65bf, public void com.aventstack.extentreports.model.Log.setExceptionInfo(com.aventstack.extentreports.model.ExceptionInfo)=[Ljava.lang.Class;@17f2dd85, public void com.aventstack.extentreports.model.Log.setSequence(int)=[Ljava.lang.Class;@1e58512c, public com.aventstack.extentreports.model.Test com.aventstack.extentreports.model.Log.getTest()=[Ljava.lang.Class;@210308d5, public com.aventstack.extentreports.Status com.aventstack.extentreports.model.Log.getStatus()=[Ljava.lang.Class;@22a736d7, public org.bson.types.ObjectId com.aventstack.extentreports.model.Log.getObjectId()=[Ljava.lang.Class;@23b8d9f3, public void com.aventstack.extentreports.model.Log.setStatus(com.aventstack.extentreports.Status)=[Ljava.lang.Class;@7f353d99, public final native java.lang.Class java.lang.Object.getClass()=[Ljava.lang.Class;@4649d70a, public void com.aventstack.extentreports.model.Log.setObjectId(org.bson.types.ObjectId)=[Ljava.lang.Class;@5d43409a, public java.lang.String com.aventstack.extentreports.model.Log.getDetails()=[Ljava.lang.Class;@38d17d80}, setScreenCaptureContext=public void com.aventstack.extentreports.model.Log.setScreenCaptureContext(com.aventstack.extentreports.model.AbstractStructure), equals=public boolean java.lang.Object.equals(java.lang.Object), toString=public java.lang.String java.lang.Object.toString(), getSequence=public int com.aventstack.extentreports.model.Log.getSequence(), exceptionInfo=freemarker.ext.beans.FastPropertyDescriptor@6ede46f6, status=freemarker.ext.beans.FastPropertyDescriptor@66273da0}
DEBUG   16347   [freemark] (): Key "screenCaptureList" was not found on instance of com.aventstack.extentreports.model.Test. Introspection information for the class is: {extent=freemarker.ext.beans.FastPropertyDescriptor@e5cbff2, parent=freemarker.ext.beans.FastPropertyDescriptor@51c959a4, getClass=public final native java.lang.Class java.lang.Object.getClass(), java.lang.Object@2e1af49b=freemarker.ext.beans.SimpleMethod@4fc3c165, getName=public java.lang.String com.aventstack.extentreports.model.Test.getName(), getScreenCaptureContext=public com.aventstack.extentreports.model.AbstractStructure com.aventstack.extentreports.model.Test.getScreenCaptureContext(), setAuthorContext=public void com.aventstack.extentreports.model.Test.setAuthorContext(com.aventstack.extentreports.model.AbstractStructure), authorContext=freemarker.ext.beans.FastPropertyDescriptor@65bdd558, getStatus=public com.aventstack.extentreports.Status com.aventstack.extentreports.model.Test.getStatus(), setUsesManualConfiguration=public void com.aventstack.extentreports.model.Test.setUsesManualConfiguration(boolean), setLevel=public void com.aventstack.extentreports.model.Test.setLevel(int), getObjectId=public org.bson.types.ObjectId com.aventstack.extentreports.model.Test.getObjectId(), getEndTime=public java.util.Date com.aventstack.extentreports.model.Test.getEndTime(), isUsesManualConfiguration=public boolean com.aventstack.extentreports.model.Test.isUsesManualConfiguration(), setId=public void com.aventstack.extentreports.model.Test.setId(int), usesManualConfiguration=freemarker.ext.beans.FastPropertyDescriptor@10a0fe30, id=freemarker.ext.beans.FastPropertyDescriptor@7b6860f9, getStartTime=public java.util.Date com.aventstack.extentreports.model.Test.getStartTime(), getExceptionInfoContext=public com.aventstack.extentreports.model.AbstractStructure com.aventstack.extentreports.model.Test.getExceptionInfoContext(), level=freemarker.ext.beans.FastPropertyDescriptor@60f70249, getDeviceContext=public com.aventstack.extentreports.model.AbstractStructure com.aventstack.extentreports.model.Test.getDeviceContext(), getLogContext=public com.aventstack.extentreports.model.AbstractStructure com.aventstack.extentreports.model.Test.getLogContext(), behaviorDrivenTypeName=freemarker.ext.beans.FastPropertyDescriptor@31ee2fdb, java.lang.Object@692fd26={public java.lang.String java.lang.Object.toString()=[Ljava.lang.Class;@262816a8, public int com.aventstack.extentreports.model.Test.getLevel()=[Ljava.lang.Class;@1effd53c, public com.aventstack.extentreports.model.AbstractStructure com.aventstack.extentreports.model.Test.getLogContext()=[Ljava.lang.Class;@46c269e0, public void com.aventstack.extentreports.model.Test.setScreenCaptureContext(com.aventstack.extentreports.model.AbstractStructure)=[Ljava.lang.Class;@6920614, public void com.aventstack.extentreports.model.Test.setEndTime(java.util.Date)=[Ljava.lang.Class;@6069dd38, public java.lang.Boolean com.aventstack.extentreports.model.Test.isBehaviorDrivenType()=[Ljava.lang.Class;@5fa23c, public com.aventstack.extentreports.model.AbstractStructure com.aventstack.extentreports.model.Test.getCategoryContext()=[Ljava.lang.Class;@558756be, public void com.aventstack.extentreports.model.Test.setDeviceContext(com.aventstack.extentreports.model.AbstractStructure)=[Ljava.lang.Class;@433348bc, public java.lang.Class com.aventstack.extentreports.model.Test.getBddType()=[Ljava.lang.Class;@6d1dcdff, public boolean java.lang.Object.equals(java.lang.Object)=[Ljava.lang.Class;@102ecc22, public com.aventstack.extentreports.model.Test com.aventstack.extentreports.model.Test.getParent()=[Ljava.lang.Class;@7ff35a3f, public com.aventstack.extentreports.model.AbstractStructure com.aventstack.extentreports.model.Test.getNodeContext()=[Ljava.lang.Class;@26dc9bd5, public com.aventstack.extentreports.ExtentReports com.aventstack.extentreports.model.Test.getExtent()=[Ljava.lang.Class;@252dc8c4, public com.aventstack.extentreports.model.AbstractStructure com.aventstack.extentreports.model.Test.getAuthorContext()=[Ljava.lang.Class;@43045f9f, public com.aventstack.extentreports.model.AbstractStructure com.aventstack.extentreports.model.Test.getExceptionInfoContext()=[Ljava.lang.Class;@2643d762, public java.lang.String com.aventstack.extentreports.model.Test.getBehaviorDrivenTypeName()=[Ljava.lang.Class;@6403e24c, public com.aventstack.extentreports.model.AbstractStructure com.aventstack.extentreports.model.Test.getDeviceContext()=[Ljava.lang.Class;@2f236de0, public void com.aventstack.extentreports.model.Test.setExceptionInfoContext(com.aventstack.extentreports.model.AbstractStructure)=[Ljava.lang.Class;@4eba373c, public void com.aventstack.extentreports.model.Test.setStatus(com.aventstack.extentreports.Status)=[Ljava.lang.Class;@767a014e, public java.util.Date com.aventstack.extentreports.model.Test.getEndTime()=[Ljava.lang.Class;@d109c4f, public void com.aventstack.extentreports.model.Test.setNodeContext(com.aventstack.extentreports.model.AbstractStructure)=[Ljava.lang.Class;@3968bc60, public void com.aventstack.extentreports.model.Test.setBddType(java.lang.Class)=[Ljava.lang.Class;@26f46fa6, public boolean com.aventstack.extentreports.model.Test.isUsesManualConfiguration()=[Ljava.lang.Class;@227a47, public void com.aventstack.extentreports.model.Test.setStartTime(java.util.Date)=[Ljava.lang.Class;@9596ce8, public void com.aventstack.extentreports.model.Test.setParent(com.aventstack.extentreports.model.Test)=[Ljava.lang.Class;@75ae4a1f, public void com.aventstack.extentreports.model.Test.setExtent(com.aventstack.extentreports.ExtentReports)=[Ljava.lang.Class;@70228253, public java.util.Date com.aventstack.extentreports.model.Test.getStartTime()=[Ljava.lang.Class;@63c12e52, public void com.aventstack.extentreports.model.Test.end()=[Ljava.lang.Class;@21bd20ee, public void com.aventstack.extentreports.model.Test.setId(int)=[Ljava.lang.Class;@26c47874, public void com.aventstack.extentreports.model.Test.setLogContext(com.aventstack.extentreports.model.AbstractStructure)=[Ljava.lang.Class;@421056e5, public native int java.lang.Object.hashCode()=[Ljava.lang.Class;@2849434b, public java.lang.String com.aventstack.extentreports.model.Test.getName()=[Ljava.lang.Class;@60bbacfc, public void com.aventstack.extentreports.model.Test.setName(java.lang.String)=[Ljava.lang.Class;@65b97f47, public void com.aventstack.extentreports.model.Test.computeEndTimeFromChildren()=[Ljava.lang.Class;@255eaa6b, public void com.aventstack.extentreports.model.Test.setAuthorContext(com.aventstack.extentreports.model.AbstractStructure)=[Ljava.lang.Class;@476fe690, public com.aventstack.extentreports.model.AbstractStructure com.aventstack.extentreports.model.Test.getScreenCaptureContext()=[Ljava.lang.Class;@7a0e7ecd, public void com.aventstack.extentreports.model.Test.setObjectId(org.bson.types.ObjectId)=[Ljava.lang.Class;@54e3658c, public void com.aventstack.extentreports.model.Test.setDescription(java.lang.String)=[Ljava.lang.Class;@43e9089, public void com.aventstack.extentreports.model.Test.setCategoryContext(com.aventstack.extentreports.model.AbstractStructure)=[Ljava.lang.Class;@3c5dbdf8, public int com.aventstack.extentreports.model.Test.getId()=[Ljava.lang.Class;@352c44a8, public final native java.lang.Class java.lang.Object.getClass()=[Ljava.lang.Class;@7aac8884, public void com.aventstack.extentreports.model.Test.setLevel(int)=[Ljava.lang.Class;@a66e580, public org.bson.types.ObjectId com.aventstack.extentreports.model.Test.getObjectId()=[Ljava.lang.Class;@5b852b49, public java.lang.String com.aventstack.extentreports.model.Test.getDescription()=[Ljava.lang.Class;@cdb2d95, public void com.aventstack.extentreports.model.Test.setUsesManualConfiguration(boolean)=[Ljava.lang.Class;@122d6c22, public com.aventstack.extentreports.Status com.aventstack.extentreports.model.Test.getStatus()=[Ljava.lang.Class;@2f5ac102}, name=freemarker.ext.beans.FastPropertyDescriptor@73c9e8e8, getBddType=public java.lang.Class com.aventstack.extentreports.model.Test.getBddType(), status=freemarker.ext.beans.FastPropertyDescriptor@1deceb67, setName=public void com.aventstack.extentreports.model.Test.setName(java.lang.String), computeEndTimeFromChildren=public void com.aventstack.extentreports.model.Test.computeEndTimeFromChildren(), description=freemarker.ext.beans.FastPropertyDescriptor@277bf091, getId=public int com.aventstack.extentreports.model.Test.getId(), setObjectId=public void com.aventstack.extentreports.model.Test.setObjectId(org.bson.types.ObjectId), setDescription=public void com.aventstack.extentreports.model.Test.setDescription(java.lang.String), setCategoryContext=public void com.aventstack.extentreports.model.Test.setCategoryContext(com.aventstack.extentreports.model.AbstractStructure), bddType=freemarker.ext.beans.FastPropertyDescriptor@5df778c3, getDescription=public java.lang.String com.aventstack.extentreports.model.Test.getDescription(), exceptionInfoContext=freemarker.ext.beans.FastPropertyDescriptor@895416d, setNodeContext=public void com.aventstack.extentreports.model.Test.setNodeContext(com.aventstack.extentreports.model.AbstractStructure), nodeContext=freemarker.ext.beans.FastPropertyDescriptor@71a06021, screenCaptureContext=freemarker.ext.beans.FastPropertyDescriptor@80bfdc6, setBddType=public void com.aventstack.extentreports.model.Test.setBddType(java.lang.Class), hashCode=public native int java.lang.Object.hashCode(), setLogContext=public void com.aventstack.extentreports.model.Test.setLogContext(com.aventstack.extentreports.model.AbstractStructure), startTime=freemarker.ext.beans.FastPropertyDescriptor@de8039f, end=public void com.aventstack.extentreports.model.Test.end(), setStartTime=public void com.aventstack.extentreports.model.Test.setStartTime(java.util.Date), setParent=public void com.aventstack.extentreports.model.Test.setParent(com.aventstack.extentreports.model.Test), setExtent=public void com.aventstack.extentreports.model.Test.setExtent(com.aventstack.extentreports.ExtentReports), class=freemarker.ext.beans.FastPropertyDescriptor@6edcad64, categoryContext=freemarker.ext.beans.FastPropertyDescriptor@fab35b1, objectId=freemarker.ext.beans.FastPropertyDescriptor@4c6007fb, getAuthorContext=public com.aventstack.extentreports.model.AbstractStructure com.aventstack.extentreports.model.Test.getAuthorContext(), getExtent=public com.aventstack.extentreports.ExtentReports com.aventstack.extentreports.model.Test.getExtent(), getParent=public com.aventstack.extentreports.model.Test com.aventstack.extentreports.model.Test.getParent(), getNodeContext=public com.aventstack.extentreports.model.AbstractStructure com.aventstack.extentreports.model.Test.getNodeContext(), getBehaviorDrivenTypeName=public java.lang.String com.aventstack.extentreports.model.Test.getBehaviorDrivenTypeName(), setStatus=public void com.aventstack.extentreports.model.Test.setStatus(com.aventstack.extentreports.Status), setExceptionInfoContext=public void com.aventstack.extentreports.model.Test.setExceptionInfoContext(com.aventstack.extentreports.model.AbstractStructure), getLevel=public int com.aventstack.extentreports.model.Test.getLevel(), deviceContext=freemarker.ext.beans.FastPropertyDescriptor@3e33d73e, setDeviceContext=public void com.aventstack.extentreports.model.Test.setDeviceContext(com.aventstack.extentreports.model.AbstractStructure), getCategoryContext=public com.aventstack.extentreports.model.AbstractStructure com.aventstack.extentreports.model.Test.getCategoryContext(), setScreenCaptureContext=public void com.aventstack.extentreports.model.Test.setScreenCaptureContext(com.aventstack.extentreports.model.AbstractStructure), setEndTime=public void com.aventstack.extentreports.model.Test.setEndTime(java.util.Date), isBehaviorDrivenType=public java.lang.Boolean com.aventstack.extentreports.model.Test.isBehaviorDrivenType(), equals=public boolean java.lang.Object.equals(java.lang.Object), toString=public java.lang.String java.lang.Object.toString(), logContext=freemarker.ext.beans.FastPropertyDescriptor@6981f8f3, endTime=freemarker.ext.beans.FastPropertyDescriptor@5d5c04f9}
DEBUG   16347   [freemark] (): "v3html/test-view/v3-html-standard.ftl"("en_IN", UTF-8, parsed) cached copy not yet stale; using cached.
DEBUG   16347   [freemark] (): Key "stepName" was not found on instance of com.aventstack.extentreports.model.Log. Introspection information for the class is: {setSequence=public void com.aventstack.extentreports.model.Log.setSequence(int), setExceptionInfo=public void com.aventstack.extentreports.model.Log.setExceptionInfo(com.aventstack.extentreports.model.ExceptionInfo), getClass=public final native java.lang.Class java.lang.Object.getClass(), java.lang.Object@2e1af49b=freemarker.ext.beans.SimpleMethod@4047d2d9, setTest=public void com.aventstack.extentreports.model.Log.setTest(com.aventstack.extentreports.model.Test), getScreenCaptureContext=public com.aventstack.extentreports.model.AbstractStructure com.aventstack.extentreports.model.Log.getScreenCaptureContext(), setObjectId=public void com.aventstack.extentreports.model.Log.setObjectId(org.bson.types.ObjectId), getStatus=public com.aventstack.extentreports.Status com.aventstack.extentreports.model.Log.getStatus(), getTest=public com.aventstack.extentreports.model.Test com.aventstack.extentreports.model.Log.getTest(), getObjectId=public org.bson.types.ObjectId com.aventstack.extentreports.model.Log.getObjectId(), screenCaptureContext=freemarker.ext.beans.FastPropertyDescriptor@48d293ee, getTimestamp=public java.util.Date com.aventstack.extentreports.model.Log.getTimestamp(), hashCode=public native int java.lang.Object.hashCode(), setDetails=public void com.aventstack.extentreports.model.Log.setDetails(java.lang.String), details=freemarker.ext.beans.FastPropertyDescriptor@146dcfe6, class=freemarker.ext.beans.FastPropertyDescriptor@22587507, objectId=freemarker.ext.beans.FastPropertyDescriptor@5c77ba8f, setTimestamp=public void com.aventstack.extentreports.model.Log.setTimestamp(java.util.Date), timestamp=freemarker.ext.beans.FastPropertyDescriptor@660f0c, test=freemarker.ext.beans.FastPropertyDescriptor@7a0ef219, getExceptionInfo=public com.aventstack.extentreports.model.ExceptionInfo com.aventstack.extentreports.model.Log.getExceptionInfo(), getDetails=public java.lang.String com.aventstack.extentreports.model.Log.getDetails(), setStatus=public void com.aventstack.extentreports.model.Log.setStatus(com.aventstack.extentreports.Status), sequence=freemarker.ext.beans.FastPropertyDescriptor@1b1f5012, java.lang.Object@692fd26={public java.lang.String java.lang.Object.toString()=[Ljava.lang.Class;@7add323c, public void com.aventstack.extentreports.model.Log.setScreenCaptureContext(com.aventstack.extentreports.model.AbstractStructure)=[Ljava.lang.Class;@4a734c04, public void com.aventstack.extentreports.model.Log.setDetails(java.lang.String)=[Ljava.lang.Class;@4760f169, public java.util.Date com.aventstack.extentreports.model.Log.getTimestamp()=[Ljava.lang.Class;@261ea657, public int com.aventstack.extentreports.model.Log.getSequence()=[Ljava.lang.Class;@35c12c7a, public void com.aventstack.extentreports.model.Log.setTimestamp(java.util.Date)=[Ljava.lang.Class;@658255aa, public native int java.lang.Object.hashCode()=[Ljava.lang.Class;@25290bca, public boolean java.lang.Object.equals(java.lang.Object)=[Ljava.lang.Class;@76563d26, public void com.aventstack.extentreports.model.Log.setTest(com.aventstack.extentreports.model.Test)=[Ljava.lang.Class;@4ac86d6a, public com.aventstack.extentreports.model.ExceptionInfo com.aventstack.extentreports.model.Log.getExceptionInfo()=[Ljava.lang.Class;@3d904e9c, public com.aventstack.extentreports.model.AbstractStructure com.aventstack.extentreports.model.Log.getScreenCaptureContext()=[Ljava.lang.Class;@508a65bf, public void com.aventstack.extentreports.model.Log.setExceptionInfo(com.aventstack.extentreports.model.ExceptionInfo)=[Ljava.lang.Class;@17f2dd85, public void com.aventstack.extentreports.model.Log.setSequence(int)=[Ljava.lang.Class;@1e58512c, public com.aventstack.extentreports.model.Test com.aventstack.extentreports.model.Log.getTest()=[Ljava.lang.Class;@210308d5, public com.aventstack.extentreports.Status com.aventstack.extentreports.model.Log.getStatus()=[Ljava.lang.Class;@22a736d7, public org.bson.types.ObjectId com.aventstack.extentreports.model.Log.getObjectId()=[Ljava.lang.Class;@23b8d9f3, public void com.aventstack.extentreports.model.Log.setStatus(com.aventstack.extentreports.Status)=[Ljava.lang.Class;@7f353d99, public final native java.lang.Class java.lang.Object.getClass()=[Ljava.lang.Class;@4649d70a, public void com.aventstack.extentreports.model.Log.setObjectId(org.bson.types.ObjectId)=[Ljava.lang.Class;@5d43409a, public java.lang.String com.aventstack.extentreports.model.Log.getDetails()=[Ljava.lang.Class;@38d17d80}, setScreenCaptureContext=public void com.aventstack.extentreports.model.Log.setScreenCaptureContext(com.aventstack.extentreports.model.AbstractStructure), equals=public boolean java.lang.Object.equals(java.lang.Object), toString=public java.lang.String java.lang.Object.toString(), getSequence=public int com.aventstack.extentreports.model.Log.getSequence(), exceptionInfo=freemarker.ext.beans.FastPropertyDescriptor@6ede46f6, status=freemarker.ext.beans.FastPropertyDescriptor@66273da0}
DEBUG   16347   [freemark] (): Key "stepName" was not found on instance of com.aventstack.extentreports.model.Log. Introspection information for the class is: {setSequence=public void com.aventstack.extentreports.model.Log.setSequence(int), setExceptionInfo=public void com.aventstack.extentreports.model.Log.setExceptionInfo(com.aventstack.extentreports.model.ExceptionInfo), getClass=public final native java.lang.Class java.lang.Object.getClass(), java.lang.Object@2e1af49b=freemarker.ext.beans.SimpleMethod@4047d2d9, setTest=public void com.aventstack.extentreports.model.Log.setTest(com.aventstack.extentreports.model.Test), getScreenCaptureContext=public com.aventstack.extentreports.model.AbstractStructure com.aventstack.extentreports.model.Log.getScreenCaptureContext(), setObjectId=public void com.aventstack.extentreports.model.Log.setObjectId(org.bson.types.ObjectId), getStatus=public com.aventstack.extentreports.Status com.aventstack.extentreports.model.Log.getStatus(), getTest=public com.aventstack.extentreports.model.Test com.aventstack.extentreports.model.Log.getTest(), getObjectId=public org.bson.types.ObjectId com.aventstack.extentreports.model.Log.getObjectId(), screenCaptureContext=freemarker.ext.beans.FastPropertyDescriptor@48d293ee, getTimestamp=public java.util.Date com.aventstack.extentreports.model.Log.getTimestamp(), hashCode=public native int java.lang.Object.hashCode(), setDetails=public void com.aventstack.extentreports.model.Log.setDetails(java.lang.String), details=freemarker.ext.beans.FastPropertyDescriptor@146dcfe6, class=freemarker.ext.beans.FastPropertyDescriptor@22587507, objectId=freemarker.ext.beans.FastPropertyDescriptor@5c77ba8f, setTimestamp=public void com.aventstack.extentreports.model.Log.setTimestamp(java.util.Date), timestamp=freemarker.ext.beans.FastPropertyDescriptor@660f0c, test=freemarker.ext.beans.FastPropertyDescriptor@7a0ef219, getExceptionInfo=public com.aventstack.extentreports.model.ExceptionInfo com.aventstack.extentreports.model.Log.getExceptionInfo(), getDetails=public java.lang.String com.aventstack.extentreports.model.Log.getDetails(), setStatus=public void com.aventstack.extentreports.model.Log.setStatus(com.aventstack.extentreports.Status), sequence=freemarker.ext.beans.FastPropertyDescriptor@1b1f5012, java.lang.Object@692fd26={public java.lang.String java.lang.Object.toString()=[Ljava.lang.Class;@7add323c, public void com.aventstack.extentreports.model.Log.setScreenCaptureContext(com.aventstack.extentreports.model.AbstractStructure)=[Ljava.lang.Class;@4a734c04, public void com.aventstack.extentreports.model.Log.setDetails(java.lang.String)=[Ljava.lang.Class;@4760f169, public java.util.Date com.aventstack.extentreports.model.Log.getTimestamp()=[Ljava.lang.Class;@261ea657, public int com.aventstack.extentreports.model.Log.getSequence()=[Ljava.lang.Class;@35c12c7a, public void com.aventstack.extentreports.model.Log.setTimestamp(java.util.Date)=[Ljava.lang.Class;@658255aa, public native int java.lang.Object.hashCode()=[Ljava.lang.Class;@25290bca, public boolean java.lang.Object.equals(java.lang.Object)=[Ljava.lang.Class;@76563d26, public void com.aventstack.extentreports.model.Log.setTest(com.aventstack.extentreports.model.Test)=[Ljava.lang.Class;@4ac86d6a, public com.aventstack.extentreports.model.ExceptionInfo com.aventstack.extentreports.model.Log.getExceptionInfo()=[Ljava.lang.Class;@3d904e9c, public com.aventstack.extentreports.model.AbstractStructure com.aventstack.extentreports.model.Log.getScreenCaptureContext()=[Ljava.lang.Class;@508a65bf, public void com.aventstack.extentreports.model.Log.setExceptionInfo(com.aventstack.extentreports.model.ExceptionInfo)=[Ljava.lang.Class;@17f2dd85, public void com.aventstack.extentreports.model.Log.setSequence(int)=[Ljava.lang.Class;@1e58512c, public com.aventstack.extentreports.model.Test com.aventstack.extentreports.model.Log.getTest()=[Ljava.lang.Class;@210308d5, public com.aventstack.extentreports.Status com.aventstack.extentreports.model.Log.getStatus()=[Ljava.lang.Class;@22a736d7, public org.bson.types.ObjectId com.aventstack.extentreports.model.Log.getObjectId()=[Ljava.lang.Class;@23b8d9f3, public void com.aventstack.extentreports.model.Log.setStatus(com.aventstack.extentreports.Status)=[Ljava.lang.Class;@7f353d99, public final native java.lang.Class java.lang.Object.getClass()=[Ljava.lang.Class;@4649d70a, public void com.aventstack.extentreports.model.Log.setObjectId(org.bson.types.ObjectId)=[Ljava.lang.Class;@5d43409a, public java.lang.String com.aventstack.extentreports.model.Log.getDetails()=[Ljava.lang.Class;@38d17d80}, setScreenCaptureContext=public void com.aventstack.extentreports.model.Log.setScreenCaptureContext(com.aventstack.extentreports.model.AbstractStructure), equals=public boolean java.lang.Object.equals(java.lang.Object), toString=public java.lang.String java.lang.Object.toString(), getSequence=public int com.aventstack.extentreports.model.Log.getSequence(), exceptionInfo=freemarker.ext.beans.FastPropertyDescriptor@6ede46f6, status=freemarker.ext.beans.FastPropertyDescriptor@66273da0}
DEBUG   16347   [freemark] (): Key "screenCaptureList" was not found on instance of com.aventstack.extentreports.model.Test. Introspection information for the class is: {extent=freemarker.ext.beans.FastPropertyDescriptor@e5cbff2, parent=freemarker.ext.beans.FastPropertyDescriptor@51c959a4, getClass=public final native java.lang.Class java.lang.Object.getClass(), java.lang.Object@2e1af49b=freemarker.ext.beans.SimpleMethod@4fc3c165, getName=public java.lang.String com.aventstack.extentreports.model.Test.getName(), getScreenCaptureContext=public com.aventstack.extentreports.model.AbstractStructure com.aventstack.extentreports.model.Test.getScreenCaptureContext(), setAuthorContext=public void com.aventstack.extentreports.model.Test.setAuthorContext(com.aventstack.extentreports.model.AbstractStructure), authorContext=freemarker.ext.beans.FastPropertyDescriptor@65bdd558, getStatus=public com.aventstack.extentreports.Status com.aventstack.extentreports.model.Test.getStatus(), setUsesManualConfiguration=public void com.aventstack.extentreports.model.Test.setUsesManualConfiguration(boolean), setLevel=public void com.aventstack.extentreports.model.Test.setLevel(int), getObjectId=public org.bson.types.ObjectId com.aventstack.extentreports.model.Test.getObjectId(), getEndTime=public java.util.Date com.aventstack.extentreports.model.Test.getEndTime(), isUsesManualConfiguration=public boolean com.aventstack.extentreports.model.Test.isUsesManualConfiguration(), setId=public void com.aventstack.extentreports.model.Test.setId(int), usesManualConfiguration=freemarker.ext.beans.FastPropertyDescriptor@10a0fe30, id=freemarker.ext.beans.FastPropertyDescriptor@7b6860f9, getStartTime=public java.util.Date com.aventstack.extentreports.model.Test.getStartTime(), getExceptionInfoContext=public com.aventstack.extentreports.model.AbstractStructure com.aventstack.extentreports.model.Test.getExceptionInfoContext(), level=freemarker.ext.beans.FastPropertyDescriptor@60f70249, getDeviceContext=public com.aventstack.extentreports.model.AbstractStructure com.aventstack.extentreports.model.Test.getDeviceContext(), getLogContext=public com.aventstack.extentreports.model.AbstractStructure com.aventstack.extentreports.model.Test.getLogContext(), behaviorDrivenTypeName=freemarker.ext.beans.FastPropertyDescriptor@31ee2fdb, java.lang.Object@692fd26={public java.lang.String java.lang.Object.toString()=[Ljava.lang.Class;@262816a8, public int com.aventstack.extentreports.model.Test.getLevel()=[Ljava.lang.Class;@1effd53c, public com.aventstack.extentreports.model.AbstractStructure com.aventstack.extentreports.model.Test.getLogContext()=[Ljava.lang.Class;@46c269e0, public void com.aventstack.extentreports.model.Test.setScreenCaptureContext(com.aventstack.extentreports.model.AbstractStructure)=[Ljava.lang.Class;@6920614, public void com.aventstack.extentreports.model.Test.setEndTime(java.util.Date)=[Ljava.lang.Class;@6069dd38, public java.lang.Boolean com.aventstack.extentreports.model.Test.isBehaviorDrivenType()=[Ljava.lang.Class;@5fa23c, public com.aventstack.extentreports.model.AbstractStructure com.aventstack.extentreports.model.Test.getCategoryContext()=[Ljava.lang.Class;@558756be, public void com.aventstack.extentreports.model.Test.setDeviceContext(com.aventstack.extentreports.model.AbstractStructure)=[Ljava.lang.Class;@433348bc, public java.lang.Class com.aventstack.extentreports.model.Test.getBddType()=[Ljava.lang.Class;@6d1dcdff, public boolean java.lang.Object.equals(java.lang.Object)=[Ljava.lang.Class;@102ecc22, public com.aventstack.extentreports.model.Test com.aventstack.extentreports.model.Test.getParent()=[Ljava.lang.Class;@7ff35a3f, public com.aventstack.extentreports.model.AbstractStructure com.aventstack.extentreports.model.Test.getNodeContext()=[Ljava.lang.Class;@26dc9bd5, public com.aventstack.extentreports.ExtentReports com.aventstack.extentreports.model.Test.getExtent()=[Ljava.lang.Class;@252dc8c4, public com.aventstack.extentreports.model.AbstractStructure com.aventstack.extentreports.model.Test.getAuthorContext()=[Ljava.lang.Class;@43045f9f, public com.aventstack.extentreports.model.AbstractStructure com.aventstack.extentreports.model.Test.getExceptionInfoContext()=[Ljava.lang.Class;@2643d762, public java.lang.String com.aventstack.extentreports.model.Test.getBehaviorDrivenTypeName()=[Ljava.lang.Class;@6403e24c, public com.aventstack.extentreports.model.AbstractStructure com.aventstack.extentreports.model.Test.getDeviceContext()=[Ljava.lang.Class;@2f236de0, public void com.aventstack.extentreports.model.Test.setExceptionInfoContext(com.aventstack.extentreports.model.AbstractStructure)=[Ljava.lang.Class;@4eba373c, public void com.aventstack.extentreports.model.Test.setStatus(com.aventstack.extentreports.Status)=[Ljava.lang.Class;@767a014e, public java.util.Date com.aventstack.extentreports.model.Test.getEndTime()=[Ljava.lang.Class;@d109c4f, public void com.aventstack.extentreports.model.Test.setNodeContext(com.aventstack.extentreports.model.AbstractStructure)=[Ljava.lang.Class;@3968bc60, public void com.aventstack.extentreports.model.Test.setBddType(java.lang.Class)=[Ljava.lang.Class;@26f46fa6, public boolean com.aventstack.extentreports.model.Test.isUsesManualConfiguration()=[Ljava.lang.Class;@227a47, public void com.aventstack.extentreports.model.Test.setStartTime(java.util.Date)=[Ljava.lang.Class;@9596ce8, public void com.aventstack.extentreports.model.Test.setParent(com.aventstack.extentreports.model.Test)=[Ljava.lang.Class;@75ae4a1f, public void com.aventstack.extentreports.model.Test.setExtent(com.aventstack.extentreports.ExtentReports)=[Ljava.lang.Class;@70228253, public java.util.Date com.aventstack.extentreports.model.Test.getStartTime()=[Ljava.lang.Class;@63c12e52, public void com.aventstack.extentreports.model.Test.end()=[Ljava.lang.Class;@21bd20ee, public void com.aventstack.extentreports.model.Test.setId(int)=[Ljava.lang.Class;@26c47874, public void com.aventstack.extentreports.model.Test.setLogContext(com.aventstack.extentreports.model.AbstractStructure)=[Ljava.lang.Class;@421056e5, public native int java.lang.Object.hashCode()=[Ljava.lang.Class;@2849434b, public java.lang.String com.aventstack.extentreports.model.Test.getName()=[Ljava.lang.Class;@60bbacfc, public void com.aventstack.extentreports.model.Test.setName(java.lang.String)=[Ljava.lang.Class;@65b97f47, public void com.aventstack.extentreports.model.Test.computeEndTimeFromChildren()=[Ljava.lang.Class;@255eaa6b, public void com.aventstack.extentreports.model.Test.setAuthorContext(com.aventstack.extentreports.model.AbstractStructure)=[Ljava.lang.Class;@476fe690, public com.aventstack.extentreports.model.AbstractStructure com.aventstack.extentreports.model.Test.getScreenCaptureContext()=[Ljava.lang.Class;@7a0e7ecd, public void com.aventstack.extentreports.model.Test.setObjectId(org.bson.types.ObjectId)=[Ljava.lang.Class;@54e3658c, public void com.aventstack.extentreports.model.Test.setDescription(java.lang.String)=[Ljava.lang.Class;@43e9089, public void com.aventstack.extentreports.model.Test.setCategoryContext(com.aventstack.extentreports.model.AbstractStructure)=[Ljava.lang.Class;@3c5dbdf8, public int com.aventstack.extentreports.model.Test.getId()=[Ljava.lang.Class;@352c44a8, public final native java.lang.Class java.lang.Object.getClass()=[Ljava.lang.Class;@7aac8884, public void com.aventstack.extentreports.model.Test.setLevel(int)=[Ljava.lang.Class;@a66e580, public org.bson.types.ObjectId com.aventstack.extentreports.model.Test.getObjectId()=[Ljava.lang.Class;@5b852b49, public java.lang.String com.aventstack.extentreports.model.Test.getDescription()=[Ljava.lang.Class;@cdb2d95, public void com.aventstack.extentreports.model.Test.setUsesManualConfiguration(boolean)=[Ljava.lang.Class;@122d6c22, public com.aventstack.extentreports.Status com.aventstack.extentreports.model.Test.getStatus()=[Ljava.lang.Class;@2f5ac102}, name=freemarker.ext.beans.FastPropertyDescriptor@73c9e8e8, getBddType=public java.lang.Class com.aventstack.extentreports.model.Test.getBddType(), status=freemarker.ext.beans.FastPropertyDescriptor@1deceb67, setName=public void com.aventstack.extentreports.model.Test.setName(java.lang.String), computeEndTimeFromChildren=public void com.aventstack.extentreports.model.Test.computeEndTimeFromChildren(), description=freemarker.ext.beans.FastPropertyDescriptor@277bf091, getId=public int com.aventstack.extentreports.model.Test.getId(), setObjectId=public void com.aventstack.extentreports.model.Test.setObjectId(org.bson.types.ObjectId), setDescription=public void com.aventstack.extentreports.model.Test.setDescription(java.lang.String), setCategoryContext=public void com.aventstack.extentreports.model.Test.setCategoryContext(com.aventstack.extentreports.model.AbstractStructure), bddType=freemarker.ext.beans.FastPropertyDescriptor@5df778c3, getDescription=public java.lang.String com.aventstack.extentreports.model.Test.getDescription(), exceptionInfoContext=freemarker.ext.beans.FastPropertyDescriptor@895416d, setNodeContext=public void com.aventstack.extentreports.model.Test.setNodeContext(com.aventstack.extentreports.model.AbstractStructure), nodeContext=freemarker.ext.beans.FastPropertyDescriptor@71a06021, screenCaptureContext=freemarker.ext.beans.FastPropertyDescriptor@80bfdc6, setBddType=public void com.aventstack.extentreports.model.Test.setBddType(java.lang.Class), hashCode=public native int java.lang.Object.hashCode(), setLogContext=public void com.aventstack.extentreports.model.Test.setLogContext(com.aventstack.extentreports.model.AbstractStructure), startTime=freemarker.ext.beans.FastPropertyDescriptor@de8039f, end=public void com.aventstack.extentreports.model.Test.end(), setStartTime=public void com.aventstack.extentreports.model.Test.setStartTime(java.util.Date), setParent=public void com.aventstack.extentreports.model.Test.setParent(com.aventstack.extentreports.model.Test), setExtent=public void com.aventstack.extentreports.model.Test.setExtent(com.aventstack.extentreports.ExtentReports), class=freemarker.ext.beans.FastPropertyDescriptor@6edcad64, categoryContext=freemarker.ext.beans.FastPropertyDescriptor@fab35b1, objectId=freemarker.ext.beans.FastPropertyDescriptor@4c6007fb, getAuthorContext=public com.aventstack.extentreports.model.AbstractStructure com.aventstack.extentreports.model.Test.getAuthorContext(), getExtent=public com.aventstack.extentreports.ExtentReports com.aventstack.extentreports.model.Test.getExtent(), getParent=public com.aventstack.extentreports.model.Test com.aventstack.extentreports.model.Test.getParent(), getNodeContext=public com.aventstack.extentreports.model.AbstractStructure com.aventstack.extentreports.model.Test.getNodeContext(), getBehaviorDrivenTypeName=public java.lang.String com.aventstack.extentreports.model.Test.getBehaviorDrivenTypeName(), setStatus=public void com.aventstack.extentreports.model.Test.setStatus(com.aventstack.extentreports.Status), setExceptionInfoContext=public void com.aventstack.extentreports.model.Test.setExceptionInfoContext(com.aventstack.extentreports.model.AbstractStructure), getLevel=public int com.aventstack.extentreports.model.Test.getLevel(), deviceContext=freemarker.ext.beans.FastPropertyDescriptor@3e33d73e, setDeviceContext=public void com.aventstack.extentreports.model.Test.setDeviceContext(com.aventstack.extentreports.model.AbstractStructure), getCategoryContext=public com.aventstack.extentreports.model.AbstractStructure com.aventstack.extentreports.model.Test.getCategoryContext(), setScreenCaptureContext=public void com.aventstack.extentreports.model.Test.setScreenCaptureContext(com.aventstack.extentreports.model.AbstractStructure), setEndTime=public void com.aventstack.extentreports.model.Test.setEndTime(java.util.Date), isBehaviorDrivenType=public java.lang.Boolean com.aventstack.extentreports.model.Test.isBehaviorDrivenType(), equals=public boolean java.lang.Object.equals(java.lang.Object), toString=public java.lang.String java.lang.Object.toString(), logContext=freemarker.ext.beans.FastPropertyDescriptor@6981f8f3, endTime=freemarker.ext.beans.FastPropertyDescriptor@5d5c04f9}
DEBUG   16347   [freemark] (): "v3html/test-view/v3-html-standard.ftl"("en_IN", UTF-8, parsed) cached copy not yet stale; using cached.
DEBUG   16347   [freemark] (): Key "stepName" was not found on instance of com.aventstack.extentreports.model.Log. Introspection information for the class is: {setSequence=public void com.aventstack.extentreports.model.Log.setSequence(int), setExceptionInfo=public void com.aventstack.extentreports.model.Log.setExceptionInfo(com.aventstack.extentreports.model.ExceptionInfo), getClass=public final native java.lang.Class java.lang.Object.getClass(), java.lang.Object@2e1af49b=freemarker.ext.beans.SimpleMethod@4047d2d9, setTest=public void com.aventstack.extentreports.model.Log.setTest(com.aventstack.extentreports.model.Test), getScreenCaptureContext=public com.aventstack.extentreports.model.AbstractStructure com.aventstack.extentreports.model.Log.getScreenCaptureContext(), setObjectId=public void com.aventstack.extentreports.model.Log.setObjectId(org.bson.types.ObjectId), getStatus=public com.aventstack.extentreports.Status com.aventstack.extentreports.model.Log.getStatus(), getTest=public com.aventstack.extentreports.model.Test com.aventstack.extentreports.model.Log.getTest(), getObjectId=public org.bson.types.ObjectId com.aventstack.extentreports.model.Log.getObjectId(), screenCaptureContext=freemarker.ext.beans.FastPropertyDescriptor@48d293ee, getTimestamp=public java.util.Date com.aventstack.extentreports.model.Log.getTimestamp(), hashCode=public native int java.lang.Object.hashCode(), setDetails=public void com.aventstack.extentreports.model.Log.setDetails(java.lang.String), details=freemarker.ext.beans.FastPropertyDescriptor@146dcfe6, class=freemarker.ext.beans.FastPropertyDescriptor@22587507, objectId=freemarker.ext.beans.FastPropertyDescriptor@5c77ba8f, setTimestamp=public void com.aventstack.extentreports.model.Log.setTimestamp(java.util.Date), timestamp=freemarker.ext.beans.FastPropertyDescriptor@660f0c, test=freemarker.ext.beans.FastPropertyDescriptor@7a0ef219, getExceptionInfo=public com.aventstack.extentreports.model.ExceptionInfo com.aventstack.extentreports.model.Log.getExceptionInfo(), getDetails=public java.lang.String com.aventstack.extentreports.model.Log.getDetails(), setStatus=public void com.aventstack.extentreports.model.Log.setStatus(com.aventstack.extentreports.Status), sequence=freemarker.ext.beans.FastPropertyDescriptor@1b1f5012, java.lang.Object@692fd26={public java.lang.String java.lang.Object.toString()=[Ljava.lang.Class;@7add323c, public void com.aventstack.extentreports.model.Log.setScreenCaptureContext(com.aventstack.extentreports.model.AbstractStructure)=[Ljava.lang.Class;@4a734c04, public void com.aventstack.extentreports.model.Log.setDetails(java.lang.String)=[Ljava.lang.Class;@4760f169, public java.util.Date com.aventstack.extentreports.model.Log.getTimestamp()=[Ljava.lang.Class;@261ea657, public int com.aventstack.extentreports.model.Log.getSequence()=[Ljava.lang.Class;@35c12c7a, public void com.aventstack.extentreports.model.Log.setTimestamp(java.util.Date)=[Ljava.lang.Class;@658255aa, public native int java.lang.Object.hashCode()=[Ljava.lang.Class;@25290bca, public boolean java.lang.Object.equals(java.lang.Object)=[Ljava.lang.Class;@76563d26, public void com.aventstack.extentreports.model.Log.setTest(com.aventstack.extentreports.model.Test)=[Ljava.lang.Class;@4ac86d6a, public com.aventstack.extentreports.model.ExceptionInfo com.aventstack.extentreports.model.Log.getExceptionInfo()=[Ljava.lang.Class;@3d904e9c, public com.aventstack.extentreports.model.AbstractStructure com.aventstack.extentreports.model.Log.getScreenCaptureContext()=[Ljava.lang.Class;@508a65bf, public void com.aventstack.extentreports.model.Log.setExceptionInfo(com.aventstack.extentreports.model.ExceptionInfo)=[Ljava.lang.Class;@17f2dd85, public void com.aventstack.extentreports.model.Log.setSequence(int)=[Ljava.lang.Class;@1e58512c, public com.aventstack.extentreports.model.Test com.aventstack.extentreports.model.Log.getTest()=[Ljava.lang.Class;@210308d5, public com.aventstack.extentreports.Status com.aventstack.extentreports.model.Log.getStatus()=[Ljava.lang.Class;@22a736d7, public org.bson.types.ObjectId com.aventstack.extentreports.model.Log.getObjectId()=[Ljava.lang.Class;@23b8d9f3, public void com.aventstack.extentreports.model.Log.setStatus(com.aventstack.extentreports.Status)=[Ljava.lang.Class;@7f353d99, public final native java.lang.Class java.lang.Object.getClass()=[Ljava.lang.Class;@4649d70a, public void com.aventstack.extentreports.model.Log.setObjectId(org.bson.types.ObjectId)=[Ljava.lang.Class;@5d43409a, public java.lang.String com.aventstack.extentreports.model.Log.getDetails()=[Ljava.lang.Class;@38d17d80}, setScreenCaptureContext=public void com.aventstack.extentreports.model.Log.setScreenCaptureContext(com.aventstack.extentreports.model.AbstractStructure), equals=public boolean java.lang.Object.equals(java.lang.Object), toString=public java.lang.String java.lang.Object.toString(), getSequence=public int com.aventstack.extentreports.model.Log.getSequence(), exceptionInfo=freemarker.ext.beans.FastPropertyDescriptor@6ede46f6, status=freemarker.ext.beans.FastPropertyDescriptor@66273da0}
DEBUG   16347   [freemark] (): Key "stepName" was not found on instance of com.aventstack.extentreports.model.Log. Introspection information for the class is: {setSequence=public void com.aventstack.extentreports.model.Log.setSequence(int), setExceptionInfo=public void com.aventstack.extentreports.model.Log.setExceptionInfo(com.aventstack.extentreports.model.ExceptionInfo), getClass=public final native java.lang.Class java.lang.Object.getClass(), java.lang.Object@2e1af49b=freemarker.ext.beans.SimpleMethod@4047d2d9, setTest=public void com.aventstack.extentreports.model.Log.setTest(com.aventstack.extentreports.model.Test), getScreenCaptureContext=public com.aventstack.extentreports.model.AbstractStructure com.aventstack.extentreports.model.Log.getScreenCaptureContext(), setObjectId=public void com.aventstack.extentreports.model.Log.setObjectId(org.bson.types.ObjectId), getStatus=public com.aventstack.extentreports.Status com.aventstack.extentreports.model.Log.getStatus(), getTest=public com.aventstack.extentreports.model.Test com.aventstack.extentreports.model.Log.getTest(), getObjectId=public org.bson.types.ObjectId com.aventstack.extentreports.model.Log.getObjectId(), screenCaptureContext=freemarker.ext.beans.FastPropertyDescriptor@48d293ee, getTimestamp=public java.util.Date com.aventstack.extentreports.model.Log.getTimestamp(), hashCode=public native int java.lang.Object.hashCode(), setDetails=public void com.aventstack.extentreports.model.Log.setDetails(java.lang.String), details=freemarker.ext.beans.FastPropertyDescriptor@146dcfe6, class=freemarker.ext.beans.FastPropertyDescriptor@22587507, objectId=freemarker.ext.beans.FastPropertyDescriptor@5c77ba8f, setTimestamp=public void com.aventstack.extentreports.model.Log.setTimestamp(java.util.Date), timestamp=freemarker.ext.beans.FastPropertyDescriptor@660f0c, test=freemarker.ext.beans.FastPropertyDescriptor@7a0ef219, getExceptionInfo=public com.aventstack.extentreports.model.ExceptionInfo com.aventstack.extentreports.model.Log.getExceptionInfo(), getDetails=public java.lang.String com.aventstack.extentreports.model.Log.getDetails(), setStatus=public void com.aventstack.extentreports.model.Log.setStatus(com.aventstack.extentreports.Status), sequence=freemarker.ext.beans.FastPropertyDescriptor@1b1f5012, java.lang.Object@692fd26={public java.lang.String java.lang.Object.toString()=[Ljava.lang.Class;@7add323c, public void com.aventstack.extentreports.model.Log.setScreenCaptureContext(com.aventstack.extentreports.model.AbstractStructure)=[Ljava.lang.Class;@4a734c04, public void com.aventstack.extentreports.model.Log.setDetails(java.lang.String)=[Ljava.lang.Class;@4760f169, public java.util.Date com.aventstack.extentreports.model.Log.getTimestamp()=[Ljava.lang.Class;@261ea657, public int com.aventstack.extentreports.model.Log.getSequence()=[Ljava.lang.Class;@35c12c7a, public void com.aventstack.extentreports.model.Log.setTimestamp(java.util.Date)=[Ljava.lang.Class;@658255aa, public native int java.lang.Object.hashCode()=[Ljava.lang.Class;@25290bca, public boolean java.lang.Object.equals(java.lang.Object)=[Ljava.lang.Class;@76563d26, public void com.aventstack.extentreports.model.Log.setTest(com.aventstack.extentreports.model.Test)=[Ljava.lang.Class;@4ac86d6a, public com.aventstack.extentreports.model.ExceptionInfo com.aventstack.extentreports.model.Log.getExceptionInfo()=[Ljava.lang.Class;@3d904e9c, public com.aventstack.extentreports.model.AbstractStructure com.aventstack.extentreports.model.Log.getScreenCaptureContext()=[Ljava.lang.Class;@508a65bf, public void com.aventstack.extentreports.model.Log.setExceptionInfo(com.aventstack.extentreports.model.ExceptionInfo)=[Ljava.lang.Class;@17f2dd85, public void com.aventstack.extentreports.model.Log.setSequence(int)=[Ljava.lang.Class;@1e58512c, public com.aventstack.extentreports.model.Test com.aventstack.extentreports.model.Log.getTest()=[Ljava.lang.Class;@210308d5, public com.aventstack.extentreports.Status com.aventstack.extentreports.model.Log.getStatus()=[Ljava.lang.Class;@22a736d7, public org.bson.types.ObjectId com.aventstack.extentreports.model.Log.getObjectId()=[Ljava.lang.Class;@23b8d9f3, public void com.aventstack.extentreports.model.Log.setStatus(com.aventstack.extentreports.Status)=[Ljava.lang.Class;@7f353d99, public final native java.lang.Class java.lang.Object.getClass()=[Ljava.lang.Class;@4649d70a, public void com.aventstack.extentreports.model.Log.setObjectId(org.bson.types.ObjectId)=[Ljava.lang.Class;@5d43409a, public java.lang.String com.aventstack.extentreports.model.Log.getDetails()=[Ljava.lang.Class;@38d17d80}, setScreenCaptureContext=public void com.aventstack.extentreports.model.Log.setScreenCaptureContext(com.aventstack.extentreports.model.AbstractStructure), equals=public boolean java.lang.Object.equals(java.lang.Object), toString=public java.lang.String java.lang.Object.toString(), getSequence=public int com.aventstack.extentreports.model.Log.getSequence(), exceptionInfo=freemarker.ext.beans.FastPropertyDescriptor@6ede46f6, status=freemarker.ext.beans.FastPropertyDescriptor@66273da0}
DEBUG   16347   [freemark] (): Key "screenCaptureList" was not found on instance of com.aventstack.extentreports.model.Test. Introspection information for the class is: {extent=freemarker.ext.beans.FastPropertyDescriptor@e5cbff2, parent=freemarker.ext.beans.FastPropertyDescriptor@51c959a4, getClass=public final native java.lang.Class java.lang.Object.getClass(), java.lang.Object@2e1af49b=freemarker.ext.beans.SimpleMethod@4fc3c165, getName=public java.lang.String com.aventstack.extentreports.model.Test.getName(), getScreenCaptureContext=public com.aventstack.extentreports.model.AbstractStructure com.aventstack.extentreports.model.Test.getScreenCaptureContext(), setAuthorContext=public void com.aventstack.extentreports.model.Test.setAuthorContext(com.aventstack.extentreports.model.AbstractStructure), authorContext=freemarker.ext.beans.FastPropertyDescriptor@65bdd558, getStatus=public com.aventstack.extentreports.Status com.aventstack.extentreports.model.Test.getStatus(), setUsesManualConfiguration=public void com.aventstack.extentreports.model.Test.setUsesManualConfiguration(boolean), setLevel=public void com.aventstack.extentreports.model.Test.setLevel(int), getObjectId=public org.bson.types.ObjectId com.aventstack.extentreports.model.Test.getObjectId(), getEndTime=public java.util.Date com.aventstack.extentreports.model.Test.getEndTime(), isUsesManualConfiguration=public boolean com.aventstack.extentreports.model.Test.isUsesManualConfiguration(), setId=public void com.aventstack.extentreports.model.Test.setId(int), usesManualConfiguration=freemarker.ext.beans.FastPropertyDescriptor@10a0fe30, id=freemarker.ext.beans.FastPropertyDescriptor@7b6860f9, getStartTime=public java.util.Date com.aventstack.extentreports.model.Test.getStartTime(), getExceptionInfoContext=public com.aventstack.extentreports.model.AbstractStructure com.aventstack.extentreports.model.Test.getExceptionInfoContext(), level=freemarker.ext.beans.FastPropertyDescriptor@60f70249, getDeviceContext=public com.aventstack.extentreports.model.AbstractStructure com.aventstack.extentreports.model.Test.getDeviceContext(), getLogContext=public com.aventstack.extentreports.model.AbstractStructure com.aventstack.extentreports.model.Test.getLogContext(), behaviorDrivenTypeName=freemarker.ext.beans.FastPropertyDescriptor@31ee2fdb, java.lang.Object@692fd26={public java.lang.String java.lang.Object.toString()=[Ljava.lang.Class;@262816a8, public int com.aventstack.extentreports.model.Test.getLevel()=[Ljava.lang.Class;@1effd53c, public com.aventstack.extentreports.model.AbstractStructure com.aventstack.extentreports.model.Test.getLogContext()=[Ljava.lang.Class;@46c269e0, public void com.aventstack.extentreports.model.Test.setScreenCaptureContext(com.aventstack.extentreports.model.AbstractStructure)=[Ljava.lang.Class;@6920614, public void com.aventstack.extentreports.model.Test.setEndTime(java.util.Date)=[Ljava.lang.Class;@6069dd38, public java.lang.Boolean com.aventstack.extentreports.model.Test.isBehaviorDrivenType()=[Ljava.lang.Class;@5fa23c, public com.aventstack.extentreports.model.AbstractStructure com.aventstack.extentreports.model.Test.getCategoryContext()=[Ljava.lang.Class;@558756be, public void com.aventstack.extentreports.model.Test.setDeviceContext(com.aventstack.extentreports.model.AbstractStructure)=[Ljava.lang.Class;@433348bc, public java.lang.Class com.aventstack.extentreports.model.Test.getBddType()=[Ljava.lang.Class;@6d1dcdff, public boolean java.lang.Object.equals(java.lang.Object)=[Ljava.lang.Class;@102ecc22, public com.aventstack.extentreports.model.Test com.aventstack.extentreports.model.Test.getParent()=[Ljava.lang.Class;@7ff35a3f, public com.aventstack.extentreports.model.AbstractStructure com.aventstack.extentreports.model.Test.getNodeContext()=[Ljava.lang.Class;@26dc9bd5, public com.aventstack.extentreports.ExtentReports com.aventstack.extentreports.model.Test.getExtent()=[Ljava.lang.Class;@252dc8c4, public com.aventstack.extentreports.model.AbstractStructure com.aventstack.extentreports.model.Test.getAuthorContext()=[Ljava.lang.Class;@43045f9f, public com.aventstack.extentreports.model.AbstractStructure com.aventstack.extentreports.model.Test.getExceptionInfoContext()=[Ljava.lang.Class;@2643d762, public java.lang.String com.aventstack.extentreports.model.Test.getBehaviorDrivenTypeName()=[Ljava.lang.Class;@6403e24c, public com.aventstack.extentreports.model.AbstractStructure com.aventstack.extentreports.model.Test.getDeviceContext()=[Ljava.lang.Class;@2f236de0, public void com.aventstack.extentreports.model.Test.setExceptionInfoContext(com.aventstack.extentreports.model.AbstractStructure)=[Ljava.lang.Class;@4eba373c, public void com.aventstack.extentreports.model.Test.setStatus(com.aventstack.extentreports.Status)=[Ljava.lang.Class;@767a014e, public java.util.Date com.aventstack.extentreports.model.Test.getEndTime()=[Ljava.lang.Class;@d109c4f, public void com.aventstack.extentreports.model.Test.setNodeContext(com.aventstack.extentreports.model.AbstractStructure)=[Ljava.lang.Class;@3968bc60, public void com.aventstack.extentreports.model.Test.setBddType(java.lang.Class)=[Ljava.lang.Class;@26f46fa6, public boolean com.aventstack.extentreports.model.Test.isUsesManualConfiguration()=[Ljava.lang.Class;@227a47, public void com.aventstack.extentreports.model.Test.setStartTime(java.util.Date)=[Ljava.lang.Class;@9596ce8, public void com.aventstack.extentreports.model.Test.setParent(com.aventstack.extentreports.model.Test)=[Ljava.lang.Class;@75ae4a1f, public void com.aventstack.extentreports.model.Test.setExtent(com.aventstack.extentreports.ExtentReports)=[Ljava.lang.Class;@70228253, public java.util.Date com.aventstack.extentreports.model.Test.getStartTime()=[Ljava.lang.Class;@63c12e52, public void com.aventstack.extentreports.model.Test.end()=[Ljava.lang.Class;@21bd20ee, public void com.aventstack.extentreports.model.Test.setId(int)=[Ljava.lang.Class;@26c47874, public void com.aventstack.extentreports.model.Test.setLogContext(com.aventstack.extentreports.model.AbstractStructure)=[Ljava.lang.Class;@421056e5, public native int java.lang.Object.hashCode()=[Ljava.lang.Class;@2849434b, public java.lang.String com.aventstack.extentreports.model.Test.getName()=[Ljava.lang.Class;@60bbacfc, public void com.aventstack.extentreports.model.Test.setName(java.lang.String)=[Ljava.lang.Class;@65b97f47, public void com.aventstack.extentreports.model.Test.computeEndTimeFromChildren()=[Ljava.lang.Class;@255eaa6b, public void com.aventstack.extentreports.model.Test.setAuthorContext(com.aventstack.extentreports.model.AbstractStructure)=[Ljava.lang.Class;@476fe690, public com.aventstack.extentreports.model.AbstractStructure com.aventstack.extentreports.model.Test.getScreenCaptureContext()=[Ljava.lang.Class;@7a0e7ecd, public void com.aventstack.extentreports.model.Test.setObjectId(org.bson.types.ObjectId)=[Ljava.lang.Class;@54e3658c, public void com.aventstack.extentreports.model.Test.setDescription(java.lang.String)=[Ljava.lang.Class;@43e9089, public void com.aventstack.extentreports.model.Test.setCategoryContext(com.aventstack.extentreports.model.AbstractStructure)=[Ljava.lang.Class;@3c5dbdf8, public int com.aventstack.extentreports.model.Test.getId()=[Ljava.lang.Class;@352c44a8, public final native java.lang.Class java.lang.Object.getClass()=[Ljava.lang.Class;@7aac8884, public void com.aventstack.extentreports.model.Test.setLevel(int)=[Ljava.lang.Class;@a66e580, public org.bson.types.ObjectId com.aventstack.extentreports.model.Test.getObjectId()=[Ljava.lang.Class;@5b852b49, public java.lang.String com.aventstack.extentreports.model.Test.getDescription()=[Ljava.lang.Class;@cdb2d95, public void com.aventstack.extentreports.model.Test.setUsesManualConfiguration(boolean)=[Ljava.lang.Class;@122d6c22, public com.aventstack.extentreports.Status com.aventstack.extentreports.model.Test.getStatus()=[Ljava.lang.Class;@2f5ac102}, name=freemarker.ext.beans.FastPropertyDescriptor@73c9e8e8, getBddType=public java.lang.Class com.aventstack.extentreports.model.Test.getBddType(), status=freemarker.ext.beans.FastPropertyDescriptor@1deceb67, setName=public void com.aventstack.extentreports.model.Test.setName(java.lang.String), computeEndTimeFromChildren=public void com.aventstack.extentreports.model.Test.computeEndTimeFromChildren(), description=freemarker.ext.beans.FastPropertyDescriptor@277bf091, getId=public int com.aventstack.extentreports.model.Test.getId(), setObjectId=public void com.aventstack.extentreports.model.Test.setObjectId(org.bson.types.ObjectId), setDescription=public void com.aventstack.extentreports.model.Test.setDescription(java.lang.String), setCategoryContext=public void com.aventstack.extentreports.model.Test.setCategoryContext(com.aventstack.extentreports.model.AbstractStructure), bddType=freemarker.ext.beans.FastPropertyDescriptor@5df778c3, getDescription=public java.lang.String com.aventstack.extentreports.model.Test.getDescription(), exceptionInfoContext=freemarker.ext.beans.FastPropertyDescriptor@895416d, setNodeContext=public void com.aventstack.extentreports.model.Test.setNodeContext(com.aventstack.extentreports.model.AbstractStructure), nodeContext=freemarker.ext.beans.FastPropertyDescriptor@71a06021, screenCaptureContext=freemarker.ext.beans.FastPropertyDescriptor@80bfdc6, setBddType=public void com.aventstack.extentreports.model.Test.setBddType(java.lang.Class), hashCode=public native int java.lang.Object.hashCode(), setLogContext=public void com.aventstack.extentreports.model.Test.setLogContext(com.aventstack.extentreports.model.AbstractStructure), startTime=freemarker.ext.beans.FastPropertyDescriptor@de8039f, end=public void com.aventstack.extentreports.model.Test.end(), setStartTime=public void com.aventstack.extentreports.model.Test.setStartTime(java.util.Date), setParent=public void com.aventstack.extentreports.model.Test.setParent(com.aventstack.extentreports.model.Test), setExtent=public void com.aventstack.extentreports.model.Test.setExtent(com.aventstack.extentreports.ExtentReports), class=freemarker.ext.beans.FastPropertyDescriptor@6edcad64, categoryContext=freemarker.ext.beans.FastPropertyDescriptor@fab35b1, objectId=freemarker.ext.beans.FastPropertyDescriptor@4c6007fb, getAuthorContext=public com.aventstack.extentreports.model.AbstractStructure com.aventstack.extentreports.model.Test.getAuthorContext(), getExtent=public com.aventstack.extentreports.ExtentReports com.aventstack.extentreports.model.Test.getExtent(), getParent=public com.aventstack.extentreports.model.Test com.aventstack.extentreports.model.Test.getParent(), getNodeContext=public com.aventstack.extentreports.model.AbstractStructure com.aventstack.extentreports.model.Test.getNodeContext(), getBehaviorDrivenTypeName=public java.lang.String com.aventstack.extentreports.model.Test.getBehaviorDrivenTypeName(), setStatus=public void com.aventstack.extentreports.model.Test.setStatus(com.aventstack.extentreports.Status), setExceptionInfoContext=public void com.aventstack.extentreports.model.Test.setExceptionInfoContext(com.aventstack.extentreports.model.AbstractStructure), getLevel=public int com.aventstack.extentreports.model.Test.getLevel(), deviceContext=freemarker.ext.beans.FastPropertyDescriptor@3e33d73e, setDeviceContext=public void com.aventstack.extentreports.model.Test.setDeviceContext(com.aventstack.extentreports.model.AbstractStructure), getCategoryContext=public com.aventstack.extentreports.model.AbstractStructure com.aventstack.extentreports.model.Test.getCategoryContext(), setScreenCaptureContext=public void com.aventstack.extentreports.model.Test.setScreenCaptureContext(com.aventstack.extentreports.model.AbstractStructure), setEndTime=public void com.aventstack.extentreports.model.Test.setEndTime(java.util.Date), isBehaviorDrivenType=public java.lang.Boolean com.aventstack.extentreports.model.Test.isBehaviorDrivenType(), equals=public boolean java.lang.Object.equals(java.lang.Object), toString=public java.lang.String java.lang.Object.toString(), logContext=freemarker.ext.beans.FastPropertyDescriptor@6981f8f3, endTime=freemarker.ext.beans.FastPropertyDescriptor@5d5c04f9}
DEBUG   16347   [freemark] (): "v3html/category-view/v3-html-category-view.ftl"("en_IN", UTF-8, parsed) cached copy not yet stale; using cached.
DEBUG   16347   [freemark] (): "v3html/exception-view/v3-html-exception-view.ftl"("en_IN", UTF-8, parsed) cached copy not yet stale; using cached.
DEBUG   16347   [freemark] (): "v3html/author-view/v3-html-author-view.ftl"("en_IN", UTF-8, parsed) cached copy not yet stale; using cached.
DEBUG   16347   [freemark] (): "v3html/dashboard-view/v3-html-dashboard-view.ftl"("en_IN", UTF-8, parsed) cached copy not yet stale; using cached.
DEBUG   16347   [freemark] (): "v3html/logs-view/v3-html-testrunner-logs-view.ftl"("en_IN", UTF-8, parsed) cached copy not yet stale; using cached.
]]></system-out>
  </testcase>
  <testcase name="beforeClass" classname="com.cs.arris.Tests.TC51_Signin_And_Onboard_Test" time="0">
    <skipped/>
  </testcase>
  <testcase name="beforeMethod" classname="com.cs.arris.Tests.TC51_Signin_And_Onboard_Test" time="0">
    <skipped/>
  </testcase>
  <testcase name="beforeMethod" classname="com.cs.arris.Tests.TC51_Signin_And_Onboard_Test" time="0">
    <skipped/>
  </testcase>
  <testcase name="Verify_Signin_And_Onboard" classname="com.cs.arris.Tests.TC51_Signin_And_Onboard_Test" time="0">
    <skipped/>
  </testcase>
  <testcase name="afterMethod" classname="com.cs.arris.Tests.TC51_Signin_And_Onboard_Test" time="0">
    <skipped/>
  </testcase>
  <testcase name="afterTest" classname="com.cs.arris.Tests.TC51_Signin_And_Onboard_Test" time="0">
    <skipped/>
  </testcase>
  <testcase name="afterSuite" classname="com.cs.arris.Tests.TC51_Signin_And_Onboard_Test" time="0">
    <skipped/>
    <system-out><![CDATA[DEBUG   16347   [freemark] (): "v3html/v3-html-index.ftl"("en_IN", UTF-8, parsed) cached copy not yet stale; using cached.
DEBUG   16347   [freemark] (): "commons/commons-variables.ftl"("en_IN", UTF-8, parsed) cached copy not yet stale; using cached.
DEBUG   16347   [freemark] (): "commons/commons-variables.ftl"("en_IN", UTF-8, parsed) cached copy not yet stale; using cached.
DEBUG   16347   [freemark] (): "v3html/v3-html-head.ftl"("en_IN", UTF-8, parsed) cached copy not yet stale; using cached.
DEBUG   16347   [freemark] (): "v3html/v3-html-nav.ftl"("en_IN", UTF-8, parsed) cached copy not yet stale; using cached.
DEBUG   16347   [freemark] (): "v3html/test-view/v3-html-test-view.ftl"("en_IN", UTF-8, parsed) cached copy not yet stale; using cached.
DEBUG   16347   [freemark] (): "v3html/test-view/v3-html-test-view-charts.ftl"("en_IN", UTF-8, parsed) cached copy not yet stale; using cached.
DEBUG   16347   [freemark] (): "v3html/test-view/v3-html-standard.ftl"("en_IN", UTF-8, parsed) cached copy not yet stale; using cached.
DEBUG   16347   [freemark] (): Key "stepName" was not found on instance of com.aventstack.extentreports.model.Log. Introspection information for the class is: {setSequence=public void com.aventstack.extentreports.model.Log.setSequence(int), setExceptionInfo=public void com.aventstack.extentreports.model.Log.setExceptionInfo(com.aventstack.extentreports.model.ExceptionInfo), getClass=public final native java.lang.Class java.lang.Object.getClass(), java.lang.Object@2e1af49b=freemarker.ext.beans.SimpleMethod@4047d2d9, setTest=public void com.aventstack.extentreports.model.Log.setTest(com.aventstack.extentreports.model.Test), getScreenCaptureContext=public com.aventstack.extentreports.model.AbstractStructure com.aventstack.extentreports.model.Log.getScreenCaptureContext(), setObjectId=public void com.aventstack.extentreports.model.Log.setObjectId(org.bson.types.ObjectId), getStatus=public com.aventstack.extentreports.Status com.aventstack.extentreports.model.Log.getStatus(), getTest=public com.aventstack.extentreports.model.Test com.aventstack.extentreports.model.Log.getTest(), getObjectId=public org.bson.types.ObjectId com.aventstack.extentreports.model.Log.getObjectId(), screenCaptureContext=freemarker.ext.beans.FastPropertyDescriptor@48d293ee, getTimestamp=public java.util.Date com.aventstack.extentreports.model.Log.getTimestamp(), hashCode=public native int java.lang.Object.hashCode(), setDetails=public void com.aventstack.extentreports.model.Log.setDetails(java.lang.String), details=freemarker.ext.beans.FastPropertyDescriptor@146dcfe6, class=freemarker.ext.beans.FastPropertyDescriptor@22587507, objectId=freemarker.ext.beans.FastPropertyDescriptor@5c77ba8f, setTimestamp=public void com.aventstack.extentreports.model.Log.setTimestamp(java.util.Date), timestamp=freemarker.ext.beans.FastPropertyDescriptor@660f0c, test=freemarker.ext.beans.FastPropertyDescriptor@7a0ef219, getExceptionInfo=public com.aventstack.extentreports.model.ExceptionInfo com.aventstack.extentreports.model.Log.getExceptionInfo(), getDetails=public java.lang.String com.aventstack.extentreports.model.Log.getDetails(), setStatus=public void com.aventstack.extentreports.model.Log.setStatus(com.aventstack.extentreports.Status), sequence=freemarker.ext.beans.FastPropertyDescriptor@1b1f5012, java.lang.Object@692fd26={public java.lang.String java.lang.Object.toString()=[Ljava.lang.Class;@7add323c, public void com.aventstack.extentreports.model.Log.setScreenCaptureContext(com.aventstack.extentreports.model.AbstractStructure)=[Ljava.lang.Class;@4a734c04, public void com.aventstack.extentreports.model.Log.setDetails(java.lang.String)=[Ljava.lang.Class;@4760f169, public java.util.Date com.aventstack.extentreports.model.Log.getTimestamp()=[Ljava.lang.Class;@261ea657, public int com.aventstack.extentreports.model.Log.getSequence()=[Ljava.lang.Class;@35c12c7a, public void com.aventstack.extentreports.model.Log.setTimestamp(java.util.Date)=[Ljava.lang.Class;@658255aa, public native int java.lang.Object.hashCode()=[Ljava.lang.Class;@25290bca, public boolean java.lang.Object.equals(java.lang.Object)=[Ljava.lang.Class;@76563d26, public void com.aventstack.extentreports.model.Log.setTest(com.aventstack.extentreports.model.Test)=[Ljava.lang.Class;@4ac86d6a, public com.aventstack.extentreports.model.ExceptionInfo com.aventstack.extentreports.model.Log.getExceptionInfo()=[Ljava.lang.Class;@3d904e9c, public com.aventstack.extentreports.model.AbstractStructure com.aventstack.extentreports.model.Log.getScreenCaptureContext()=[Ljava.lang.Class;@508a65bf, public void com.aventstack.extentreports.model.Log.setExceptionInfo(com.aventstack.extentreports.model.ExceptionInfo)=[Ljava.lang.Class;@17f2dd85, public void com.aventstack.extentreports.model.Log.setSequence(int)=[Ljava.lang.Class;@1e58512c, public com.aventstack.extentreports.model.Test com.aventstack.extentreports.model.Log.getTest()=[Ljava.lang.Class;@210308d5, public com.aventstack.extentreports.Status com.aventstack.extentreports.model.Log.getStatus()=[Ljava.lang.Class;@22a736d7, public org.bson.types.ObjectId com.aventstack.extentreports.model.Log.getObjectId()=[Ljava.lang.Class;@23b8d9f3, public void com.aventstack.extentreports.model.Log.setStatus(com.aventstack.extentreports.Status)=[Ljava.lang.Class;@7f353d99, public final native java.lang.Class java.lang.Object.getClass()=[Ljava.lang.Class;@4649d70a, public void com.aventstack.extentreports.model.Log.setObjectId(org.bson.types.ObjectId)=[Ljava.lang.Class;@5d43409a, public java.lang.String com.aventstack.extentreports.model.Log.getDetails()=[Ljava.lang.Class;@38d17d80}, setScreenCaptureContext=public void com.aventstack.extentreports.model.Log.setScreenCaptureContext(com.aventstack.extentreports.model.AbstractStructure), equals=public boolean java.lang.Object.equals(java.lang.Object), toString=public java.lang.String java.lang.Object.toString(), getSequence=public int com.aventstack.extentreports.model.Log.getSequence(), exceptionInfo=freemarker.ext.beans.FastPropertyDescriptor@6ede46f6, status=freemarker.ext.beans.FastPropertyDescriptor@66273da0}
DEBUG   16347   [freemark] (): Key "stepName" was not found on instance of com.aventstack.extentreports.model.Log. Introspection information for the class is: {setSequence=public void com.aventstack.extentreports.model.Log.setSequence(int), setExceptionInfo=public void com.aventstack.extentreports.model.Log.setExceptionInfo(com.aventstack.extentreports.model.ExceptionInfo), getClass=public final native java.lang.Class java.lang.Object.getClass(), java.lang.Object@2e1af49b=freemarker.ext.beans.SimpleMethod@4047d2d9, setTest=public void com.aventstack.extentreports.model.Log.setTest(com.aventstack.extentreports.model.Test), getScreenCaptureContext=public com.aventstack.extentreports.model.AbstractStructure com.aventstack.extentreports.model.Log.getScreenCaptureContext(), setObjectId=public void com.aventstack.extentreports.model.Log.setObjectId(org.bson.types.ObjectId), getStatus=public com.aventstack.extentreports.Status com.aventstack.extentreports.model.Log.getStatus(), getTest=public com.aventstack.extentreports.model.Test com.aventstack.extentreports.model.Log.getTest(), getObjectId=public org.bson.types.ObjectId com.aventstack.extentreports.model.Log.getObjectId(), screenCaptureContext=freemarker.ext.beans.FastPropertyDescriptor@48d293ee, getTimestamp=public java.util.Date com.aventstack.extentreports.model.Log.getTimestamp(), hashCode=public native int java.lang.Object.hashCode(), setDetails=public void com.aventstack.extentreports.model.Log.setDetails(java.lang.String), details=freemarker.ext.beans.FastPropertyDescriptor@146dcfe6, class=freemarker.ext.beans.FastPropertyDescriptor@22587507, objectId=freemarker.ext.beans.FastPropertyDescriptor@5c77ba8f, setTimestamp=public void com.aventstack.extentreports.model.Log.setTimestamp(java.util.Date), timestamp=freemarker.ext.beans.FastPropertyDescriptor@660f0c, test=freemarker.ext.beans.FastPropertyDescriptor@7a0ef219, getExceptionInfo=public com.aventstack.extentreports.model.ExceptionInfo com.aventstack.extentreports.model.Log.getExceptionInfo(), getDetails=public java.lang.String com.aventstack.extentreports.model.Log.getDetails(), setStatus=public void com.aventstack.extentreports.model.Log.setStatus(com.aventstack.extentreports.Status), sequence=freemarker.ext.beans.FastPropertyDescriptor@1b1f5012, java.lang.Object@692fd26={public java.lang.String java.lang.Object.toString()=[Ljava.lang.Class;@7add323c, public void com.aventstack.extentreports.model.Log.setScreenCaptureContext(com.aventstack.extentreports.model.AbstractStructure)=[Ljava.lang.Class;@4a734c04, public void com.aventstack.extentreports.model.Log.setDetails(java.lang.String)=[Ljava.lang.Class;@4760f169, public java.util.Date com.aventstack.extentreports.model.Log.getTimestamp()=[Ljava.lang.Class;@261ea657, public int com.aventstack.extentreports.model.Log.getSequence()=[Ljava.lang.Class;@35c12c7a, public void com.aventstack.extentreports.model.Log.setTimestamp(java.util.Date)=[Ljava.lang.Class;@658255aa, public native int java.lang.Object.hashCode()=[Ljava.lang.Class;@25290bca, public boolean java.lang.Object.equals(java.lang.Object)=[Ljava.lang.Class;@76563d26, public void com.aventstack.extentreports.model.Log.setTest(com.aventstack.extentreports.model.Test)=[Ljava.lang.Class;@4ac86d6a, public com.aventstack.extentreports.model.ExceptionInfo com.aventstack.extentreports.model.Log.getExceptionInfo()=[Ljava.lang.Class;@3d904e9c, public com.aventstack.extentreports.model.AbstractStructure com.aventstack.extentreports.model.Log.getScreenCaptureContext()=[Ljava.lang.Class;@508a65bf, public void com.aventstack.extentreports.model.Log.setExceptionInfo(com.aventstack.extentreports.model.ExceptionInfo)=[Ljava.lang.Class;@17f2dd85, public void com.aventstack.extentreports.model.Log.setSequence(int)=[Ljava.lang.Class;@1e58512c, public com.aventstack.extentreports.model.Test com.aventstack.extentreports.model.Log.getTest()=[Ljava.lang.Class;@210308d5, public com.aventstack.extentreports.Status com.aventstack.extentreports.model.Log.getStatus()=[Ljava.lang.Class;@22a736d7, public org.bson.types.ObjectId com.aventstack.extentreports.model.Log.getObjectId()=[Ljava.lang.Class;@23b8d9f3, public void com.aventstack.extentreports.model.Log.setStatus(com.aventstack.extentreports.Status)=[Ljava.lang.Class;@7f353d99, public final native java.lang.Class java.lang.Object.getClass()=[Ljava.lang.Class;@4649d70a, public void com.aventstack.extentreports.model.Log.setObjectId(org.bson.types.ObjectId)=[Ljava.lang.Class;@5d43409a, public java.lang.String com.aventstack.extentreports.model.Log.getDetails()=[Ljava.lang.Class;@38d17d80}, setScreenCaptureContext=public void com.aventstack.extentreports.model.Log.setScreenCaptureContext(com.aventstack.extentreports.model.AbstractStructure), equals=public boolean java.lang.Object.equals(java.lang.Object), toString=public java.lang.String java.lang.Object.toString(), getSequence=public int com.aventstack.extentreports.model.Log.getSequence(), exceptionInfo=freemarker.ext.beans.FastPropertyDescriptor@6ede46f6, status=freemarker.ext.beans.FastPropertyDescriptor@66273da0}
DEBUG   16347   [freemark] (): Key "screenCaptureList" was not found on instance of com.aventstack.extentreports.model.Test. Introspection information for the class is: {extent=freemarker.ext.beans.FastPropertyDescriptor@e5cbff2, parent=freemarker.ext.beans.FastPropertyDescriptor@51c959a4, getClass=public final native java.lang.Class java.lang.Object.getClass(), java.lang.Object@2e1af49b=freemarker.ext.beans.SimpleMethod@4fc3c165, getName=public java.lang.String com.aventstack.extentreports.model.Test.getName(), getScreenCaptureContext=public com.aventstack.extentreports.model.AbstractStructure com.aventstack.extentreports.model.Test.getScreenCaptureContext(), setAuthorContext=public void com.aventstack.extentreports.model.Test.setAuthorContext(com.aventstack.extentreports.model.AbstractStructure), authorContext=freemarker.ext.beans.FastPropertyDescriptor@65bdd558, getStatus=public com.aventstack.extentreports.Status com.aventstack.extentreports.model.Test.getStatus(), setUsesManualConfiguration=public void com.aventstack.extentreports.model.Test.setUsesManualConfiguration(boolean), setLevel=public void com.aventstack.extentreports.model.Test.setLevel(int), getObjectId=public org.bson.types.ObjectId com.aventstack.extentreports.model.Test.getObjectId(), getEndTime=public java.util.Date com.aventstack.extentreports.model.Test.getEndTime(), isUsesManualConfiguration=public boolean com.aventstack.extentreports.model.Test.isUsesManualConfiguration(), setId=public void com.aventstack.extentreports.model.Test.setId(int), usesManualConfiguration=freemarker.ext.beans.FastPropertyDescriptor@10a0fe30, id=freemarker.ext.beans.FastPropertyDescriptor@7b6860f9, getStartTime=public java.util.Date com.aventstack.extentreports.model.Test.getStartTime(), getExceptionInfoContext=public com.aventstack.extentreports.model.AbstractStructure com.aventstack.extentreports.model.Test.getExceptionInfoContext(), level=freemarker.ext.beans.FastPropertyDescriptor@60f70249, getDeviceContext=public com.aventstack.extentreports.model.AbstractStructure com.aventstack.extentreports.model.Test.getDeviceContext(), getLogContext=public com.aventstack.extentreports.model.AbstractStructure com.aventstack.extentreports.model.Test.getLogContext(), behaviorDrivenTypeName=freemarker.ext.beans.FastPropertyDescriptor@31ee2fdb, java.lang.Object@692fd26={public java.lang.String java.lang.Object.toString()=[Ljava.lang.Class;@262816a8, public int com.aventstack.extentreports.model.Test.getLevel()=[Ljava.lang.Class;@1effd53c, public com.aventstack.extentreports.model.AbstractStructure com.aventstack.extentreports.model.Test.getLogContext()=[Ljava.lang.Class;@46c269e0, public void com.aventstack.extentreports.model.Test.setScreenCaptureContext(com.aventstack.extentreports.model.AbstractStructure)=[Ljava.lang.Class;@6920614, public void com.aventstack.extentreports.model.Test.setEndTime(java.util.Date)=[Ljava.lang.Class;@6069dd38, public java.lang.Boolean com.aventstack.extentreports.model.Test.isBehaviorDrivenType()=[Ljava.lang.Class;@5fa23c, public com.aventstack.extentreports.model.AbstractStructure com.aventstack.extentreports.model.Test.getCategoryContext()=[Ljava.lang.Class;@558756be, public void com.aventstack.extentreports.model.Test.setDeviceContext(com.aventstack.extentreports.model.AbstractStructure)=[Ljava.lang.Class;@433348bc, public java.lang.Class com.aventstack.extentreports.model.Test.getBddType()=[Ljava.lang.Class;@6d1dcdff, public boolean java.lang.Object.equals(java.lang.Object)=[Ljava.lang.Class;@102ecc22, public com.aventstack.extentreports.model.Test com.aventstack.extentreports.model.Test.getParent()=[Ljava.lang.Class;@7ff35a3f, public com.aventstack.extentreports.model.AbstractStructure com.aventstack.extentreports.model.Test.getNodeContext()=[Ljava.lang.Class;@26dc9bd5, public com.aventstack.extentreports.ExtentReports com.aventstack.extentreports.model.Test.getExtent()=[Ljava.lang.Class;@252dc8c4, public com.aventstack.extentreports.model.AbstractStructure com.aventstack.extentreports.model.Test.getAuthorContext()=[Ljava.lang.Class;@43045f9f, public com.aventstack.extentreports.model.AbstractStructure com.aventstack.extentreports.model.Test.getExceptionInfoContext()=[Ljava.lang.Class;@2643d762, public java.lang.String com.aventstack.extentreports.model.Test.getBehaviorDrivenTypeName()=[Ljava.lang.Class;@6403e24c, public com.aventstack.extentreports.model.AbstractStructure com.aventstack.extentreports.model.Test.getDeviceContext()=[Ljava.lang.Class;@2f236de0, public void com.aventstack.extentreports.model.Test.setExceptionInfoContext(com.aventstack.extentreports.model.AbstractStructure)=[Ljava.lang.Class;@4eba373c, public void com.aventstack.extentreports.model.Test.setStatus(com.aventstack.extentreports.Status)=[Ljava.lang.Class;@767a014e, public java.util.Date com.aventstack.extentreports.model.Test.getEndTime()=[Ljava.lang.Class;@d109c4f, public void com.aventstack.extentreports.model.Test.setNodeContext(com.aventstack.extentreports.model.AbstractStructure)=[Ljava.lang.Class;@3968bc60, public void com.aventstack.extentreports.model.Test.setBddType(java.lang.Class)=[Ljava.lang.Class;@26f46fa6, public boolean com.aventstack.extentreports.model.Test.isUsesManualConfiguration()=[Ljava.lang.Class;@227a47, public void com.aventstack.extentreports.model.Test.setStartTime(java.util.Date)=[Ljava.lang.Class;@9596ce8, public void com.aventstack.extentreports.model.Test.setParent(com.aventstack.extentreports.model.Test)=[Ljava.lang.Class;@75ae4a1f, public void com.aventstack.extentreports.model.Test.setExtent(com.aventstack.extentreports.ExtentReports)=[Ljava.lang.Class;@70228253, public java.util.Date com.aventstack.extentreports.model.Test.getStartTime()=[Ljava.lang.Class;@63c12e52, public void com.aventstack.extentreports.model.Test.end()=[Ljava.lang.Class;@21bd20ee, public void com.aventstack.extentreports.model.Test.setId(int)=[Ljava.lang.Class;@26c47874, public void com.aventstack.extentreports.model.Test.setLogContext(com.aventstack.extentreports.model.AbstractStructure)=[Ljava.lang.Class;@421056e5, public native int java.lang.Object.hashCode()=[Ljava.lang.Class;@2849434b, public java.lang.String com.aventstack.extentreports.model.Test.getName()=[Ljava.lang.Class;@60bbacfc, public void com.aventstack.extentreports.model.Test.setName(java.lang.String)=[Ljava.lang.Class;@65b97f47, public void com.aventstack.extentreports.model.Test.computeEndTimeFromChildren()=[Ljava.lang.Class;@255eaa6b, public void com.aventstack.extentreports.model.Test.setAuthorContext(com.aventstack.extentreports.model.AbstractStructure)=[Ljava.lang.Class;@476fe690, public com.aventstack.extentreports.model.AbstractStructure com.aventstack.extentreports.model.Test.getScreenCaptureContext()=[Ljava.lang.Class;@7a0e7ecd, public void com.aventstack.extentreports.model.Test.setObjectId(org.bson.types.ObjectId)=[Ljava.lang.Class;@54e3658c, public void com.aventstack.extentreports.model.Test.setDescription(java.lang.String)=[Ljava.lang.Class;@43e9089, public void com.aventstack.extentreports.model.Test.setCategoryContext(com.aventstack.extentreports.model.AbstractStructure)=[Ljava.lang.Class;@3c5dbdf8, public int com.aventstack.extentreports.model.Test.getId()=[Ljava.lang.Class;@352c44a8, public final native java.lang.Class java.lang.Object.getClass()=[Ljava.lang.Class;@7aac8884, public void com.aventstack.extentreports.model.Test.setLevel(int)=[Ljava.lang.Class;@a66e580, public org.bson.types.ObjectId com.aventstack.extentreports.model.Test.getObjectId()=[Ljava.lang.Class;@5b852b49, public java.lang.String com.aventstack.extentreports.model.Test.getDescription()=[Ljava.lang.Class;@cdb2d95, public void com.aventstack.extentreports.model.Test.setUsesManualConfiguration(boolean)=[Ljava.lang.Class;@122d6c22, public com.aventstack.extentreports.Status com.aventstack.extentreports.model.Test.getStatus()=[Ljava.lang.Class;@2f5ac102}, name=freemarker.ext.beans.FastPropertyDescriptor@73c9e8e8, getBddType=public java.lang.Class com.aventstack.extentreports.model.Test.getBddType(), status=freemarker.ext.beans.FastPropertyDescriptor@1deceb67, setName=public void com.aventstack.extentreports.model.Test.setName(java.lang.String), computeEndTimeFromChildren=public void com.aventstack.extentreports.model.Test.computeEndTimeFromChildren(), description=freemarker.ext.beans.FastPropertyDescriptor@277bf091, getId=public int com.aventstack.extentreports.model.Test.getId(), setObjectId=public void com.aventstack.extentreports.model.Test.setObjectId(org.bson.types.ObjectId), setDescription=public void com.aventstack.extentreports.model.Test.setDescription(java.lang.String), setCategoryContext=public void com.aventstack.extentreports.model.Test.setCategoryContext(com.aventstack.extentreports.model.AbstractStructure), bddType=freemarker.ext.beans.FastPropertyDescriptor@5df778c3, getDescription=public java.lang.String com.aventstack.extentreports.model.Test.getDescription(), exceptionInfoContext=freemarker.ext.beans.FastPropertyDescriptor@895416d, setNodeContext=public void com.aventstack.extentreports.model.Test.setNodeContext(com.aventstack.extentreports.model.AbstractStructure), nodeContext=freemarker.ext.beans.FastPropertyDescriptor@71a06021, screenCaptureContext=freemarker.ext.beans.FastPropertyDescriptor@80bfdc6, setBddType=public void com.aventstack.extentreports.model.Test.setBddType(java.lang.Class), hashCode=public native int java.lang.Object.hashCode(), setLogContext=public void com.aventstack.extentreports.model.Test.setLogContext(com.aventstack.extentreports.model.AbstractStructure), startTime=freemarker.ext.beans.FastPropertyDescriptor@de8039f, end=public void com.aventstack.extentreports.model.Test.end(), setStartTime=public void com.aventstack.extentreports.model.Test.setStartTime(java.util.Date), setParent=public void com.aventstack.extentreports.model.Test.setParent(com.aventstack.extentreports.model.Test), setExtent=public void com.aventstack.extentreports.model.Test.setExtent(com.aventstack.extentreports.ExtentReports), class=freemarker.ext.beans.FastPropertyDescriptor@6edcad64, categoryContext=freemarker.ext.beans.FastPropertyDescriptor@fab35b1, objectId=freemarker.ext.beans.FastPropertyDescriptor@4c6007fb, getAuthorContext=public com.aventstack.extentreports.model.AbstractStructure com.aventstack.extentreports.model.Test.getAuthorContext(), getExtent=public com.aventstack.extentreports.ExtentReports com.aventstack.extentreports.model.Test.getExtent(), getParent=public com.aventstack.extentreports.model.Test com.aventstack.extentreports.model.Test.getParent(), getNodeContext=public com.aventstack.extentreports.model.AbstractStructure com.aventstack.extentreports.model.Test.getNodeContext(), getBehaviorDrivenTypeName=public java.lang.String com.aventstack.extentreports.model.Test.getBehaviorDrivenTypeName(), setStatus=public void com.aventstack.extentreports.model.Test.setStatus(com.aventstack.extentreports.Status), setExceptionInfoContext=public void com.aventstack.extentreports.model.Test.setExceptionInfoContext(com.aventstack.extentreports.model.AbstractStructure), getLevel=public int com.aventstack.extentreports.model.Test.getLevel(), deviceContext=freemarker.ext.beans.FastPropertyDescriptor@3e33d73e, setDeviceContext=public void com.aventstack.extentreports.model.Test.setDeviceContext(com.aventstack.extentreports.model.AbstractStructure), getCategoryContext=public com.aventstack.extentreports.model.AbstractStructure com.aventstack.extentreports.model.Test.getCategoryContext(), setScreenCaptureContext=public void com.aventstack.extentreports.model.Test.setScreenCaptureContext(com.aventstack.extentreports.model.AbstractStructure), setEndTime=public void com.aventstack.extentreports.model.Test.setEndTime(java.util.Date), isBehaviorDrivenType=public java.lang.Boolean com.aventstack.extentreports.model.Test.isBehaviorDrivenType(), equals=public boolean java.lang.Object.equals(java.lang.Object), toString=public java.lang.String java.lang.Object.toString(), logContext=freemarker.ext.beans.FastPropertyDescriptor@6981f8f3, endTime=freemarker.ext.beans.FastPropertyDescriptor@5d5c04f9}
DEBUG   16347   [freemark] (): "v3html/test-view/v3-html-standard.ftl"("en_IN", UTF-8, parsed) cached copy not yet stale; using cached.
DEBUG   16347   [freemark] (): Key "stepName" was not found on instance of com.aventstack.extentreports.model.Log. Introspection information for the class is: {setSequence=public void com.aventstack.extentreports.model.Log.setSequence(int), setExceptionInfo=public void com.aventstack.extentreports.model.Log.setExceptionInfo(com.aventstack.extentreports.model.ExceptionInfo), getClass=public final native java.lang.Class java.lang.Object.getClass(), java.lang.Object@2e1af49b=freemarker.ext.beans.SimpleMethod@4047d2d9, setTest=public void com.aventstack.extentreports.model.Log.setTest(com.aventstack.extentreports.model.Test), getScreenCaptureContext=public com.aventstack.extentreports.model.AbstractStructure com.aventstack.extentreports.model.Log.getScreenCaptureContext(), setObjectId=public void com.aventstack.extentreports.model.Log.setObjectId(org.bson.types.ObjectId), getStatus=public com.aventstack.extentreports.Status com.aventstack.extentreports.model.Log.getStatus(), getTest=public com.aventstack.extentreports.model.Test com.aventstack.extentreports.model.Log.getTest(), getObjectId=public org.bson.types.ObjectId com.aventstack.extentreports.model.Log.getObjectId(), screenCaptureContext=freemarker.ext.beans.FastPropertyDescriptor@48d293ee, getTimestamp=public java.util.Date com.aventstack.extentreports.model.Log.getTimestamp(), hashCode=public native int java.lang.Object.hashCode(), setDetails=public void com.aventstack.extentreports.model.Log.setDetails(java.lang.String), details=freemarker.ext.beans.FastPropertyDescriptor@146dcfe6, class=freemarker.ext.beans.FastPropertyDescriptor@22587507, objectId=freemarker.ext.beans.FastPropertyDescriptor@5c77ba8f, setTimestamp=public void com.aventstack.extentreports.model.Log.setTimestamp(java.util.Date), timestamp=freemarker.ext.beans.FastPropertyDescriptor@660f0c, test=freemarker.ext.beans.FastPropertyDescriptor@7a0ef219, getExceptionInfo=public com.aventstack.extentreports.model.ExceptionInfo com.aventstack.extentreports.model.Log.getExceptionInfo(), getDetails=public java.lang.String com.aventstack.extentreports.model.Log.getDetails(), setStatus=public void com.aventstack.extentreports.model.Log.setStatus(com.aventstack.extentreports.Status), sequence=freemarker.ext.beans.FastPropertyDescriptor@1b1f5012, java.lang.Object@692fd26={public java.lang.String java.lang.Object.toString()=[Ljava.lang.Class;@7add323c, public void com.aventstack.extentreports.model.Log.setScreenCaptureContext(com.aventstack.extentreports.model.AbstractStructure)=[Ljava.lang.Class;@4a734c04, public void com.aventstack.extentreports.model.Log.setDetails(java.lang.String)=[Ljava.lang.Class;@4760f169, public java.util.Date com.aventstack.extentreports.model.Log.getTimestamp()=[Ljava.lang.Class;@261ea657, public int com.aventstack.extentreports.model.Log.getSequence()=[Ljava.lang.Class;@35c12c7a, public void com.aventstack.extentreports.model.Log.setTimestamp(java.util.Date)=[Ljava.lang.Class;@658255aa, public native int java.lang.Object.hashCode()=[Ljava.lang.Class;@25290bca, public boolean java.lang.Object.equals(java.lang.Object)=[Ljava.lang.Class;@76563d26, public void com.aventstack.extentreports.model.Log.setTest(com.aventstack.extentreports.model.Test)=[Ljava.lang.Class;@4ac86d6a, public com.aventstack.extentreports.model.ExceptionInfo com.aventstack.extentreports.model.Log.getExceptionInfo()=[Ljava.lang.Class;@3d904e9c, public com.aventstack.extentreports.model.AbstractStructure com.aventstack.extentreports.model.Log.getScreenCaptureContext()=[Ljava.lang.Class;@508a65bf, public void com.aventstack.extentreports.model.Log.setExceptionInfo(com.aventstack.extentreports.model.ExceptionInfo)=[Ljava.lang.Class;@17f2dd85, public void com.aventstack.extentreports.model.Log.setSequence(int)=[Ljava.lang.Class;@1e58512c, public com.aventstack.extentreports.model.Test com.aventstack.extentreports.model.Log.getTest()=[Ljava.lang.Class;@210308d5, public com.aventstack.extentreports.Status com.aventstack.extentreports.model.Log.getStatus()=[Ljava.lang.Class;@22a736d7, public org.bson.types.ObjectId com.aventstack.extentreports.model.Log.getObjectId()=[Ljava.lang.Class;@23b8d9f3, public void com.aventstack.extentreports.model.Log.setStatus(com.aventstack.extentreports.Status)=[Ljava.lang.Class;@7f353d99, public final native java.lang.Class java.lang.Object.getClass()=[Ljava.lang.Class;@4649d70a, public void com.aventstack.extentreports.model.Log.setObjectId(org.bson.types.ObjectId)=[Ljava.lang.Class;@5d43409a, public java.lang.String com.aventstack.extentreports.model.Log.getDetails()=[Ljava.lang.Class;@38d17d80}, setScreenCaptureContext=public void com.aventstack.extentreports.model.Log.setScreenCaptureContext(com.aventstack.extentreports.model.AbstractStructure), equals=public boolean java.lang.Object.equals(java.lang.Object), toString=public java.lang.String java.lang.Object.toString(), getSequence=public int com.aventstack.extentreports.model.Log.getSequence(), exceptionInfo=freemarker.ext.beans.FastPropertyDescriptor@6ede46f6, status=freemarker.ext.beans.FastPropertyDescriptor@66273da0}
DEBUG   16347   [freemark] (): Key "stepName" was not found on instance of com.aventstack.extentreports.model.Log. Introspection information for the class is: {setSequence=public void com.aventstack.extentreports.model.Log.setSequence(int), setExceptionInfo=public void com.aventstack.extentreports.model.Log.setExceptionInfo(com.aventstack.extentreports.model.ExceptionInfo), getClass=public final native java.lang.Class java.lang.Object.getClass(), java.lang.Object@2e1af49b=freemarker.ext.beans.SimpleMethod@4047d2d9, setTest=public void com.aventstack.extentreports.model.Log.setTest(com.aventstack.extentreports.model.Test), getScreenCaptureContext=public com.aventstack.extentreports.model.AbstractStructure com.aventstack.extentreports.model.Log.getScreenCaptureContext(), setObjectId=public void com.aventstack.extentreports.model.Log.setObjectId(org.bson.types.ObjectId), getStatus=public com.aventstack.extentreports.Status com.aventstack.extentreports.model.Log.getStatus(), getTest=public com.aventstack.extentreports.model.Test com.aventstack.extentreports.model.Log.getTest(), getObjectId=public org.bson.types.ObjectId com.aventstack.extentreports.model.Log.getObjectId(), screenCaptureContext=freemarker.ext.beans.FastPropertyDescriptor@48d293ee, getTimestamp=public java.util.Date com.aventstack.extentreports.model.Log.getTimestamp(), hashCode=public native int java.lang.Object.hashCode(), setDetails=public void com.aventstack.extentreports.model.Log.setDetails(java.lang.String), details=freemarker.ext.beans.FastPropertyDescriptor@146dcfe6, class=freemarker.ext.beans.FastPropertyDescriptor@22587507, objectId=freemarker.ext.beans.FastPropertyDescriptor@5c77ba8f, setTimestamp=public void com.aventstack.extentreports.model.Log.setTimestamp(java.util.Date), timestamp=freemarker.ext.beans.FastPropertyDescriptor@660f0c, test=freemarker.ext.beans.FastPropertyDescriptor@7a0ef219, getExceptionInfo=public com.aventstack.extentreports.model.ExceptionInfo com.aventstack.extentreports.model.Log.getExceptionInfo(), getDetails=public java.lang.String com.aventstack.extentreports.model.Log.getDetails(), setStatus=public void com.aventstack.extentreports.model.Log.setStatus(com.aventstack.extentreports.Status), sequence=freemarker.ext.beans.FastPropertyDescriptor@1b1f5012, java.lang.Object@692fd26={public java.lang.String java.lang.Object.toString()=[Ljava.lang.Class;@7add323c, public void com.aventstack.extentreports.model.Log.setScreenCaptureContext(com.aventstack.extentreports.model.AbstractStructure)=[Ljava.lang.Class;@4a734c04, public void com.aventstack.extentreports.model.Log.setDetails(java.lang.String)=[Ljava.lang.Class;@4760f169, public java.util.Date com.aventstack.extentreports.model.Log.getTimestamp()=[Ljava.lang.Class;@261ea657, public int com.aventstack.extentreports.model.Log.getSequence()=[Ljava.lang.Class;@35c12c7a, public void com.aventstack.extentreports.model.Log.setTimestamp(java.util.Date)=[Ljava.lang.Class;@658255aa, public native int java.lang.Object.hashCode()=[Ljava.lang.Class;@25290bca, public boolean java.lang.Object.equals(java.lang.Object)=[Ljava.lang.Class;@76563d26, public void com.aventstack.extentreports.model.Log.setTest(com.aventstack.extentreports.model.Test)=[Ljava.lang.Class;@4ac86d6a, public com.aventstack.extentreports.model.ExceptionInfo com.aventstack.extentreports.model.Log.getExceptionInfo()=[Ljava.lang.Class;@3d904e9c, public com.aventstack.extentreports.model.AbstractStructure com.aventstack.extentreports.model.Log.getScreenCaptureContext()=[Ljava.lang.Class;@508a65bf, public void com.aventstack.extentreports.model.Log.setExceptionInfo(com.aventstack.extentreports.model.ExceptionInfo)=[Ljava.lang.Class;@17f2dd85, public void com.aventstack.extentreports.model.Log.setSequence(int)=[Ljava.lang.Class;@1e58512c, public com.aventstack.extentreports.model.Test com.aventstack.extentreports.model.Log.getTest()=[Ljava.lang.Class;@210308d5, public com.aventstack.extentreports.Status com.aventstack.extentreports.model.Log.getStatus()=[Ljava.lang.Class;@22a736d7, public org.bson.types.ObjectId com.aventstack.extentreports.model.Log.getObjectId()=[Ljava.lang.Class;@23b8d9f3, public void com.aventstack.extentreports.model.Log.setStatus(com.aventstack.extentreports.Status)=[Ljava.lang.Class;@7f353d99, public final native java.lang.Class java.lang.Object.getClass()=[Ljava.lang.Class;@4649d70a, public void com.aventstack.extentreports.model.Log.setObjectId(org.bson.types.ObjectId)=[Ljava.lang.Class;@5d43409a, public java.lang.String com.aventstack.extentreports.model.Log.getDetails()=[Ljava.lang.Class;@38d17d80}, setScreenCaptureContext=public void com.aventstack.extentreports.model.Log.setScreenCaptureContext(com.aventstack.extentreports.model.AbstractStructure), equals=public boolean java.lang.Object.equals(java.lang.Object), toString=public java.lang.String java.lang.Object.toString(), getSequence=public int com.aventstack.extentreports.model.Log.getSequence(), exceptionInfo=freemarker.ext.beans.FastPropertyDescriptor@6ede46f6, status=freemarker.ext.beans.FastPropertyDescriptor@66273da0}
DEBUG   16347   [freemark] (): Key "screenCaptureList" was not found on instance of com.aventstack.extentreports.model.Test. Introspection information for the class is: {extent=freemarker.ext.beans.FastPropertyDescriptor@e5cbff2, parent=freemarker.ext.beans.FastPropertyDescriptor@51c959a4, getClass=public final native java.lang.Class java.lang.Object.getClass(), java.lang.Object@2e1af49b=freemarker.ext.beans.SimpleMethod@4fc3c165, getName=public java.lang.String com.aventstack.extentreports.model.Test.getName(), getScreenCaptureContext=public com.aventstack.extentreports.model.AbstractStructure com.aventstack.extentreports.model.Test.getScreenCaptureContext(), setAuthorContext=public void com.aventstack.extentreports.model.Test.setAuthorContext(com.aventstack.extentreports.model.AbstractStructure), authorContext=freemarker.ext.beans.FastPropertyDescriptor@65bdd558, getStatus=public com.aventstack.extentreports.Status com.aventstack.extentreports.model.Test.getStatus(), setUsesManualConfiguration=public void com.aventstack.extentreports.model.Test.setUsesManualConfiguration(boolean), setLevel=public void com.aventstack.extentreports.model.Test.setLevel(int), getObjectId=public org.bson.types.ObjectId com.aventstack.extentreports.model.Test.getObjectId(), getEndTime=public java.util.Date com.aventstack.extentreports.model.Test.getEndTime(), isUsesManualConfiguration=public boolean com.aventstack.extentreports.model.Test.isUsesManualConfiguration(), setId=public void com.aventstack.extentreports.model.Test.setId(int), usesManualConfiguration=freemarker.ext.beans.FastPropertyDescriptor@10a0fe30, id=freemarker.ext.beans.FastPropertyDescriptor@7b6860f9, getStartTime=public java.util.Date com.aventstack.extentreports.model.Test.getStartTime(), getExceptionInfoContext=public com.aventstack.extentreports.model.AbstractStructure com.aventstack.extentreports.model.Test.getExceptionInfoContext(), level=freemarker.ext.beans.FastPropertyDescriptor@60f70249, getDeviceContext=public com.aventstack.extentreports.model.AbstractStructure com.aventstack.extentreports.model.Test.getDeviceContext(), getLogContext=public com.aventstack.extentreports.model.AbstractStructure com.aventstack.extentreports.model.Test.getLogContext(), behaviorDrivenTypeName=freemarker.ext.beans.FastPropertyDescriptor@31ee2fdb, java.lang.Object@692fd26={public java.lang.String java.lang.Object.toString()=[Ljava.lang.Class;@262816a8, public int com.aventstack.extentreports.model.Test.getLevel()=[Ljava.lang.Class;@1effd53c, public com.aventstack.extentreports.model.AbstractStructure com.aventstack.extentreports.model.Test.getLogContext()=[Ljava.lang.Class;@46c269e0, public void com.aventstack.extentreports.model.Test.setScreenCaptureContext(com.aventstack.extentreports.model.AbstractStructure)=[Ljava.lang.Class;@6920614, public void com.aventstack.extentreports.model.Test.setEndTime(java.util.Date)=[Ljava.lang.Class;@6069dd38, public java.lang.Boolean com.aventstack.extentreports.model.Test.isBehaviorDrivenType()=[Ljava.lang.Class;@5fa23c, public com.aventstack.extentreports.model.AbstractStructure com.aventstack.extentreports.model.Test.getCategoryContext()=[Ljava.lang.Class;@558756be, public void com.aventstack.extentreports.model.Test.setDeviceContext(com.aventstack.extentreports.model.AbstractStructure)=[Ljava.lang.Class;@433348bc, public java.lang.Class com.aventstack.extentreports.model.Test.getBddType()=[Ljava.lang.Class;@6d1dcdff, public boolean java.lang.Object.equals(java.lang.Object)=[Ljava.lang.Class;@102ecc22, public com.aventstack.extentreports.model.Test com.aventstack.extentreports.model.Test.getParent()=[Ljava.lang.Class;@7ff35a3f, public com.aventstack.extentreports.model.AbstractStructure com.aventstack.extentreports.model.Test.getNodeContext()=[Ljava.lang.Class;@26dc9bd5, public com.aventstack.extentreports.ExtentReports com.aventstack.extentreports.model.Test.getExtent()=[Ljava.lang.Class;@252dc8c4, public com.aventstack.extentreports.model.AbstractStructure com.aventstack.extentreports.model.Test.getAuthorContext()=[Ljava.lang.Class;@43045f9f, public com.aventstack.extentreports.model.AbstractStructure com.aventstack.extentreports.model.Test.getExceptionInfoContext()=[Ljava.lang.Class;@2643d762, public java.lang.String com.aventstack.extentreports.model.Test.getBehaviorDrivenTypeName()=[Ljava.lang.Class;@6403e24c, public com.aventstack.extentreports.model.AbstractStructure com.aventstack.extentreports.model.Test.getDeviceContext()=[Ljava.lang.Class;@2f236de0, public void com.aventstack.extentreports.model.Test.setExceptionInfoContext(com.aventstack.extentreports.model.AbstractStructure)=[Ljava.lang.Class;@4eba373c, public void com.aventstack.extentreports.model.Test.setStatus(com.aventstack.extentreports.Status)=[Ljava.lang.Class;@767a014e, public java.util.Date com.aventstack.extentreports.model.Test.getEndTime()=[Ljava.lang.Class;@d109c4f, public void com.aventstack.extentreports.model.Test.setNodeContext(com.aventstack.extentreports.model.AbstractStructure)=[Ljava.lang.Class;@3968bc60, public void com.aventstack.extentreports.model.Test.setBddType(java.lang.Class)=[Ljava.lang.Class;@26f46fa6, public boolean com.aventstack.extentreports.model.Test.isUsesManualConfiguration()=[Ljava.lang.Class;@227a47, public void com.aventstack.extentreports.model.Test.setStartTime(java.util.Date)=[Ljava.lang.Class;@9596ce8, public void com.aventstack.extentreports.model.Test.setParent(com.aventstack.extentreports.model.Test)=[Ljava.lang.Class;@75ae4a1f, public void com.aventstack.extentreports.model.Test.setExtent(com.aventstack.extentreports.ExtentReports)=[Ljava.lang.Class;@70228253, public java.util.Date com.aventstack.extentreports.model.Test.getStartTime()=[Ljava.lang.Class;@63c12e52, public void com.aventstack.extentreports.model.Test.end()=[Ljava.lang.Class;@21bd20ee, public void com.aventstack.extentreports.model.Test.setId(int)=[Ljava.lang.Class;@26c47874, public void com.aventstack.extentreports.model.Test.setLogContext(com.aventstack.extentreports.model.AbstractStructure)=[Ljava.lang.Class;@421056e5, public native int java.lang.Object.hashCode()=[Ljava.lang.Class;@2849434b, public java.lang.String com.aventstack.extentreports.model.Test.getName()=[Ljava.lang.Class;@60bbacfc, public void com.aventstack.extentreports.model.Test.setName(java.lang.String)=[Ljava.lang.Class;@65b97f47, public void com.aventstack.extentreports.model.Test.computeEndTimeFromChildren()=[Ljava.lang.Class;@255eaa6b, public void com.aventstack.extentreports.model.Test.setAuthorContext(com.aventstack.extentreports.model.AbstractStructure)=[Ljava.lang.Class;@476fe690, public com.aventstack.extentreports.model.AbstractStructure com.aventstack.extentreports.model.Test.getScreenCaptureContext()=[Ljava.lang.Class;@7a0e7ecd, public void com.aventstack.extentreports.model.Test.setObjectId(org.bson.types.ObjectId)=[Ljava.lang.Class;@54e3658c, public void com.aventstack.extentreports.model.Test.setDescription(java.lang.String)=[Ljava.lang.Class;@43e9089, public void com.aventstack.extentreports.model.Test.setCategoryContext(com.aventstack.extentreports.model.AbstractStructure)=[Ljava.lang.Class;@3c5dbdf8, public int com.aventstack.extentreports.model.Test.getId()=[Ljava.lang.Class;@352c44a8, public final native java.lang.Class java.lang.Object.getClass()=[Ljava.lang.Class;@7aac8884, public void com.aventstack.extentreports.model.Test.setLevel(int)=[Ljava.lang.Class;@a66e580, public org.bson.types.ObjectId com.aventstack.extentreports.model.Test.getObjectId()=[Ljava.lang.Class;@5b852b49, public java.lang.String com.aventstack.extentreports.model.Test.getDescription()=[Ljava.lang.Class;@cdb2d95, public void com.aventstack.extentreports.model.Test.setUsesManualConfiguration(boolean)=[Ljava.lang.Class;@122d6c22, public com.aventstack.extentreports.Status com.aventstack.extentreports.model.Test.getStatus()=[Ljava.lang.Class;@2f5ac102}, name=freemarker.ext.beans.FastPropertyDescriptor@73c9e8e8, getBddType=public java.lang.Class com.aventstack.extentreports.model.Test.getBddType(), status=freemarker.ext.beans.FastPropertyDescriptor@1deceb67, setName=public void com.aventstack.extentreports.model.Test.setName(java.lang.String), computeEndTimeFromChildren=public void com.aventstack.extentreports.model.Test.computeEndTimeFromChildren(), description=freemarker.ext.beans.FastPropertyDescriptor@277bf091, getId=public int com.aventstack.extentreports.model.Test.getId(), setObjectId=public void com.aventstack.extentreports.model.Test.setObjectId(org.bson.types.ObjectId), setDescription=public void com.aventstack.extentreports.model.Test.setDescription(java.lang.String), setCategoryContext=public void com.aventstack.extentreports.model.Test.setCategoryContext(com.aventstack.extentreports.model.AbstractStructure), bddType=freemarker.ext.beans.FastPropertyDescriptor@5df778c3, getDescription=public java.lang.String com.aventstack.extentreports.model.Test.getDescription(), exceptionInfoContext=freemarker.ext.beans.FastPropertyDescriptor@895416d, setNodeContext=public void com.aventstack.extentreports.model.Test.setNodeContext(com.aventstack.extentreports.model.AbstractStructure), nodeContext=freemarker.ext.beans.FastPropertyDescriptor@71a06021, screenCaptureContext=freemarker.ext.beans.FastPropertyDescriptor@80bfdc6, setBddType=public void com.aventstack.extentreports.model.Test.setBddType(java.lang.Class), hashCode=public native int java.lang.Object.hashCode(), setLogContext=public void com.aventstack.extentreports.model.Test.setLogContext(com.aventstack.extentreports.model.AbstractStructure), startTime=freemarker.ext.beans.FastPropertyDescriptor@de8039f, end=public void com.aventstack.extentreports.model.Test.end(), setStartTime=public void com.aventstack.extentreports.model.Test.setStartTime(java.util.Date), setParent=public void com.aventstack.extentreports.model.Test.setParent(com.aventstack.extentreports.model.Test), setExtent=public void com.aventstack.extentreports.model.Test.setExtent(com.aventstack.extentreports.ExtentReports), class=freemarker.ext.beans.FastPropertyDescriptor@6edcad64, categoryContext=freemarker.ext.beans.FastPropertyDescriptor@fab35b1, objectId=freemarker.ext.beans.FastPropertyDescriptor@4c6007fb, getAuthorContext=public com.aventstack.extentreports.model.AbstractStructure com.aventstack.extentreports.model.Test.getAuthorContext(), getExtent=public com.aventstack.extentreports.ExtentReports com.aventstack.extentreports.model.Test.getExtent(), getParent=public com.aventstack.extentreports.model.Test com.aventstack.extentreports.model.Test.getParent(), getNodeContext=public com.aventstack.extentreports.model.AbstractStructure com.aventstack.extentreports.model.Test.getNodeContext(), getBehaviorDrivenTypeName=public java.lang.String com.aventstack.extentreports.model.Test.getBehaviorDrivenTypeName(), setStatus=public void com.aventstack.extentreports.model.Test.setStatus(com.aventstack.extentreports.Status), setExceptionInfoContext=public void com.aventstack.extentreports.model.Test.setExceptionInfoContext(com.aventstack.extentreports.model.AbstractStructure), getLevel=public int com.aventstack.extentreports.model.Test.getLevel(), deviceContext=freemarker.ext.beans.FastPropertyDescriptor@3e33d73e, setDeviceContext=public void com.aventstack.extentreports.model.Test.setDeviceContext(com.aventstack.extentreports.model.AbstractStructure), getCategoryContext=public com.aventstack.extentreports.model.AbstractStructure com.aventstack.extentreports.model.Test.getCategoryContext(), setScreenCaptureContext=public void com.aventstack.extentreports.model.Test.setScreenCaptureContext(com.aventstack.extentreports.model.AbstractStructure), setEndTime=public void com.aventstack.extentreports.model.Test.setEndTime(java.util.Date), isBehaviorDrivenType=public java.lang.Boolean com.aventstack.extentreports.model.Test.isBehaviorDrivenType(), equals=public boolean java.lang.Object.equals(java.lang.Object), toString=public java.lang.String java.lang.Object.toString(), logContext=freemarker.ext.beans.FastPropertyDescriptor@6981f8f3, endTime=freemarker.ext.beans.FastPropertyDescriptor@5d5c04f9}
DEBUG   16347   [freemark] (): "v3html/test-view/v3-html-standard.ftl"("en_IN", UTF-8, parsed) cached copy not yet stale; using cached.
DEBUG   16347   [freemark] (): Key "stepName" was not found on instance of com.aventstack.extentreports.model.Log. Introspection information for the class is: {setSequence=public void com.aventstack.extentreports.model.Log.setSequence(int), setExceptionInfo=public void com.aventstack.extentreports.model.Log.setExceptionInfo(com.aventstack.extentreports.model.ExceptionInfo), getClass=public final native java.lang.Class java.lang.Object.getClass(), java.lang.Object@2e1af49b=freemarker.ext.beans.SimpleMethod@4047d2d9, setTest=public void com.aventstack.extentreports.model.Log.setTest(com.aventstack.extentreports.model.Test), getScreenCaptureContext=public com.aventstack.extentreports.model.AbstractStructure com.aventstack.extentreports.model.Log.getScreenCaptureContext(), setObjectId=public void com.aventstack.extentreports.model.Log.setObjectId(org.bson.types.ObjectId), getStatus=public com.aventstack.extentreports.Status com.aventstack.extentreports.model.Log.getStatus(), getTest=public com.aventstack.extentreports.model.Test com.aventstack.extentreports.model.Log.getTest(), getObjectId=public org.bson.types.ObjectId com.aventstack.extentreports.model.Log.getObjectId(), screenCaptureContext=freemarker.ext.beans.FastPropertyDescriptor@48d293ee, getTimestamp=public java.util.Date com.aventstack.extentreports.model.Log.getTimestamp(), hashCode=public native int java.lang.Object.hashCode(), setDetails=public void com.aventstack.extentreports.model.Log.setDetails(java.lang.String), details=freemarker.ext.beans.FastPropertyDescriptor@146dcfe6, class=freemarker.ext.beans.FastPropertyDescriptor@22587507, objectId=freemarker.ext.beans.FastPropertyDescriptor@5c77ba8f, setTimestamp=public void com.aventstack.extentreports.model.Log.setTimestamp(java.util.Date), timestamp=freemarker.ext.beans.FastPropertyDescriptor@660f0c, test=freemarker.ext.beans.FastPropertyDescriptor@7a0ef219, getExceptionInfo=public com.aventstack.extentreports.model.ExceptionInfo com.aventstack.extentreports.model.Log.getExceptionInfo(), getDetails=public java.lang.String com.aventstack.extentreports.model.Log.getDetails(), setStatus=public void com.aventstack.extentreports.model.Log.setStatus(com.aventstack.extentreports.Status), sequence=freemarker.ext.beans.FastPropertyDescriptor@1b1f5012, java.lang.Object@692fd26={public java.lang.String java.lang.Object.toString()=[Ljava.lang.Class;@7add323c, public void com.aventstack.extentreports.model.Log.setScreenCaptureContext(com.aventstack.extentreports.model.AbstractStructure)=[Ljava.lang.Class;@4a734c04, public void com.aventstack.extentreports.model.Log.setDetails(java.lang.String)=[Ljava.lang.Class;@4760f169, public java.util.Date com.aventstack.extentreports.model.Log.getTimestamp()=[Ljava.lang.Class;@261ea657, public int com.aventstack.extentreports.model.Log.getSequence()=[Ljava.lang.Class;@35c12c7a, public void com.aventstack.extentreports.model.Log.setTimestamp(java.util.Date)=[Ljava.lang.Class;@658255aa, public native int java.lang.Object.hashCode()=[Ljava.lang.Class;@25290bca, public boolean java.lang.Object.equals(java.lang.Object)=[Ljava.lang.Class;@76563d26, public void com.aventstack.extentreports.model.Log.setTest(com.aventstack.extentreports.model.Test)=[Ljava.lang.Class;@4ac86d6a, public com.aventstack.extentreports.model.ExceptionInfo com.aventstack.extentreports.model.Log.getExceptionInfo()=[Ljava.lang.Class;@3d904e9c, public com.aventstack.extentreports.model.AbstractStructure com.aventstack.extentreports.model.Log.getScreenCaptureContext()=[Ljava.lang.Class;@508a65bf, public void com.aventstack.extentreports.model.Log.setExceptionInfo(com.aventstack.extentreports.model.ExceptionInfo)=[Ljava.lang.Class;@17f2dd85, public void com.aventstack.extentreports.model.Log.setSequence(int)=[Ljava.lang.Class;@1e58512c, public com.aventstack.extentreports.model.Test com.aventstack.extentreports.model.Log.getTest()=[Ljava.lang.Class;@210308d5, public com.aventstack.extentreports.Status com.aventstack.extentreports.model.Log.getStatus()=[Ljava.lang.Class;@22a736d7, public org.bson.types.ObjectId com.aventstack.extentreports.model.Log.getObjectId()=[Ljava.lang.Class;@23b8d9f3, public void com.aventstack.extentreports.model.Log.setStatus(com.aventstack.extentreports.Status)=[Ljava.lang.Class;@7f353d99, public final native java.lang.Class java.lang.Object.getClass()=[Ljava.lang.Class;@4649d70a, public void com.aventstack.extentreports.model.Log.setObjectId(org.bson.types.ObjectId)=[Ljava.lang.Class;@5d43409a, public java.lang.String com.aventstack.extentreports.model.Log.getDetails()=[Ljava.lang.Class;@38d17d80}, setScreenCaptureContext=public void com.aventstack.extentreports.model.Log.setScreenCaptureContext(com.aventstack.extentreports.model.AbstractStructure), equals=public boolean java.lang.Object.equals(java.lang.Object), toString=public java.lang.String java.lang.Object.toString(), getSequence=public int com.aventstack.extentreports.model.Log.getSequence(), exceptionInfo=freemarker.ext.beans.FastPropertyDescriptor@6ede46f6, status=freemarker.ext.beans.FastPropertyDescriptor@66273da0}
DEBUG   16347   [freemark] (): Key "stepName" was not found on instance of com.aventstack.extentreports.model.Log. Introspection information for the class is: {setSequence=public void com.aventstack.extentreports.model.Log.setSequence(int), setExceptionInfo=public void com.aventstack.extentreports.model.Log.setExceptionInfo(com.aventstack.extentreports.model.ExceptionInfo), getClass=public final native java.lang.Class java.lang.Object.getClass(), java.lang.Object@2e1af49b=freemarker.ext.beans.SimpleMethod@4047d2d9, setTest=public void com.aventstack.extentreports.model.Log.setTest(com.aventstack.extentreports.model.Test), getScreenCaptureContext=public com.aventstack.extentreports.model.AbstractStructure com.aventstack.extentreports.model.Log.getScreenCaptureContext(), setObjectId=public void com.aventstack.extentreports.model.Log.setObjectId(org.bson.types.ObjectId), getStatus=public com.aventstack.extentreports.Status com.aventstack.extentreports.model.Log.getStatus(), getTest=public com.aventstack.extentreports.model.Test com.aventstack.extentreports.model.Log.getTest(), getObjectId=public org.bson.types.ObjectId com.aventstack.extentreports.model.Log.getObjectId(), screenCaptureContext=freemarker.ext.beans.FastPropertyDescriptor@48d293ee, getTimestamp=public java.util.Date com.aventstack.extentreports.model.Log.getTimestamp(), hashCode=public native int java.lang.Object.hashCode(), setDetails=public void com.aventstack.extentreports.model.Log.setDetails(java.lang.String), details=freemarker.ext.beans.FastPropertyDescriptor@146dcfe6, class=freemarker.ext.beans.FastPropertyDescriptor@22587507, objectId=freemarker.ext.beans.FastPropertyDescriptor@5c77ba8f, setTimestamp=public void com.aventstack.extentreports.model.Log.setTimestamp(java.util.Date), timestamp=freemarker.ext.beans.FastPropertyDescriptor@660f0c, test=freemarker.ext.beans.FastPropertyDescriptor@7a0ef219, getExceptionInfo=public com.aventstack.extentreports.model.ExceptionInfo com.aventstack.extentreports.model.Log.getExceptionInfo(), getDetails=public java.lang.String com.aventstack.extentreports.model.Log.getDetails(), setStatus=public void com.aventstack.extentreports.model.Log.setStatus(com.aventstack.extentreports.Status), sequence=freemarker.ext.beans.FastPropertyDescriptor@1b1f5012, java.lang.Object@692fd26={public java.lang.String java.lang.Object.toString()=[Ljava.lang.Class;@7add323c, public void com.aventstack.extentreports.model.Log.setScreenCaptureContext(com.aventstack.extentreports.model.AbstractStructure)=[Ljava.lang.Class;@4a734c04, public void com.aventstack.extentreports.model.Log.setDetails(java.lang.String)=[Ljava.lang.Class;@4760f169, public java.util.Date com.aventstack.extentreports.model.Log.getTimestamp()=[Ljava.lang.Class;@261ea657, public int com.aventstack.extentreports.model.Log.getSequence()=[Ljava.lang.Class;@35c12c7a, public void com.aventstack.extentreports.model.Log.setTimestamp(java.util.Date)=[Ljava.lang.Class;@658255aa, public native int java.lang.Object.hashCode()=[Ljava.lang.Class;@25290bca, public boolean java.lang.Object.equals(java.lang.Object)=[Ljava.lang.Class;@76563d26, public void com.aventstack.extentreports.model.Log.setTest(com.aventstack.extentreports.model.Test)=[Ljava.lang.Class;@4ac86d6a, public com.aventstack.extentreports.model.ExceptionInfo com.aventstack.extentreports.model.Log.getExceptionInfo()=[Ljava.lang.Class;@3d904e9c, public com.aventstack.extentreports.model.AbstractStructure com.aventstack.extentreports.model.Log.getScreenCaptureContext()=[Ljava.lang.Class;@508a65bf, public void com.aventstack.extentreports.model.Log.setExceptionInfo(com.aventstack.extentreports.model.ExceptionInfo)=[Ljava.lang.Class;@17f2dd85, public void com.aventstack.extentreports.model.Log.setSequence(int)=[Ljava.lang.Class;@1e58512c, public com.aventstack.extentreports.model.Test com.aventstack.extentreports.model.Log.getTest()=[Ljava.lang.Class;@210308d5, public com.aventstack.extentreports.Status com.aventstack.extentreports.model.Log.getStatus()=[Ljava.lang.Class;@22a736d7, public org.bson.types.ObjectId com.aventstack.extentreports.model.Log.getObjectId()=[Ljava.lang.Class;@23b8d9f3, public void com.aventstack.extentreports.model.Log.setStatus(com.aventstack.extentreports.Status)=[Ljava.lang.Class;@7f353d99, public final native java.lang.Class java.lang.Object.getClass()=[Ljava.lang.Class;@4649d70a, public void com.aventstack.extentreports.model.Log.setObjectId(org.bson.types.ObjectId)=[Ljava.lang.Class;@5d43409a, public java.lang.String com.aventstack.extentreports.model.Log.getDetails()=[Ljava.lang.Class;@38d17d80}, setScreenCaptureContext=public void com.aventstack.extentreports.model.Log.setScreenCaptureContext(com.aventstack.extentreports.model.AbstractStructure), equals=public boolean java.lang.Object.equals(java.lang.Object), toString=public java.lang.String java.lang.Object.toString(), getSequence=public int com.aventstack.extentreports.model.Log.getSequence(), exceptionInfo=freemarker.ext.beans.FastPropertyDescriptor@6ede46f6, status=freemarker.ext.beans.FastPropertyDescriptor@66273da0}
DEBUG   16347   [freemark] (): Key "screenCaptureList" was not found on instance of com.aventstack.extentreports.model.Test. Introspection information for the class is: {extent=freemarker.ext.beans.FastPropertyDescriptor@e5cbff2, parent=freemarker.ext.beans.FastPropertyDescriptor@51c959a4, getClass=public final native java.lang.Class java.lang.Object.getClass(), java.lang.Object@2e1af49b=freemarker.ext.beans.SimpleMethod@4fc3c165, getName=public java.lang.String com.aventstack.extentreports.model.Test.getName(), getScreenCaptureContext=public com.aventstack.extentreports.model.AbstractStructure com.aventstack.extentreports.model.Test.getScreenCaptureContext(), setAuthorContext=public void com.aventstack.extentreports.model.Test.setAuthorContext(com.aventstack.extentreports.model.AbstractStructure), authorContext=freemarker.ext.beans.FastPropertyDescriptor@65bdd558, getStatus=public com.aventstack.extentreports.Status com.aventstack.extentreports.model.Test.getStatus(), setUsesManualConfiguration=public void com.aventstack.extentreports.model.Test.setUsesManualConfiguration(boolean), setLevel=public void com.aventstack.extentreports.model.Test.setLevel(int), getObjectId=public org.bson.types.ObjectId com.aventstack.extentreports.model.Test.getObjectId(), getEndTime=public java.util.Date com.aventstack.extentreports.model.Test.getEndTime(), isUsesManualConfiguration=public boolean com.aventstack.extentreports.model.Test.isUsesManualConfiguration(), setId=public void com.aventstack.extentreports.model.Test.setId(int), usesManualConfiguration=freemarker.ext.beans.FastPropertyDescriptor@10a0fe30, id=freemarker.ext.beans.FastPropertyDescriptor@7b6860f9, getStartTime=public java.util.Date com.aventstack.extentreports.model.Test.getStartTime(), getExceptionInfoContext=public com.aventstack.extentreports.model.AbstractStructure com.aventstack.extentreports.model.Test.getExceptionInfoContext(), level=freemarker.ext.beans.FastPropertyDescriptor@60f70249, getDeviceContext=public com.aventstack.extentreports.model.AbstractStructure com.aventstack.extentreports.model.Test.getDeviceContext(), getLogContext=public com.aventstack.extentreports.model.AbstractStructure com.aventstack.extentreports.model.Test.getLogContext(), behaviorDrivenTypeName=freemarker.ext.beans.FastPropertyDescriptor@31ee2fdb, java.lang.Object@692fd26={public java.lang.String java.lang.Object.toString()=[Ljava.lang.Class;@262816a8, public int com.aventstack.extentreports.model.Test.getLevel()=[Ljava.lang.Class;@1effd53c, public com.aventstack.extentreports.model.AbstractStructure com.aventstack.extentreports.model.Test.getLogContext()=[Ljava.lang.Class;@46c269e0, public void com.aventstack.extentreports.model.Test.setScreenCaptureContext(com.aventstack.extentreports.model.AbstractStructure)=[Ljava.lang.Class;@6920614, public void com.aventstack.extentreports.model.Test.setEndTime(java.util.Date)=[Ljava.lang.Class;@6069dd38, public java.lang.Boolean com.aventstack.extentreports.model.Test.isBehaviorDrivenType()=[Ljava.lang.Class;@5fa23c, public com.aventstack.extentreports.model.AbstractStructure com.aventstack.extentreports.model.Test.getCategoryContext()=[Ljava.lang.Class;@558756be, public void com.aventstack.extentreports.model.Test.setDeviceContext(com.aventstack.extentreports.model.AbstractStructure)=[Ljava.lang.Class;@433348bc, public java.lang.Class com.aventstack.extentreports.model.Test.getBddType()=[Ljava.lang.Class;@6d1dcdff, public boolean java.lang.Object.equals(java.lang.Object)=[Ljava.lang.Class;@102ecc22, public com.aventstack.extentreports.model.Test com.aventstack.extentreports.model.Test.getParent()=[Ljava.lang.Class;@7ff35a3f, public com.aventstack.extentreports.model.AbstractStructure com.aventstack.extentreports.model.Test.getNodeContext()=[Ljava.lang.Class;@26dc9bd5, public com.aventstack.extentreports.ExtentReports com.aventstack.extentreports.model.Test.getExtent()=[Ljava.lang.Class;@252dc8c4, public com.aventstack.extentreports.model.AbstractStructure com.aventstack.extentreports.model.Test.getAuthorContext()=[Ljava.lang.Class;@43045f9f, public com.aventstack.extentreports.model.AbstractStructure com.aventstack.extentreports.model.Test.getExceptionInfoContext()=[Ljava.lang.Class;@2643d762, public java.lang.String com.aventstack.extentreports.model.Test.getBehaviorDrivenTypeName()=[Ljava.lang.Class;@6403e24c, public com.aventstack.extentreports.model.AbstractStructure com.aventstack.extentreports.model.Test.getDeviceContext()=[Ljava.lang.Class;@2f236de0, public void com.aventstack.extentreports.model.Test.setExceptionInfoContext(com.aventstack.extentreports.model.AbstractStructure)=[Ljava.lang.Class;@4eba373c, public void com.aventstack.extentreports.model.Test.setStatus(com.aventstack.extentreports.Status)=[Ljava.lang.Class;@767a014e, public java.util.Date com.aventstack.extentreports.model.Test.getEndTime()=[Ljava.lang.Class;@d109c4f, public void com.aventstack.extentreports.model.Test.setNodeContext(com.aventstack.extentreports.model.AbstractStructure)=[Ljava.lang.Class;@3968bc60, public void com.aventstack.extentreports.model.Test.setBddType(java.lang.Class)=[Ljava.lang.Class;@26f46fa6, public boolean com.aventstack.extentreports.model.Test.isUsesManualConfiguration()=[Ljava.lang.Class;@227a47, public void com.aventstack.extentreports.model.Test.setStartTime(java.util.Date)=[Ljava.lang.Class;@9596ce8, public void com.aventstack.extentreports.model.Test.setParent(com.aventstack.extentreports.model.Test)=[Ljava.lang.Class;@75ae4a1f, public void com.aventstack.extentreports.model.Test.setExtent(com.aventstack.extentreports.ExtentReports)=[Ljava.lang.Class;@70228253, public java.util.Date com.aventstack.extentreports.model.Test.getStartTime()=[Ljava.lang.Class;@63c12e52, public void com.aventstack.extentreports.model.Test.end()=[Ljava.lang.Class;@21bd20ee, public void com.aventstack.extentreports.model.Test.setId(int)=[Ljava.lang.Class;@26c47874, public void com.aventstack.extentreports.model.Test.setLogContext(com.aventstack.extentreports.model.AbstractStructure)=[Ljava.lang.Class;@421056e5, public native int java.lang.Object.hashCode()=[Ljava.lang.Class;@2849434b, public java.lang.String com.aventstack.extentreports.model.Test.getName()=[Ljava.lang.Class;@60bbacfc, public void com.aventstack.extentreports.model.Test.setName(java.lang.String)=[Ljava.lang.Class;@65b97f47, public void com.aventstack.extentreports.model.Test.computeEndTimeFromChildren()=[Ljava.lang.Class;@255eaa6b, public void com.aventstack.extentreports.model.Test.setAuthorContext(com.aventstack.extentreports.model.AbstractStructure)=[Ljava.lang.Class;@476fe690, public com.aventstack.extentreports.model.AbstractStructure com.aventstack.extentreports.model.Test.getScreenCaptureContext()=[Ljava.lang.Class;@7a0e7ecd, public void com.aventstack.extentreports.model.Test.setObjectId(org.bson.types.ObjectId)=[Ljava.lang.Class;@54e3658c, public void com.aventstack.extentreports.model.Test.setDescription(java.lang.String)=[Ljava.lang.Class;@43e9089, public void com.aventstack.extentreports.model.Test.setCategoryContext(com.aventstack.extentreports.model.AbstractStructure)=[Ljava.lang.Class;@3c5dbdf8, public int com.aventstack.extentreports.model.Test.getId()=[Ljava.lang.Class;@352c44a8, public final native java.lang.Class java.lang.Object.getClass()=[Ljava.lang.Class;@7aac8884, public void com.aventstack.extentreports.model.Test.setLevel(int)=[Ljava.lang.Class;@a66e580, public org.bson.types.ObjectId com.aventstack.extentreports.model.Test.getObjectId()=[Ljava.lang.Class;@5b852b49, public java.lang.String com.aventstack.extentreports.model.Test.getDescription()=[Ljava.lang.Class;@cdb2d95, public void com.aventstack.extentreports.model.Test.setUsesManualConfiguration(boolean)=[Ljava.lang.Class;@122d6c22, public com.aventstack.extentreports.Status com.aventstack.extentreports.model.Test.getStatus()=[Ljava.lang.Class;@2f5ac102}, name=freemarker.ext.beans.FastPropertyDescriptor@73c9e8e8, getBddType=public java.lang.Class com.aventstack.extentreports.model.Test.getBddType(), status=freemarker.ext.beans.FastPropertyDescriptor@1deceb67, setName=public void com.aventstack.extentreports.model.Test.setName(java.lang.String), computeEndTimeFromChildren=public void com.aventstack.extentreports.model.Test.computeEndTimeFromChildren(), description=freemarker.ext.beans.FastPropertyDescriptor@277bf091, getId=public int com.aventstack.extentreports.model.Test.getId(), setObjectId=public void com.aventstack.extentreports.model.Test.setObjectId(org.bson.types.ObjectId), setDescription=public void com.aventstack.extentreports.model.Test.setDescription(java.lang.String), setCategoryContext=public void com.aventstack.extentreports.model.Test.setCategoryContext(com.aventstack.extentreports.model.AbstractStructure), bddType=freemarker.ext.beans.FastPropertyDescriptor@5df778c3, getDescription=public java.lang.String com.aventstack.extentreports.model.Test.getDescription(), exceptionInfoContext=freemarker.ext.beans.FastPropertyDescriptor@895416d, setNodeContext=public void com.aventstack.extentreports.model.Test.setNodeContext(com.aventstack.extentreports.model.AbstractStructure), nodeContext=freemarker.ext.beans.FastPropertyDescriptor@71a06021, screenCaptureContext=freemarker.ext.beans.FastPropertyDescriptor@80bfdc6, setBddType=public void com.aventstack.extentreports.model.Test.setBddType(java.lang.Class), hashCode=public native int java.lang.Object.hashCode(), setLogContext=public void com.aventstack.extentreports.model.Test.setLogContext(com.aventstack.extentreports.model.AbstractStructure), startTime=freemarker.ext.beans.FastPropertyDescriptor@de8039f, end=public void com.aventstack.extentreports.model.Test.end(), setStartTime=public void com.aventstack.extentreports.model.Test.setStartTime(java.util.Date), setParent=public void com.aventstack.extentreports.model.Test.setParent(com.aventstack.extentreports.model.Test), setExtent=public void com.aventstack.extentreports.model.Test.setExtent(com.aventstack.extentreports.ExtentReports), class=freemarker.ext.beans.FastPropertyDescriptor@6edcad64, categoryContext=freemarker.ext.beans.FastPropertyDescriptor@fab35b1, objectId=freemarker.ext.beans.FastPropertyDescriptor@4c6007fb, getAuthorContext=public com.aventstack.extentreports.model.AbstractStructure com.aventstack.extentreports.model.Test.getAuthorContext(), getExtent=public com.aventstack.extentreports.ExtentReports com.aventstack.extentreports.model.Test.getExtent(), getParent=public com.aventstack.extentreports.model.Test com.aventstack.extentreports.model.Test.getParent(), getNodeContext=public com.aventstack.extentreports.model.AbstractStructure com.aventstack.extentreports.model.Test.getNodeContext(), getBehaviorDrivenTypeName=public java.lang.String com.aventstack.extentreports.model.Test.getBehaviorDrivenTypeName(), setStatus=public void com.aventstack.extentreports.model.Test.setStatus(com.aventstack.extentreports.Status), setExceptionInfoContext=public void com.aventstack.extentreports.model.Test.setExceptionInfoContext(com.aventstack.extentreports.model.AbstractStructure), getLevel=public int com.aventstack.extentreports.model.Test.getLevel(), deviceContext=freemarker.ext.beans.FastPropertyDescriptor@3e33d73e, setDeviceContext=public void com.aventstack.extentreports.model.Test.setDeviceContext(com.aventstack.extentreports.model.AbstractStructure), getCategoryContext=public com.aventstack.extentreports.model.AbstractStructure com.aventstack.extentreports.model.Test.getCategoryContext(), setScreenCaptureContext=public void com.aventstack.extentreports.model.Test.setScreenCaptureContext(com.aventstack.extentreports.model.AbstractStructure), setEndTime=public void com.aventstack.extentreports.model.Test.setEndTime(java.util.Date), isBehaviorDrivenType=public java.lang.Boolean com.aventstack.extentreports.model.Test.isBehaviorDrivenType(), equals=public boolean java.lang.Object.equals(java.lang.Object), toString=public java.lang.String java.lang.Object.toString(), logContext=freemarker.ext.beans.FastPropertyDescriptor@6981f8f3, endTime=freemarker.ext.beans.FastPropertyDescriptor@5d5c04f9}
DEBUG   16347   [freemark] (): "v3html/test-view/v3-html-standard.ftl"("en_IN", UTF-8, parsed) cached copy not yet stale; using cached.
DEBUG   16347   [freemark] (): Key "stepName" was not found on instance of com.aventstack.extentreports.model.Log. Introspection information for the class is: {setSequence=public void com.aventstack.extentreports.model.Log.setSequence(int), setExceptionInfo=public void com.aventstack.extentreports.model.Log.setExceptionInfo(com.aventstack.extentreports.model.ExceptionInfo), getClass=public final native java.lang.Class java.lang.Object.getClass(), java.lang.Object@2e1af49b=freemarker.ext.beans.SimpleMethod@4047d2d9, setTest=public void com.aventstack.extentreports.model.Log.setTest(com.aventstack.extentreports.model.Test), getScreenCaptureContext=public com.aventstack.extentreports.model.AbstractStructure com.aventstack.extentreports.model.Log.getScreenCaptureContext(), setObjectId=public void com.aventstack.extentreports.model.Log.setObjectId(org.bson.types.ObjectId), getStatus=public com.aventstack.extentreports.Status com.aventstack.extentreports.model.Log.getStatus(), getTest=public com.aventstack.extentreports.model.Test com.aventstack.extentreports.model.Log.getTest(), getObjectId=public org.bson.types.ObjectId com.aventstack.extentreports.model.Log.getObjectId(), screenCaptureContext=freemarker.ext.beans.FastPropertyDescriptor@48d293ee, getTimestamp=public java.util.Date com.aventstack.extentreports.model.Log.getTimestamp(), hashCode=public native int java.lang.Object.hashCode(), setDetails=public void com.aventstack.extentreports.model.Log.setDetails(java.lang.String), details=freemarker.ext.beans.FastPropertyDescriptor@146dcfe6, class=freemarker.ext.beans.FastPropertyDescriptor@22587507, objectId=freemarker.ext.beans.FastPropertyDescriptor@5c77ba8f, setTimestamp=public void com.aventstack.extentreports.model.Log.setTimestamp(java.util.Date), timestamp=freemarker.ext.beans.FastPropertyDescriptor@660f0c, test=freemarker.ext.beans.FastPropertyDescriptor@7a0ef219, getExceptionInfo=public com.aventstack.extentreports.model.ExceptionInfo com.aventstack.extentreports.model.Log.getExceptionInfo(), getDetails=public java.lang.String com.aventstack.extentreports.model.Log.getDetails(), setStatus=public void com.aventstack.extentreports.model.Log.setStatus(com.aventstack.extentreports.Status), sequence=freemarker.ext.beans.FastPropertyDescriptor@1b1f5012, java.lang.Object@692fd26={public java.lang.String java.lang.Object.toString()=[Ljava.lang.Class;@7add323c, public void com.aventstack.extentreports.model.Log.setScreenCaptureContext(com.aventstack.extentreports.model.AbstractStructure)=[Ljava.lang.Class;@4a734c04, public void com.aventstack.extentreports.model.Log.setDetails(java.lang.String)=[Ljava.lang.Class;@4760f169, public java.util.Date com.aventstack.extentreports.model.Log.getTimestamp()=[Ljava.lang.Class;@261ea657, public int com.aventstack.extentreports.model.Log.getSequence()=[Ljava.lang.Class;@35c12c7a, public void com.aventstack.extentreports.model.Log.setTimestamp(java.util.Date)=[Ljava.lang.Class;@658255aa, public native int java.lang.Object.hashCode()=[Ljava.lang.Class;@25290bca, public boolean java.lang.Object.equals(java.lang.Object)=[Ljava.lang.Class;@76563d26, public void com.aventstack.extentreports.model.Log.setTest(com.aventstack.extentreports.model.Test)=[Ljava.lang.Class;@4ac86d6a, public com.aventstack.extentreports.model.ExceptionInfo com.aventstack.extentreports.model.Log.getExceptionInfo()=[Ljava.lang.Class;@3d904e9c, public com.aventstack.extentreports.model.AbstractStructure com.aventstack.extentreports.model.Log.getScreenCaptureContext()=[Ljava.lang.Class;@508a65bf, public void com.aventstack.extentreports.model.Log.setExceptionInfo(com.aventstack.extentreports.model.ExceptionInfo)=[Ljava.lang.Class;@17f2dd85, public void com.aventstack.extentreports.model.Log.setSequence(int)=[Ljava.lang.Class;@1e58512c, public com.aventstack.extentreports.model.Test com.aventstack.extentreports.model.Log.getTest()=[Ljava.lang.Class;@210308d5, public com.aventstack.extentreports.Status com.aventstack.extentreports.model.Log.getStatus()=[Ljava.lang.Class;@22a736d7, public org.bson.types.ObjectId com.aventstack.extentreports.model.Log.getObjectId()=[Ljava.lang.Class;@23b8d9f3, public void com.aventstack.extentreports.model.Log.setStatus(com.aventstack.extentreports.Status)=[Ljava.lang.Class;@7f353d99, public final native java.lang.Class java.lang.Object.getClass()=[Ljava.lang.Class;@4649d70a, public void com.aventstack.extentreports.model.Log.setObjectId(org.bson.types.ObjectId)=[Ljava.lang.Class;@5d43409a, public java.lang.String com.aventstack.extentreports.model.Log.getDetails()=[Ljava.lang.Class;@38d17d80}, setScreenCaptureContext=public void com.aventstack.extentreports.model.Log.setScreenCaptureContext(com.aventstack.extentreports.model.AbstractStructure), equals=public boolean java.lang.Object.equals(java.lang.Object), toString=public java.lang.String java.lang.Object.toString(), getSequence=public int com.aventstack.extentreports.model.Log.getSequence(), exceptionInfo=freemarker.ext.beans.FastPropertyDescriptor@6ede46f6, status=freemarker.ext.beans.FastPropertyDescriptor@66273da0}
DEBUG   16347   [freemark] (): Key "stepName" was not found on instance of com.aventstack.extentreports.model.Log. Introspection information for the class is: {setSequence=public void com.aventstack.extentreports.model.Log.setSequence(int), setExceptionInfo=public void com.aventstack.extentreports.model.Log.setExceptionInfo(com.aventstack.extentreports.model.ExceptionInfo), getClass=public final native java.lang.Class java.lang.Object.getClass(), java.lang.Object@2e1af49b=freemarker.ext.beans.SimpleMethod@4047d2d9, setTest=public void com.aventstack.extentreports.model.Log.setTest(com.aventstack.extentreports.model.Test), getScreenCaptureContext=public com.aventstack.extentreports.model.AbstractStructure com.aventstack.extentreports.model.Log.getScreenCaptureContext(), setObjectId=public void com.aventstack.extentreports.model.Log.setObjectId(org.bson.types.ObjectId), getStatus=public com.aventstack.extentreports.Status com.aventstack.extentreports.model.Log.getStatus(), getTest=public com.aventstack.extentreports.model.Test com.aventstack.extentreports.model.Log.getTest(), getObjectId=public org.bson.types.ObjectId com.aventstack.extentreports.model.Log.getObjectId(), screenCaptureContext=freemarker.ext.beans.FastPropertyDescriptor@48d293ee, getTimestamp=public java.util.Date com.aventstack.extentreports.model.Log.getTimestamp(), hashCode=public native int java.lang.Object.hashCode(), setDetails=public void com.aventstack.extentreports.model.Log.setDetails(java.lang.String), details=freemarker.ext.beans.FastPropertyDescriptor@146dcfe6, class=freemarker.ext.beans.FastPropertyDescriptor@22587507, objectId=freemarker.ext.beans.FastPropertyDescriptor@5c77ba8f, setTimestamp=public void com.aventstack.extentreports.model.Log.setTimestamp(java.util.Date), timestamp=freemarker.ext.beans.FastPropertyDescriptor@660f0c, test=freemarker.ext.beans.FastPropertyDescriptor@7a0ef219, getExceptionInfo=public com.aventstack.extentreports.model.ExceptionInfo com.aventstack.extentreports.model.Log.getExceptionInfo(), getDetails=public java.lang.String com.aventstack.extentreports.model.Log.getDetails(), setStatus=public void com.aventstack.extentreports.model.Log.setStatus(com.aventstack.extentreports.Status), sequence=freemarker.ext.beans.FastPropertyDescriptor@1b1f5012, java.lang.Object@692fd26={public java.lang.String java.lang.Object.toString()=[Ljava.lang.Class;@7add323c, public void com.aventstack.extentreports.model.Log.setScreenCaptureContext(com.aventstack.extentreports.model.AbstractStructure)=[Ljava.lang.Class;@4a734c04, public void com.aventstack.extentreports.model.Log.setDetails(java.lang.String)=[Ljava.lang.Class;@4760f169, public java.util.Date com.aventstack.extentreports.model.Log.getTimestamp()=[Ljava.lang.Class;@261ea657, public int com.aventstack.extentreports.model.Log.getSequence()=[Ljava.lang.Class;@35c12c7a, public void com.aventstack.extentreports.model.Log.setTimestamp(java.util.Date)=[Ljava.lang.Class;@658255aa, public native int java.lang.Object.hashCode()=[Ljava.lang.Class;@25290bca, public boolean java.lang.Object.equals(java.lang.Object)=[Ljava.lang.Class;@76563d26, public void com.aventstack.extentreports.model.Log.setTest(com.aventstack.extentreports.model.Test)=[Ljava.lang.Class;@4ac86d6a, public com.aventstack.extentreports.model.ExceptionInfo com.aventstack.extentreports.model.Log.getExceptionInfo()=[Ljava.lang.Class;@3d904e9c, public com.aventstack.extentreports.model.AbstractStructure com.aventstack.extentreports.model.Log.getScreenCaptureContext()=[Ljava.lang.Class;@508a65bf, public void com.aventstack.extentreports.model.Log.setExceptionInfo(com.aventstack.extentreports.model.ExceptionInfo)=[Ljava.lang.Class;@17f2dd85, public void com.aventstack.extentreports.model.Log.setSequence(int)=[Ljava.lang.Class;@1e58512c, public com.aventstack.extentreports.model.Test com.aventstack.extentreports.model.Log.getTest()=[Ljava.lang.Class;@210308d5, public com.aventstack.extentreports.Status com.aventstack.extentreports.model.Log.getStatus()=[Ljava.lang.Class;@22a736d7, public org.bson.types.ObjectId com.aventstack.extentreports.model.Log.getObjectId()=[Ljava.lang.Class;@23b8d9f3, public void com.aventstack.extentreports.model.Log.setStatus(com.aventstack.extentreports.Status)=[Ljava.lang.Class;@7f353d99, public final native java.lang.Class java.lang.Object.getClass()=[Ljava.lang.Class;@4649d70a, public void com.aventstack.extentreports.model.Log.setObjectId(org.bson.types.ObjectId)=[Ljava.lang.Class;@5d43409a, public java.lang.String com.aventstack.extentreports.model.Log.getDetails()=[Ljava.lang.Class;@38d17d80}, setScreenCaptureContext=public void com.aventstack.extentreports.model.Log.setScreenCaptureContext(com.aventstack.extentreports.model.AbstractStructure), equals=public boolean java.lang.Object.equals(java.lang.Object), toString=public java.lang.String java.lang.Object.toString(), getSequence=public int com.aventstack.extentreports.model.Log.getSequence(), exceptionInfo=freemarker.ext.beans.FastPropertyDescriptor@6ede46f6, status=freemarker.ext.beans.FastPropertyDescriptor@66273da0}
DEBUG   16347   [freemark] (): Key "screenCaptureList" was not found on instance of com.aventstack.extentreports.model.Test. Introspection information for the class is: {extent=freemarker.ext.beans.FastPropertyDescriptor@e5cbff2, parent=freemarker.ext.beans.FastPropertyDescriptor@51c959a4, getClass=public final native java.lang.Class java.lang.Object.getClass(), java.lang.Object@2e1af49b=freemarker.ext.beans.SimpleMethod@4fc3c165, getName=public java.lang.String com.aventstack.extentreports.model.Test.getName(), getScreenCaptureContext=public com.aventstack.extentreports.model.AbstractStructure com.aventstack.extentreports.model.Test.getScreenCaptureContext(), setAuthorContext=public void com.aventstack.extentreports.model.Test.setAuthorContext(com.aventstack.extentreports.model.AbstractStructure), authorContext=freemarker.ext.beans.FastPropertyDescriptor@65bdd558, getStatus=public com.aventstack.extentreports.Status com.aventstack.extentreports.model.Test.getStatus(), setUsesManualConfiguration=public void com.aventstack.extentreports.model.Test.setUsesManualConfiguration(boolean), setLevel=public void com.aventstack.extentreports.model.Test.setLevel(int), getObjectId=public org.bson.types.ObjectId com.aventstack.extentreports.model.Test.getObjectId(), getEndTime=public java.util.Date com.aventstack.extentreports.model.Test.getEndTime(), isUsesManualConfiguration=public boolean com.aventstack.extentreports.model.Test.isUsesManualConfiguration(), setId=public void com.aventstack.extentreports.model.Test.setId(int), usesManualConfiguration=freemarker.ext.beans.FastPropertyDescriptor@10a0fe30, id=freemarker.ext.beans.FastPropertyDescriptor@7b6860f9, getStartTime=public java.util.Date com.aventstack.extentreports.model.Test.getStartTime(), getExceptionInfoContext=public com.aventstack.extentreports.model.AbstractStructure com.aventstack.extentreports.model.Test.getExceptionInfoContext(), level=freemarker.ext.beans.FastPropertyDescriptor@60f70249, getDeviceContext=public com.aventstack.extentreports.model.AbstractStructure com.aventstack.extentreports.model.Test.getDeviceContext(), getLogContext=public com.aventstack.extentreports.model.AbstractStructure com.aventstack.extentreports.model.Test.getLogContext(), behaviorDrivenTypeName=freemarker.ext.beans.FastPropertyDescriptor@31ee2fdb, java.lang.Object@692fd26={public java.lang.String java.lang.Object.toString()=[Ljava.lang.Class;@262816a8, public int com.aventstack.extentreports.model.Test.getLevel()=[Ljava.lang.Class;@1effd53c, public com.aventstack.extentreports.model.AbstractStructure com.aventstack.extentreports.model.Test.getLogContext()=[Ljava.lang.Class;@46c269e0, public void com.aventstack.extentreports.model.Test.setScreenCaptureContext(com.aventstack.extentreports.model.AbstractStructure)=[Ljava.lang.Class;@6920614, public void com.aventstack.extentreports.model.Test.setEndTime(java.util.Date)=[Ljava.lang.Class;@6069dd38, public java.lang.Boolean com.aventstack.extentreports.model.Test.isBehaviorDrivenType()=[Ljava.lang.Class;@5fa23c, public com.aventstack.extentreports.model.AbstractStructure com.aventstack.extentreports.model.Test.getCategoryContext()=[Ljava.lang.Class;@558756be, public void com.aventstack.extentreports.model.Test.setDeviceContext(com.aventstack.extentreports.model.AbstractStructure)=[Ljava.lang.Class;@433348bc, public java.lang.Class com.aventstack.extentreports.model.Test.getBddType()=[Ljava.lang.Class;@6d1dcdff, public boolean java.lang.Object.equals(java.lang.Object)=[Ljava.lang.Class;@102ecc22, public com.aventstack.extentreports.model.Test com.aventstack.extentreports.model.Test.getParent()=[Ljava.lang.Class;@7ff35a3f, public com.aventstack.extentreports.model.AbstractStructure com.aventstack.extentreports.model.Test.getNodeContext()=[Ljava.lang.Class;@26dc9bd5, public com.aventstack.extentreports.ExtentReports com.aventstack.extentreports.model.Test.getExtent()=[Ljava.lang.Class;@252dc8c4, public com.aventstack.extentreports.model.AbstractStructure com.aventstack.extentreports.model.Test.getAuthorContext()=[Ljava.lang.Class;@43045f9f, public com.aventstack.extentreports.model.AbstractStructure com.aventstack.extentreports.model.Test.getExceptionInfoContext()=[Ljava.lang.Class;@2643d762, public java.lang.String com.aventstack.extentreports.model.Test.getBehaviorDrivenTypeName()=[Ljava.lang.Class;@6403e24c, public com.aventstack.extentreports.model.AbstractStructure com.aventstack.extentreports.model.Test.getDeviceContext()=[Ljava.lang.Class;@2f236de0, public void com.aventstack.extentreports.model.Test.setExceptionInfoContext(com.aventstack.extentreports.model.AbstractStructure)=[Ljava.lang.Class;@4eba373c, public void com.aventstack.extentreports.model.Test.setStatus(com.aventstack.extentreports.Status)=[Ljava.lang.Class;@767a014e, public java.util.Date com.aventstack.extentreports.model.Test.getEndTime()=[Ljava.lang.Class;@d109c4f, public void com.aventstack.extentreports.model.Test.setNodeContext(com.aventstack.extentreports.model.AbstractStructure)=[Ljava.lang.Class;@3968bc60, public void com.aventstack.extentreports.model.Test.setBddType(java.lang.Class)=[Ljava.lang.Class;@26f46fa6, public boolean com.aventstack.extentreports.model.Test.isUsesManualConfiguration()=[Ljava.lang.Class;@227a47, public void com.aventstack.extentreports.model.Test.setStartTime(java.util.Date)=[Ljava.lang.Class;@9596ce8, public void com.aventstack.extentreports.model.Test.setParent(com.aventstack.extentreports.model.Test)=[Ljava.lang.Class;@75ae4a1f, public void com.aventstack.extentreports.model.Test.setExtent(com.aventstack.extentreports.ExtentReports)=[Ljava.lang.Class;@70228253, public java.util.Date com.aventstack.extentreports.model.Test.getStartTime()=[Ljava.lang.Class;@63c12e52, public void com.aventstack.extentreports.model.Test.end()=[Ljava.lang.Class;@21bd20ee, public void com.aventstack.extentreports.model.Test.setId(int)=[Ljava.lang.Class;@26c47874, public void com.aventstack.extentreports.model.Test.setLogContext(com.aventstack.extentreports.model.AbstractStructure)=[Ljava.lang.Class;@421056e5, public native int java.lang.Object.hashCode()=[Ljava.lang.Class;@2849434b, public java.lang.String com.aventstack.extentreports.model.Test.getName()=[Ljava.lang.Class;@60bbacfc, public void com.aventstack.extentreports.model.Test.setName(java.lang.String)=[Ljava.lang.Class;@65b97f47, public void com.aventstack.extentreports.model.Test.computeEndTimeFromChildren()=[Ljava.lang.Class;@255eaa6b, public void com.aventstack.extentreports.model.Test.setAuthorContext(com.aventstack.extentreports.model.AbstractStructure)=[Ljava.lang.Class;@476fe690, public com.aventstack.extentreports.model.AbstractStructure com.aventstack.extentreports.model.Test.getScreenCaptureContext()=[Ljava.lang.Class;@7a0e7ecd, public void com.aventstack.extentreports.model.Test.setObjectId(org.bson.types.ObjectId)=[Ljava.lang.Class;@54e3658c, public void com.aventstack.extentreports.model.Test.setDescription(java.lang.String)=[Ljava.lang.Class;@43e9089, public void com.aventstack.extentreports.model.Test.setCategoryContext(com.aventstack.extentreports.model.AbstractStructure)=[Ljava.lang.Class;@3c5dbdf8, public int com.aventstack.extentreports.model.Test.getId()=[Ljava.lang.Class;@352c44a8, public final native java.lang.Class java.lang.Object.getClass()=[Ljava.lang.Class;@7aac8884, public void com.aventstack.extentreports.model.Test.setLevel(int)=[Ljava.lang.Class;@a66e580, public org.bson.types.ObjectId com.aventstack.extentreports.model.Test.getObjectId()=[Ljava.lang.Class;@5b852b49, public java.lang.String com.aventstack.extentreports.model.Test.getDescription()=[Ljava.lang.Class;@cdb2d95, public void com.aventstack.extentreports.model.Test.setUsesManualConfiguration(boolean)=[Ljava.lang.Class;@122d6c22, public com.aventstack.extentreports.Status com.aventstack.extentreports.model.Test.getStatus()=[Ljava.lang.Class;@2f5ac102}, name=freemarker.ext.beans.FastPropertyDescriptor@73c9e8e8, getBddType=public java.lang.Class com.aventstack.extentreports.model.Test.getBddType(), status=freemarker.ext.beans.FastPropertyDescriptor@1deceb67, setName=public void com.aventstack.extentreports.model.Test.setName(java.lang.String), computeEndTimeFromChildren=public void com.aventstack.extentreports.model.Test.computeEndTimeFromChildren(), description=freemarker.ext.beans.FastPropertyDescriptor@277bf091, getId=public int com.aventstack.extentreports.model.Test.getId(), setObjectId=public void com.aventstack.extentreports.model.Test.setObjectId(org.bson.types.ObjectId), setDescription=public void com.aventstack.extentreports.model.Test.setDescription(java.lang.String), setCategoryContext=public void com.aventstack.extentreports.model.Test.setCategoryContext(com.aventstack.extentreports.model.AbstractStructure), bddType=freemarker.ext.beans.FastPropertyDescriptor@5df778c3, getDescription=public java.lang.String com.aventstack.extentreports.model.Test.getDescription(), exceptionInfoContext=freemarker.ext.beans.FastPropertyDescriptor@895416d, setNodeContext=public void com.aventstack.extentreports.model.Test.setNodeContext(com.aventstack.extentreports.model.AbstractStructure), nodeContext=freemarker.ext.beans.FastPropertyDescriptor@71a06021, screenCaptureContext=freemarker.ext.beans.FastPropertyDescriptor@80bfdc6, setBddType=public void com.aventstack.extentreports.model.Test.setBddType(java.lang.Class), hashCode=public native int java.lang.Object.hashCode(), setLogContext=public void com.aventstack.extentreports.model.Test.setLogContext(com.aventstack.extentreports.model.AbstractStructure), startTime=freemarker.ext.beans.FastPropertyDescriptor@de8039f, end=public void com.aventstack.extentreports.model.Test.end(), setStartTime=public void com.aventstack.extentreports.model.Test.setStartTime(java.util.Date), setParent=public void com.aventstack.extentreports.model.Test.setParent(com.aventstack.extentreports.model.Test), setExtent=public void com.aventstack.extentreports.model.Test.setExtent(com.aventstack.extentreports.ExtentReports), class=freemarker.ext.beans.FastPropertyDescriptor@6edcad64, categoryContext=freemarker.ext.beans.FastPropertyDescriptor@fab35b1, objectId=freemarker.ext.beans.FastPropertyDescriptor@4c6007fb, getAuthorContext=public com.aventstack.extentreports.model.AbstractStructure com.aventstack.extentreports.model.Test.getAuthorContext(), getExtent=public com.aventstack.extentreports.ExtentReports com.aventstack.extentreports.model.Test.getExtent(), getParent=public com.aventstack.extentreports.model.Test com.aventstack.extentreports.model.Test.getParent(), getNodeContext=public com.aventstack.extentreports.model.AbstractStructure com.aventstack.extentreports.model.Test.getNodeContext(), getBehaviorDrivenTypeName=public java.lang.String com.aventstack.extentreports.model.Test.getBehaviorDrivenTypeName(), setStatus=public void com.aventstack.extentreports.model.Test.setStatus(com.aventstack.extentreports.Status), setExceptionInfoContext=public void com.aventstack.extentreports.model.Test.setExceptionInfoContext(com.aventstack.extentreports.model.AbstractStructure), getLevel=public int com.aventstack.extentreports.model.Test.getLevel(), deviceContext=freemarker.ext.beans.FastPropertyDescriptor@3e33d73e, setDeviceContext=public void com.aventstack.extentreports.model.Test.setDeviceContext(com.aventstack.extentreports.model.AbstractStructure), getCategoryContext=public com.aventstack.extentreports.model.AbstractStructure com.aventstack.extentreports.model.Test.getCategoryContext(), setScreenCaptureContext=public void com.aventstack.extentreports.model.Test.setScreenCaptureContext(com.aventstack.extentreports.model.AbstractStructure), setEndTime=public void com.aventstack.extentreports.model.Test.setEndTime(java.util.Date), isBehaviorDrivenType=public java.lang.Boolean com.aventstack.extentreports.model.Test.isBehaviorDrivenType(), equals=public boolean java.lang.Object.equals(java.lang.Object), toString=public java.lang.String java.lang.Object.toString(), logContext=freemarker.ext.beans.FastPropertyDescriptor@6981f8f3, endTime=freemarker.ext.beans.FastPropertyDescriptor@5d5c04f9}
DEBUG   16347   [freemark] (): "v3html/category-view/v3-html-category-view.ftl"("en_IN", UTF-8, parsed) cached copy not yet stale; using cached.
DEBUG   16347   [freemark] (): "v3html/exception-view/v3-html-exception-view.ftl"("en_IN", UTF-8, parsed) cached copy not yet stale; using cached.
DEBUG   16347   [freemark] (): "v3html/author-view/v3-html-author-view.ftl"("en_IN", UTF-8, parsed) cached copy not yet stale; using cached.
DEBUG   16347   [freemark] (): "v3html/dashboard-view/v3-html-dashboard-view.ftl"("en_IN", UTF-8, parsed) cached copy not yet stale; using cached.
DEBUG   16347   [freemark] (): "v3html/logs-view/v3-html-testrunner-logs-view.ftl"("en_IN", UTF-8, parsed) cached copy not yet stale; using cached.
]]></system-out>
  </testcase>
</testsuite>