<?xml version="1.0" encoding="UTF-8"?>
<testsuite xmlns:xsi="http://www.w3.org/2001/XMLSchema-instance" xsi:noNamespaceSchemaLocation="https://maven.apache.org/surefire/maven-surefire-plugin/xsd/surefire-test-report.xsd" name="TestSuite" time="84.82" tests="3" errors="0" skipped="0" failures="3">
  <properties>
    <property name="gopherProxySet" value="false"/>
    <property name="awt.toolkit" value="sun.lwawt.macosx.LWCToolkit"/>
    <property name="java.specification.version" value="11"/>
    <property name="sun.cpu.isalist" value=""/>
    <property name="sun.jnu.encoding" value="UTF-8"/>
    <property name="java.class.path" value="/Users/prabhu/eclipse-workspace/W31-Onboarding-BOBA/target/test-classes:/Users/prabhu/eclipse-workspace/W31-Onboarding-BOBA/target/classes:/Users/prabhu/.m2/repository/io/appium/java-client/7.3.0/java-client-7.3.0.jar:/Users/prabhu/.m2/repository/org/seleniumhq/selenium/selenium-java/3.141.59/selenium-java-3.141.59.jar:/Users/prabhu/.m2/repository/org/seleniumhq/selenium/selenium-chrome-driver/3.141.59/selenium-chrome-driver-3.141.59.jar:/Users/prabhu/.m2/repository/org/seleniumhq/selenium/selenium-edge-driver/3.141.59/selenium-edge-driver-3.141.59.jar:/Users/prabhu/.m2/repository/org/seleniumhq/selenium/selenium-firefox-driver/3.141.59/selenium-firefox-driver-3.141.59.jar:/Users/prabhu/.m2/repository/org/seleniumhq/selenium/selenium-ie-driver/3.141.59/selenium-ie-driver-3.141.59.jar:/Users/prabhu/.m2/repository/org/seleniumhq/selenium/selenium-opera-driver/3.141.59/selenium-opera-driver-3.141.59.jar:/Users/prabhu/.m2/repository/org/seleniumhq/selenium/selenium-remote-driver/3.141.59/selenium-remote-driver-3.141.59.jar:/Users/prabhu/.m2/repository/org/seleniumhq/selenium/selenium-safari-driver/3.141.59/selenium-safari-driver-3.141.59.jar:/Users/prabhu/.m2/repository/net/bytebuddy/byte-buddy/1.8.15/byte-buddy-1.8.15.jar:/Users/prabhu/.m2/repository/org/apache/commons/commons-exec/1.3/commons-exec-1.3.jar:/Users/prabhu/.m2/repository/com/squareup/okhttp3/okhttp/3.11.0/okhttp-3.11.0.jar:/Users/prabhu/.m2/repository/com/squareup/okio/okio/1.14.0/okio-1.14.0.jar:/Users/prabhu/.m2/repository/org/seleniumhq/selenium/selenium-support/3.141.59/selenium-support-3.141.59.jar:/Users/prabhu/.m2/repository/org/seleniumhq/selenium/selenium-api/3.141.59/selenium-api-3.141.59.jar:/Users/prabhu/.m2/repository/com/google/code/gson/gson/2.8.5/gson-2.8.5.jar:/Users/prabhu/.m2/repository/org/apache/httpcomponents/httpclient/4.5.9/httpclient-4.5.9.jar:/Users/prabhu/.m2/repository/org/apache/httpcomponents/httpcore/4.4.11/httpcore-4.4.11.jar:/Users/prabhu/.m2/repository/commons-logging/commons-logging/1.2/commons-logging-1.2.jar:/Users/prabhu/.m2/repository/commons-codec/commons-codec/1.11/commons-codec-1.11.jar:/Users/prabhu/.m2/repository/cglib/cglib/3.2.12/cglib-3.2.12.jar:/Users/prabhu/.m2/repository/org/ow2/asm/asm/7.1/asm-7.1.jar:/Users/prabhu/.m2/repository/commons-validator/commons-validator/1.6/commons-validator-1.6.jar:/Users/prabhu/.m2/repository/commons-beanutils/commons-beanutils/1.9.2/commons-beanutils-1.9.2.jar:/Users/prabhu/.m2/repository/commons-digester/commons-digester/1.8.1/commons-digester-1.8.1.jar:/Users/prabhu/.m2/repository/commons-collections/commons-collections/3.2.2/commons-collections-3.2.2.jar:/Users/prabhu/.m2/repository/org/apache/commons/commons-lang3/3.9/commons-lang3-3.9.jar:/Users/prabhu/.m2/repository/commons-io/commons-io/2.6/commons-io-2.6.jar:/Users/prabhu/.m2/repository/org/springframework/spring-context/5.1.8.RELEASE/spring-context-5.1.8.RELEASE.jar:/Users/prabhu/.m2/repository/org/springframework/spring-aop/5.1.8.RELEASE/spring-aop-5.1.8.RELEASE.jar:/Users/prabhu/.m2/repository/org/springframework/spring-beans/5.1.8.RELEASE/spring-beans-5.1.8.RELEASE.jar:/Users/prabhu/.m2/repository/org/springframework/spring-core/5.1.8.RELEASE/spring-core-5.1.8.RELEASE.jar:/Users/prabhu/.m2/repository/org/springframework/spring-jcl/5.1.8.RELEASE/spring-jcl-5.1.8.RELEASE.jar:/Users/prabhu/.m2/repository/org/springframework/spring-expression/5.1.8.RELEASE/spring-expression-5.1.8.RELEASE.jar:/Users/prabhu/.m2/repository/org/aspectj/aspectjweaver/1.9.4/aspectjweaver-1.9.4.jar:/Users/prabhu/.m2/repository/org/slf4j/slf4j-api/1.7.26/slf4j-api-1.7.26.jar:/Users/prabhu/.m2/repository/org/testng/testng/7.4.0/testng-7.4.0.jar:/Users/prabhu/.m2/repository/com/beust/jcommander/1.78/jcommander-1.78.jar:/Users/prabhu/.m2/repository/org/webjars/jquery/3.5.1/jquery-3.5.1.jar:/Users/prabhu/.m2/repository/com/googlecode/json-simple/json-simple/1.1.1/json-simple-1.1.1.jar:/Users/prabhu/.m2/repository/junit/junit/4.10/junit-4.10.jar:/Users/prabhu/.m2/repository/org/hamcrest/hamcrest-core/1.1/hamcrest-core-1.1.jar:/Users/prabhu/.m2/repository/org/apache/logging/log4j/log4j-core/2.14.1/log4j-core-2.14.1.jar:/Users/prabhu/.m2/repository/org/apache/logging/log4j/log4j-api/2.14.1/log4j-api-2.14.1.jar:/Users/prabhu/.m2/repository/com/aventstack/extentreports/4.1.2/extentreports-4.1.2.jar:/Users/prabhu/.m2/repository/org/freemarker/freemarker/2.3.29/freemarker-2.3.29.jar:/Users/prabhu/.m2/repository/org/apache/httpcomponents/httpmime/4.5.2/httpmime-4.5.2.jar:/Users/prabhu/.m2/repository/org/mongodb/mongodb-driver/3.12.0/mongodb-driver-3.12.0.jar:/Users/prabhu/.m2/repository/org/mongodb/mongodb-driver-core/3.12.0/mongodb-driver-core-3.12.0.jar:/Users/prabhu/.m2/repository/org/mongodb/bson/3.12.0/bson-3.12.0.jar:/Users/prabhu/.m2/repository/io/github/bonigarcia/webdrivermanager/3.8.1/webdrivermanager-3.8.1.jar:/Users/prabhu/.m2/repository/org/rauschig/jarchivelib/1.0.0/jarchivelib-1.0.0.jar:/Users/prabhu/.m2/repository/org/apache/commons/commons-compress/1.18/commons-compress-1.18.jar:/Users/prabhu/.m2/repository/org/jsoup/jsoup/1.11.3/jsoup-1.11.3.jar:/Users/prabhu/.m2/repository/org/uncommons/reportng/1.1.4/reportng-1.1.4.jar:/Users/prabhu/.m2/repository/velocity/velocity/1.4/velocity-1.4.jar:/Users/prabhu/.m2/repository/velocity/velocity-dep/1.4/velocity-dep-1.4.jar:/Users/prabhu/.m2/repository/com/google/inject/guice/5.0.1/guice-5.0.1.jar:/Users/prabhu/.m2/repository/javax/inject/javax.inject/1/javax.inject-1.jar:/Users/prabhu/.m2/repository/aopalliance/aopalliance/1.0/aopalliance-1.0.jar:/Users/prabhu/.m2/repository/com/google/guava/guava/30.1-jre/guava-30.1-jre.jar:/Users/prabhu/.m2/repository/com/google/guava/failureaccess/1.0.1/failureaccess-1.0.1.jar:/Users/prabhu/.m2/repository/com/google/guava/listenablefuture/9999.0-empty-to-avoid-conflict-with-guava/listenablefuture-9999.0-empty-to-avoid-conflict-with-guava.jar:/Users/prabhu/.m2/repository/com/google/code/findbugs/jsr305/3.0.2/jsr305-3.0.2.jar:/Users/prabhu/.m2/repository/org/checkerframework/checker-qual/3.5.0/checker-qual-3.5.0.jar:/Users/prabhu/.m2/repository/com/google/errorprone/error_prone_annotations/2.3.4/error_prone_annotations-2.3.4.jar:/Users/prabhu/.m2/repository/com/google/j2objc/j2objc-annotations/1.3/j2objc-annotations-1.3.jar:/Users/prabhu/.m2/repository/com/sun/mail/javax.mail/1.6.2/javax.mail-1.6.2.jar:/Users/prabhu/.m2/repository/javax/activation/activation/1.1/activation-1.1.jar:"/>
    <property name="java.vm.vendor" value="Oracle Corporation"/>
    <property name="sun.arch.data.model" value="64"/>
    <property name="java.vendor.url" value="http://java.oracle.com/"/>
    <property name="user.timezone" value=""/>
    <property name="java.vm.specification.version" value="11"/>
    <property name="os.name" value="Mac OS X"/>
    <property name="sun.java.launcher" value="SUN_STANDARD"/>
    <property name="user.country" value="IN"/>
    <property name="sun.boot.library.path" value="/Library/Java/JavaVirtualMachines/jdk-11.0.2.jdk/Contents/Home/lib"/>
    <property name="sun.java.command" value="/Users/prabhu/eclipse-workspace/W31-Onboarding-BOBA/target/surefire/surefirebooter5589121216795095132.jar /Users/prabhu/eclipse-workspace/W31-Onboarding-BOBA/target/surefire 2021-10-08T02-02-49_075-jvmRun1 surefire4670363899281252113tmp surefire_014546234368045090185tmp"/>
    <property name="http.nonProxyHosts" value="local|*.local|169.254/16|*.169.254/16"/>
    <property name="jdk.debug" value="release"/>
    <property name="surefire.test.class.path" value="/Users/prabhu/eclipse-workspace/W31-Onboarding-BOBA/target/test-classes:/Users/prabhu/eclipse-workspace/W31-Onboarding-BOBA/target/classes:/Users/prabhu/.m2/repository/io/appium/java-client/7.3.0/java-client-7.3.0.jar:/Users/prabhu/.m2/repository/org/seleniumhq/selenium/selenium-java/3.141.59/selenium-java-3.141.59.jar:/Users/prabhu/.m2/repository/org/seleniumhq/selenium/selenium-chrome-driver/3.141.59/selenium-chrome-driver-3.141.59.jar:/Users/prabhu/.m2/repository/org/seleniumhq/selenium/selenium-edge-driver/3.141.59/selenium-edge-driver-3.141.59.jar:/Users/prabhu/.m2/repository/org/seleniumhq/selenium/selenium-firefox-driver/3.141.59/selenium-firefox-driver-3.141.59.jar:/Users/prabhu/.m2/repository/org/seleniumhq/selenium/selenium-ie-driver/3.141.59/selenium-ie-driver-3.141.59.jar:/Users/prabhu/.m2/repository/org/seleniumhq/selenium/selenium-opera-driver/3.141.59/selenium-opera-driver-3.141.59.jar:/Users/prabhu/.m2/repository/org/seleniumhq/selenium/selenium-remote-driver/3.141.59/selenium-remote-driver-3.141.59.jar:/Users/prabhu/.m2/repository/org/seleniumhq/selenium/selenium-safari-driver/3.141.59/selenium-safari-driver-3.141.59.jar:/Users/prabhu/.m2/repository/net/bytebuddy/byte-buddy/1.8.15/byte-buddy-1.8.15.jar:/Users/prabhu/.m2/repository/org/apache/commons/commons-exec/1.3/commons-exec-1.3.jar:/Users/prabhu/.m2/repository/com/squareup/okhttp3/okhttp/3.11.0/okhttp-3.11.0.jar:/Users/prabhu/.m2/repository/com/squareup/okio/okio/1.14.0/okio-1.14.0.jar:/Users/prabhu/.m2/repository/org/seleniumhq/selenium/selenium-support/3.141.59/selenium-support-3.141.59.jar:/Users/prabhu/.m2/repository/org/seleniumhq/selenium/selenium-api/3.141.59/selenium-api-3.141.59.jar:/Users/prabhu/.m2/repository/com/google/code/gson/gson/2.8.5/gson-2.8.5.jar:/Users/prabhu/.m2/repository/org/apache/httpcomponents/httpclient/4.5.9/httpclient-4.5.9.jar:/Users/prabhu/.m2/repository/org/apache/httpcomponents/httpcore/4.4.11/httpcore-4.4.11.jar:/Users/prabhu/.m2/repository/commons-logging/commons-logging/1.2/commons-logging-1.2.jar:/Users/prabhu/.m2/repository/commons-codec/commons-codec/1.11/commons-codec-1.11.jar:/Users/prabhu/.m2/repository/cglib/cglib/3.2.12/cglib-3.2.12.jar:/Users/prabhu/.m2/repository/org/ow2/asm/asm/7.1/asm-7.1.jar:/Users/prabhu/.m2/repository/commons-validator/commons-validator/1.6/commons-validator-1.6.jar:/Users/prabhu/.m2/repository/commons-beanutils/commons-beanutils/1.9.2/commons-beanutils-1.9.2.jar:/Users/prabhu/.m2/repository/commons-digester/commons-digester/1.8.1/commons-digester-1.8.1.jar:/Users/prabhu/.m2/repository/commons-collections/commons-collections/3.2.2/commons-collections-3.2.2.jar:/Users/prabhu/.m2/repository/org/apache/commons/commons-lang3/3.9/commons-lang3-3.9.jar:/Users/prabhu/.m2/repository/commons-io/commons-io/2.6/commons-io-2.6.jar:/Users/prabhu/.m2/repository/org/springframework/spring-context/5.1.8.RELEASE/spring-context-5.1.8.RELEASE.jar:/Users/prabhu/.m2/repository/org/springframework/spring-aop/5.1.8.RELEASE/spring-aop-5.1.8.RELEASE.jar:/Users/prabhu/.m2/repository/org/springframework/spring-beans/5.1.8.RELEASE/spring-beans-5.1.8.RELEASE.jar:/Users/prabhu/.m2/repository/org/springframework/spring-core/5.1.8.RELEASE/spring-core-5.1.8.RELEASE.jar:/Users/prabhu/.m2/repository/org/springframework/spring-jcl/5.1.8.RELEASE/spring-jcl-5.1.8.RELEASE.jar:/Users/prabhu/.m2/repository/org/springframework/spring-expression/5.1.8.RELEASE/spring-expression-5.1.8.RELEASE.jar:/Users/prabhu/.m2/repository/org/aspectj/aspectjweaver/1.9.4/aspectjweaver-1.9.4.jar:/Users/prabhu/.m2/repository/org/slf4j/slf4j-api/1.7.26/slf4j-api-1.7.26.jar:/Users/prabhu/.m2/repository/org/testng/testng/7.4.0/testng-7.4.0.jar:/Users/prabhu/.m2/repository/com/beust/jcommander/1.78/jcommander-1.78.jar:/Users/prabhu/.m2/repository/org/webjars/jquery/3.5.1/jquery-3.5.1.jar:/Users/prabhu/.m2/repository/com/googlecode/json-simple/json-simple/1.1.1/json-simple-1.1.1.jar:/Users/prabhu/.m2/repository/junit/junit/4.10/junit-4.10.jar:/Users/prabhu/.m2/repository/org/hamcrest/hamcrest-core/1.1/hamcrest-core-1.1.jar:/Users/prabhu/.m2/repository/org/apache/logging/log4j/log4j-core/2.14.1/log4j-core-2.14.1.jar:/Users/prabhu/.m2/repository/org/apache/logging/log4j/log4j-api/2.14.1/log4j-api-2.14.1.jar:/Users/prabhu/.m2/repository/com/aventstack/extentreports/4.1.2/extentreports-4.1.2.jar:/Users/prabhu/.m2/repository/org/freemarker/freemarker/2.3.29/freemarker-2.3.29.jar:/Users/prabhu/.m2/repository/org/apache/httpcomponents/httpmime/4.5.2/httpmime-4.5.2.jar:/Users/prabhu/.m2/repository/org/mongodb/mongodb-driver/3.12.0/mongodb-driver-3.12.0.jar:/Users/prabhu/.m2/repository/org/mongodb/mongodb-driver-core/3.12.0/mongodb-driver-core-3.12.0.jar:/Users/prabhu/.m2/repository/org/mongodb/bson/3.12.0/bson-3.12.0.jar:/Users/prabhu/.m2/repository/io/github/bonigarcia/webdrivermanager/3.8.1/webdrivermanager-3.8.1.jar:/Users/prabhu/.m2/repository/org/rauschig/jarchivelib/1.0.0/jarchivelib-1.0.0.jar:/Users/prabhu/.m2/repository/org/apache/commons/commons-compress/1.18/commons-compress-1.18.jar:/Users/prabhu/.m2/repository/org/jsoup/jsoup/1.11.3/jsoup-1.11.3.jar:/Users/prabhu/.m2/repository/org/uncommons/reportng/1.1.4/reportng-1.1.4.jar:/Users/prabhu/.m2/repository/velocity/velocity/1.4/velocity-1.4.jar:/Users/prabhu/.m2/repository/velocity/velocity-dep/1.4/velocity-dep-1.4.jar:/Users/prabhu/.m2/repository/com/google/inject/guice/5.0.1/guice-5.0.1.jar:/Users/prabhu/.m2/repository/javax/inject/javax.inject/1/javax.inject-1.jar:/Users/prabhu/.m2/repository/aopalliance/aopalliance/1.0/aopalliance-1.0.jar:/Users/prabhu/.m2/repository/com/google/guava/guava/30.1-jre/guava-30.1-jre.jar:/Users/prabhu/.m2/repository/com/google/guava/failureaccess/1.0.1/failureaccess-1.0.1.jar:/Users/prabhu/.m2/repository/com/google/guava/listenablefuture/9999.0-empty-to-avoid-conflict-with-guava/listenablefuture-9999.0-empty-to-avoid-conflict-with-guava.jar:/Users/prabhu/.m2/repository/com/google/code/findbugs/jsr305/3.0.2/jsr305-3.0.2.jar:/Users/prabhu/.m2/repository/org/checkerframework/checker-qual/3.5.0/checker-qual-3.5.0.jar:/Users/prabhu/.m2/repository/com/google/errorprone/error_prone_annotations/2.3.4/error_prone_annotations-2.3.4.jar:/Users/prabhu/.m2/repository/com/google/j2objc/j2objc-annotations/1.3/j2objc-annotations-1.3.jar:/Users/prabhu/.m2/repository/com/sun/mail/javax.mail/1.6.2/javax.mail-1.6.2.jar:/Users/prabhu/.m2/repository/javax/activation/activation/1.1/activation-1.1.jar:"/>
    <property name="sun.cpu.endian" value="little"/>
    <property name="user.home" value="/Users/prabhu"/>
    <property name="user.language" value="en"/>
    <property name="java.specification.vendor" value="Oracle Corporation"/>
    <property name="java.version.date" value="2019-01-15"/>
    <property name="java.home" value="/Library/Java/JavaVirtualMachines/jdk-11.0.2.jdk/Contents/Home"/>
    <property name="file.separator" value="/"/>
    <property name="basedir" value="/Users/prabhu/eclipse-workspace/W31-Onboarding-BOBA"/>
    <property name="java.vm.compressedOopsMode" value="Zero based"/>
    <property name="line.separator" value="&#10;"/>
    <property name="java.specification.name" value="Java Platform API Specification"/>
    <property name="java.vm.specification.vendor" value="Oracle Corporation"/>
    <property name="java.awt.graphicsenv" value="sun.awt.CGraphicsEnvironment"/>
    <property name="surefire.real.class.path" value="/Users/prabhu/eclipse-workspace/W31-Onboarding-BOBA/target/surefire/surefirebooter5589121216795095132.jar"/>
    <property name="sun.management.compiler" value="HotSpot 64-Bit Tiered Compilers"/>
    <property name="ftp.nonProxyHosts" value="local|*.local|169.254/16|*.169.254/16"/>
    <property name="java.runtime.version" value="11.0.2+9"/>
    <property name="user.name" value="prabhu"/>
    <property name="path.separator" value=":"/>
    <property name="os.version" value="10.16"/>
    <property name="java.runtime.name" value="OpenJDK Runtime Environment"/>
    <property name="file.encoding" value="UTF-8"/>
    <property name="java.vm.name" value="OpenJDK 64-Bit Server VM"/>
    <property name="java.vendor.version" value="18.9"/>
    <property name="localRepository" value="/Users/prabhu/.m2/repository"/>
    <property name="java.vendor.url.bug" value="http://bugreport.java.com/bugreport/"/>
    <property name="java.io.tmpdir" value="/var/folders/0n/gztfs3315sqflgmf8691xcwr0000gp/T/"/>
    <property name="java.version" value="11.0.2"/>
    <property name="user.dir" value="/Users/prabhu/eclipse-workspace/W31-Onboarding-BOBA"/>
    <property name="os.arch" value="x86_64"/>
    <property name="java.vm.specification.name" value="Java Virtual Machine Specification"/>
    <property name="java.awt.printerjob" value="sun.lwawt.macosx.CPrinterJob"/>
    <property name="sun.os.patch.level" value="unknown"/>
    <property name="java.library.path" value="/Users/prabhu/Library/Java/Extensions:/Library/Java/Extensions:/Network/Library/Java/Extensions:/System/Library/Java/Extensions:/usr/lib/java:."/>
    <property name="java.vendor" value="Oracle Corporation"/>
    <property name="java.vm.info" value="mixed mode"/>
    <property name="java.vm.version" value="11.0.2+9"/>
    <property name="sun.io.unicode.encoding" value="UnicodeBig"/>
    <property name="java.class.version" value="55.0"/>
    <property name="socksNonProxyHosts" value="local|*.local|169.254/16|*.169.254/16"/>
  </properties>
  <testcase name="W31OB_SignUpUser" classname="com.cs.arris.Tests.W31OB_SignUp_And_Onboard_Test" time="24.021">
    <failure message="Can&apos;t locate an element by this strategy: By.chained({By.xpath: //android.widget.EditText[@resource-id=&apos;com.arris.sbcBeta:id/etConfirmPasscode&apos;]})" type="org.openqa.selenium.NoSuchElementException">org.openqa.selenium.NoSuchElementException: Can't locate an element by this strategy: By.chained({By.xpath: //android.widget.EditText[@resource-id='com.arris.sbcBeta:id/etConfirmPasscode']})
	at com.cs.arris.Tests.W31OB_SignUp_And_Onboard_Test.lambda$8(W31OB_SignUp_And_Onboard_Test.java:80)
	at com.cs.arris.Tests.W31OB_SignUp_And_Onboard_Test.W31OB_SignUpUser(W31OB_SignUp_And_Onboard_Test.java:74)
Caused by: org.openqa.selenium.TimeoutException: Expected condition failed: waiting for io.appium.java_client.pagefactory.AppiumElementLocator$WaitingFunction@15f35bc3 (tried for 1 second(s) with 500 milliseconds interval)
	at com.cs.arris.Tests.W31OB_SignUp_And_Onboard_Test.lambda$8(W31OB_SignUp_And_Onboard_Test.java:80)
	at com.cs.arris.Tests.W31OB_SignUp_And_Onboard_Test.W31OB_SignUpUser(W31OB_SignUp_And_Onboard_Test.java:74)
Caused by: org.openqa.selenium.NoSuchElementException: 
Cannot locate an element using By.chained({By.xpath: //android.widget.EditText[@resource-id='com.arris.sbcBeta:id/etConfirmPasscode']})
For documentation on this error, please visit: https://www.seleniumhq.org/exceptions/no_such_element.html
Build info: version: '3.141.59', revision: 'e82be7d358', time: '2018-11-14T08:17:03'
System info: host: 'techleads-Mac-mini.local', ip: '192.168.0.131', os.name: 'Mac OS X', os.arch: 'x86_64', os.version: '10.16', java.version: '11.0.2'
Driver info: driver.version: AndroidDriver
	at com.cs.arris.Tests.W31OB_SignUp_And_Onboard_Test.lambda$8(W31OB_SignUp_And_Onboard_Test.java:80)
	at com.cs.arris.Tests.W31OB_SignUp_And_Onboard_Test.W31OB_SignUpUser(W31OB_SignUp_And_Onboard_Test.java:74)
</failure>
    <system-out><![CDATA[[INFO ] 2021-10-08 02:02:56.514 com.cs.arris.Base.ParentClass:252 - load config.properties
Config.properties object set to Thread Local
[INFO ] 2021-10-08 02:02:56.541 com.cs.arris.Base.ParentClass:283 - load strings/strings.xml
[INFO ] 2021-10-08 02:02:56.548 com.cs.arris.Base.ParentClass:297 - load error_codes/error_codes.xml
[INFO ] 2021-10-08 02:02:56.551 com.cs.arris.Base.ParentClass:245 - log path: logs/Android_RZ8M3002DGL
Inside Android DesiredCapabilities...Platform Name ---> : Android
Android Driver is set to the Thread Local context =======> android
[INFO ] 2021-10-08 02:03:13.284 com.cs.arris.Base.ParentClass:214 - driver initialized: io.appium.java_client.android.AndroidDriver, Capabilities: {app=/Users/prabhu/Documents/apk/app-staging-debug.apk, appPackage=com.arris.sbcBeta, automationName=UiAutomator2, databaseEnabled=false, desired={platformName=android, version=11, app=/Users/prabhu/Documents/apk/app-staging-debug.apk, automationName=UiAutomator2, deviceName=Android, noReset=false, udid=RZ8M3002DGL}, deviceApiLevel=30, deviceManufacturer=samsung, deviceModel=SM-G973F, deviceName=RZ8M3002DGL, deviceScreenDensity=420, deviceScreenSize=1080x2280, deviceUDID=RZ8M3002DGL, javascriptEnabled=true, locationContextEnabled=false, networkConnectionEnabled=true, noReset=false, pixelRatio=2.625, platform=LINUX, platformName=Android, platformVersion=11, statBarHeight=112, takesScreenshot=true, udid=RZ8M3002DGL, version=11, viewportRect={left=0, top=112, width=1080, height=1930}, warnings={}, webStorageEnabled=false}
[INFO ] 2021-10-08 02:03:13.301 com.cs.arris.Tests.W31OB_SignUp_And_Onboard_Test:30 - Loading...Sign Up Test Data
[INFO ] 2021-10-08 02:03:13.302 com.cs.arris.Base.ParentClass:269 - loading...testdata/signup
First Name : prabhu
Last Name : rajarathinam
Email address : prabhu.rajarathinam@mobileprogramming.com
[INFO ] 2021-10-08 02:03:13.305 com.cs.arris.Tests.W31OB_SignUp_And_Onboard_Test:38 - Retrieved...Sign Up Test Data
[INFO ] 2021-10-08 02:03:14.002 com.cs.arris.Tests.W31OB_SignUp_And_Onboard_Test:47 - 
****** starting test:W31OB_SignUpUser******

[INFO ] 2021-10-08 02:03:15.312 com.cs.arris.Pages.DeviceLocationPage:105 - Clicking Only This Time Link on Grant Access Permissions Mini Page
Total Message Count: 1136
Unread Emails count:0
New Message Count: 0
Subject: Your verification code
javax.mail.internet.MimeMultipart@727320fa
Your
verification
code
is
564053.
OTP is : 564053
564053
Entering OTP Passcode : --------> com.cs.arris.Utilities.OTP@ae73c80
]]></system-out>
    <system-err><![CDATA[Oct 08, 2021 2:03:13 AM io.appium.java_client.remote.AppiumCommandExecutor$1 lambda$0
INFO: Detected dialect: W3C
]]></system-err>
  </testcase>
  <testcase name="W31OB_Signin_Onboarding" classname="com.cs.arris.Tests.W31OB_Signin_And_Onboard_Test" time="14.071">
    <failure type="java.lang.NullPointerException">java.lang.NullPointerException
	at com.cs.arris.Tests.W31OB_Signin_And_Onboard_Test.lambda$8(W31OB_Signin_And_Onboard_Test.java:69)
	at com.cs.arris.Tests.W31OB_Signin_And_Onboard_Test.W31OB_Signin_Onboarding(W31OB_Signin_And_Onboard_Test.java:68)
</failure>
    <system-out><![CDATA[[ERROR] 2021-10-08 02:03:38.726 com.cs.arris.Listeners.TestListener:39 - org.openqa.selenium.NoSuchElementException: Can't locate an element by this strategy: By.chained({By.xpath: //android.widget.EditText[@resource-id='com.arris.sbcBeta:id/etConfirmPasscode']})
	at io.appium.java_client.pagefactory.AppiumElementLocator.findElement(AppiumElementLocator.java:126)
	at io.appium.java_client.pagefactory.interceptors.InterceptorOfASingleElement.intercept(InterceptorOfASingleElement.java:59)
	at io.appium.java_client.android.AndroidElement$$EnhancerByCGLIB$$b598166c.sendKeys(<generated>)
	at com.cs.arris.Base.ParentClass.sendKeys(ParentClass.java:411)
	at com.cs.arris.Pages.EnterOTPPage.enterPassCode(EnterOTPPage.java:62)
	at com.cs.arris.Tests.W31OB_SignUp_And_Onboard_Test.lambda$8(W31OB_SignUp_And_Onboard_Test.java:80)
	at com.cs.arris.Workflows.W31OB_SignUp_Workflow.enterOTPPage(W31OB_SignUp_Workflow.java:91)
	at com.cs.arris.Tests.W31OB_SignUp_And_Onboard_Test.W31OB_SignUpUser(W31OB_SignUp_And_Onboard_Test.java:74)
	at java.base/jdk.internal.reflect.NativeMethodAccessorImpl.invoke0(Native Method)
	at java.base/jdk.internal.reflect.NativeMethodAccessorImpl.invoke(NativeMethodAccessorImpl.java:62)
	at java.base/jdk.internal.reflect.DelegatingMethodAccessorImpl.invoke(DelegatingMethodAccessorImpl.java:43)
	at java.base/java.lang.reflect.Method.invoke(Method.java:566)
	at org.testng.internal.MethodInvocationHelper.invokeMethod(MethodInvocationHelper.java:133)
	at org.testng.internal.TestInvoker.invokeMethod(TestInvoker.java:598)
	at org.testng.internal.TestInvoker.invokeTestMethod(TestInvoker.java:173)
	at org.testng.internal.MethodRunner.runInSequence(MethodRunner.java:46)
	at org.testng.internal.TestInvoker$MethodInvocationAgent.invoke(TestInvoker.java:824)
	at org.testng.internal.TestInvoker.invokeTestMethods(TestInvoker.java:146)
	at org.testng.internal.TestMethodWorker.invokeTestMethods(TestMethodWorker.java:146)
	at org.testng.internal.TestMethodWorker.run(TestMethodWorker.java:128)
	at java.base/java.util.ArrayList.forEach(ArrayList.java:1540)
	at org.testng.TestRunner.privateRun(TestRunner.java:794)
	at org.testng.TestRunner.run(TestRunner.java:596)
	at org.testng.SuiteRunner.runTest(SuiteRunner.java:377)
	at org.testng.SuiteRunner.runSequentially(SuiteRunner.java:371)
	at org.testng.SuiteRunner.privateRun(SuiteRunner.java:332)
	at org.testng.SuiteRunner.run(SuiteRunner.java:276)
	at org.testng.SuiteRunnerWorker.runSuite(SuiteRunnerWorker.java:53)
	at org.testng.SuiteRunnerWorker.run(SuiteRunnerWorker.java:96)
	at org.testng.TestNG.runSuitesSequentially(TestNG.java:1212)
	at org.testng.TestNG.runSuitesLocally(TestNG.java:1134)
	at org.testng.TestNG.runSuites(TestNG.java:1063)
	at org.testng.TestNG.run(TestNG.java:1031)
	at org.apache.maven.surefire.testng.TestNGExecutor.run(TestNGExecutor.java:283)
	at org.apache.maven.surefire.testng.TestNGXmlTestSuite.execute(TestNGXmlTestSuite.java:75)
	at org.apache.maven.surefire.testng.TestNGProvider.invoke(TestNGProvider.java:120)
	at org.apache.maven.surefire.booter.ForkedBooter.invokeProviderInSameClassLoader(ForkedBooter.java:384)
	at org.apache.maven.surefire.booter.ForkedBooter.runSuitesInProcess(ForkedBooter.java:345)
	at org.apache.maven.surefire.booter.ForkedBooter.execute(ForkedBooter.java:126)
	at org.apache.maven.surefire.booter.ForkedBooter.main(ForkedBooter.java:418)
Caused by: org.openqa.selenium.TimeoutException: Expected condition failed: waiting for io.appium.java_client.pagefactory.AppiumElementLocator$WaitingFunction@15f35bc3 (tried for 1 second(s) with 500 milliseconds interval)
	at org.openqa.selenium.support.ui.FluentWait.timeoutException(FluentWait.java:304)
	at org.openqa.selenium.support.ui.FluentWait.until(FluentWait.java:272)
	at io.appium.java_client.pagefactory.AppiumElementLocator.waitFor(AppiumElementLocator.java:99)
	at io.appium.java_client.pagefactory.AppiumElementLocator.findElement(AppiumElementLocator.java:119)
	... 39 more
Caused by: org.openqa.selenium.NoSuchElementException: Cannot locate an element using By.chained({By.xpath: //android.widget.EditText[@resource-id='com.arris.sbcBeta:id/etConfirmPasscode']})
For documentation on this error, please visit: https://www.seleniumhq.org/exceptions/no_such_element.html
Build info: version: '3.141.59', revision: 'e82be7d358', time: '2018-11-14T08:17:03'
System info: host: 'techleads-Mac-mini.local', ip: '192.168.0.131', os.name: 'Mac OS X', os.arch: 'x86_64', os.version: '10.16', java.version: '11.0.2'
Driver info: driver.version: AndroidDriver
	at io.appium.java_client.pagefactory.bys.builder.ByChained.findElement(ByChained.java:74)
	at org.openqa.selenium.remote.RemoteWebDriver.findElement(RemoteWebDriver.java:315)
	at io.appium.java_client.DefaultGenericMobileDriver.findElement(DefaultGenericMobileDriver.java:57)
	at io.appium.java_client.AppiumDriver.findElement(AppiumDriver.java:1)
	at io.appium.java_client.android.AndroidDriver.findElement(AndroidDriver.java:1)
	at io.appium.java_client.pagefactory.bys.ContentMappedBy.findElement(ContentMappedBy.java:50)
	at org.openqa.selenium.remote.RemoteWebDriver.findElement(RemoteWebDriver.java:315)
	at io.appium.java_client.DefaultGenericMobileDriver.findElement(DefaultGenericMobileDriver.java:57)
	at io.appium.java_client.AppiumDriver.findElement(AppiumDriver.java:1)
	at io.appium.java_client.android.AndroidDriver.findElement(AndroidDriver.java:1)
	at io.appium.java_client.pagefactory.AppiumElementLocator.lambda$0(AppiumElementLocator.java:120)
	at io.appium.java_client.pagefactory.AppiumElementLocator$WaitingFunction.apply(AppiumElementLocator.java:172)
	at io.appium.java_client.pagefactory.AppiumElementLocator$WaitingFunction.apply(AppiumElementLocator.java:1)
	at org.openqa.selenium.support.ui.FluentWait.until(FluentWait.java:249)
	... 41 more

[INFO ] 2021-10-08 02:03:41.354 com.cs.arris.Base.ParentClass:368 - video path: videos/Android_RZ8M3002DGL/2021-10-08-02-02-56/W31OB_SignUp_And_Onboard_Test/W31OB_SignUpUser.mp4
DEBUG   16336   [freemark] (): Couldn't find template in cache for "v3html/v3-html-index.ftl"("en_IN", UTF-8, parsed); will try to load it.
DEBUG   16336   [freemark] (): TemplateLoader.findTemplateSource("v3html/v3-html-index_en_IN.ftl"): Not found
DEBUG   16336   [freemark] (): TemplateLoader.findTemplateSource("v3html/v3-html-index_en.ftl"): Not found
DEBUG   16336   [freemark] (): TemplateLoader.findTemplateSource("v3html/v3-html-index.ftl"): Found
DEBUG   16336   [freemark] (): Loading template for "v3html/v3-html-index.ftl"("en_IN", UTF-8, parsed) from "jar:file:/Users/prabhu/.m2/repository/com/aventstack/extentreports/4.1.2/extentreports-4.1.2.jar!/com/aventstack/extentreports/view/v3html/v3-html-index.ftl"
DEBUG   16336   [freemark] (): Couldn't find template in cache for "commons/commons-variables.ftl"("en_IN", UTF-8, parsed); will try to load it.
DEBUG   16336   [freemark] (): TemplateLoader.findTemplateSource("commons/commons-variables_en_IN.ftl"): Not found
DEBUG   16336   [freemark] (): TemplateLoader.findTemplateSource("commons/commons-variables_en.ftl"): Not found
DEBUG   16336   [freemark] (): TemplateLoader.findTemplateSource("commons/commons-variables.ftl"): Found
DEBUG   16336   [freemark] (): Loading template for "commons/commons-variables.ftl"("en_IN", UTF-8, parsed) from "jar:file:/Users/prabhu/.m2/repository/com/aventstack/extentreports/4.1.2/extentreports-4.1.2.jar!/com/aventstack/extentreports/view/commons/commons-variables.ftl"
DEBUG   16336   [freemark] (): "commons/commons-variables.ftl"("en_IN", UTF-8, parsed) cached copy not yet stale; using cached.
DEBUG   16336   [freemark] (): Couldn't find template in cache for "v3html/v3-html-head.ftl"("en_IN", UTF-8, parsed); will try to load it.
DEBUG   16336   [freemark] (): TemplateLoader.findTemplateSource("v3html/v3-html-head_en_IN.ftl"): Not found
DEBUG   16336   [freemark] (): TemplateLoader.findTemplateSource("v3html/v3-html-head_en.ftl"): Not found
DEBUG   16336   [freemark] (): TemplateLoader.findTemplateSource("v3html/v3-html-head.ftl"): Found
DEBUG   16336   [freemark] (): Loading template for "v3html/v3-html-head.ftl"("en_IN", UTF-8, parsed) from "jar:file:/Users/prabhu/.m2/repository/com/aventstack/extentreports/4.1.2/extentreports-4.1.2.jar!/com/aventstack/extentreports/view/v3html/v3-html-head.ftl"
DEBUG   16336   [freemark] (): Couldn't find template in cache for "v3html/v3-html-nav.ftl"("en_IN", UTF-8, parsed); will try to load it.
DEBUG   16336   [freemark] (): TemplateLoader.findTemplateSource("v3html/v3-html-nav_en_IN.ftl"): Not found
DEBUG   16336   [freemark] (): TemplateLoader.findTemplateSource("v3html/v3-html-nav_en.ftl"): Not found
DEBUG   16336   [freemark] (): TemplateLoader.findTemplateSource("v3html/v3-html-nav.ftl"): Found
DEBUG   16336   [freemark] (): Loading template for "v3html/v3-html-nav.ftl"("en_IN", UTF-8, parsed) from "jar:file:/Users/prabhu/.m2/repository/com/aventstack/extentreports/4.1.2/extentreports-4.1.2.jar!/com/aventstack/extentreports/view/v3html/v3-html-nav.ftl"
DEBUG   16336   [freemark] (): Couldn't find template in cache for "v3html/test-view/v3-html-test-view.ftl"("en_IN", UTF-8, parsed); will try to load it.
DEBUG   16336   [freemark] (): TemplateLoader.findTemplateSource("v3html/test-view/v3-html-test-view_en_IN.ftl"): Not found
DEBUG   16336   [freemark] (): TemplateLoader.findTemplateSource("v3html/test-view/v3-html-test-view_en.ftl"): Not found
DEBUG   16336   [freemark] (): TemplateLoader.findTemplateSource("v3html/test-view/v3-html-test-view.ftl"): Found
DEBUG   16336   [freemark] (): Loading template for "v3html/test-view/v3-html-test-view.ftl"("en_IN", UTF-8, parsed) from "jar:file:/Users/prabhu/.m2/repository/com/aventstack/extentreports/4.1.2/extentreports-4.1.2.jar!/com/aventstack/extentreports/view/v3html/test-view/v3-html-test-view.ftl"
DEBUG   16336   [freemark] (): Couldn't find template in cache for "v3html/test-view/v3-html-test-view-charts.ftl"("en_IN", UTF-8, parsed); will try to load it.
DEBUG   16336   [freemark] (): TemplateLoader.findTemplateSource("v3html/test-view/v3-html-test-view-charts_en_IN.ftl"): Not found
DEBUG   16336   [freemark] (): TemplateLoader.findTemplateSource("v3html/test-view/v3-html-test-view-charts_en.ftl"): Not found
DEBUG   16336   [freemark] (): TemplateLoader.findTemplateSource("v3html/test-view/v3-html-test-view-charts.ftl"): Found
DEBUG   16336   [freemark] (): Loading template for "v3html/test-view/v3-html-test-view-charts.ftl"("en_IN", UTF-8, parsed) from "jar:file:/Users/prabhu/.m2/repository/com/aventstack/extentreports/4.1.2/extentreports-4.1.2.jar!/com/aventstack/extentreports/view/v3html/test-view/v3-html-test-view-charts.ftl"
DEBUG   16336   [freemark] (): Couldn't find template in cache for "v3html/test-view/v3-html-standard.ftl"("en_IN", UTF-8, parsed); will try to load it.
DEBUG   16336   [freemark] (): TemplateLoader.findTemplateSource("v3html/test-view/v3-html-standard_en_IN.ftl"): Not found
DEBUG   16336   [freemark] (): TemplateLoader.findTemplateSource("v3html/test-view/v3-html-standard_en.ftl"): Not found
DEBUG   16336   [freemark] (): TemplateLoader.findTemplateSource("v3html/test-view/v3-html-standard.ftl"): Found
DEBUG   16336   [freemark] (): Loading template for "v3html/test-view/v3-html-standard.ftl"("en_IN", UTF-8, parsed) from "jar:file:/Users/prabhu/.m2/repository/com/aventstack/extentreports/4.1.2/extentreports-4.1.2.jar!/com/aventstack/extentreports/view/v3html/test-view/v3-html-standard.ftl"
DEBUG   16336   [freemark] (): Key "stepName" was not found on instance of com.aventstack.extentreports.model.Log. Introspection information for the class is: {setSequence=public void com.aventstack.extentreports.model.Log.setSequence(int), setExceptionInfo=public void com.aventstack.extentreports.model.Log.setExceptionInfo(com.aventstack.extentreports.model.ExceptionInfo), getClass=public final native java.lang.Class java.lang.Object.getClass(), setTest=public void com.aventstack.extentreports.model.Log.setTest(com.aventstack.extentreports.model.Test), getScreenCaptureContext=public com.aventstack.extentreports.model.AbstractStructure com.aventstack.extentreports.model.Log.getScreenCaptureContext(), java.lang.Object@bd1111a={public java.lang.String java.lang.Object.toString()=[Ljava.lang.Class;@834e986, public void com.aventstack.extentreports.model.Log.setScreenCaptureContext(com.aventstack.extentreports.model.AbstractStructure)=[Ljava.lang.Class;@6cae2e4d, public void com.aventstack.extentreports.model.Log.setDetails(java.lang.String)=[Ljava.lang.Class;@604d23fa, public java.util.Date com.aventstack.extentreports.model.Log.getTimestamp()=[Ljava.lang.Class;@1cc8416a, public int com.aventstack.extentreports.model.Log.getSequence()=[Ljava.lang.Class;@331ff3ac, public void com.aventstack.extentreports.model.Log.setTimestamp(java.util.Date)=[Ljava.lang.Class;@2e5e6fc4, public native int java.lang.Object.hashCode()=[Ljava.lang.Class;@2785db06, public boolean java.lang.Object.equals(java.lang.Object)=[Ljava.lang.Class;@79980d8d, public void com.aventstack.extentreports.model.Log.setTest(com.aventstack.extentreports.model.Test)=[Ljava.lang.Class;@35d60381, public com.aventstack.extentreports.model.ExceptionInfo com.aventstack.extentreports.model.Log.getExceptionInfo()=[Ljava.lang.Class;@68ab6ab0, public com.aventstack.extentreports.model.AbstractStructure com.aventstack.extentreports.model.Log.getScreenCaptureContext()=[Ljava.lang.Class;@61ffd148, public void com.aventstack.extentreports.model.Log.setExceptionInfo(com.aventstack.extentreports.model.ExceptionInfo)=[Ljava.lang.Class;@58324c9f, public void com.aventstack.extentreports.model.Log.setSequence(int)=[Ljava.lang.Class;@5d7d8613, public com.aventstack.extentreports.model.Test com.aventstack.extentreports.model.Log.getTest()=[Ljava.lang.Class;@6eb089e6, public com.aventstack.extentreports.Status com.aventstack.extentreports.model.Log.getStatus()=[Ljava.lang.Class;@715a70e9, public org.bson.types.ObjectId com.aventstack.extentreports.model.Log.getObjectId()=[Ljava.lang.Class;@3bc69ce9, public void com.aventstack.extentreports.model.Log.setStatus(com.aventstack.extentreports.Status)=[Ljava.lang.Class;@abad89c, public final native java.lang.Class java.lang.Object.getClass()=[Ljava.lang.Class;@602f8f94, public void com.aventstack.extentreports.model.Log.setObjectId(org.bson.types.ObjectId)=[Ljava.lang.Class;@42507640, public java.lang.String com.aventstack.extentreports.model.Log.getDetails()=[Ljava.lang.Class;@4dfe8b37}, setObjectId=public void com.aventstack.extentreports.model.Log.setObjectId(org.bson.types.ObjectId), getStatus=public com.aventstack.extentreports.Status com.aventstack.extentreports.model.Log.getStatus(), java.lang.Object@69fa8e76=freemarker.ext.beans.SimpleMethod@11dcd42c, getTest=public com.aventstack.extentreports.model.Test com.aventstack.extentreports.model.Log.getTest(), getObjectId=public org.bson.types.ObjectId com.aventstack.extentreports.model.Log.getObjectId(), screenCaptureContext=freemarker.ext.beans.FastPropertyDescriptor@d13baac, getTimestamp=public java.util.Date com.aventstack.extentreports.model.Log.getTimestamp(), hashCode=public native int java.lang.Object.hashCode(), setDetails=public void com.aventstack.extentreports.model.Log.setDetails(java.lang.String), details=freemarker.ext.beans.FastPropertyDescriptor@4c302f38, class=freemarker.ext.beans.FastPropertyDescriptor@75aea2ba, objectId=freemarker.ext.beans.FastPropertyDescriptor@2a47597, setTimestamp=public void com.aventstack.extentreports.model.Log.setTimestamp(java.util.Date), timestamp=freemarker.ext.beans.FastPropertyDescriptor@12f279b5, test=freemarker.ext.beans.FastPropertyDescriptor@5ff6dd3c, getExceptionInfo=public com.aventstack.extentreports.model.ExceptionInfo com.aventstack.extentreports.model.Log.getExceptionInfo(), getDetails=public java.lang.String com.aventstack.extentreports.model.Log.getDetails(), setStatus=public void com.aventstack.extentreports.model.Log.setStatus(com.aventstack.extentreports.Status), sequence=freemarker.ext.beans.FastPropertyDescriptor@5fcd1f0a, setScreenCaptureContext=public void com.aventstack.extentreports.model.Log.setScreenCaptureContext(com.aventstack.extentreports.model.AbstractStructure), equals=public boolean java.lang.Object.equals(java.lang.Object), toString=public java.lang.String java.lang.Object.toString(), getSequence=public int com.aventstack.extentreports.model.Log.getSequence(), exceptionInfo=freemarker.ext.beans.FastPropertyDescriptor@7e64c1a9, status=freemarker.ext.beans.FastPropertyDescriptor@7fda2001}
DEBUG   16336   [freemark] (): Key "stepName" was not found on instance of com.aventstack.extentreports.model.Log. Introspection information for the class is: {setSequence=public void com.aventstack.extentreports.model.Log.setSequence(int), setExceptionInfo=public void com.aventstack.extentreports.model.Log.setExceptionInfo(com.aventstack.extentreports.model.ExceptionInfo), getClass=public final native java.lang.Class java.lang.Object.getClass(), setTest=public void com.aventstack.extentreports.model.Log.setTest(com.aventstack.extentreports.model.Test), getScreenCaptureContext=public com.aventstack.extentreports.model.AbstractStructure com.aventstack.extentreports.model.Log.getScreenCaptureContext(), java.lang.Object@bd1111a={public java.lang.String java.lang.Object.toString()=[Ljava.lang.Class;@834e986, public void com.aventstack.extentreports.model.Log.setScreenCaptureContext(com.aventstack.extentreports.model.AbstractStructure)=[Ljava.lang.Class;@6cae2e4d, public void com.aventstack.extentreports.model.Log.setDetails(java.lang.String)=[Ljava.lang.Class;@604d23fa, public java.util.Date com.aventstack.extentreports.model.Log.getTimestamp()=[Ljava.lang.Class;@1cc8416a, public int com.aventstack.extentreports.model.Log.getSequence()=[Ljava.lang.Class;@331ff3ac, public void com.aventstack.extentreports.model.Log.setTimestamp(java.util.Date)=[Ljava.lang.Class;@2e5e6fc4, public native int java.lang.Object.hashCode()=[Ljava.lang.Class;@2785db06, public boolean java.lang.Object.equals(java.lang.Object)=[Ljava.lang.Class;@79980d8d, public void com.aventstack.extentreports.model.Log.setTest(com.aventstack.extentreports.model.Test)=[Ljava.lang.Class;@35d60381, public com.aventstack.extentreports.model.ExceptionInfo com.aventstack.extentreports.model.Log.getExceptionInfo()=[Ljava.lang.Class;@68ab6ab0, public com.aventstack.extentreports.model.AbstractStructure com.aventstack.extentreports.model.Log.getScreenCaptureContext()=[Ljava.lang.Class;@61ffd148, public void com.aventstack.extentreports.model.Log.setExceptionInfo(com.aventstack.extentreports.model.ExceptionInfo)=[Ljava.lang.Class;@58324c9f, public void com.aventstack.extentreports.model.Log.setSequence(int)=[Ljava.lang.Class;@5d7d8613, public com.aventstack.extentreports.model.Test com.aventstack.extentreports.model.Log.getTest()=[Ljava.lang.Class;@6eb089e6, public com.aventstack.extentreports.Status com.aventstack.extentreports.model.Log.getStatus()=[Ljava.lang.Class;@715a70e9, public org.bson.types.ObjectId com.aventstack.extentreports.model.Log.getObjectId()=[Ljava.lang.Class;@3bc69ce9, public void com.aventstack.extentreports.model.Log.setStatus(com.aventstack.extentreports.Status)=[Ljava.lang.Class;@abad89c, public final native java.lang.Class java.lang.Object.getClass()=[Ljava.lang.Class;@602f8f94, public void com.aventstack.extentreports.model.Log.setObjectId(org.bson.types.ObjectId)=[Ljava.lang.Class;@42507640, public java.lang.String com.aventstack.extentreports.model.Log.getDetails()=[Ljava.lang.Class;@4dfe8b37}, setObjectId=public void com.aventstack.extentreports.model.Log.setObjectId(org.bson.types.ObjectId), getStatus=public com.aventstack.extentreports.Status com.aventstack.extentreports.model.Log.getStatus(), java.lang.Object@69fa8e76=freemarker.ext.beans.SimpleMethod@11dcd42c, getTest=public com.aventstack.extentreports.model.Test com.aventstack.extentreports.model.Log.getTest(), getObjectId=public org.bson.types.ObjectId com.aventstack.extentreports.model.Log.getObjectId(), screenCaptureContext=freemarker.ext.beans.FastPropertyDescriptor@d13baac, getTimestamp=public java.util.Date com.aventstack.extentreports.model.Log.getTimestamp(), hashCode=public native int java.lang.Object.hashCode(), setDetails=public void com.aventstack.extentreports.model.Log.setDetails(java.lang.String), details=freemarker.ext.beans.FastPropertyDescriptor@4c302f38, class=freemarker.ext.beans.FastPropertyDescriptor@75aea2ba, objectId=freemarker.ext.beans.FastPropertyDescriptor@2a47597, setTimestamp=public void com.aventstack.extentreports.model.Log.setTimestamp(java.util.Date), timestamp=freemarker.ext.beans.FastPropertyDescriptor@12f279b5, test=freemarker.ext.beans.FastPropertyDescriptor@5ff6dd3c, getExceptionInfo=public com.aventstack.extentreports.model.ExceptionInfo com.aventstack.extentreports.model.Log.getExceptionInfo(), getDetails=public java.lang.String com.aventstack.extentreports.model.Log.getDetails(), setStatus=public void com.aventstack.extentreports.model.Log.setStatus(com.aventstack.extentreports.Status), sequence=freemarker.ext.beans.FastPropertyDescriptor@5fcd1f0a, setScreenCaptureContext=public void com.aventstack.extentreports.model.Log.setScreenCaptureContext(com.aventstack.extentreports.model.AbstractStructure), equals=public boolean java.lang.Object.equals(java.lang.Object), toString=public java.lang.String java.lang.Object.toString(), getSequence=public int com.aventstack.extentreports.model.Log.getSequence(), exceptionInfo=freemarker.ext.beans.FastPropertyDescriptor@7e64c1a9, status=freemarker.ext.beans.FastPropertyDescriptor@7fda2001}
DEBUG   16336   [freemark] (): Key "screenCaptureList" was not found on instance of com.aventstack.extentreports.model.Test. Introspection information for the class is: {extent=freemarker.ext.beans.FastPropertyDescriptor@799f916e, parent=freemarker.ext.beans.FastPropertyDescriptor@576b7c74, getClass=public final native java.lang.Class java.lang.Object.getClass(), getName=public java.lang.String com.aventstack.extentreports.model.Test.getName(), getScreenCaptureContext=public com.aventstack.extentreports.model.AbstractStructure com.aventstack.extentreports.model.Test.getScreenCaptureContext(), setAuthorContext=public void com.aventstack.extentreports.model.Test.setAuthorContext(com.aventstack.extentreports.model.AbstractStructure), authorContext=freemarker.ext.beans.FastPropertyDescriptor@4fc165f6, getStatus=public com.aventstack.extentreports.Status com.aventstack.extentreports.model.Test.getStatus(), java.lang.Object@69fa8e76=freemarker.ext.beans.SimpleMethod@21de60a7, setUsesManualConfiguration=public void com.aventstack.extentreports.model.Test.setUsesManualConfiguration(boolean), setLevel=public void com.aventstack.extentreports.model.Test.setLevel(int), getObjectId=public org.bson.types.ObjectId com.aventstack.extentreports.model.Test.getObjectId(), getEndTime=public java.util.Date com.aventstack.extentreports.model.Test.getEndTime(), isUsesManualConfiguration=public boolean com.aventstack.extentreports.model.Test.isUsesManualConfiguration(), setId=public void com.aventstack.extentreports.model.Test.setId(int), usesManualConfiguration=freemarker.ext.beans.FastPropertyDescriptor@73894c5a, id=freemarker.ext.beans.FastPropertyDescriptor@7698b7a4, getStartTime=public java.util.Date com.aventstack.extentreports.model.Test.getStartTime(), getExceptionInfoContext=public com.aventstack.extentreports.model.AbstractStructure com.aventstack.extentreports.model.Test.getExceptionInfoContext(), level=freemarker.ext.beans.FastPropertyDescriptor@7a9ceddf, getDeviceContext=public com.aventstack.extentreports.model.AbstractStructure com.aventstack.extentreports.model.Test.getDeviceContext(), getLogContext=public com.aventstack.extentreports.model.AbstractStructure com.aventstack.extentreports.model.Test.getLogContext(), behaviorDrivenTypeName=freemarker.ext.beans.FastPropertyDescriptor@28157173, name=freemarker.ext.beans.FastPropertyDescriptor@22bf9122, getBddType=public java.lang.Class com.aventstack.extentreports.model.Test.getBddType(), status=freemarker.ext.beans.FastPropertyDescriptor@73afe2b7, setName=public void com.aventstack.extentreports.model.Test.setName(java.lang.String), computeEndTimeFromChildren=public void com.aventstack.extentreports.model.Test.computeEndTimeFromChildren(), description=freemarker.ext.beans.FastPropertyDescriptor@69de5bed, getId=public int com.aventstack.extentreports.model.Test.getId(), java.lang.Object@bd1111a={public java.lang.String java.lang.Object.toString()=[Ljava.lang.Class;@11c713b7, public int com.aventstack.extentreports.model.Test.getLevel()=[Ljava.lang.Class;@2251b3bc, public com.aventstack.extentreports.model.AbstractStructure com.aventstack.extentreports.model.Test.getLogContext()=[Ljava.lang.Class;@3fbe503c, public void com.aventstack.extentreports.model.Test.setScreenCaptureContext(com.aventstack.extentreports.model.AbstractStructure)=[Ljava.lang.Class;@3c232051, public void com.aventstack.extentreports.model.Test.setEndTime(java.util.Date)=[Ljava.lang.Class;@15d0d6c9, public java.lang.Boolean com.aventstack.extentreports.model.Test.isBehaviorDrivenType()=[Ljava.lang.Class;@3ab35b9c, public com.aventstack.extentreports.model.AbstractStructure com.aventstack.extentreports.model.Test.getCategoryContext()=[Ljava.lang.Class;@7741d346, public void com.aventstack.extentreports.model.Test.setDeviceContext(com.aventstack.extentreports.model.AbstractStructure)=[Ljava.lang.Class;@52454457, public java.lang.Class com.aventstack.extentreports.model.Test.getBddType()=[Ljava.lang.Class;@4130a648, public boolean java.lang.Object.equals(java.lang.Object)=[Ljava.lang.Class;@61ff6a49, public com.aventstack.extentreports.model.Test com.aventstack.extentreports.model.Test.getParent()=[Ljava.lang.Class;@18dd5ed3, public com.aventstack.extentreports.model.AbstractStructure com.aventstack.extentreports.model.Test.getNodeContext()=[Ljava.lang.Class;@6042d663, public com.aventstack.extentreports.ExtentReports com.aventstack.extentreports.model.Test.getExtent()=[Ljava.lang.Class;@24043ec5, public com.aventstack.extentreports.model.AbstractStructure com.aventstack.extentreports.model.Test.getAuthorContext()=[Ljava.lang.Class;@3e33b52e, public com.aventstack.extentreports.model.AbstractStructure com.aventstack.extentreports.model.Test.getExceptionInfoContext()=[Ljava.lang.Class;@4c6a4ffd, public java.lang.String com.aventstack.extentreports.model.Test.getBehaviorDrivenTypeName()=[Ljava.lang.Class;@3aed69dd, public com.aventstack.extentreports.model.AbstractStructure com.aventstack.extentreports.model.Test.getDeviceContext()=[Ljava.lang.Class;@3f1a9a53, public void com.aventstack.extentreports.model.Test.setExceptionInfoContext(com.aventstack.extentreports.model.AbstractStructure)=[Ljava.lang.Class;@1ca3d25b, public void com.aventstack.extentreports.model.Test.setStatus(com.aventstack.extentreports.Status)=[Ljava.lang.Class;@2287395, public java.util.Date com.aventstack.extentreports.model.Test.getEndTime()=[Ljava.lang.Class;@535a518c, public void com.aventstack.extentreports.model.Test.setNodeContext(com.aventstack.extentreports.model.AbstractStructure)=[Ljava.lang.Class;@38f981b6, public void com.aventstack.extentreports.model.Test.setBddType(java.lang.Class)=[Ljava.lang.Class;@3a4aadf8, public boolean com.aventstack.extentreports.model.Test.isUsesManualConfiguration()=[Ljava.lang.Class;@7bbfc5ff, public void com.aventstack.extentreports.model.Test.setStartTime(java.util.Date)=[Ljava.lang.Class;@7a682d35, public void com.aventstack.extentreports.model.Test.setParent(com.aventstack.extentreports.model.Test)=[Ljava.lang.Class;@ee8e7ff, public void com.aventstack.extentreports.model.Test.setExtent(com.aventstack.extentreports.ExtentReports)=[Ljava.lang.Class;@61a2aeb7, public java.util.Date com.aventstack.extentreports.model.Test.getStartTime()=[Ljava.lang.Class;@64b70f41, public void com.aventstack.extentreports.model.Test.end()=[Ljava.lang.Class;@5f8d9767, public void com.aventstack.extentreports.model.Test.setId(int)=[Ljava.lang.Class;@16134476, public void com.aventstack.extentreports.model.Test.setLogContext(com.aventstack.extentreports.model.AbstractStructure)=[Ljava.lang.Class;@62b09715, public native int java.lang.Object.hashCode()=[Ljava.lang.Class;@3e214105, public java.lang.String com.aventstack.extentreports.model.Test.getName()=[Ljava.lang.Class;@da4cf09, public void com.aventstack.extentreports.model.Test.setName(java.lang.String)=[Ljava.lang.Class;@1980a3f, public void com.aventstack.extentreports.model.Test.computeEndTimeFromChildren()=[Ljava.lang.Class;@67f63d26, public void com.aventstack.extentreports.model.Test.setAuthorContext(com.aventstack.extentreports.model.AbstractStructure)=[Ljava.lang.Class;@536b71b4, public com.aventstack.extentreports.model.AbstractStructure com.aventstack.extentreports.model.Test.getScreenCaptureContext()=[Ljava.lang.Class;@789c3057, public void com.aventstack.extentreports.model.Test.setObjectId(org.bson.types.ObjectId)=[Ljava.lang.Class;@39941489, public void com.aventstack.extentreports.model.Test.setDescription(java.lang.String)=[Ljava.lang.Class;@6f5d0190, public void com.aventstack.extentreports.model.Test.setCategoryContext(com.aventstack.extentreports.model.AbstractStructure)=[Ljava.lang.Class;@67332b1e, public int com.aventstack.extentreports.model.Test.getId()=[Ljava.lang.Class;@7e34b127, public final native java.lang.Class java.lang.Object.getClass()=[Ljava.lang.Class;@679dd234, public void com.aventstack.extentreports.model.Test.setLevel(int)=[Ljava.lang.Class;@60cb1ed6, public org.bson.types.ObjectId com.aventstack.extentreports.model.Test.getObjectId()=[Ljava.lang.Class;@1e5eb20a, public java.lang.String com.aventstack.extentreports.model.Test.getDescription()=[Ljava.lang.Class;@4538856f, public void com.aventstack.extentreports.model.Test.setUsesManualConfiguration(boolean)=[Ljava.lang.Class;@4c3de38e, public com.aventstack.extentreports.Status com.aventstack.extentreports.model.Test.getStatus()=[Ljava.lang.Class;@74b86971}, setObjectId=public void com.aventstack.extentreports.model.Test.setObjectId(org.bson.types.ObjectId), setDescription=public void com.aventstack.extentreports.model.Test.setDescription(java.lang.String), setCategoryContext=public void com.aventstack.extentreports.model.Test.setCategoryContext(com.aventstack.extentreports.model.AbstractStructure), bddType=freemarker.ext.beans.FastPropertyDescriptor@1f9d4b0e, getDescription=public java.lang.String com.aventstack.extentreports.model.Test.getDescription(), exceptionInfoContext=freemarker.ext.beans.FastPropertyDescriptor@1e8fb66f, setNodeContext=public void com.aventstack.extentreports.model.Test.setNodeContext(com.aventstack.extentreports.model.AbstractStructure), nodeContext=freemarker.ext.beans.FastPropertyDescriptor@3d8d17a3, screenCaptureContext=freemarker.ext.beans.FastPropertyDescriptor@ac91282, setBddType=public void com.aventstack.extentreports.model.Test.setBddType(java.lang.Class), hashCode=public native int java.lang.Object.hashCode(), setLogContext=public void com.aventstack.extentreports.model.Test.setLogContext(com.aventstack.extentreports.model.AbstractStructure), startTime=freemarker.ext.beans.FastPropertyDescriptor@208205ed, end=public void com.aventstack.extentreports.model.Test.end(), setStartTime=public void com.aventstack.extentreports.model.Test.setStartTime(java.util.Date), setParent=public void com.aventstack.extentreports.model.Test.setParent(com.aventstack.extentreports.model.Test), setExtent=public void com.aventstack.extentreports.model.Test.setExtent(com.aventstack.extentreports.ExtentReports), class=freemarker.ext.beans.FastPropertyDescriptor@7f79edee, categoryContext=freemarker.ext.beans.FastPropertyDescriptor@750f64fe, objectId=freemarker.ext.beans.FastPropertyDescriptor@1ca610a0, getAuthorContext=public com.aventstack.extentreports.model.AbstractStructure com.aventstack.extentreports.model.Test.getAuthorContext(), getExtent=public com.aventstack.extentreports.ExtentReports com.aventstack.extentreports.model.Test.getExtent(), getParent=public com.aventstack.extentreports.model.Test com.aventstack.extentreports.model.Test.getParent(), getNodeContext=public com.aventstack.extentreports.model.AbstractStructure com.aventstack.extentreports.model.Test.getNodeContext(), getBehaviorDrivenTypeName=public java.lang.String com.aventstack.extentreports.model.Test.getBehaviorDrivenTypeName(), setStatus=public void com.aventstack.extentreports.model.Test.setStatus(com.aventstack.extentreports.Status), setExceptionInfoContext=public void com.aventstack.extentreports.model.Test.setExceptionInfoContext(com.aventstack.extentreports.model.AbstractStructure), getLevel=public int com.aventstack.extentreports.model.Test.getLevel(), deviceContext=freemarker.ext.beans.FastPropertyDescriptor@49433c98, setDeviceContext=public void com.aventstack.extentreports.model.Test.setDeviceContext(com.aventstack.extentreports.model.AbstractStructure), getCategoryContext=public com.aventstack.extentreports.model.AbstractStructure com.aventstack.extentreports.model.Test.getCategoryContext(), setScreenCaptureContext=public void com.aventstack.extentreports.model.Test.setScreenCaptureContext(com.aventstack.extentreports.model.AbstractStructure), setEndTime=public void com.aventstack.extentreports.model.Test.setEndTime(java.util.Date), isBehaviorDrivenType=public java.lang.Boolean com.aventstack.extentreports.model.Test.isBehaviorDrivenType(), equals=public boolean java.lang.Object.equals(java.lang.Object), toString=public java.lang.String java.lang.Object.toString(), logContext=freemarker.ext.beans.FastPropertyDescriptor@b5c6a30, endTime=freemarker.ext.beans.FastPropertyDescriptor@7f6329cb}
DEBUG   16336   [freemark] (): "v3html/test-view/v3-html-standard.ftl"("en_IN", UTF-8, parsed) cached copy not yet stale; using cached.
DEBUG   16336   [freemark] (): Key "screenCaptureList" was not found on instance of com.aventstack.extentreports.model.Test. Introspection information for the class is: {extent=freemarker.ext.beans.FastPropertyDescriptor@799f916e, parent=freemarker.ext.beans.FastPropertyDescriptor@576b7c74, getClass=public final native java.lang.Class java.lang.Object.getClass(), getName=public java.lang.String com.aventstack.extentreports.model.Test.getName(), getScreenCaptureContext=public com.aventstack.extentreports.model.AbstractStructure com.aventstack.extentreports.model.Test.getScreenCaptureContext(), setAuthorContext=public void com.aventstack.extentreports.model.Test.setAuthorContext(com.aventstack.extentreports.model.AbstractStructure), authorContext=freemarker.ext.beans.FastPropertyDescriptor@4fc165f6, getStatus=public com.aventstack.extentreports.Status com.aventstack.extentreports.model.Test.getStatus(), java.lang.Object@69fa8e76=freemarker.ext.beans.SimpleMethod@21de60a7, setUsesManualConfiguration=public void com.aventstack.extentreports.model.Test.setUsesManualConfiguration(boolean), setLevel=public void com.aventstack.extentreports.model.Test.setLevel(int), getObjectId=public org.bson.types.ObjectId com.aventstack.extentreports.model.Test.getObjectId(), getEndTime=public java.util.Date com.aventstack.extentreports.model.Test.getEndTime(), isUsesManualConfiguration=public boolean com.aventstack.extentreports.model.Test.isUsesManualConfiguration(), setId=public void com.aventstack.extentreports.model.Test.setId(int), usesManualConfiguration=freemarker.ext.beans.FastPropertyDescriptor@73894c5a, id=freemarker.ext.beans.FastPropertyDescriptor@7698b7a4, getStartTime=public java.util.Date com.aventstack.extentreports.model.Test.getStartTime(), getExceptionInfoContext=public com.aventstack.extentreports.model.AbstractStructure com.aventstack.extentreports.model.Test.getExceptionInfoContext(), level=freemarker.ext.beans.FastPropertyDescriptor@7a9ceddf, getDeviceContext=public com.aventstack.extentreports.model.AbstractStructure com.aventstack.extentreports.model.Test.getDeviceContext(), getLogContext=public com.aventstack.extentreports.model.AbstractStructure com.aventstack.extentreports.model.Test.getLogContext(), behaviorDrivenTypeName=freemarker.ext.beans.FastPropertyDescriptor@28157173, name=freemarker.ext.beans.FastPropertyDescriptor@22bf9122, getBddType=public java.lang.Class com.aventstack.extentreports.model.Test.getBddType(), status=freemarker.ext.beans.FastPropertyDescriptor@73afe2b7, setName=public void com.aventstack.extentreports.model.Test.setName(java.lang.String), computeEndTimeFromChildren=public void com.aventstack.extentreports.model.Test.computeEndTimeFromChildren(), description=freemarker.ext.beans.FastPropertyDescriptor@69de5bed, getId=public int com.aventstack.extentreports.model.Test.getId(), java.lang.Object@bd1111a={public java.lang.String java.lang.Object.toString()=[Ljava.lang.Class;@11c713b7, public int com.aventstack.extentreports.model.Test.getLevel()=[Ljava.lang.Class;@2251b3bc, public com.aventstack.extentreports.model.AbstractStructure com.aventstack.extentreports.model.Test.getLogContext()=[Ljava.lang.Class;@3fbe503c, public void com.aventstack.extentreports.model.Test.setScreenCaptureContext(com.aventstack.extentreports.model.AbstractStructure)=[Ljava.lang.Class;@3c232051, public void com.aventstack.extentreports.model.Test.setEndTime(java.util.Date)=[Ljava.lang.Class;@15d0d6c9, public java.lang.Boolean com.aventstack.extentreports.model.Test.isBehaviorDrivenType()=[Ljava.lang.Class;@3ab35b9c, public com.aventstack.extentreports.model.AbstractStructure com.aventstack.extentreports.model.Test.getCategoryContext()=[Ljava.lang.Class;@7741d346, public void com.aventstack.extentreports.model.Test.setDeviceContext(com.aventstack.extentreports.model.AbstractStructure)=[Ljava.lang.Class;@52454457, public java.lang.Class com.aventstack.extentreports.model.Test.getBddType()=[Ljava.lang.Class;@4130a648, public boolean java.lang.Object.equals(java.lang.Object)=[Ljava.lang.Class;@61ff6a49, public com.aventstack.extentreports.model.Test com.aventstack.extentreports.model.Test.getParent()=[Ljava.lang.Class;@18dd5ed3, public com.aventstack.extentreports.model.AbstractStructure com.aventstack.extentreports.model.Test.getNodeContext()=[Ljava.lang.Class;@6042d663, public com.aventstack.extentreports.ExtentReports com.aventstack.extentreports.model.Test.getExtent()=[Ljava.lang.Class;@24043ec5, public com.aventstack.extentreports.model.AbstractStructure com.aventstack.extentreports.model.Test.getAuthorContext()=[Ljava.lang.Class;@3e33b52e, public com.aventstack.extentreports.model.AbstractStructure com.aventstack.extentreports.model.Test.getExceptionInfoContext()=[Ljava.lang.Class;@4c6a4ffd, public java.lang.String com.aventstack.extentreports.model.Test.getBehaviorDrivenTypeName()=[Ljava.lang.Class;@3aed69dd, public com.aventstack.extentreports.model.AbstractStructure com.aventstack.extentreports.model.Test.getDeviceContext()=[Ljava.lang.Class;@3f1a9a53, public void com.aventstack.extentreports.model.Test.setExceptionInfoContext(com.aventstack.extentreports.model.AbstractStructure)=[Ljava.lang.Class;@1ca3d25b, public void com.aventstack.extentreports.model.Test.setStatus(com.aventstack.extentreports.Status)=[Ljava.lang.Class;@2287395, public java.util.Date com.aventstack.extentreports.model.Test.getEndTime()=[Ljava.lang.Class;@535a518c, public void com.aventstack.extentreports.model.Test.setNodeContext(com.aventstack.extentreports.model.AbstractStructure)=[Ljava.lang.Class;@38f981b6, public void com.aventstack.extentreports.model.Test.setBddType(java.lang.Class)=[Ljava.lang.Class;@3a4aadf8, public boolean com.aventstack.extentreports.model.Test.isUsesManualConfiguration()=[Ljava.lang.Class;@7bbfc5ff, public void com.aventstack.extentreports.model.Test.setStartTime(java.util.Date)=[Ljava.lang.Class;@7a682d35, public void com.aventstack.extentreports.model.Test.setParent(com.aventstack.extentreports.model.Test)=[Ljava.lang.Class;@ee8e7ff, public void com.aventstack.extentreports.model.Test.setExtent(com.aventstack.extentreports.ExtentReports)=[Ljava.lang.Class;@61a2aeb7, public java.util.Date com.aventstack.extentreports.model.Test.getStartTime()=[Ljava.lang.Class;@64b70f41, public void com.aventstack.extentreports.model.Test.end()=[Ljava.lang.Class;@5f8d9767, public void com.aventstack.extentreports.model.Test.setId(int)=[Ljava.lang.Class;@16134476, public void com.aventstack.extentreports.model.Test.setLogContext(com.aventstack.extentreports.model.AbstractStructure)=[Ljava.lang.Class;@62b09715, public native int java.lang.Object.hashCode()=[Ljava.lang.Class;@3e214105, public java.lang.String com.aventstack.extentreports.model.Test.getName()=[Ljava.lang.Class;@da4cf09, public void com.aventstack.extentreports.model.Test.setName(java.lang.String)=[Ljava.lang.Class;@1980a3f, public void com.aventstack.extentreports.model.Test.computeEndTimeFromChildren()=[Ljava.lang.Class;@67f63d26, public void com.aventstack.extentreports.model.Test.setAuthorContext(com.aventstack.extentreports.model.AbstractStructure)=[Ljava.lang.Class;@536b71b4, public com.aventstack.extentreports.model.AbstractStructure com.aventstack.extentreports.model.Test.getScreenCaptureContext()=[Ljava.lang.Class;@789c3057, public void com.aventstack.extentreports.model.Test.setObjectId(org.bson.types.ObjectId)=[Ljava.lang.Class;@39941489, public void com.aventstack.extentreports.model.Test.setDescription(java.lang.String)=[Ljava.lang.Class;@6f5d0190, public void com.aventstack.extentreports.model.Test.setCategoryContext(com.aventstack.extentreports.model.AbstractStructure)=[Ljava.lang.Class;@67332b1e, public int com.aventstack.extentreports.model.Test.getId()=[Ljava.lang.Class;@7e34b127, public final native java.lang.Class java.lang.Object.getClass()=[Ljava.lang.Class;@679dd234, public void com.aventstack.extentreports.model.Test.setLevel(int)=[Ljava.lang.Class;@60cb1ed6, public org.bson.types.ObjectId com.aventstack.extentreports.model.Test.getObjectId()=[Ljava.lang.Class;@1e5eb20a, public java.lang.String com.aventstack.extentreports.model.Test.getDescription()=[Ljava.lang.Class;@4538856f, public void com.aventstack.extentreports.model.Test.setUsesManualConfiguration(boolean)=[Ljava.lang.Class;@4c3de38e, public com.aventstack.extentreports.Status com.aventstack.extentreports.model.Test.getStatus()=[Ljava.lang.Class;@74b86971}, setObjectId=public void com.aventstack.extentreports.model.Test.setObjectId(org.bson.types.ObjectId), setDescription=public void com.aventstack.extentreports.model.Test.setDescription(java.lang.String), setCategoryContext=public void com.aventstack.extentreports.model.Test.setCategoryContext(com.aventstack.extentreports.model.AbstractStructure), bddType=freemarker.ext.beans.FastPropertyDescriptor@1f9d4b0e, getDescription=public java.lang.String com.aventstack.extentreports.model.Test.getDescription(), exceptionInfoContext=freemarker.ext.beans.FastPropertyDescriptor@1e8fb66f, setNodeContext=public void com.aventstack.extentreports.model.Test.setNodeContext(com.aventstack.extentreports.model.AbstractStructure), nodeContext=freemarker.ext.beans.FastPropertyDescriptor@3d8d17a3, screenCaptureContext=freemarker.ext.beans.FastPropertyDescriptor@ac91282, setBddType=public void com.aventstack.extentreports.model.Test.setBddType(java.lang.Class), hashCode=public native int java.lang.Object.hashCode(), setLogContext=public void com.aventstack.extentreports.model.Test.setLogContext(com.aventstack.extentreports.model.AbstractStructure), startTime=freemarker.ext.beans.FastPropertyDescriptor@208205ed, end=public void com.aventstack.extentreports.model.Test.end(), setStartTime=public void com.aventstack.extentreports.model.Test.setStartTime(java.util.Date), setParent=public void com.aventstack.extentreports.model.Test.setParent(com.aventstack.extentreports.model.Test), setExtent=public void com.aventstack.extentreports.model.Test.setExtent(com.aventstack.extentreports.ExtentReports), class=freemarker.ext.beans.FastPropertyDescriptor@7f79edee, categoryContext=freemarker.ext.beans.FastPropertyDescriptor@750f64fe, objectId=freemarker.ext.beans.FastPropertyDescriptor@1ca610a0, getAuthorContext=public com.aventstack.extentreports.model.AbstractStructure com.aventstack.extentreports.model.Test.getAuthorContext(), getExtent=public com.aventstack.extentreports.ExtentReports com.aventstack.extentreports.model.Test.getExtent(), getParent=public com.aventstack.extentreports.model.Test com.aventstack.extentreports.model.Test.getParent(), getNodeContext=public com.aventstack.extentreports.model.AbstractStructure com.aventstack.extentreports.model.Test.getNodeContext(), getBehaviorDrivenTypeName=public java.lang.String com.aventstack.extentreports.model.Test.getBehaviorDrivenTypeName(), setStatus=public void com.aventstack.extentreports.model.Test.setStatus(com.aventstack.extentreports.Status), setExceptionInfoContext=public void com.aventstack.extentreports.model.Test.setExceptionInfoContext(com.aventstack.extentreports.model.AbstractStructure), getLevel=public int com.aventstack.extentreports.model.Test.getLevel(), deviceContext=freemarker.ext.beans.FastPropertyDescriptor@49433c98, setDeviceContext=public void com.aventstack.extentreports.model.Test.setDeviceContext(com.aventstack.extentreports.model.AbstractStructure), getCategoryContext=public com.aventstack.extentreports.model.AbstractStructure com.aventstack.extentreports.model.Test.getCategoryContext(), setScreenCaptureContext=public void com.aventstack.extentreports.model.Test.setScreenCaptureContext(com.aventstack.extentreports.model.AbstractStructure), setEndTime=public void com.aventstack.extentreports.model.Test.setEndTime(java.util.Date), isBehaviorDrivenType=public java.lang.Boolean com.aventstack.extentreports.model.Test.isBehaviorDrivenType(), equals=public boolean java.lang.Object.equals(java.lang.Object), toString=public java.lang.String java.lang.Object.toString(), logContext=freemarker.ext.beans.FastPropertyDescriptor@b5c6a30, endTime=freemarker.ext.beans.FastPropertyDescriptor@7f6329cb}
DEBUG   16336   [freemark] (): Couldn't find template in cache for "v3html/category-view/v3-html-category-view.ftl"("en_IN", UTF-8, parsed); will try to load it.
DEBUG   16336   [freemark] (): TemplateLoader.findTemplateSource("v3html/category-view/v3-html-category-view_en_IN.ftl"): Not found
DEBUG   16336   [freemark] (): TemplateLoader.findTemplateSource("v3html/category-view/v3-html-category-view_en.ftl"): Not found
DEBUG   16336   [freemark] (): TemplateLoader.findTemplateSource("v3html/category-view/v3-html-category-view.ftl"): Found
DEBUG   16336   [freemark] (): Loading template for "v3html/category-view/v3-html-category-view.ftl"("en_IN", UTF-8, parsed) from "jar:file:/Users/prabhu/.m2/repository/com/aventstack/extentreports/4.1.2/extentreports-4.1.2.jar!/com/aventstack/extentreports/view/v3html/category-view/v3-html-category-view.ftl"
DEBUG   16336   [freemark] (): Couldn't find template in cache for "v3html/exception-view/v3-html-exception-view.ftl"("en_IN", UTF-8, parsed); will try to load it.
DEBUG   16336   [freemark] (): TemplateLoader.findTemplateSource("v3html/exception-view/v3-html-exception-view_en_IN.ftl"): Not found
DEBUG   16336   [freemark] (): TemplateLoader.findTemplateSource("v3html/exception-view/v3-html-exception-view_en.ftl"): Not found
DEBUG   16336   [freemark] (): TemplateLoader.findTemplateSource("v3html/exception-view/v3-html-exception-view.ftl"): Found
DEBUG   16336   [freemark] (): Loading template for "v3html/exception-view/v3-html-exception-view.ftl"("en_IN", UTF-8, parsed) from "jar:file:/Users/prabhu/.m2/repository/com/aventstack/extentreports/4.1.2/extentreports-4.1.2.jar!/com/aventstack/extentreports/view/v3html/exception-view/v3-html-exception-view.ftl"
DEBUG   16336   [freemark] (): Couldn't find template in cache for "v3html/author-view/v3-html-author-view.ftl"("en_IN", UTF-8, parsed); will try to load it.
DEBUG   16336   [freemark] (): TemplateLoader.findTemplateSource("v3html/author-view/v3-html-author-view_en_IN.ftl"): Not found
DEBUG   16336   [freemark] (): TemplateLoader.findTemplateSource("v3html/author-view/v3-html-author-view_en.ftl"): Not found
DEBUG   16336   [freemark] (): TemplateLoader.findTemplateSource("v3html/author-view/v3-html-author-view.ftl"): Found
DEBUG   16336   [freemark] (): Loading template for "v3html/author-view/v3-html-author-view.ftl"("en_IN", UTF-8, parsed) from "jar:file:/Users/prabhu/.m2/repository/com/aventstack/extentreports/4.1.2/extentreports-4.1.2.jar!/com/aventstack/extentreports/view/v3html/author-view/v3-html-author-view.ftl"
DEBUG   16336   [freemark] (): Couldn't find template in cache for "v3html/dashboard-view/v3-html-dashboard-view.ftl"("en_IN", UTF-8, parsed); will try to load it.
DEBUG   16336   [freemark] (): TemplateLoader.findTemplateSource("v3html/dashboard-view/v3-html-dashboard-view_en_IN.ftl"): Not found
DEBUG   16336   [freemark] (): TemplateLoader.findTemplateSource("v3html/dashboard-view/v3-html-dashboard-view_en.ftl"): Not found
DEBUG   16336   [freemark] (): TemplateLoader.findTemplateSource("v3html/dashboard-view/v3-html-dashboard-view.ftl"): Found
DEBUG   16336   [freemark] (): Loading template for "v3html/dashboard-view/v3-html-dashboard-view.ftl"("en_IN", UTF-8, parsed) from "jar:file:/Users/prabhu/.m2/repository/com/aventstack/extentreports/4.1.2/extentreports-4.1.2.jar!/com/aventstack/extentreports/view/v3html/dashboard-view/v3-html-dashboard-view.ftl"
DEBUG   16336   [freemark] (): Couldn't find template in cache for "v3html/logs-view/v3-html-testrunner-logs-view.ftl"("en_IN", UTF-8, parsed); will try to load it.
DEBUG   16336   [freemark] (): TemplateLoader.findTemplateSource("v3html/logs-view/v3-html-testrunner-logs-view_en_IN.ftl"): Not found
DEBUG   16336   [freemark] (): TemplateLoader.findTemplateSource("v3html/logs-view/v3-html-testrunner-logs-view_en.ftl"): Not found
DEBUG   16336   [freemark] (): TemplateLoader.findTemplateSource("v3html/logs-view/v3-html-testrunner-logs-view.ftl"): Found
DEBUG   16336   [freemark] (): Loading template for "v3html/logs-view/v3-html-testrunner-logs-view.ftl"("en_IN", UTF-8, parsed) from "jar:file:/Users/prabhu/.m2/repository/com/aventstack/extentreports/4.1.2/extentreports-4.1.2.jar!/com/aventstack/extentreports/view/v3html/logs-view/v3-html-testrunner-logs-view.ftl"
[INFO ] 2021-10-08 02:03:50.801 com.cs.arris.Tests.W31OB_Signin_And_Onboard_Test:25 - Loading...Sign Up Test Data
[INFO ] 2021-10-08 02:03:50.804 com.cs.arris.Base.ParentClass:269 - loading...testdata/signup
Email address : prabhu.rajarathinam@mobileprogramming.com
[INFO ] 2021-10-08 02:03:50.805 com.cs.arris.Tests.W31OB_Signin_And_Onboard_Test:29 - Retrieved...Sign Up Test Data
[INFO ] 2021-10-08 02:03:51.466 com.cs.arris.Tests.W31OB_Signin_And_Onboard_Test:38 - 
****** starting test:W31OB_Signin_Onboarding******

[INFO ] 2021-10-08 02:03:52.433 com.cs.arris.Pages.DeviceLocationPage:105 - Clicking Only This Time Link on Grant Access Permissions Mini Page
Total Message Count: 1136
Unread Emails count:0
New Message Count: 0
Subject: Your verification code
javax.mail.internet.MimeMultipart@1320e68a
Your
verification
code
is
564053.
OTP is : 564053
564053
Entering OTP Passcode : --------> com.cs.arris.Utilities.OTP@4b033eac
------------------------------
Waiting for com.cs.arris.Pages.CodeVerifiedPage@79afa369 to load
]]></system-out>
  </testcase>
  <testcase name="afterSuite" classname="com.cs.arris.Tests.W31OB_Signin_And_Onboard_Test" time="23.02">
    <failure message="The requested resource could not be found, or a request was received using an HTTP method that is not supported by the mapped resource&#10;Build info: version: &apos;3.141.59&apos;, revision: &apos;e82be7d358&apos;, time: &apos;2018-11-14T08:17:03&apos;&#10;System info: host: &apos;techleads-Mac-mini.local&apos;, ip: &apos;192.168.0.131&apos;, os.name: &apos;Mac OS X&apos;, os.arch: &apos;x86_64&apos;, os.version: &apos;10.16&apos;, java.version: &apos;11.0.2&apos;&#10;Driver info: io.appium.java_client.android.AndroidDriver&#10;Capabilities {app: /Users/prabhu/Documents/apk..., appPackage: com.arris.sbcBeta, automationName: UiAutomator2, databaseEnabled: false, desired: {app: /Users/prabhu/Documents/apk..., automationName: UiAutomator2, deviceName: Android, noReset: false, platformName: android, udid: RZ8M3002DGL, version: 11}, deviceApiLevel: 30, deviceManufacturer: samsung, deviceModel: SM-G973F, deviceName: RZ8M3002DGL, deviceScreenDensity: 420, deviceScreenSize: 1080x2280, deviceUDID: RZ8M3002DGL, javascriptEnabled: true, locationContextEnabled: false, networkConnectionEnabled: true, noReset: false, pixelRatio: 2.625, platform: LINUX, platformName: Android, platformVersion: 11, statBarHeight: 112, takesScreenshot: true, udid: RZ8M3002DGL, version: 11, viewportRect: {height: 1930, left: 0, top: 112, width: 1080}, warnings: {}, webStorageEnabled: false}&#10;Session ID: 40f87af6-e0ad-43b1-bafd-fe01add6beed" type="org.openqa.selenium.UnsupportedCommandException">org.openqa.selenium.UnsupportedCommandException: 
The requested resource could not be found, or a request was received using an HTTP method that is not supported by the mapped resource
Build info: version: '3.141.59', revision: 'e82be7d358', time: '2018-11-14T08:17:03'
System info: host: 'techleads-Mac-mini.local', ip: '192.168.0.131', os.name: 'Mac OS X', os.arch: 'x86_64', os.version: '10.16', java.version: '11.0.2'
Driver info: io.appium.java_client.android.AndroidDriver
Capabilities {app: /Users/prabhu/Documents/apk..., appPackage: com.arris.sbcBeta, automationName: UiAutomator2, databaseEnabled: false, desired: {app: /Users/prabhu/Documents/apk..., automationName: UiAutomator2, deviceName: Android, noReset: false, platformName: android, udid: RZ8M3002DGL, version: 11}, deviceApiLevel: 30, deviceManufacturer: samsung, deviceModel: SM-G973F, deviceName: RZ8M3002DGL, deviceScreenDensity: 420, deviceScreenSize: 1080x2280, deviceUDID: RZ8M3002DGL, javascriptEnabled: true, locationContextEnabled: false, networkConnectionEnabled: true, noReset: false, pixelRatio: 2.625, platform: LINUX, platformName: Android, platformVersion: 11, statBarHeight: 112, takesScreenshot: true, udid: RZ8M3002DGL, version: 11, viewportRect: {height: 1930, left: 0, top: 112, width: 1080}, warnings: {}, webStorageEnabled: false}
Session ID: 40f87af6-e0ad-43b1-bafd-fe01add6beed
</failure>
    <system-out><![CDATA[[ERROR] 2021-10-08 02:04:06.107 com.cs.arris.Listeners.TestListener:39 - java.lang.NullPointerException
	at com.cs.arris.Pages.CodeVerifiedPage.getCodeVerifiedText(CodeVerifiedPage.java:35)
	at com.cs.arris.Tests.W31OB_Signin_And_Onboard_Test.lambda$8(W31OB_Signin_And_Onboard_Test.java:69)
	at com.cs.arris.Workflows.W31OB_Signin_Workflow.codeVerifiedPage(W31OB_Signin_Workflow.java:98)
	at com.cs.arris.Tests.W31OB_Signin_And_Onboard_Test.W31OB_Signin_Onboarding(W31OB_Signin_And_Onboard_Test.java:68)
	at java.base/jdk.internal.reflect.NativeMethodAccessorImpl.invoke0(Native Method)
	at java.base/jdk.internal.reflect.NativeMethodAccessorImpl.invoke(NativeMethodAccessorImpl.java:62)
	at java.base/jdk.internal.reflect.DelegatingMethodAccessorImpl.invoke(DelegatingMethodAccessorImpl.java:43)
	at java.base/java.lang.reflect.Method.invoke(Method.java:566)
	at org.testng.internal.MethodInvocationHelper.invokeMethod(MethodInvocationHelper.java:133)
	at org.testng.internal.TestInvoker.invokeMethod(TestInvoker.java:598)
	at org.testng.internal.TestInvoker.invokeTestMethod(TestInvoker.java:173)
	at org.testng.internal.MethodRunner.runInSequence(MethodRunner.java:46)
	at org.testng.internal.TestInvoker$MethodInvocationAgent.invoke(TestInvoker.java:824)
	at org.testng.internal.TestInvoker.invokeTestMethods(TestInvoker.java:146)
	at org.testng.internal.TestMethodWorker.invokeTestMethods(TestMethodWorker.java:146)
	at org.testng.internal.TestMethodWorker.run(TestMethodWorker.java:128)
	at java.base/java.util.ArrayList.forEach(ArrayList.java:1540)
	at org.testng.TestRunner.privateRun(TestRunner.java:794)
	at org.testng.TestRunner.run(TestRunner.java:596)
	at org.testng.SuiteRunner.runTest(SuiteRunner.java:377)
	at org.testng.SuiteRunner.runSequentially(SuiteRunner.java:371)
	at org.testng.SuiteRunner.privateRun(SuiteRunner.java:332)
	at org.testng.SuiteRunner.run(SuiteRunner.java:276)
	at org.testng.SuiteRunnerWorker.runSuite(SuiteRunnerWorker.java:53)
	at org.testng.SuiteRunnerWorker.run(SuiteRunnerWorker.java:96)
	at org.testng.TestNG.runSuitesSequentially(TestNG.java:1212)
	at org.testng.TestNG.runSuitesLocally(TestNG.java:1134)
	at org.testng.TestNG.runSuites(TestNG.java:1063)
	at org.testng.TestNG.run(TestNG.java:1031)
	at org.apache.maven.surefire.testng.TestNGExecutor.run(TestNGExecutor.java:283)
	at org.apache.maven.surefire.testng.TestNGXmlTestSuite.execute(TestNGXmlTestSuite.java:75)
	at org.apache.maven.surefire.testng.TestNGProvider.invoke(TestNGProvider.java:120)
	at org.apache.maven.surefire.booter.ForkedBooter.invokeProviderInSameClassLoader(ForkedBooter.java:384)
	at org.apache.maven.surefire.booter.ForkedBooter.runSuitesInProcess(ForkedBooter.java:345)
	at org.apache.maven.surefire.booter.ForkedBooter.execute(ForkedBooter.java:126)
	at org.apache.maven.surefire.booter.ForkedBooter.main(ForkedBooter.java:418)

[INFO ] 2021-10-08 02:04:08.779 com.cs.arris.Base.ParentClass:368 - video path: videos/Android_RZ8M3002DGL/2021-10-08-02-02-56/W31OB_Signin_And_Onboard_Test/W31OB_Signin_Onboarding.mp4
DEBUG   16336   [freemark] (): TemplateLoader.findTemplateSource("v3html/v3-html-index_en_IN.ftl"): Not found
DEBUG   16336   [freemark] (): TemplateLoader.findTemplateSource("v3html/v3-html-index_en.ftl"): Not found
DEBUG   16336   [freemark] (): TemplateLoader.findTemplateSource("v3html/v3-html-index.ftl"): Found
DEBUG   16336   [freemark] (): "v3html/v3-html-index.ftl"("en_IN", UTF-8, parsed): using cached since jar:file:/Users/prabhu/.m2/repository/com/aventstack/extentreports/4.1.2/extentreports-4.1.2.jar!/com/aventstack/extentreports/view/v3html/v3-html-index.ftl hasn't changed.
DEBUG   16336   [freemark] (): TemplateLoader.findTemplateSource("commons/commons-variables_en_IN.ftl"): Not found
DEBUG   16336   [freemark] (): TemplateLoader.findTemplateSource("commons/commons-variables_en.ftl"): Not found
DEBUG   16336   [freemark] (): TemplateLoader.findTemplateSource("commons/commons-variables.ftl"): Found
DEBUG   16336   [freemark] (): "commons/commons-variables.ftl"("en_IN", UTF-8, parsed): using cached since jar:file:/Users/prabhu/.m2/repository/com/aventstack/extentreports/4.1.2/extentreports-4.1.2.jar!/com/aventstack/extentreports/view/commons/commons-variables.ftl hasn't changed.
DEBUG   16336   [freemark] (): "commons/commons-variables.ftl"("en_IN", UTF-8, parsed) cached copy not yet stale; using cached.
DEBUG   16336   [freemark] (): TemplateLoader.findTemplateSource("v3html/v3-html-head_en_IN.ftl"): Not found
DEBUG   16336   [freemark] (): TemplateLoader.findTemplateSource("v3html/v3-html-head_en.ftl"): Not found
DEBUG   16336   [freemark] (): TemplateLoader.findTemplateSource("v3html/v3-html-head.ftl"): Found
DEBUG   16336   [freemark] (): "v3html/v3-html-head.ftl"("en_IN", UTF-8, parsed): using cached since jar:file:/Users/prabhu/.m2/repository/com/aventstack/extentreports/4.1.2/extentreports-4.1.2.jar!/com/aventstack/extentreports/view/v3html/v3-html-head.ftl hasn't changed.
DEBUG   16336   [freemark] (): TemplateLoader.findTemplateSource("v3html/v3-html-nav_en_IN.ftl"): Not found
DEBUG   16336   [freemark] (): TemplateLoader.findTemplateSource("v3html/v3-html-nav_en.ftl"): Not found
DEBUG   16336   [freemark] (): TemplateLoader.findTemplateSource("v3html/v3-html-nav.ftl"): Found
DEBUG   16336   [freemark] (): "v3html/v3-html-nav.ftl"("en_IN", UTF-8, parsed): using cached since jar:file:/Users/prabhu/.m2/repository/com/aventstack/extentreports/4.1.2/extentreports-4.1.2.jar!/com/aventstack/extentreports/view/v3html/v3-html-nav.ftl hasn't changed.
DEBUG   16336   [freemark] (): TemplateLoader.findTemplateSource("v3html/test-view/v3-html-test-view_en_IN.ftl"): Not found
DEBUG   16336   [freemark] (): TemplateLoader.findTemplateSource("v3html/test-view/v3-html-test-view_en.ftl"): Not found
DEBUG   16336   [freemark] (): TemplateLoader.findTemplateSource("v3html/test-view/v3-html-test-view.ftl"): Found
DEBUG   16336   [freemark] (): "v3html/test-view/v3-html-test-view.ftl"("en_IN", UTF-8, parsed): using cached since jar:file:/Users/prabhu/.m2/repository/com/aventstack/extentreports/4.1.2/extentreports-4.1.2.jar!/com/aventstack/extentreports/view/v3html/test-view/v3-html-test-view.ftl hasn't changed.
DEBUG   16336   [freemark] (): TemplateLoader.findTemplateSource("v3html/test-view/v3-html-test-view-charts_en_IN.ftl"): Not found
DEBUG   16336   [freemark] (): TemplateLoader.findTemplateSource("v3html/test-view/v3-html-test-view-charts_en.ftl"): Not found
DEBUG   16336   [freemark] (): TemplateLoader.findTemplateSource("v3html/test-view/v3-html-test-view-charts.ftl"): Found
DEBUG   16336   [freemark] (): "v3html/test-view/v3-html-test-view-charts.ftl"("en_IN", UTF-8, parsed): using cached since jar:file:/Users/prabhu/.m2/repository/com/aventstack/extentreports/4.1.2/extentreports-4.1.2.jar!/com/aventstack/extentreports/view/v3html/test-view/v3-html-test-view-charts.ftl hasn't changed.
DEBUG   16336   [freemark] (): TemplateLoader.findTemplateSource("v3html/test-view/v3-html-standard_en_IN.ftl"): Not found
DEBUG   16336   [freemark] (): TemplateLoader.findTemplateSource("v3html/test-view/v3-html-standard_en.ftl"): Not found
DEBUG   16336   [freemark] (): TemplateLoader.findTemplateSource("v3html/test-view/v3-html-standard.ftl"): Found
DEBUG   16336   [freemark] (): "v3html/test-view/v3-html-standard.ftl"("en_IN", UTF-8, parsed): using cached since jar:file:/Users/prabhu/.m2/repository/com/aventstack/extentreports/4.1.2/extentreports-4.1.2.jar!/com/aventstack/extentreports/view/v3html/test-view/v3-html-standard.ftl hasn't changed.
DEBUG   16336   [freemark] (): Key "stepName" was not found on instance of com.aventstack.extentreports.model.Log. Introspection information for the class is: {setSequence=public void com.aventstack.extentreports.model.Log.setSequence(int), setExceptionInfo=public void com.aventstack.extentreports.model.Log.setExceptionInfo(com.aventstack.extentreports.model.ExceptionInfo), getClass=public final native java.lang.Class java.lang.Object.getClass(), setTest=public void com.aventstack.extentreports.model.Log.setTest(com.aventstack.extentreports.model.Test), getScreenCaptureContext=public com.aventstack.extentreports.model.AbstractStructure com.aventstack.extentreports.model.Log.getScreenCaptureContext(), java.lang.Object@bd1111a={public java.lang.String java.lang.Object.toString()=[Ljava.lang.Class;@834e986, public void com.aventstack.extentreports.model.Log.setScreenCaptureContext(com.aventstack.extentreports.model.AbstractStructure)=[Ljava.lang.Class;@6cae2e4d, public void com.aventstack.extentreports.model.Log.setDetails(java.lang.String)=[Ljava.lang.Class;@604d23fa, public java.util.Date com.aventstack.extentreports.model.Log.getTimestamp()=[Ljava.lang.Class;@1cc8416a, public int com.aventstack.extentreports.model.Log.getSequence()=[Ljava.lang.Class;@331ff3ac, public void com.aventstack.extentreports.model.Log.setTimestamp(java.util.Date)=[Ljava.lang.Class;@2e5e6fc4, public native int java.lang.Object.hashCode()=[Ljava.lang.Class;@2785db06, public boolean java.lang.Object.equals(java.lang.Object)=[Ljava.lang.Class;@79980d8d, public void com.aventstack.extentreports.model.Log.setTest(com.aventstack.extentreports.model.Test)=[Ljava.lang.Class;@35d60381, public com.aventstack.extentreports.model.ExceptionInfo com.aventstack.extentreports.model.Log.getExceptionInfo()=[Ljava.lang.Class;@68ab6ab0, public com.aventstack.extentreports.model.AbstractStructure com.aventstack.extentreports.model.Log.getScreenCaptureContext()=[Ljava.lang.Class;@61ffd148, public void com.aventstack.extentreports.model.Log.setExceptionInfo(com.aventstack.extentreports.model.ExceptionInfo)=[Ljava.lang.Class;@58324c9f, public void com.aventstack.extentreports.model.Log.setSequence(int)=[Ljava.lang.Class;@5d7d8613, public com.aventstack.extentreports.model.Test com.aventstack.extentreports.model.Log.getTest()=[Ljava.lang.Class;@6eb089e6, public com.aventstack.extentreports.Status com.aventstack.extentreports.model.Log.getStatus()=[Ljava.lang.Class;@715a70e9, public org.bson.types.ObjectId com.aventstack.extentreports.model.Log.getObjectId()=[Ljava.lang.Class;@3bc69ce9, public void com.aventstack.extentreports.model.Log.setStatus(com.aventstack.extentreports.Status)=[Ljava.lang.Class;@abad89c, public final native java.lang.Class java.lang.Object.getClass()=[Ljava.lang.Class;@602f8f94, public void com.aventstack.extentreports.model.Log.setObjectId(org.bson.types.ObjectId)=[Ljava.lang.Class;@42507640, public java.lang.String com.aventstack.extentreports.model.Log.getDetails()=[Ljava.lang.Class;@4dfe8b37}, setObjectId=public void com.aventstack.extentreports.model.Log.setObjectId(org.bson.types.ObjectId), getStatus=public com.aventstack.extentreports.Status com.aventstack.extentreports.model.Log.getStatus(), java.lang.Object@69fa8e76=freemarker.ext.beans.SimpleMethod@11dcd42c, getTest=public com.aventstack.extentreports.model.Test com.aventstack.extentreports.model.Log.getTest(), getObjectId=public org.bson.types.ObjectId com.aventstack.extentreports.model.Log.getObjectId(), screenCaptureContext=freemarker.ext.beans.FastPropertyDescriptor@d13baac, getTimestamp=public java.util.Date com.aventstack.extentreports.model.Log.getTimestamp(), hashCode=public native int java.lang.Object.hashCode(), setDetails=public void com.aventstack.extentreports.model.Log.setDetails(java.lang.String), details=freemarker.ext.beans.FastPropertyDescriptor@4c302f38, class=freemarker.ext.beans.FastPropertyDescriptor@75aea2ba, objectId=freemarker.ext.beans.FastPropertyDescriptor@2a47597, setTimestamp=public void com.aventstack.extentreports.model.Log.setTimestamp(java.util.Date), timestamp=freemarker.ext.beans.FastPropertyDescriptor@12f279b5, test=freemarker.ext.beans.FastPropertyDescriptor@5ff6dd3c, getExceptionInfo=public com.aventstack.extentreports.model.ExceptionInfo com.aventstack.extentreports.model.Log.getExceptionInfo(), getDetails=public java.lang.String com.aventstack.extentreports.model.Log.getDetails(), setStatus=public void com.aventstack.extentreports.model.Log.setStatus(com.aventstack.extentreports.Status), sequence=freemarker.ext.beans.FastPropertyDescriptor@5fcd1f0a, setScreenCaptureContext=public void com.aventstack.extentreports.model.Log.setScreenCaptureContext(com.aventstack.extentreports.model.AbstractStructure), equals=public boolean java.lang.Object.equals(java.lang.Object), toString=public java.lang.String java.lang.Object.toString(), getSequence=public int com.aventstack.extentreports.model.Log.getSequence(), exceptionInfo=freemarker.ext.beans.FastPropertyDescriptor@7e64c1a9, status=freemarker.ext.beans.FastPropertyDescriptor@7fda2001}
DEBUG   16336   [freemark] (): Key "stepName" was not found on instance of com.aventstack.extentreports.model.Log. Introspection information for the class is: {setSequence=public void com.aventstack.extentreports.model.Log.setSequence(int), setExceptionInfo=public void com.aventstack.extentreports.model.Log.setExceptionInfo(com.aventstack.extentreports.model.ExceptionInfo), getClass=public final native java.lang.Class java.lang.Object.getClass(), setTest=public void com.aventstack.extentreports.model.Log.setTest(com.aventstack.extentreports.model.Test), getScreenCaptureContext=public com.aventstack.extentreports.model.AbstractStructure com.aventstack.extentreports.model.Log.getScreenCaptureContext(), java.lang.Object@bd1111a={public java.lang.String java.lang.Object.toString()=[Ljava.lang.Class;@834e986, public void com.aventstack.extentreports.model.Log.setScreenCaptureContext(com.aventstack.extentreports.model.AbstractStructure)=[Ljava.lang.Class;@6cae2e4d, public void com.aventstack.extentreports.model.Log.setDetails(java.lang.String)=[Ljava.lang.Class;@604d23fa, public java.util.Date com.aventstack.extentreports.model.Log.getTimestamp()=[Ljava.lang.Class;@1cc8416a, public int com.aventstack.extentreports.model.Log.getSequence()=[Ljava.lang.Class;@331ff3ac, public void com.aventstack.extentreports.model.Log.setTimestamp(java.util.Date)=[Ljava.lang.Class;@2e5e6fc4, public native int java.lang.Object.hashCode()=[Ljava.lang.Class;@2785db06, public boolean java.lang.Object.equals(java.lang.Object)=[Ljava.lang.Class;@79980d8d, public void com.aventstack.extentreports.model.Log.setTest(com.aventstack.extentreports.model.Test)=[Ljava.lang.Class;@35d60381, public com.aventstack.extentreports.model.ExceptionInfo com.aventstack.extentreports.model.Log.getExceptionInfo()=[Ljava.lang.Class;@68ab6ab0, public com.aventstack.extentreports.model.AbstractStructure com.aventstack.extentreports.model.Log.getScreenCaptureContext()=[Ljava.lang.Class;@61ffd148, public void com.aventstack.extentreports.model.Log.setExceptionInfo(com.aventstack.extentreports.model.ExceptionInfo)=[Ljava.lang.Class;@58324c9f, public void com.aventstack.extentreports.model.Log.setSequence(int)=[Ljava.lang.Class;@5d7d8613, public com.aventstack.extentreports.model.Test com.aventstack.extentreports.model.Log.getTest()=[Ljava.lang.Class;@6eb089e6, public com.aventstack.extentreports.Status com.aventstack.extentreports.model.Log.getStatus()=[Ljava.lang.Class;@715a70e9, public org.bson.types.ObjectId com.aventstack.extentreports.model.Log.getObjectId()=[Ljava.lang.Class;@3bc69ce9, public void com.aventstack.extentreports.model.Log.setStatus(com.aventstack.extentreports.Status)=[Ljava.lang.Class;@abad89c, public final native java.lang.Class java.lang.Object.getClass()=[Ljava.lang.Class;@602f8f94, public void com.aventstack.extentreports.model.Log.setObjectId(org.bson.types.ObjectId)=[Ljava.lang.Class;@42507640, public java.lang.String com.aventstack.extentreports.model.Log.getDetails()=[Ljava.lang.Class;@4dfe8b37}, setObjectId=public void com.aventstack.extentreports.model.Log.setObjectId(org.bson.types.ObjectId), getStatus=public com.aventstack.extentreports.Status com.aventstack.extentreports.model.Log.getStatus(), java.lang.Object@69fa8e76=freemarker.ext.beans.SimpleMethod@11dcd42c, getTest=public com.aventstack.extentreports.model.Test com.aventstack.extentreports.model.Log.getTest(), getObjectId=public org.bson.types.ObjectId com.aventstack.extentreports.model.Log.getObjectId(), screenCaptureContext=freemarker.ext.beans.FastPropertyDescriptor@d13baac, getTimestamp=public java.util.Date com.aventstack.extentreports.model.Log.getTimestamp(), hashCode=public native int java.lang.Object.hashCode(), setDetails=public void com.aventstack.extentreports.model.Log.setDetails(java.lang.String), details=freemarker.ext.beans.FastPropertyDescriptor@4c302f38, class=freemarker.ext.beans.FastPropertyDescriptor@75aea2ba, objectId=freemarker.ext.beans.FastPropertyDescriptor@2a47597, setTimestamp=public void com.aventstack.extentreports.model.Log.setTimestamp(java.util.Date), timestamp=freemarker.ext.beans.FastPropertyDescriptor@12f279b5, test=freemarker.ext.beans.FastPropertyDescriptor@5ff6dd3c, getExceptionInfo=public com.aventstack.extentreports.model.ExceptionInfo com.aventstack.extentreports.model.Log.getExceptionInfo(), getDetails=public java.lang.String com.aventstack.extentreports.model.Log.getDetails(), setStatus=public void com.aventstack.extentreports.model.Log.setStatus(com.aventstack.extentreports.Status), sequence=freemarker.ext.beans.FastPropertyDescriptor@5fcd1f0a, setScreenCaptureContext=public void com.aventstack.extentreports.model.Log.setScreenCaptureContext(com.aventstack.extentreports.model.AbstractStructure), equals=public boolean java.lang.Object.equals(java.lang.Object), toString=public java.lang.String java.lang.Object.toString(), getSequence=public int com.aventstack.extentreports.model.Log.getSequence(), exceptionInfo=freemarker.ext.beans.FastPropertyDescriptor@7e64c1a9, status=freemarker.ext.beans.FastPropertyDescriptor@7fda2001}
DEBUG   16336   [freemark] (): Key "screenCaptureList" was not found on instance of com.aventstack.extentreports.model.Test. Introspection information for the class is: {extent=freemarker.ext.beans.FastPropertyDescriptor@799f916e, parent=freemarker.ext.beans.FastPropertyDescriptor@576b7c74, getClass=public final native java.lang.Class java.lang.Object.getClass(), getName=public java.lang.String com.aventstack.extentreports.model.Test.getName(), getScreenCaptureContext=public com.aventstack.extentreports.model.AbstractStructure com.aventstack.extentreports.model.Test.getScreenCaptureContext(), setAuthorContext=public void com.aventstack.extentreports.model.Test.setAuthorContext(com.aventstack.extentreports.model.AbstractStructure), authorContext=freemarker.ext.beans.FastPropertyDescriptor@4fc165f6, getStatus=public com.aventstack.extentreports.Status com.aventstack.extentreports.model.Test.getStatus(), java.lang.Object@69fa8e76=freemarker.ext.beans.SimpleMethod@21de60a7, setUsesManualConfiguration=public void com.aventstack.extentreports.model.Test.setUsesManualConfiguration(boolean), setLevel=public void com.aventstack.extentreports.model.Test.setLevel(int), getObjectId=public org.bson.types.ObjectId com.aventstack.extentreports.model.Test.getObjectId(), getEndTime=public java.util.Date com.aventstack.extentreports.model.Test.getEndTime(), isUsesManualConfiguration=public boolean com.aventstack.extentreports.model.Test.isUsesManualConfiguration(), setId=public void com.aventstack.extentreports.model.Test.setId(int), usesManualConfiguration=freemarker.ext.beans.FastPropertyDescriptor@73894c5a, id=freemarker.ext.beans.FastPropertyDescriptor@7698b7a4, getStartTime=public java.util.Date com.aventstack.extentreports.model.Test.getStartTime(), getExceptionInfoContext=public com.aventstack.extentreports.model.AbstractStructure com.aventstack.extentreports.model.Test.getExceptionInfoContext(), level=freemarker.ext.beans.FastPropertyDescriptor@7a9ceddf, getDeviceContext=public com.aventstack.extentreports.model.AbstractStructure com.aventstack.extentreports.model.Test.getDeviceContext(), getLogContext=public com.aventstack.extentreports.model.AbstractStructure com.aventstack.extentreports.model.Test.getLogContext(), behaviorDrivenTypeName=freemarker.ext.beans.FastPropertyDescriptor@28157173, name=freemarker.ext.beans.FastPropertyDescriptor@22bf9122, getBddType=public java.lang.Class com.aventstack.extentreports.model.Test.getBddType(), status=freemarker.ext.beans.FastPropertyDescriptor@73afe2b7, setName=public void com.aventstack.extentreports.model.Test.setName(java.lang.String), computeEndTimeFromChildren=public void com.aventstack.extentreports.model.Test.computeEndTimeFromChildren(), description=freemarker.ext.beans.FastPropertyDescriptor@69de5bed, getId=public int com.aventstack.extentreports.model.Test.getId(), java.lang.Object@bd1111a={public java.lang.String java.lang.Object.toString()=[Ljava.lang.Class;@11c713b7, public int com.aventstack.extentreports.model.Test.getLevel()=[Ljava.lang.Class;@2251b3bc, public com.aventstack.extentreports.model.AbstractStructure com.aventstack.extentreports.model.Test.getLogContext()=[Ljava.lang.Class;@3fbe503c, public void com.aventstack.extentreports.model.Test.setScreenCaptureContext(com.aventstack.extentreports.model.AbstractStructure)=[Ljava.lang.Class;@3c232051, public void com.aventstack.extentreports.model.Test.setEndTime(java.util.Date)=[Ljava.lang.Class;@15d0d6c9, public java.lang.Boolean com.aventstack.extentreports.model.Test.isBehaviorDrivenType()=[Ljava.lang.Class;@3ab35b9c, public com.aventstack.extentreports.model.AbstractStructure com.aventstack.extentreports.model.Test.getCategoryContext()=[Ljava.lang.Class;@7741d346, public void com.aventstack.extentreports.model.Test.setDeviceContext(com.aventstack.extentreports.model.AbstractStructure)=[Ljava.lang.Class;@52454457, public java.lang.Class com.aventstack.extentreports.model.Test.getBddType()=[Ljava.lang.Class;@4130a648, public boolean java.lang.Object.equals(java.lang.Object)=[Ljava.lang.Class;@61ff6a49, public com.aventstack.extentreports.model.Test com.aventstack.extentreports.model.Test.getParent()=[Ljava.lang.Class;@18dd5ed3, public com.aventstack.extentreports.model.AbstractStructure com.aventstack.extentreports.model.Test.getNodeContext()=[Ljava.lang.Class;@6042d663, public com.aventstack.extentreports.ExtentReports com.aventstack.extentreports.model.Test.getExtent()=[Ljava.lang.Class;@24043ec5, public com.aventstack.extentreports.model.AbstractStructure com.aventstack.extentreports.model.Test.getAuthorContext()=[Ljava.lang.Class;@3e33b52e, public com.aventstack.extentreports.model.AbstractStructure com.aventstack.extentreports.model.Test.getExceptionInfoContext()=[Ljava.lang.Class;@4c6a4ffd, public java.lang.String com.aventstack.extentreports.model.Test.getBehaviorDrivenTypeName()=[Ljava.lang.Class;@3aed69dd, public com.aventstack.extentreports.model.AbstractStructure com.aventstack.extentreports.model.Test.getDeviceContext()=[Ljava.lang.Class;@3f1a9a53, public void com.aventstack.extentreports.model.Test.setExceptionInfoContext(com.aventstack.extentreports.model.AbstractStructure)=[Ljava.lang.Class;@1ca3d25b, public void com.aventstack.extentreports.model.Test.setStatus(com.aventstack.extentreports.Status)=[Ljava.lang.Class;@2287395, public java.util.Date com.aventstack.extentreports.model.Test.getEndTime()=[Ljava.lang.Class;@535a518c, public void com.aventstack.extentreports.model.Test.setNodeContext(com.aventstack.extentreports.model.AbstractStructure)=[Ljava.lang.Class;@38f981b6, public void com.aventstack.extentreports.model.Test.setBddType(java.lang.Class)=[Ljava.lang.Class;@3a4aadf8, public boolean com.aventstack.extentreports.model.Test.isUsesManualConfiguration()=[Ljava.lang.Class;@7bbfc5ff, public void com.aventstack.extentreports.model.Test.setStartTime(java.util.Date)=[Ljava.lang.Class;@7a682d35, public void com.aventstack.extentreports.model.Test.setParent(com.aventstack.extentreports.model.Test)=[Ljava.lang.Class;@ee8e7ff, public void com.aventstack.extentreports.model.Test.setExtent(com.aventstack.extentreports.ExtentReports)=[Ljava.lang.Class;@61a2aeb7, public java.util.Date com.aventstack.extentreports.model.Test.getStartTime()=[Ljava.lang.Class;@64b70f41, public void com.aventstack.extentreports.model.Test.end()=[Ljava.lang.Class;@5f8d9767, public void com.aventstack.extentreports.model.Test.setId(int)=[Ljava.lang.Class;@16134476, public void com.aventstack.extentreports.model.Test.setLogContext(com.aventstack.extentreports.model.AbstractStructure)=[Ljava.lang.Class;@62b09715, public native int java.lang.Object.hashCode()=[Ljava.lang.Class;@3e214105, public java.lang.String com.aventstack.extentreports.model.Test.getName()=[Ljava.lang.Class;@da4cf09, public void com.aventstack.extentreports.model.Test.setName(java.lang.String)=[Ljava.lang.Class;@1980a3f, public void com.aventstack.extentreports.model.Test.computeEndTimeFromChildren()=[Ljava.lang.Class;@67f63d26, public void com.aventstack.extentreports.model.Test.setAuthorContext(com.aventstack.extentreports.model.AbstractStructure)=[Ljava.lang.Class;@536b71b4, public com.aventstack.extentreports.model.AbstractStructure com.aventstack.extentreports.model.Test.getScreenCaptureContext()=[Ljava.lang.Class;@789c3057, public void com.aventstack.extentreports.model.Test.setObjectId(org.bson.types.ObjectId)=[Ljava.lang.Class;@39941489, public void com.aventstack.extentreports.model.Test.setDescription(java.lang.String)=[Ljava.lang.Class;@6f5d0190, public void com.aventstack.extentreports.model.Test.setCategoryContext(com.aventstack.extentreports.model.AbstractStructure)=[Ljava.lang.Class;@67332b1e, public int com.aventstack.extentreports.model.Test.getId()=[Ljava.lang.Class;@7e34b127, public final native java.lang.Class java.lang.Object.getClass()=[Ljava.lang.Class;@679dd234, public void com.aventstack.extentreports.model.Test.setLevel(int)=[Ljava.lang.Class;@60cb1ed6, public org.bson.types.ObjectId com.aventstack.extentreports.model.Test.getObjectId()=[Ljava.lang.Class;@1e5eb20a, public java.lang.String com.aventstack.extentreports.model.Test.getDescription()=[Ljava.lang.Class;@4538856f, public void com.aventstack.extentreports.model.Test.setUsesManualConfiguration(boolean)=[Ljava.lang.Class;@4c3de38e, public com.aventstack.extentreports.Status com.aventstack.extentreports.model.Test.getStatus()=[Ljava.lang.Class;@74b86971}, setObjectId=public void com.aventstack.extentreports.model.Test.setObjectId(org.bson.types.ObjectId), setDescription=public void com.aventstack.extentreports.model.Test.setDescription(java.lang.String), setCategoryContext=public void com.aventstack.extentreports.model.Test.setCategoryContext(com.aventstack.extentreports.model.AbstractStructure), bddType=freemarker.ext.beans.FastPropertyDescriptor@1f9d4b0e, getDescription=public java.lang.String com.aventstack.extentreports.model.Test.getDescription(), exceptionInfoContext=freemarker.ext.beans.FastPropertyDescriptor@1e8fb66f, setNodeContext=public void com.aventstack.extentreports.model.Test.setNodeContext(com.aventstack.extentreports.model.AbstractStructure), nodeContext=freemarker.ext.beans.FastPropertyDescriptor@3d8d17a3, screenCaptureContext=freemarker.ext.beans.FastPropertyDescriptor@ac91282, setBddType=public void com.aventstack.extentreports.model.Test.setBddType(java.lang.Class), hashCode=public native int java.lang.Object.hashCode(), setLogContext=public void com.aventstack.extentreports.model.Test.setLogContext(com.aventstack.extentreports.model.AbstractStructure), startTime=freemarker.ext.beans.FastPropertyDescriptor@208205ed, end=public void com.aventstack.extentreports.model.Test.end(), setStartTime=public void com.aventstack.extentreports.model.Test.setStartTime(java.util.Date), setParent=public void com.aventstack.extentreports.model.Test.setParent(com.aventstack.extentreports.model.Test), setExtent=public void com.aventstack.extentreports.model.Test.setExtent(com.aventstack.extentreports.ExtentReports), class=freemarker.ext.beans.FastPropertyDescriptor@7f79edee, categoryContext=freemarker.ext.beans.FastPropertyDescriptor@750f64fe, objectId=freemarker.ext.beans.FastPropertyDescriptor@1ca610a0, getAuthorContext=public com.aventstack.extentreports.model.AbstractStructure com.aventstack.extentreports.model.Test.getAuthorContext(), getExtent=public com.aventstack.extentreports.ExtentReports com.aventstack.extentreports.model.Test.getExtent(), getParent=public com.aventstack.extentreports.model.Test com.aventstack.extentreports.model.Test.getParent(), getNodeContext=public com.aventstack.extentreports.model.AbstractStructure com.aventstack.extentreports.model.Test.getNodeContext(), getBehaviorDrivenTypeName=public java.lang.String com.aventstack.extentreports.model.Test.getBehaviorDrivenTypeName(), setStatus=public void com.aventstack.extentreports.model.Test.setStatus(com.aventstack.extentreports.Status), setExceptionInfoContext=public void com.aventstack.extentreports.model.Test.setExceptionInfoContext(com.aventstack.extentreports.model.AbstractStructure), getLevel=public int com.aventstack.extentreports.model.Test.getLevel(), deviceContext=freemarker.ext.beans.FastPropertyDescriptor@49433c98, setDeviceContext=public void com.aventstack.extentreports.model.Test.setDeviceContext(com.aventstack.extentreports.model.AbstractStructure), getCategoryContext=public com.aventstack.extentreports.model.AbstractStructure com.aventstack.extentreports.model.Test.getCategoryContext(), setScreenCaptureContext=public void com.aventstack.extentreports.model.Test.setScreenCaptureContext(com.aventstack.extentreports.model.AbstractStructure), setEndTime=public void com.aventstack.extentreports.model.Test.setEndTime(java.util.Date), isBehaviorDrivenType=public java.lang.Boolean com.aventstack.extentreports.model.Test.isBehaviorDrivenType(), equals=public boolean java.lang.Object.equals(java.lang.Object), toString=public java.lang.String java.lang.Object.toString(), logContext=freemarker.ext.beans.FastPropertyDescriptor@b5c6a30, endTime=freemarker.ext.beans.FastPropertyDescriptor@7f6329cb}
DEBUG   16336   [freemark] (): "v3html/test-view/v3-html-standard.ftl"("en_IN", UTF-8, parsed) cached copy not yet stale; using cached.
DEBUG   16336   [freemark] (): Key "screenCaptureList" was not found on instance of com.aventstack.extentreports.model.Test. Introspection information for the class is: {extent=freemarker.ext.beans.FastPropertyDescriptor@799f916e, parent=freemarker.ext.beans.FastPropertyDescriptor@576b7c74, getClass=public final native java.lang.Class java.lang.Object.getClass(), getName=public java.lang.String com.aventstack.extentreports.model.Test.getName(), getScreenCaptureContext=public com.aventstack.extentreports.model.AbstractStructure com.aventstack.extentreports.model.Test.getScreenCaptureContext(), setAuthorContext=public void com.aventstack.extentreports.model.Test.setAuthorContext(com.aventstack.extentreports.model.AbstractStructure), authorContext=freemarker.ext.beans.FastPropertyDescriptor@4fc165f6, getStatus=public com.aventstack.extentreports.Status com.aventstack.extentreports.model.Test.getStatus(), java.lang.Object@69fa8e76=freemarker.ext.beans.SimpleMethod@21de60a7, setUsesManualConfiguration=public void com.aventstack.extentreports.model.Test.setUsesManualConfiguration(boolean), setLevel=public void com.aventstack.extentreports.model.Test.setLevel(int), getObjectId=public org.bson.types.ObjectId com.aventstack.extentreports.model.Test.getObjectId(), getEndTime=public java.util.Date com.aventstack.extentreports.model.Test.getEndTime(), isUsesManualConfiguration=public boolean com.aventstack.extentreports.model.Test.isUsesManualConfiguration(), setId=public void com.aventstack.extentreports.model.Test.setId(int), usesManualConfiguration=freemarker.ext.beans.FastPropertyDescriptor@73894c5a, id=freemarker.ext.beans.FastPropertyDescriptor@7698b7a4, getStartTime=public java.util.Date com.aventstack.extentreports.model.Test.getStartTime(), getExceptionInfoContext=public com.aventstack.extentreports.model.AbstractStructure com.aventstack.extentreports.model.Test.getExceptionInfoContext(), level=freemarker.ext.beans.FastPropertyDescriptor@7a9ceddf, getDeviceContext=public com.aventstack.extentreports.model.AbstractStructure com.aventstack.extentreports.model.Test.getDeviceContext(), getLogContext=public com.aventstack.extentreports.model.AbstractStructure com.aventstack.extentreports.model.Test.getLogContext(), behaviorDrivenTypeName=freemarker.ext.beans.FastPropertyDescriptor@28157173, name=freemarker.ext.beans.FastPropertyDescriptor@22bf9122, getBddType=public java.lang.Class com.aventstack.extentreports.model.Test.getBddType(), status=freemarker.ext.beans.FastPropertyDescriptor@73afe2b7, setName=public void com.aventstack.extentreports.model.Test.setName(java.lang.String), computeEndTimeFromChildren=public void com.aventstack.extentreports.model.Test.computeEndTimeFromChildren(), description=freemarker.ext.beans.FastPropertyDescriptor@69de5bed, getId=public int com.aventstack.extentreports.model.Test.getId(), java.lang.Object@bd1111a={public java.lang.String java.lang.Object.toString()=[Ljava.lang.Class;@11c713b7, public int com.aventstack.extentreports.model.Test.getLevel()=[Ljava.lang.Class;@2251b3bc, public com.aventstack.extentreports.model.AbstractStructure com.aventstack.extentreports.model.Test.getLogContext()=[Ljava.lang.Class;@3fbe503c, public void com.aventstack.extentreports.model.Test.setScreenCaptureContext(com.aventstack.extentreports.model.AbstractStructure)=[Ljava.lang.Class;@3c232051, public void com.aventstack.extentreports.model.Test.setEndTime(java.util.Date)=[Ljava.lang.Class;@15d0d6c9, public java.lang.Boolean com.aventstack.extentreports.model.Test.isBehaviorDrivenType()=[Ljava.lang.Class;@3ab35b9c, public com.aventstack.extentreports.model.AbstractStructure com.aventstack.extentreports.model.Test.getCategoryContext()=[Ljava.lang.Class;@7741d346, public void com.aventstack.extentreports.model.Test.setDeviceContext(com.aventstack.extentreports.model.AbstractStructure)=[Ljava.lang.Class;@52454457, public java.lang.Class com.aventstack.extentreports.model.Test.getBddType()=[Ljava.lang.Class;@4130a648, public boolean java.lang.Object.equals(java.lang.Object)=[Ljava.lang.Class;@61ff6a49, public com.aventstack.extentreports.model.Test com.aventstack.extentreports.model.Test.getParent()=[Ljava.lang.Class;@18dd5ed3, public com.aventstack.extentreports.model.AbstractStructure com.aventstack.extentreports.model.Test.getNodeContext()=[Ljava.lang.Class;@6042d663, public com.aventstack.extentreports.ExtentReports com.aventstack.extentreports.model.Test.getExtent()=[Ljava.lang.Class;@24043ec5, public com.aventstack.extentreports.model.AbstractStructure com.aventstack.extentreports.model.Test.getAuthorContext()=[Ljava.lang.Class;@3e33b52e, public com.aventstack.extentreports.model.AbstractStructure com.aventstack.extentreports.model.Test.getExceptionInfoContext()=[Ljava.lang.Class;@4c6a4ffd, public java.lang.String com.aventstack.extentreports.model.Test.getBehaviorDrivenTypeName()=[Ljava.lang.Class;@3aed69dd, public com.aventstack.extentreports.model.AbstractStructure com.aventstack.extentreports.model.Test.getDeviceContext()=[Ljava.lang.Class;@3f1a9a53, public void com.aventstack.extentreports.model.Test.setExceptionInfoContext(com.aventstack.extentreports.model.AbstractStructure)=[Ljava.lang.Class;@1ca3d25b, public void com.aventstack.extentreports.model.Test.setStatus(com.aventstack.extentreports.Status)=[Ljava.lang.Class;@2287395, public java.util.Date com.aventstack.extentreports.model.Test.getEndTime()=[Ljava.lang.Class;@535a518c, public void com.aventstack.extentreports.model.Test.setNodeContext(com.aventstack.extentreports.model.AbstractStructure)=[Ljava.lang.Class;@38f981b6, public void com.aventstack.extentreports.model.Test.setBddType(java.lang.Class)=[Ljava.lang.Class;@3a4aadf8, public boolean com.aventstack.extentreports.model.Test.isUsesManualConfiguration()=[Ljava.lang.Class;@7bbfc5ff, public void com.aventstack.extentreports.model.Test.setStartTime(java.util.Date)=[Ljava.lang.Class;@7a682d35, public void com.aventstack.extentreports.model.Test.setParent(com.aventstack.extentreports.model.Test)=[Ljava.lang.Class;@ee8e7ff, public void com.aventstack.extentreports.model.Test.setExtent(com.aventstack.extentreports.ExtentReports)=[Ljava.lang.Class;@61a2aeb7, public java.util.Date com.aventstack.extentreports.model.Test.getStartTime()=[Ljava.lang.Class;@64b70f41, public void com.aventstack.extentreports.model.Test.end()=[Ljava.lang.Class;@5f8d9767, public void com.aventstack.extentreports.model.Test.setId(int)=[Ljava.lang.Class;@16134476, public void com.aventstack.extentreports.model.Test.setLogContext(com.aventstack.extentreports.model.AbstractStructure)=[Ljava.lang.Class;@62b09715, public native int java.lang.Object.hashCode()=[Ljava.lang.Class;@3e214105, public java.lang.String com.aventstack.extentreports.model.Test.getName()=[Ljava.lang.Class;@da4cf09, public void com.aventstack.extentreports.model.Test.setName(java.lang.String)=[Ljava.lang.Class;@1980a3f, public void com.aventstack.extentreports.model.Test.computeEndTimeFromChildren()=[Ljava.lang.Class;@67f63d26, public void com.aventstack.extentreports.model.Test.setAuthorContext(com.aventstack.extentreports.model.AbstractStructure)=[Ljava.lang.Class;@536b71b4, public com.aventstack.extentreports.model.AbstractStructure com.aventstack.extentreports.model.Test.getScreenCaptureContext()=[Ljava.lang.Class;@789c3057, public void com.aventstack.extentreports.model.Test.setObjectId(org.bson.types.ObjectId)=[Ljava.lang.Class;@39941489, public void com.aventstack.extentreports.model.Test.setDescription(java.lang.String)=[Ljava.lang.Class;@6f5d0190, public void com.aventstack.extentreports.model.Test.setCategoryContext(com.aventstack.extentreports.model.AbstractStructure)=[Ljava.lang.Class;@67332b1e, public int com.aventstack.extentreports.model.Test.getId()=[Ljava.lang.Class;@7e34b127, public final native java.lang.Class java.lang.Object.getClass()=[Ljava.lang.Class;@679dd234, public void com.aventstack.extentreports.model.Test.setLevel(int)=[Ljava.lang.Class;@60cb1ed6, public org.bson.types.ObjectId com.aventstack.extentreports.model.Test.getObjectId()=[Ljava.lang.Class;@1e5eb20a, public java.lang.String com.aventstack.extentreports.model.Test.getDescription()=[Ljava.lang.Class;@4538856f, public void com.aventstack.extentreports.model.Test.setUsesManualConfiguration(boolean)=[Ljava.lang.Class;@4c3de38e, public com.aventstack.extentreports.Status com.aventstack.extentreports.model.Test.getStatus()=[Ljava.lang.Class;@74b86971}, setObjectId=public void com.aventstack.extentreports.model.Test.setObjectId(org.bson.types.ObjectId), setDescription=public void com.aventstack.extentreports.model.Test.setDescription(java.lang.String), setCategoryContext=public void com.aventstack.extentreports.model.Test.setCategoryContext(com.aventstack.extentreports.model.AbstractStructure), bddType=freemarker.ext.beans.FastPropertyDescriptor@1f9d4b0e, getDescription=public java.lang.String com.aventstack.extentreports.model.Test.getDescription(), exceptionInfoContext=freemarker.ext.beans.FastPropertyDescriptor@1e8fb66f, setNodeContext=public void com.aventstack.extentreports.model.Test.setNodeContext(com.aventstack.extentreports.model.AbstractStructure), nodeContext=freemarker.ext.beans.FastPropertyDescriptor@3d8d17a3, screenCaptureContext=freemarker.ext.beans.FastPropertyDescriptor@ac91282, setBddType=public void com.aventstack.extentreports.model.Test.setBddType(java.lang.Class), hashCode=public native int java.lang.Object.hashCode(), setLogContext=public void com.aventstack.extentreports.model.Test.setLogContext(com.aventstack.extentreports.model.AbstractStructure), startTime=freemarker.ext.beans.FastPropertyDescriptor@208205ed, end=public void com.aventstack.extentreports.model.Test.end(), setStartTime=public void com.aventstack.extentreports.model.Test.setStartTime(java.util.Date), setParent=public void com.aventstack.extentreports.model.Test.setParent(com.aventstack.extentreports.model.Test), setExtent=public void com.aventstack.extentreports.model.Test.setExtent(com.aventstack.extentreports.ExtentReports), class=freemarker.ext.beans.FastPropertyDescriptor@7f79edee, categoryContext=freemarker.ext.beans.FastPropertyDescriptor@750f64fe, objectId=freemarker.ext.beans.FastPropertyDescriptor@1ca610a0, getAuthorContext=public com.aventstack.extentreports.model.AbstractStructure com.aventstack.extentreports.model.Test.getAuthorContext(), getExtent=public com.aventstack.extentreports.ExtentReports com.aventstack.extentreports.model.Test.getExtent(), getParent=public com.aventstack.extentreports.model.Test com.aventstack.extentreports.model.Test.getParent(), getNodeContext=public com.aventstack.extentreports.model.AbstractStructure com.aventstack.extentreports.model.Test.getNodeContext(), getBehaviorDrivenTypeName=public java.lang.String com.aventstack.extentreports.model.Test.getBehaviorDrivenTypeName(), setStatus=public void com.aventstack.extentreports.model.Test.setStatus(com.aventstack.extentreports.Status), setExceptionInfoContext=public void com.aventstack.extentreports.model.Test.setExceptionInfoContext(com.aventstack.extentreports.model.AbstractStructure), getLevel=public int com.aventstack.extentreports.model.Test.getLevel(), deviceContext=freemarker.ext.beans.FastPropertyDescriptor@49433c98, setDeviceContext=public void com.aventstack.extentreports.model.Test.setDeviceContext(com.aventstack.extentreports.model.AbstractStructure), getCategoryContext=public com.aventstack.extentreports.model.AbstractStructure com.aventstack.extentreports.model.Test.getCategoryContext(), setScreenCaptureContext=public void com.aventstack.extentreports.model.Test.setScreenCaptureContext(com.aventstack.extentreports.model.AbstractStructure), setEndTime=public void com.aventstack.extentreports.model.Test.setEndTime(java.util.Date), isBehaviorDrivenType=public java.lang.Boolean com.aventstack.extentreports.model.Test.isBehaviorDrivenType(), equals=public boolean java.lang.Object.equals(java.lang.Object), toString=public java.lang.String java.lang.Object.toString(), logContext=freemarker.ext.beans.FastPropertyDescriptor@b5c6a30, endTime=freemarker.ext.beans.FastPropertyDescriptor@7f6329cb}
DEBUG   16336   [freemark] (): "v3html/test-view/v3-html-standard.ftl"("en_IN", UTF-8, parsed) cached copy not yet stale; using cached.
DEBUG   16336   [freemark] (): Key "stepName" was not found on instance of com.aventstack.extentreports.model.Log. Introspection information for the class is: {setSequence=public void com.aventstack.extentreports.model.Log.setSequence(int), setExceptionInfo=public void com.aventstack.extentreports.model.Log.setExceptionInfo(com.aventstack.extentreports.model.ExceptionInfo), getClass=public final native java.lang.Class java.lang.Object.getClass(), setTest=public void com.aventstack.extentreports.model.Log.setTest(com.aventstack.extentreports.model.Test), getScreenCaptureContext=public com.aventstack.extentreports.model.AbstractStructure com.aventstack.extentreports.model.Log.getScreenCaptureContext(), java.lang.Object@bd1111a={public java.lang.String java.lang.Object.toString()=[Ljava.lang.Class;@834e986, public void com.aventstack.extentreports.model.Log.setScreenCaptureContext(com.aventstack.extentreports.model.AbstractStructure)=[Ljava.lang.Class;@6cae2e4d, public void com.aventstack.extentreports.model.Log.setDetails(java.lang.String)=[Ljava.lang.Class;@604d23fa, public java.util.Date com.aventstack.extentreports.model.Log.getTimestamp()=[Ljava.lang.Class;@1cc8416a, public int com.aventstack.extentreports.model.Log.getSequence()=[Ljava.lang.Class;@331ff3ac, public void com.aventstack.extentreports.model.Log.setTimestamp(java.util.Date)=[Ljava.lang.Class;@2e5e6fc4, public native int java.lang.Object.hashCode()=[Ljava.lang.Class;@2785db06, public boolean java.lang.Object.equals(java.lang.Object)=[Ljava.lang.Class;@79980d8d, public void com.aventstack.extentreports.model.Log.setTest(com.aventstack.extentreports.model.Test)=[Ljava.lang.Class;@35d60381, public com.aventstack.extentreports.model.ExceptionInfo com.aventstack.extentreports.model.Log.getExceptionInfo()=[Ljava.lang.Class;@68ab6ab0, public com.aventstack.extentreports.model.AbstractStructure com.aventstack.extentreports.model.Log.getScreenCaptureContext()=[Ljava.lang.Class;@61ffd148, public void com.aventstack.extentreports.model.Log.setExceptionInfo(com.aventstack.extentreports.model.ExceptionInfo)=[Ljava.lang.Class;@58324c9f, public void com.aventstack.extentreports.model.Log.setSequence(int)=[Ljava.lang.Class;@5d7d8613, public com.aventstack.extentreports.model.Test com.aventstack.extentreports.model.Log.getTest()=[Ljava.lang.Class;@6eb089e6, public com.aventstack.extentreports.Status com.aventstack.extentreports.model.Log.getStatus()=[Ljava.lang.Class;@715a70e9, public org.bson.types.ObjectId com.aventstack.extentreports.model.Log.getObjectId()=[Ljava.lang.Class;@3bc69ce9, public void com.aventstack.extentreports.model.Log.setStatus(com.aventstack.extentreports.Status)=[Ljava.lang.Class;@abad89c, public final native java.lang.Class java.lang.Object.getClass()=[Ljava.lang.Class;@602f8f94, public void com.aventstack.extentreports.model.Log.setObjectId(org.bson.types.ObjectId)=[Ljava.lang.Class;@42507640, public java.lang.String com.aventstack.extentreports.model.Log.getDetails()=[Ljava.lang.Class;@4dfe8b37}, setObjectId=public void com.aventstack.extentreports.model.Log.setObjectId(org.bson.types.ObjectId), getStatus=public com.aventstack.extentreports.Status com.aventstack.extentreports.model.Log.getStatus(), java.lang.Object@69fa8e76=freemarker.ext.beans.SimpleMethod@11dcd42c, getTest=public com.aventstack.extentreports.model.Test com.aventstack.extentreports.model.Log.getTest(), getObjectId=public org.bson.types.ObjectId com.aventstack.extentreports.model.Log.getObjectId(), screenCaptureContext=freemarker.ext.beans.FastPropertyDescriptor@d13baac, getTimestamp=public java.util.Date com.aventstack.extentreports.model.Log.getTimestamp(), hashCode=public native int java.lang.Object.hashCode(), setDetails=public void com.aventstack.extentreports.model.Log.setDetails(java.lang.String), details=freemarker.ext.beans.FastPropertyDescriptor@4c302f38, class=freemarker.ext.beans.FastPropertyDescriptor@75aea2ba, objectId=freemarker.ext.beans.FastPropertyDescriptor@2a47597, setTimestamp=public void com.aventstack.extentreports.model.Log.setTimestamp(java.util.Date), timestamp=freemarker.ext.beans.FastPropertyDescriptor@12f279b5, test=freemarker.ext.beans.FastPropertyDescriptor@5ff6dd3c, getExceptionInfo=public com.aventstack.extentreports.model.ExceptionInfo com.aventstack.extentreports.model.Log.getExceptionInfo(), getDetails=public java.lang.String com.aventstack.extentreports.model.Log.getDetails(), setStatus=public void com.aventstack.extentreports.model.Log.setStatus(com.aventstack.extentreports.Status), sequence=freemarker.ext.beans.FastPropertyDescriptor@5fcd1f0a, setScreenCaptureContext=public void com.aventstack.extentreports.model.Log.setScreenCaptureContext(com.aventstack.extentreports.model.AbstractStructure), equals=public boolean java.lang.Object.equals(java.lang.Object), toString=public java.lang.String java.lang.Object.toString(), getSequence=public int com.aventstack.extentreports.model.Log.getSequence(), exceptionInfo=freemarker.ext.beans.FastPropertyDescriptor@7e64c1a9, status=freemarker.ext.beans.FastPropertyDescriptor@7fda2001}
DEBUG   16336   [freemark] (): Key "stepName" was not found on instance of com.aventstack.extentreports.model.Log. Introspection information for the class is: {setSequence=public void com.aventstack.extentreports.model.Log.setSequence(int), setExceptionInfo=public void com.aventstack.extentreports.model.Log.setExceptionInfo(com.aventstack.extentreports.model.ExceptionInfo), getClass=public final native java.lang.Class java.lang.Object.getClass(), setTest=public void com.aventstack.extentreports.model.Log.setTest(com.aventstack.extentreports.model.Test), getScreenCaptureContext=public com.aventstack.extentreports.model.AbstractStructure com.aventstack.extentreports.model.Log.getScreenCaptureContext(), java.lang.Object@bd1111a={public java.lang.String java.lang.Object.toString()=[Ljava.lang.Class;@834e986, public void com.aventstack.extentreports.model.Log.setScreenCaptureContext(com.aventstack.extentreports.model.AbstractStructure)=[Ljava.lang.Class;@6cae2e4d, public void com.aventstack.extentreports.model.Log.setDetails(java.lang.String)=[Ljava.lang.Class;@604d23fa, public java.util.Date com.aventstack.extentreports.model.Log.getTimestamp()=[Ljava.lang.Class;@1cc8416a, public int com.aventstack.extentreports.model.Log.getSequence()=[Ljava.lang.Class;@331ff3ac, public void com.aventstack.extentreports.model.Log.setTimestamp(java.util.Date)=[Ljava.lang.Class;@2e5e6fc4, public native int java.lang.Object.hashCode()=[Ljava.lang.Class;@2785db06, public boolean java.lang.Object.equals(java.lang.Object)=[Ljava.lang.Class;@79980d8d, public void com.aventstack.extentreports.model.Log.setTest(com.aventstack.extentreports.model.Test)=[Ljava.lang.Class;@35d60381, public com.aventstack.extentreports.model.ExceptionInfo com.aventstack.extentreports.model.Log.getExceptionInfo()=[Ljava.lang.Class;@68ab6ab0, public com.aventstack.extentreports.model.AbstractStructure com.aventstack.extentreports.model.Log.getScreenCaptureContext()=[Ljava.lang.Class;@61ffd148, public void com.aventstack.extentreports.model.Log.setExceptionInfo(com.aventstack.extentreports.model.ExceptionInfo)=[Ljava.lang.Class;@58324c9f, public void com.aventstack.extentreports.model.Log.setSequence(int)=[Ljava.lang.Class;@5d7d8613, public com.aventstack.extentreports.model.Test com.aventstack.extentreports.model.Log.getTest()=[Ljava.lang.Class;@6eb089e6, public com.aventstack.extentreports.Status com.aventstack.extentreports.model.Log.getStatus()=[Ljava.lang.Class;@715a70e9, public org.bson.types.ObjectId com.aventstack.extentreports.model.Log.getObjectId()=[Ljava.lang.Class;@3bc69ce9, public void com.aventstack.extentreports.model.Log.setStatus(com.aventstack.extentreports.Status)=[Ljava.lang.Class;@abad89c, public final native java.lang.Class java.lang.Object.getClass()=[Ljava.lang.Class;@602f8f94, public void com.aventstack.extentreports.model.Log.setObjectId(org.bson.types.ObjectId)=[Ljava.lang.Class;@42507640, public java.lang.String com.aventstack.extentreports.model.Log.getDetails()=[Ljava.lang.Class;@4dfe8b37}, setObjectId=public void com.aventstack.extentreports.model.Log.setObjectId(org.bson.types.ObjectId), getStatus=public com.aventstack.extentreports.Status com.aventstack.extentreports.model.Log.getStatus(), java.lang.Object@69fa8e76=freemarker.ext.beans.SimpleMethod@11dcd42c, getTest=public com.aventstack.extentreports.model.Test com.aventstack.extentreports.model.Log.getTest(), getObjectId=public org.bson.types.ObjectId com.aventstack.extentreports.model.Log.getObjectId(), screenCaptureContext=freemarker.ext.beans.FastPropertyDescriptor@d13baac, getTimestamp=public java.util.Date com.aventstack.extentreports.model.Log.getTimestamp(), hashCode=public native int java.lang.Object.hashCode(), setDetails=public void com.aventstack.extentreports.model.Log.setDetails(java.lang.String), details=freemarker.ext.beans.FastPropertyDescriptor@4c302f38, class=freemarker.ext.beans.FastPropertyDescriptor@75aea2ba, objectId=freemarker.ext.beans.FastPropertyDescriptor@2a47597, setTimestamp=public void com.aventstack.extentreports.model.Log.setTimestamp(java.util.Date), timestamp=freemarker.ext.beans.FastPropertyDescriptor@12f279b5, test=freemarker.ext.beans.FastPropertyDescriptor@5ff6dd3c, getExceptionInfo=public com.aventstack.extentreports.model.ExceptionInfo com.aventstack.extentreports.model.Log.getExceptionInfo(), getDetails=public java.lang.String com.aventstack.extentreports.model.Log.getDetails(), setStatus=public void com.aventstack.extentreports.model.Log.setStatus(com.aventstack.extentreports.Status), sequence=freemarker.ext.beans.FastPropertyDescriptor@5fcd1f0a, setScreenCaptureContext=public void com.aventstack.extentreports.model.Log.setScreenCaptureContext(com.aventstack.extentreports.model.AbstractStructure), equals=public boolean java.lang.Object.equals(java.lang.Object), toString=public java.lang.String java.lang.Object.toString(), getSequence=public int com.aventstack.extentreports.model.Log.getSequence(), exceptionInfo=freemarker.ext.beans.FastPropertyDescriptor@7e64c1a9, status=freemarker.ext.beans.FastPropertyDescriptor@7fda2001}
DEBUG   16336   [freemark] (): Key "screenCaptureList" was not found on instance of com.aventstack.extentreports.model.Test. Introspection information for the class is: {extent=freemarker.ext.beans.FastPropertyDescriptor@799f916e, parent=freemarker.ext.beans.FastPropertyDescriptor@576b7c74, getClass=public final native java.lang.Class java.lang.Object.getClass(), getName=public java.lang.String com.aventstack.extentreports.model.Test.getName(), getScreenCaptureContext=public com.aventstack.extentreports.model.AbstractStructure com.aventstack.extentreports.model.Test.getScreenCaptureContext(), setAuthorContext=public void com.aventstack.extentreports.model.Test.setAuthorContext(com.aventstack.extentreports.model.AbstractStructure), authorContext=freemarker.ext.beans.FastPropertyDescriptor@4fc165f6, getStatus=public com.aventstack.extentreports.Status com.aventstack.extentreports.model.Test.getStatus(), java.lang.Object@69fa8e76=freemarker.ext.beans.SimpleMethod@21de60a7, setUsesManualConfiguration=public void com.aventstack.extentreports.model.Test.setUsesManualConfiguration(boolean), setLevel=public void com.aventstack.extentreports.model.Test.setLevel(int), getObjectId=public org.bson.types.ObjectId com.aventstack.extentreports.model.Test.getObjectId(), getEndTime=public java.util.Date com.aventstack.extentreports.model.Test.getEndTime(), isUsesManualConfiguration=public boolean com.aventstack.extentreports.model.Test.isUsesManualConfiguration(), setId=public void com.aventstack.extentreports.model.Test.setId(int), usesManualConfiguration=freemarker.ext.beans.FastPropertyDescriptor@73894c5a, id=freemarker.ext.beans.FastPropertyDescriptor@7698b7a4, getStartTime=public java.util.Date com.aventstack.extentreports.model.Test.getStartTime(), getExceptionInfoContext=public com.aventstack.extentreports.model.AbstractStructure com.aventstack.extentreports.model.Test.getExceptionInfoContext(), level=freemarker.ext.beans.FastPropertyDescriptor@7a9ceddf, getDeviceContext=public com.aventstack.extentreports.model.AbstractStructure com.aventstack.extentreports.model.Test.getDeviceContext(), getLogContext=public com.aventstack.extentreports.model.AbstractStructure com.aventstack.extentreports.model.Test.getLogContext(), behaviorDrivenTypeName=freemarker.ext.beans.FastPropertyDescriptor@28157173, name=freemarker.ext.beans.FastPropertyDescriptor@22bf9122, getBddType=public java.lang.Class com.aventstack.extentreports.model.Test.getBddType(), status=freemarker.ext.beans.FastPropertyDescriptor@73afe2b7, setName=public void com.aventstack.extentreports.model.Test.setName(java.lang.String), computeEndTimeFromChildren=public void com.aventstack.extentreports.model.Test.computeEndTimeFromChildren(), description=freemarker.ext.beans.FastPropertyDescriptor@69de5bed, getId=public int com.aventstack.extentreports.model.Test.getId(), java.lang.Object@bd1111a={public java.lang.String java.lang.Object.toString()=[Ljava.lang.Class;@11c713b7, public int com.aventstack.extentreports.model.Test.getLevel()=[Ljava.lang.Class;@2251b3bc, public com.aventstack.extentreports.model.AbstractStructure com.aventstack.extentreports.model.Test.getLogContext()=[Ljava.lang.Class;@3fbe503c, public void com.aventstack.extentreports.model.Test.setScreenCaptureContext(com.aventstack.extentreports.model.AbstractStructure)=[Ljava.lang.Class;@3c232051, public void com.aventstack.extentreports.model.Test.setEndTime(java.util.Date)=[Ljava.lang.Class;@15d0d6c9, public java.lang.Boolean com.aventstack.extentreports.model.Test.isBehaviorDrivenType()=[Ljava.lang.Class;@3ab35b9c, public com.aventstack.extentreports.model.AbstractStructure com.aventstack.extentreports.model.Test.getCategoryContext()=[Ljava.lang.Class;@7741d346, public void com.aventstack.extentreports.model.Test.setDeviceContext(com.aventstack.extentreports.model.AbstractStructure)=[Ljava.lang.Class;@52454457, public java.lang.Class com.aventstack.extentreports.model.Test.getBddType()=[Ljava.lang.Class;@4130a648, public boolean java.lang.Object.equals(java.lang.Object)=[Ljava.lang.Class;@61ff6a49, public com.aventstack.extentreports.model.Test com.aventstack.extentreports.model.Test.getParent()=[Ljava.lang.Class;@18dd5ed3, public com.aventstack.extentreports.model.AbstractStructure com.aventstack.extentreports.model.Test.getNodeContext()=[Ljava.lang.Class;@6042d663, public com.aventstack.extentreports.ExtentReports com.aventstack.extentreports.model.Test.getExtent()=[Ljava.lang.Class;@24043ec5, public com.aventstack.extentreports.model.AbstractStructure com.aventstack.extentreports.model.Test.getAuthorContext()=[Ljava.lang.Class;@3e33b52e, public com.aventstack.extentreports.model.AbstractStructure com.aventstack.extentreports.model.Test.getExceptionInfoContext()=[Ljava.lang.Class;@4c6a4ffd, public java.lang.String com.aventstack.extentreports.model.Test.getBehaviorDrivenTypeName()=[Ljava.lang.Class;@3aed69dd, public com.aventstack.extentreports.model.AbstractStructure com.aventstack.extentreports.model.Test.getDeviceContext()=[Ljava.lang.Class;@3f1a9a53, public void com.aventstack.extentreports.model.Test.setExceptionInfoContext(com.aventstack.extentreports.model.AbstractStructure)=[Ljava.lang.Class;@1ca3d25b, public void com.aventstack.extentreports.model.Test.setStatus(com.aventstack.extentreports.Status)=[Ljava.lang.Class;@2287395, public java.util.Date com.aventstack.extentreports.model.Test.getEndTime()=[Ljava.lang.Class;@535a518c, public void com.aventstack.extentreports.model.Test.setNodeContext(com.aventstack.extentreports.model.AbstractStructure)=[Ljava.lang.Class;@38f981b6, public void com.aventstack.extentreports.model.Test.setBddType(java.lang.Class)=[Ljava.lang.Class;@3a4aadf8, public boolean com.aventstack.extentreports.model.Test.isUsesManualConfiguration()=[Ljava.lang.Class;@7bbfc5ff, public void com.aventstack.extentreports.model.Test.setStartTime(java.util.Date)=[Ljava.lang.Class;@7a682d35, public void com.aventstack.extentreports.model.Test.setParent(com.aventstack.extentreports.model.Test)=[Ljava.lang.Class;@ee8e7ff, public void com.aventstack.extentreports.model.Test.setExtent(com.aventstack.extentreports.ExtentReports)=[Ljava.lang.Class;@61a2aeb7, public java.util.Date com.aventstack.extentreports.model.Test.getStartTime()=[Ljava.lang.Class;@64b70f41, public void com.aventstack.extentreports.model.Test.end()=[Ljava.lang.Class;@5f8d9767, public void com.aventstack.extentreports.model.Test.setId(int)=[Ljava.lang.Class;@16134476, public void com.aventstack.extentreports.model.Test.setLogContext(com.aventstack.extentreports.model.AbstractStructure)=[Ljava.lang.Class;@62b09715, public native int java.lang.Object.hashCode()=[Ljava.lang.Class;@3e214105, public java.lang.String com.aventstack.extentreports.model.Test.getName()=[Ljava.lang.Class;@da4cf09, public void com.aventstack.extentreports.model.Test.setName(java.lang.String)=[Ljava.lang.Class;@1980a3f, public void com.aventstack.extentreports.model.Test.computeEndTimeFromChildren()=[Ljava.lang.Class;@67f63d26, public void com.aventstack.extentreports.model.Test.setAuthorContext(com.aventstack.extentreports.model.AbstractStructure)=[Ljava.lang.Class;@536b71b4, public com.aventstack.extentreports.model.AbstractStructure com.aventstack.extentreports.model.Test.getScreenCaptureContext()=[Ljava.lang.Class;@789c3057, public void com.aventstack.extentreports.model.Test.setObjectId(org.bson.types.ObjectId)=[Ljava.lang.Class;@39941489, public void com.aventstack.extentreports.model.Test.setDescription(java.lang.String)=[Ljava.lang.Class;@6f5d0190, public void com.aventstack.extentreports.model.Test.setCategoryContext(com.aventstack.extentreports.model.AbstractStructure)=[Ljava.lang.Class;@67332b1e, public int com.aventstack.extentreports.model.Test.getId()=[Ljava.lang.Class;@7e34b127, public final native java.lang.Class java.lang.Object.getClass()=[Ljava.lang.Class;@679dd234, public void com.aventstack.extentreports.model.Test.setLevel(int)=[Ljava.lang.Class;@60cb1ed6, public org.bson.types.ObjectId com.aventstack.extentreports.model.Test.getObjectId()=[Ljava.lang.Class;@1e5eb20a, public java.lang.String com.aventstack.extentreports.model.Test.getDescription()=[Ljava.lang.Class;@4538856f, public void com.aventstack.extentreports.model.Test.setUsesManualConfiguration(boolean)=[Ljava.lang.Class;@4c3de38e, public com.aventstack.extentreports.Status com.aventstack.extentreports.model.Test.getStatus()=[Ljava.lang.Class;@74b86971}, setObjectId=public void com.aventstack.extentreports.model.Test.setObjectId(org.bson.types.ObjectId), setDescription=public void com.aventstack.extentreports.model.Test.setDescription(java.lang.String), setCategoryContext=public void com.aventstack.extentreports.model.Test.setCategoryContext(com.aventstack.extentreports.model.AbstractStructure), bddType=freemarker.ext.beans.FastPropertyDescriptor@1f9d4b0e, getDescription=public java.lang.String com.aventstack.extentreports.model.Test.getDescription(), exceptionInfoContext=freemarker.ext.beans.FastPropertyDescriptor@1e8fb66f, setNodeContext=public void com.aventstack.extentreports.model.Test.setNodeContext(com.aventstack.extentreports.model.AbstractStructure), nodeContext=freemarker.ext.beans.FastPropertyDescriptor@3d8d17a3, screenCaptureContext=freemarker.ext.beans.FastPropertyDescriptor@ac91282, setBddType=public void com.aventstack.extentreports.model.Test.setBddType(java.lang.Class), hashCode=public native int java.lang.Object.hashCode(), setLogContext=public void com.aventstack.extentreports.model.Test.setLogContext(com.aventstack.extentreports.model.AbstractStructure), startTime=freemarker.ext.beans.FastPropertyDescriptor@208205ed, end=public void com.aventstack.extentreports.model.Test.end(), setStartTime=public void com.aventstack.extentreports.model.Test.setStartTime(java.util.Date), setParent=public void com.aventstack.extentreports.model.Test.setParent(com.aventstack.extentreports.model.Test), setExtent=public void com.aventstack.extentreports.model.Test.setExtent(com.aventstack.extentreports.ExtentReports), class=freemarker.ext.beans.FastPropertyDescriptor@7f79edee, categoryContext=freemarker.ext.beans.FastPropertyDescriptor@750f64fe, objectId=freemarker.ext.beans.FastPropertyDescriptor@1ca610a0, getAuthorContext=public com.aventstack.extentreports.model.AbstractStructure com.aventstack.extentreports.model.Test.getAuthorContext(), getExtent=public com.aventstack.extentreports.ExtentReports com.aventstack.extentreports.model.Test.getExtent(), getParent=public com.aventstack.extentreports.model.Test com.aventstack.extentreports.model.Test.getParent(), getNodeContext=public com.aventstack.extentreports.model.AbstractStructure com.aventstack.extentreports.model.Test.getNodeContext(), getBehaviorDrivenTypeName=public java.lang.String com.aventstack.extentreports.model.Test.getBehaviorDrivenTypeName(), setStatus=public void com.aventstack.extentreports.model.Test.setStatus(com.aventstack.extentreports.Status), setExceptionInfoContext=public void com.aventstack.extentreports.model.Test.setExceptionInfoContext(com.aventstack.extentreports.model.AbstractStructure), getLevel=public int com.aventstack.extentreports.model.Test.getLevel(), deviceContext=freemarker.ext.beans.FastPropertyDescriptor@49433c98, setDeviceContext=public void com.aventstack.extentreports.model.Test.setDeviceContext(com.aventstack.extentreports.model.AbstractStructure), getCategoryContext=public com.aventstack.extentreports.model.AbstractStructure com.aventstack.extentreports.model.Test.getCategoryContext(), setScreenCaptureContext=public void com.aventstack.extentreports.model.Test.setScreenCaptureContext(com.aventstack.extentreports.model.AbstractStructure), setEndTime=public void com.aventstack.extentreports.model.Test.setEndTime(java.util.Date), isBehaviorDrivenType=public java.lang.Boolean com.aventstack.extentreports.model.Test.isBehaviorDrivenType(), equals=public boolean java.lang.Object.equals(java.lang.Object), toString=public java.lang.String java.lang.Object.toString(), logContext=freemarker.ext.beans.FastPropertyDescriptor@b5c6a30, endTime=freemarker.ext.beans.FastPropertyDescriptor@7f6329cb}
DEBUG   16336   [freemark] (): "v3html/test-view/v3-html-standard.ftl"("en_IN", UTF-8, parsed) cached copy not yet stale; using cached.
DEBUG   16336   [freemark] (): Key "screenCaptureList" was not found on instance of com.aventstack.extentreports.model.Test. Introspection information for the class is: {extent=freemarker.ext.beans.FastPropertyDescriptor@799f916e, parent=freemarker.ext.beans.FastPropertyDescriptor@576b7c74, getClass=public final native java.lang.Class java.lang.Object.getClass(), getName=public java.lang.String com.aventstack.extentreports.model.Test.getName(), getScreenCaptureContext=public com.aventstack.extentreports.model.AbstractStructure com.aventstack.extentreports.model.Test.getScreenCaptureContext(), setAuthorContext=public void com.aventstack.extentreports.model.Test.setAuthorContext(com.aventstack.extentreports.model.AbstractStructure), authorContext=freemarker.ext.beans.FastPropertyDescriptor@4fc165f6, getStatus=public com.aventstack.extentreports.Status com.aventstack.extentreports.model.Test.getStatus(), java.lang.Object@69fa8e76=freemarker.ext.beans.SimpleMethod@21de60a7, setUsesManualConfiguration=public void com.aventstack.extentreports.model.Test.setUsesManualConfiguration(boolean), setLevel=public void com.aventstack.extentreports.model.Test.setLevel(int), getObjectId=public org.bson.types.ObjectId com.aventstack.extentreports.model.Test.getObjectId(), getEndTime=public java.util.Date com.aventstack.extentreports.model.Test.getEndTime(), isUsesManualConfiguration=public boolean com.aventstack.extentreports.model.Test.isUsesManualConfiguration(), setId=public void com.aventstack.extentreports.model.Test.setId(int), usesManualConfiguration=freemarker.ext.beans.FastPropertyDescriptor@73894c5a, id=freemarker.ext.beans.FastPropertyDescriptor@7698b7a4, getStartTime=public java.util.Date com.aventstack.extentreports.model.Test.getStartTime(), getExceptionInfoContext=public com.aventstack.extentreports.model.AbstractStructure com.aventstack.extentreports.model.Test.getExceptionInfoContext(), level=freemarker.ext.beans.FastPropertyDescriptor@7a9ceddf, getDeviceContext=public com.aventstack.extentreports.model.AbstractStructure com.aventstack.extentreports.model.Test.getDeviceContext(), getLogContext=public com.aventstack.extentreports.model.AbstractStructure com.aventstack.extentreports.model.Test.getLogContext(), behaviorDrivenTypeName=freemarker.ext.beans.FastPropertyDescriptor@28157173, name=freemarker.ext.beans.FastPropertyDescriptor@22bf9122, getBddType=public java.lang.Class com.aventstack.extentreports.model.Test.getBddType(), status=freemarker.ext.beans.FastPropertyDescriptor@73afe2b7, setName=public void com.aventstack.extentreports.model.Test.setName(java.lang.String), computeEndTimeFromChildren=public void com.aventstack.extentreports.model.Test.computeEndTimeFromChildren(), description=freemarker.ext.beans.FastPropertyDescriptor@69de5bed, getId=public int com.aventstack.extentreports.model.Test.getId(), java.lang.Object@bd1111a={public java.lang.String java.lang.Object.toString()=[Ljava.lang.Class;@11c713b7, public int com.aventstack.extentreports.model.Test.getLevel()=[Ljava.lang.Class;@2251b3bc, public com.aventstack.extentreports.model.AbstractStructure com.aventstack.extentreports.model.Test.getLogContext()=[Ljava.lang.Class;@3fbe503c, public void com.aventstack.extentreports.model.Test.setScreenCaptureContext(com.aventstack.extentreports.model.AbstractStructure)=[Ljava.lang.Class;@3c232051, public void com.aventstack.extentreports.model.Test.setEndTime(java.util.Date)=[Ljava.lang.Class;@15d0d6c9, public java.lang.Boolean com.aventstack.extentreports.model.Test.isBehaviorDrivenType()=[Ljava.lang.Class;@3ab35b9c, public com.aventstack.extentreports.model.AbstractStructure com.aventstack.extentreports.model.Test.getCategoryContext()=[Ljava.lang.Class;@7741d346, public void com.aventstack.extentreports.model.Test.setDeviceContext(com.aventstack.extentreports.model.AbstractStructure)=[Ljava.lang.Class;@52454457, public java.lang.Class com.aventstack.extentreports.model.Test.getBddType()=[Ljava.lang.Class;@4130a648, public boolean java.lang.Object.equals(java.lang.Object)=[Ljava.lang.Class;@61ff6a49, public com.aventstack.extentreports.model.Test com.aventstack.extentreports.model.Test.getParent()=[Ljava.lang.Class;@18dd5ed3, public com.aventstack.extentreports.model.AbstractStructure com.aventstack.extentreports.model.Test.getNodeContext()=[Ljava.lang.Class;@6042d663, public com.aventstack.extentreports.ExtentReports com.aventstack.extentreports.model.Test.getExtent()=[Ljava.lang.Class;@24043ec5, public com.aventstack.extentreports.model.AbstractStructure com.aventstack.extentreports.model.Test.getAuthorContext()=[Ljava.lang.Class;@3e33b52e, public com.aventstack.extentreports.model.AbstractStructure com.aventstack.extentreports.model.Test.getExceptionInfoContext()=[Ljava.lang.Class;@4c6a4ffd, public java.lang.String com.aventstack.extentreports.model.Test.getBehaviorDrivenTypeName()=[Ljava.lang.Class;@3aed69dd, public com.aventstack.extentreports.model.AbstractStructure com.aventstack.extentreports.model.Test.getDeviceContext()=[Ljava.lang.Class;@3f1a9a53, public void com.aventstack.extentreports.model.Test.setExceptionInfoContext(com.aventstack.extentreports.model.AbstractStructure)=[Ljava.lang.Class;@1ca3d25b, public void com.aventstack.extentreports.model.Test.setStatus(com.aventstack.extentreports.Status)=[Ljava.lang.Class;@2287395, public java.util.Date com.aventstack.extentreports.model.Test.getEndTime()=[Ljava.lang.Class;@535a518c, public void com.aventstack.extentreports.model.Test.setNodeContext(com.aventstack.extentreports.model.AbstractStructure)=[Ljava.lang.Class;@38f981b6, public void com.aventstack.extentreports.model.Test.setBddType(java.lang.Class)=[Ljava.lang.Class;@3a4aadf8, public boolean com.aventstack.extentreports.model.Test.isUsesManualConfiguration()=[Ljava.lang.Class;@7bbfc5ff, public void com.aventstack.extentreports.model.Test.setStartTime(java.util.Date)=[Ljava.lang.Class;@7a682d35, public void com.aventstack.extentreports.model.Test.setParent(com.aventstack.extentreports.model.Test)=[Ljava.lang.Class;@ee8e7ff, public void com.aventstack.extentreports.model.Test.setExtent(com.aventstack.extentreports.ExtentReports)=[Ljava.lang.Class;@61a2aeb7, public java.util.Date com.aventstack.extentreports.model.Test.getStartTime()=[Ljava.lang.Class;@64b70f41, public void com.aventstack.extentreports.model.Test.end()=[Ljava.lang.Class;@5f8d9767, public void com.aventstack.extentreports.model.Test.setId(int)=[Ljava.lang.Class;@16134476, public void com.aventstack.extentreports.model.Test.setLogContext(com.aventstack.extentreports.model.AbstractStructure)=[Ljava.lang.Class;@62b09715, public native int java.lang.Object.hashCode()=[Ljava.lang.Class;@3e214105, public java.lang.String com.aventstack.extentreports.model.Test.getName()=[Ljava.lang.Class;@da4cf09, public void com.aventstack.extentreports.model.Test.setName(java.lang.String)=[Ljava.lang.Class;@1980a3f, public void com.aventstack.extentreports.model.Test.computeEndTimeFromChildren()=[Ljava.lang.Class;@67f63d26, public void com.aventstack.extentreports.model.Test.setAuthorContext(com.aventstack.extentreports.model.AbstractStructure)=[Ljava.lang.Class;@536b71b4, public com.aventstack.extentreports.model.AbstractStructure com.aventstack.extentreports.model.Test.getScreenCaptureContext()=[Ljava.lang.Class;@789c3057, public void com.aventstack.extentreports.model.Test.setObjectId(org.bson.types.ObjectId)=[Ljava.lang.Class;@39941489, public void com.aventstack.extentreports.model.Test.setDescription(java.lang.String)=[Ljava.lang.Class;@6f5d0190, public void com.aventstack.extentreports.model.Test.setCategoryContext(com.aventstack.extentreports.model.AbstractStructure)=[Ljava.lang.Class;@67332b1e, public int com.aventstack.extentreports.model.Test.getId()=[Ljava.lang.Class;@7e34b127, public final native java.lang.Class java.lang.Object.getClass()=[Ljava.lang.Class;@679dd234, public void com.aventstack.extentreports.model.Test.setLevel(int)=[Ljava.lang.Class;@60cb1ed6, public org.bson.types.ObjectId com.aventstack.extentreports.model.Test.getObjectId()=[Ljava.lang.Class;@1e5eb20a, public java.lang.String com.aventstack.extentreports.model.Test.getDescription()=[Ljava.lang.Class;@4538856f, public void com.aventstack.extentreports.model.Test.setUsesManualConfiguration(boolean)=[Ljava.lang.Class;@4c3de38e, public com.aventstack.extentreports.Status com.aventstack.extentreports.model.Test.getStatus()=[Ljava.lang.Class;@74b86971}, setObjectId=public void com.aventstack.extentreports.model.Test.setObjectId(org.bson.types.ObjectId), setDescription=public void com.aventstack.extentreports.model.Test.setDescription(java.lang.String), setCategoryContext=public void com.aventstack.extentreports.model.Test.setCategoryContext(com.aventstack.extentreports.model.AbstractStructure), bddType=freemarker.ext.beans.FastPropertyDescriptor@1f9d4b0e, getDescription=public java.lang.String com.aventstack.extentreports.model.Test.getDescription(), exceptionInfoContext=freemarker.ext.beans.FastPropertyDescriptor@1e8fb66f, setNodeContext=public void com.aventstack.extentreports.model.Test.setNodeContext(com.aventstack.extentreports.model.AbstractStructure), nodeContext=freemarker.ext.beans.FastPropertyDescriptor@3d8d17a3, screenCaptureContext=freemarker.ext.beans.FastPropertyDescriptor@ac91282, setBddType=public void com.aventstack.extentreports.model.Test.setBddType(java.lang.Class), hashCode=public native int java.lang.Object.hashCode(), setLogContext=public void com.aventstack.extentreports.model.Test.setLogContext(com.aventstack.extentreports.model.AbstractStructure), startTime=freemarker.ext.beans.FastPropertyDescriptor@208205ed, end=public void com.aventstack.extentreports.model.Test.end(), setStartTime=public void com.aventstack.extentreports.model.Test.setStartTime(java.util.Date), setParent=public void com.aventstack.extentreports.model.Test.setParent(com.aventstack.extentreports.model.Test), setExtent=public void com.aventstack.extentreports.model.Test.setExtent(com.aventstack.extentreports.ExtentReports), class=freemarker.ext.beans.FastPropertyDescriptor@7f79edee, categoryContext=freemarker.ext.beans.FastPropertyDescriptor@750f64fe, objectId=freemarker.ext.beans.FastPropertyDescriptor@1ca610a0, getAuthorContext=public com.aventstack.extentreports.model.AbstractStructure com.aventstack.extentreports.model.Test.getAuthorContext(), getExtent=public com.aventstack.extentreports.ExtentReports com.aventstack.extentreports.model.Test.getExtent(), getParent=public com.aventstack.extentreports.model.Test com.aventstack.extentreports.model.Test.getParent(), getNodeContext=public com.aventstack.extentreports.model.AbstractStructure com.aventstack.extentreports.model.Test.getNodeContext(), getBehaviorDrivenTypeName=public java.lang.String com.aventstack.extentreports.model.Test.getBehaviorDrivenTypeName(), setStatus=public void com.aventstack.extentreports.model.Test.setStatus(com.aventstack.extentreports.Status), setExceptionInfoContext=public void com.aventstack.extentreports.model.Test.setExceptionInfoContext(com.aventstack.extentreports.model.AbstractStructure), getLevel=public int com.aventstack.extentreports.model.Test.getLevel(), deviceContext=freemarker.ext.beans.FastPropertyDescriptor@49433c98, setDeviceContext=public void com.aventstack.extentreports.model.Test.setDeviceContext(com.aventstack.extentreports.model.AbstractStructure), getCategoryContext=public com.aventstack.extentreports.model.AbstractStructure com.aventstack.extentreports.model.Test.getCategoryContext(), setScreenCaptureContext=public void com.aventstack.extentreports.model.Test.setScreenCaptureContext(com.aventstack.extentreports.model.AbstractStructure), setEndTime=public void com.aventstack.extentreports.model.Test.setEndTime(java.util.Date), isBehaviorDrivenType=public java.lang.Boolean com.aventstack.extentreports.model.Test.isBehaviorDrivenType(), equals=public boolean java.lang.Object.equals(java.lang.Object), toString=public java.lang.String java.lang.Object.toString(), logContext=freemarker.ext.beans.FastPropertyDescriptor@b5c6a30, endTime=freemarker.ext.beans.FastPropertyDescriptor@7f6329cb}
DEBUG   16336   [freemark] (): TemplateLoader.findTemplateSource("v3html/category-view/v3-html-category-view_en_IN.ftl"): Not found
DEBUG   16336   [freemark] (): TemplateLoader.findTemplateSource("v3html/category-view/v3-html-category-view_en.ftl"): Not found
DEBUG   16336   [freemark] (): TemplateLoader.findTemplateSource("v3html/category-view/v3-html-category-view.ftl"): Found
DEBUG   16336   [freemark] (): "v3html/category-view/v3-html-category-view.ftl"("en_IN", UTF-8, parsed): using cached since jar:file:/Users/prabhu/.m2/repository/com/aventstack/extentreports/4.1.2/extentreports-4.1.2.jar!/com/aventstack/extentreports/view/v3html/category-view/v3-html-category-view.ftl hasn't changed.
DEBUG   16336   [freemark] (): TemplateLoader.findTemplateSource("v3html/exception-view/v3-html-exception-view_en_IN.ftl"): Not found
DEBUG   16336   [freemark] (): TemplateLoader.findTemplateSource("v3html/exception-view/v3-html-exception-view_en.ftl"): Not found
DEBUG   16336   [freemark] (): TemplateLoader.findTemplateSource("v3html/exception-view/v3-html-exception-view.ftl"): Found
DEBUG   16336   [freemark] (): "v3html/exception-view/v3-html-exception-view.ftl"("en_IN", UTF-8, parsed): using cached since jar:file:/Users/prabhu/.m2/repository/com/aventstack/extentreports/4.1.2/extentreports-4.1.2.jar!/com/aventstack/extentreports/view/v3html/exception-view/v3-html-exception-view.ftl hasn't changed.
DEBUG   16336   [freemark] (): TemplateLoader.findTemplateSource("v3html/author-view/v3-html-author-view_en_IN.ftl"): Not found
DEBUG   16336   [freemark] (): TemplateLoader.findTemplateSource("v3html/author-view/v3-html-author-view_en.ftl"): Not found
DEBUG   16336   [freemark] (): TemplateLoader.findTemplateSource("v3html/author-view/v3-html-author-view.ftl"): Found
DEBUG   16336   [freemark] (): "v3html/author-view/v3-html-author-view.ftl"("en_IN", UTF-8, parsed): using cached since jar:file:/Users/prabhu/.m2/repository/com/aventstack/extentreports/4.1.2/extentreports-4.1.2.jar!/com/aventstack/extentreports/view/v3html/author-view/v3-html-author-view.ftl hasn't changed.
DEBUG   16336   [freemark] (): TemplateLoader.findTemplateSource("v3html/dashboard-view/v3-html-dashboard-view_en_IN.ftl"): Not found
DEBUG   16336   [freemark] (): TemplateLoader.findTemplateSource("v3html/dashboard-view/v3-html-dashboard-view_en.ftl"): Not found
DEBUG   16336   [freemark] (): TemplateLoader.findTemplateSource("v3html/dashboard-view/v3-html-dashboard-view.ftl"): Found
DEBUG   16336   [freemark] (): "v3html/dashboard-view/v3-html-dashboard-view.ftl"("en_IN", UTF-8, parsed): using cached since jar:file:/Users/prabhu/.m2/repository/com/aventstack/extentreports/4.1.2/extentreports-4.1.2.jar!/com/aventstack/extentreports/view/v3html/dashboard-view/v3-html-dashboard-view.ftl hasn't changed.
DEBUG   16336   [freemark] (): TemplateLoader.findTemplateSource("v3html/logs-view/v3-html-testrunner-logs-view_en_IN.ftl"): Not found
DEBUG   16336   [freemark] (): TemplateLoader.findTemplateSource("v3html/logs-view/v3-html-testrunner-logs-view_en.ftl"): Not found
DEBUG   16336   [freemark] (): TemplateLoader.findTemplateSource("v3html/logs-view/v3-html-testrunner-logs-view.ftl"): Found
DEBUG   16336   [freemark] (): "v3html/logs-view/v3-html-testrunner-logs-view.ftl"("en_IN", UTF-8, parsed): using cached since jar:file:/Users/prabhu/.m2/repository/com/aventstack/extentreports/4.1.2/extentreports-4.1.2.jar!/com/aventstack/extentreports/view/v3html/logs-view/v3-html-testrunner-logs-view.ftl hasn't changed.
[INFO ] 2021-10-08 02:04:14.180 com.cs.arris.Base.ParentClass:147 - Closing App
[INFO ] 2021-10-08 02:04:14.433 com.cs.arris.Base.ParentClass:149 - Closing Driver
]]></system-out>
  </testcase>
</testsuite>