<?xml version="1.0" encoding="UTF-8"?>
<!-- Generated by org.testng.reporters.JUnitReportReporter -->
<testsuite hostname="techleads-Mac-mini.local" failures="0" tests="2" name="com.cs.arris.Tests.COR_TC01_EC_0005_1200_Disconnect_Bluetooth_On_Mobile_Device_Test" time="19.066" errors="2" timestamp="2021-10-16T13:45:58 IST" skipped="0">
  <testcase classname="com.cs.arris.Tests.COR_TC01_EC_0005_1200_Disconnect_Bluetooth_On_Mobile_Device_Test" name="afterSuite" time="2.783">
    <error message="The requested resource could not be found, or a request was received using an HTTP method that is not supported by the mapped resource
Build info: version: &#039;3.141.59&#039;, revision: &#039;e82be7d358&#039;, time: &#039;2018-11-14T08:17:03&#039;
System info: host: &#039;techleads-Mac-mini.local&#039;, ip: &#039;192.168.0.132&#039;, os.name: &#039;Mac OS X&#039;, os.arch: &#039;x86_64&#039;, os.version: &#039;10.16&#039;, java.version: &#039;11.0.2&#039;
Driver info: io.appium.java_client.android.AndroidDriver
Capabilities {app: /Users/prabhu/Documents/apk..., appPackage: com.arris.sbcBeta, automationName: UiAutomator2, databaseEnabled: false, desired: {app: /Users/prabhu/Documents/apk..., automationName: UiAutomator2, deviceName: Android, noReset: false, platformName: android, udid: RZ8M3002DGL, version: 11}, deviceApiLevel: 30, deviceManufacturer: samsung, deviceModel: SM-G973F, deviceName: RZ8M3002DGL, deviceScreenDensity: 420, deviceScreenSize: 1080x2280, deviceUDID: RZ8M3002DGL, javascriptEnabled: true, locationContextEnabled: false, networkConnectionEnabled: true, noReset: false, pixelRatio: 2.625, platform: LINUX, platformName: Android, platformVersion: 11, statBarHeight: 112, takesScreenshot: true, udid: RZ8M3002DGL, version: 11, viewportRect: {height: 1930, left: 0, top: 112, width: 1080}, warnings: {}, webStorageEnabled: false}
Session ID: 645f56f0-254a-44da-8ab0-18a82e74e782" type="org.openqa.selenium.UnsupportedCommandException">
      <![CDATA[org.openqa.selenium.UnsupportedCommandException: The requested resource could not be found, or a request was received using an HTTP method that is not supported by the mapped resource
Build info: version: '3.141.59', revision: 'e82be7d358', time: '2018-11-14T08:17:03'
System info: host: 'techleads-Mac-mini.local', ip: '192.168.0.132', os.name: 'Mac OS X', os.arch: 'x86_64', os.version: '10.16', java.version: '11.0.2'
Driver info: io.appium.java_client.android.AndroidDriver
Capabilities {app: /Users/prabhu/Documents/apk..., appPackage: com.arris.sbcBeta, automationName: UiAutomator2, databaseEnabled: false, desired: {app: /Users/prabhu/Documents/apk..., automationName: UiAutomator2, deviceName: Android, noReset: false, platformName: android, udid: RZ8M3002DGL, version: 11}, deviceApiLevel: 30, deviceManufacturer: samsung, deviceModel: SM-G973F, deviceName: RZ8M3002DGL, deviceScreenDensity: 420, deviceScreenSize: 1080x2280, deviceUDID: RZ8M3002DGL, javascriptEnabled: true, locationContextEnabled: false, networkConnectionEnabled: true, noReset: false, pixelRatio: 2.625, platform: LINUX, platformName: Android, platformVersion: 11, statBarHeight: 112, takesScreenshot: true, udid: RZ8M3002DGL, version: 11, viewportRect: {height: 1930, left: 0, top: 112, width: 1080}, warnings: {}, webStorageEnabled: false}
Session ID: 645f56f0-254a-44da-8ab0-18a82e74e782
at java.base/jdk.internal.reflect.NativeConstructorAccessorImpl.newInstance0(Native Method)
at java.base/jdk.internal.reflect.NativeConstructorAccessorImpl.newInstance(NativeConstructorAccessorImpl.java:62)
at java.base/jdk.internal.reflect.DelegatingConstructorAccessorImpl.newInstance(DelegatingConstructorAccessorImpl.java:45)
at java.base/java.lang.reflect.Constructor.newInstance(Constructor.java:490)
at org.openqa.selenium.remote.http.W3CHttpResponseCodec.createException(W3CHttpResponseCodec.java:187)
at org.openqa.selenium.remote.http.W3CHttpResponseCodec.decode(W3CHttpResponseCodec.java:122)
at org.openqa.selenium.remote.http.W3CHttpResponseCodec.decode(W3CHttpResponseCodec.java:49)
at org.openqa.selenium.remote.HttpCommandExecutor.execute(HttpCommandExecutor.java:158)
at io.appium.java_client.remote.AppiumCommandExecutor.execute(AppiumCommandExecutor.java:239)
at org.openqa.selenium.remote.RemoteWebDriver.execute(RemoteWebDriver.java:552)
at io.appium.java_client.DefaultGenericMobileDriver.execute(DefaultGenericMobileDriver.java:45)
at io.appium.java_client.AppiumDriver.execute(AppiumDriver.java:1)
at io.appium.java_client.android.AndroidDriver.execute(AndroidDriver.java:1)
at org.openqa.selenium.remote.RemoteWebDriver.close(RemoteWebDriver.java:442)
at com.cs.arris.Base.ParentClass.afterSuite(ParentClass.java:157)
at java.base/jdk.internal.reflect.NativeMethodAccessorImpl.invoke0(Native Method)
at java.base/jdk.internal.reflect.NativeMethodAccessorImpl.invoke(NativeMethodAccessorImpl.java:62)
at java.base/jdk.internal.reflect.DelegatingMethodAccessorImpl.invoke(DelegatingMethodAccessorImpl.java:43)
at java.base/java.lang.reflect.Method.invoke(Method.java:566)
at org.testng.internal.MethodInvocationHelper.invokeMethod(MethodInvocationHelper.java:133)
at org.testng.internal.MethodInvocationHelper.invokeMethodConsideringTimeout(MethodInvocationHelper.java:62)
at org.testng.internal.ConfigInvoker.invokeConfigurationMethod(ConfigInvoker.java:385)
at org.testng.internal.ConfigInvoker.invokeConfigurations(ConfigInvoker.java:321)
at org.testng.SuiteRunner.privateRun(SuiteRunner.java:344)
at org.testng.SuiteRunner.run(SuiteRunner.java:276)
at org.testng.SuiteRunnerWorker.runSuite(SuiteRunnerWorker.java:53)
at org.testng.SuiteRunnerWorker.run(SuiteRunnerWorker.java:96)
at org.testng.TestNG.runSuitesSequentially(TestNG.java:1212)
at org.testng.TestNG.runSuitesLocally(TestNG.java:1134)
at org.testng.TestNG.runSuites(TestNG.java:1063)
at org.testng.TestNG.run(TestNG.java:1031)
at org.testng.remote.AbstractRemoteTestNG.run(AbstractRemoteTestNG.java:115)
at org.testng.remote.RemoteTestNG.initAndRun(RemoteTestNG.java:251)
at org.testng.remote.RemoteTestNG.main(RemoteTestNG.java:77)
]]>
    </error>
  </testcase> <!-- afterSuite -->
  <system-out/>
  <testcase classname="com.cs.arris.Tests.COR_TC01_EC_0005_1200_Disconnect_Bluetooth_On_Mobile_Device_Test" name="EC_0005_1200_Disconnect_Bluetooth_On_Mobile_Test" time="16.283">
    <error message="The element &#039;By.id: com.android.permissioncontroller:id/permission_allow_one_time_button&#039; does not exist in DOM anymore
For documentation on this error, please visit: https://www.seleniumhq.org/exceptions/stale_element_reference.html
Build info: version: &#039;3.141.59&#039;, revision: &#039;e82be7d358&#039;, time: &#039;2018-11-14T08:17:03&#039;
System info: host: &#039;techleads-Mac-mini.local&#039;, ip: &#039;192.168.0.132&#039;, os.name: &#039;Mac OS X&#039;, os.arch: &#039;x86_64&#039;, os.version: &#039;10.16&#039;, java.version: &#039;11.0.2&#039;
Driver info: io.appium.java_client.android.AndroidDriver
Capabilities {app: /Users/prabhu/Documents/apk..., appPackage: com.arris.sbcBeta, automationName: UiAutomator2, databaseEnabled: false, desired: {app: /Users/prabhu/Documents/apk..., automationName: UiAutomator2, deviceName: Android, noReset: false, platformName: android, udid: RZ8M3002DGL, version: 11}, deviceApiLevel: 30, deviceManufacturer: samsung, deviceModel: SM-G973F, deviceName: RZ8M3002DGL, deviceScreenDensity: 420, deviceScreenSize: 1080x2280, deviceUDID: RZ8M3002DGL, javascriptEnabled: true, locationContextEnabled: false, networkConnectionEnabled: true, noReset: false, pixelRatio: 2.625, platform: LINUX, platformName: Android, platformVersion: 11, statBarHeight: 112, takesScreenshot: true, udid: RZ8M3002DGL, version: 11, viewportRect: {height: 1930, left: 0, top: 112, width: 1080}, warnings: {}, webStorageEnabled: false}
Session ID: 645f56f0-254a-44da-8ab0-18a82e74e782" type="org.openqa.selenium.StaleElementReferenceException">
      <![CDATA[org.openqa.selenium.StaleElementReferenceException: The element 'By.id: com.android.permissioncontroller:id/permission_allow_one_time_button' does not exist in DOM anymore
For documentation on this error, please visit: https://www.seleniumhq.org/exceptions/stale_element_reference.html
Build info: version: '3.141.59', revision: 'e82be7d358', time: '2018-11-14T08:17:03'
System info: host: 'techleads-Mac-mini.local', ip: '192.168.0.132', os.name: 'Mac OS X', os.arch: 'x86_64', os.version: '10.16', java.version: '11.0.2'
Driver info: io.appium.java_client.android.AndroidDriver
Capabilities {app: /Users/prabhu/Documents/apk..., appPackage: com.arris.sbcBeta, automationName: UiAutomator2, databaseEnabled: false, desired: {app: /Users/prabhu/Documents/apk..., automationName: UiAutomator2, deviceName: Android, noReset: false, platformName: android, udid: RZ8M3002DGL, version: 11}, deviceApiLevel: 30, deviceManufacturer: samsung, deviceModel: SM-G973F, deviceName: RZ8M3002DGL, deviceScreenDensity: 420, deviceScreenSize: 1080x2280, deviceUDID: RZ8M3002DGL, javascriptEnabled: true, locationContextEnabled: false, networkConnectionEnabled: true, noReset: false, pixelRatio: 2.625, platform: LINUX, platformName: Android, platformVersion: 11, statBarHeight: 112, takesScreenshot: true, udid: RZ8M3002DGL, version: 11, viewportRect: {height: 1930, left: 0, top: 112, width: 1080}, warnings: {}, webStorageEnabled: false}
Session ID: 645f56f0-254a-44da-8ab0-18a82e74e782
at java.base/jdk.internal.reflect.NativeConstructorAccessorImpl.newInstance0(Native Method)
at java.base/jdk.internal.reflect.NativeConstructorAccessorImpl.newInstance(NativeConstructorAccessorImpl.java:62)
at java.base/jdk.internal.reflect.DelegatingConstructorAccessorImpl.newInstance(DelegatingConstructorAccessorImpl.java:45)
at java.base/java.lang.reflect.Constructor.newInstance(Constructor.java:490)
at org.openqa.selenium.remote.http.W3CHttpResponseCodec.createException(W3CHttpResponseCodec.java:187)
at org.openqa.selenium.remote.http.W3CHttpResponseCodec.decode(W3CHttpResponseCodec.java:122)
at org.openqa.selenium.remote.http.W3CHttpResponseCodec.decode(W3CHttpResponseCodec.java:49)
at org.openqa.selenium.remote.HttpCommandExecutor.execute(HttpCommandExecutor.java:158)
at io.appium.java_client.remote.AppiumCommandExecutor.execute(AppiumCommandExecutor.java:239)
at org.openqa.selenium.remote.RemoteWebDriver.execute(RemoteWebDriver.java:552)
at io.appium.java_client.DefaultGenericMobileDriver.execute(DefaultGenericMobileDriver.java:41)
at io.appium.java_client.AppiumDriver.execute(AppiumDriver.java:1)
at io.appium.java_client.android.AndroidDriver.execute(AndroidDriver.java:1)
at org.openqa.selenium.remote.RemoteWebElement.execute(RemoteWebElement.java:285)
at io.appium.java_client.DefaultGenericMobileElement.execute(DefaultGenericMobileElement.java:45)
at io.appium.java_client.MobileElement.execute(MobileElement.java:1)
at io.appium.java_client.android.AndroidElement.execute(AndroidElement.java:1)
at org.openqa.selenium.remote.RemoteWebElement.getText(RemoteWebElement.java:166)
at java.base/jdk.internal.reflect.NativeMethodAccessorImpl.invoke0(Native Method)
at java.base/jdk.internal.reflect.NativeMethodAccessorImpl.invoke(NativeMethodAccessorImpl.java:62)
at java.base/jdk.internal.reflect.DelegatingMethodAccessorImpl.invoke(DelegatingMethodAccessorImpl.java:43)
at java.base/java.lang.reflect.Method.invoke(Method.java:566)
at io.appium.java_client.pagefactory.ElementInterceptor.getObject(ElementInterceptor.java:40)
at io.appium.java_client.pagefactory.interceptors.InterceptorOfASingleElement.intercept(InterceptorOfASingleElement.java:60)
at io.appium.java_client.android.AndroidElement$$EnhancerByCGLIB$$b598166c.getText(<generated>)
at com.cs.arris.Pages.DeviceLocationPage.clickOnlyThisTimeLink(DeviceLocationPage.java:103)
at com.cs.arris.COR.COR_EC_0005_1200_Disconnect_Bluetooth_On_Mobile_Device.lambda$new$4(COR_EC_0005_1200_Disconnect_Bluetooth_On_Mobile_Device.java:157)
at java.base/java.util.function.Function.lambda$andThen$1(Function.java:88)
at java.base/java.util.function.Function.lambda$andThen$1(Function.java:88)
at java.base/java.util.function.Function.lambda$andThen$1(Function.java:88)
at java.base/java.util.function.Function.lambda$andThen$1(Function.java:88)
at java.base/java.util.function.Function.lambda$andThen$1(Function.java:88)
at java.base/java.util.function.Function.lambda$andThen$1(Function.java:88)
at java.base/java.util.function.Function.lambda$andThen$1(Function.java:88)
at java.base/java.util.function.Function.lambda$andThen$1(Function.java:88)
at java.base/java.util.function.Function.lambda$andThen$1(Function.java:88)
at java.base/java.util.function.Function.lambda$andThen$1(Function.java:88)
at java.base/java.util.function.Function.lambda$andThen$1(Function.java:88)
at java.base/java.util.function.Function.lambda$andThen$1(Function.java:88)
at java.base/java.util.function.Function.lambda$andThen$1(Function.java:88)
at java.base/java.util.function.Function.lambda$andThen$1(Function.java:88)
at java.base/java.util.function.Function.lambda$andThen$1(Function.java:88)
at com.cs.arris.Tests.COR_TC01_EC_0005_1200_Disconnect_Bluetooth_On_Mobile_Device_Test.EC_0005_1200_Disconnect_Bluetooth_On_Mobile_Test(COR_TC01_EC_0005_1200_Disconnect_Bluetooth_On_Mobile_Device_Test.java:72)
at java.base/jdk.internal.reflect.NativeMethodAccessorImpl.invoke0(Native Method)
at java.base/jdk.internal.reflect.NativeMethodAccessorImpl.invoke(NativeMethodAccessorImpl.java:62)
at java.base/jdk.internal.reflect.DelegatingMethodAccessorImpl.invoke(DelegatingMethodAccessorImpl.java:43)
at java.base/java.lang.reflect.Method.invoke(Method.java:566)
at org.testng.internal.MethodInvocationHelper.invokeMethod(MethodInvocationHelper.java:133)
at org.testng.internal.TestInvoker.invokeMethod(TestInvoker.java:598)
at org.testng.internal.TestInvoker.invokeTestMethod(TestInvoker.java:173)
at org.testng.internal.MethodRunner.runInSequence(MethodRunner.java:46)
at org.testng.internal.TestInvoker$MethodInvocationAgent.invoke(TestInvoker.java:824)
at org.testng.internal.TestInvoker.invokeTestMethods(TestInvoker.java:146)
at org.testng.internal.TestMethodWorker.invokeTestMethods(TestMethodWorker.java:146)
at org.testng.internal.TestMethodWorker.run(TestMethodWorker.java:128)
at java.base/java.util.ArrayList.forEach(ArrayList.java:1540)
at org.testng.TestRunner.privateRun(TestRunner.java:794)
at org.testng.TestRunner.run(TestRunner.java:596)
at org.testng.SuiteRunner.runTest(SuiteRunner.java:377)
at org.testng.SuiteRunner.runSequentially(SuiteRunner.java:371)
at org.testng.SuiteRunner.privateRun(SuiteRunner.java:332)
at org.testng.SuiteRunner.run(SuiteRunner.java:276)
at org.testng.SuiteRunnerWorker.runSuite(SuiteRunnerWorker.java:53)
at org.testng.SuiteRunnerWorker.run(SuiteRunnerWorker.java:96)
at org.testng.TestNG.runSuitesSequentially(TestNG.java:1212)
at org.testng.TestNG.runSuitesLocally(TestNG.java:1134)
at org.testng.TestNG.runSuites(TestNG.java:1063)
at org.testng.TestNG.run(TestNG.java:1031)
at org.testng.remote.AbstractRemoteTestNG.run(AbstractRemoteTestNG.java:115)
at org.testng.remote.RemoteTestNG.initAndRun(RemoteTestNG.java:251)
at org.testng.remote.RemoteTestNG.main(RemoteTestNG.java:77)
]]>
    </error>
  </testcase> <!-- EC_0005_1200_Disconnect_Bluetooth_On_Mobile_Test -->
  <system-out>
    <![CDATA[<a href = /Users/prabhu/eclipse-workspace/W31-Onboarding-BOBA/Screenshots/Android_RZ8M3002DGL/2021-10-16/COR_TC01_EC_0005_1200_Disconnect_Bluetooth_On_Mobile_Device_Test/EC_0005_1200_Disconnect_Bluetooth_On_Mobile_Test.jpg>screenshot</a>]]>
  </system-out>
</testsuite> <!-- com.cs.arris.Tests.COR_TC01_EC_0005_1200_Disconnect_Bluetooth_On_Mobile_Device_Test -->
