<?xml version="1.0" encoding="UTF-8"?>
<!-- Generated by org.testng.reporters.JUnitReportReporter -->
<testsuite hostname="techleads-Mac-mini.local" failures="0" tests="1" name="com.cs.arris.Tests.SigninAsValidUserTest" time="12.015" errors="0" timestamp="2021-10-06T15:40:02 IST" skipped="0">
  <testcase classname="com.cs.arris.Tests.SigninAsValidUserTest" name="signInAsValidUser" time="12.015"/>
  <system-out/>
</testsuite> <!-- com.cs.arris.Tests.SigninAsValidUserTest -->
